#
# A fatal error has been detected by the Java Runtime Environment:
#
#  SIGSEGV (0xb) at pc=0x00007f84128e768c, pid=21996, tid=22022
#
# JRE version: OpenJDK Runtime Environment (17.0.9+9) (build 17.0.9+9-Debian-2)
# Java VM: OpenJDK 64-Bit Server VM (17.0.9+9-Debian-2, mixed mode, sharing, tiered, compressed oops, compressed class ptrs, g1 gc, linux-amd64)
# Problematic frame:
# V  [libjvm.so+0xee768c]  Unsafe_PutByte+0x9c
#
# Core dump will be written. Default location: Core dumps may be processed with "/lib/systemd/systemd-coredump %P %u %g %s %t 9223372036854775808 %h" (or dumping to /home/miaro/Fianarana/ITU/S5/Mr_Rojo/autotrader/core.21996)
#
# If you would like to submit a bug report, please visit:
#   https://bugs.debian.org/openjdk-17
#

---------------  S U M M A R Y ------------

Command Line: -Dclassworlds.conf=/usr/share/maven/bin/m2.conf -Dmaven.home=/usr/share/maven -Dlibrary.jansi.path=/usr/share/maven/lib/jansi-native -Dmaven.multiModuleProjectDirectory=/home/miaro/Fianarana/ITU/S5/Mr_Rojo/autotrader -Dawt.useSystemAAFontSettings=on -Dswing.aatext=true org.codehaus.plexus.classworlds.launcher.Launcher spring-boot:run

Host: Intel(R) Core(TM) i7-7700HQ CPU @ 2.80GHz, 8 cores, 15G, Kali GNU/Linux Rolling
Time: Wed Feb  7 01:29:43 2024 +0530 elapsed time: 0.062115 seconds (0d 0h 0m 0s)

---------------  T H R E A D  ---------------

Current thread (0x00007f840c014000):  JavaThread "main" [_thread_in_vm, id=22022, stack(0x00007f8411900000,0x00007f8411a00000)]

Stack: [0x00007f8411900000,0x00007f8411a00000],  sp=0x00007f84119fcfa0,  free space=1011k
Native frames: (J=compiled Java code, j=interpreted, Vv=VM code, C=native code)
V  [libjvm.so+0xee768c]  Unsafe_PutByte+0x9c
j  jdk.internal.misc.Unsafe.putByte(Ljava/lang/Object;JB)V+0 java.base@17.0.9
j  jdk.internal.misc.Unsafe.putByte(JB)V+4 java.base@17.0.9
j  sun.nio.fs.NativeBuffers.copyCStringToNativeBuffer([BLsun/nio/fs/NativeBuffer;)V+63 java.base@17.0.9
j  sun.nio.fs.UnixNativeDispatcher.copyToNativeBuffer(Lsun/nio/fs/UnixPath;)Lsun/nio/fs/NativeBuffer;+39 java.base@17.0.9
j  sun.nio.fs.UnixNativeDispatcher.stat(Lsun/nio/fs/UnixPath;Lsun/nio/fs/UnixFileAttributes;)V+1 java.base@17.0.9
j  sun.nio.fs.UnixFileAttributes.get(Lsun/nio/fs/UnixPath;Z)Lsun/nio/fs/UnixFileAttributes;+14 java.base@17.0.9
j  sun.nio.fs.UnixFileAttributeViews$Basic.readAttributes()Ljava/nio/file/attribute/BasicFileAttributes;+15 java.base@17.0.9
j  sun.nio.fs.UnixFileSystemProvider.readAttributes(Ljava/nio/file/Path;Ljava/lang/Class;[Ljava/nio/file/LinkOption;)Ljava/nio/file/attribute/BasicFileAttributes;+57 java.base@17.0.9
j  sun.nio.fs.LinuxFileSystemProvider.readAttributes(Ljava/nio/file/Path;Ljava/lang/Class;[Ljava/nio/file/LinkOption;)Ljava/nio/file/attribute/BasicFileAttributes;+31 java.base@17.0.9
j  java.nio.file.Files.readAttributes(Ljava/nio/file/Path;Ljava/lang/Class;[Ljava/nio/file/LinkOption;)Ljava/nio/file/attribute/BasicFileAttributes;+7 java.base@17.0.9
j  java.util.zip.ZipFile$Source.get(Ljava/io/File;ZLjava/util/zip/ZipCoder;)Ljava/util/zip/ZipFile$Source;+15 java.base@17.0.9
j  java.util.zip.ZipFile$CleanableResource.<init>(Ljava/util/zip/ZipFile;Ljava/util/zip/ZipCoder;Ljava/io/File;I)V+56 java.base@17.0.9
j  java.util.zip.ZipFile.<init>(Ljava/io/File;ILjava/nio/charset/Charset;)V+123 java.base@17.0.9
j  java.util.zip.ZipFile.<init>(Ljava/io/File;I)V+6 java.base@17.0.9
j  java.util.jar.JarFile.<init>(Ljava/io/File;ZILjava/lang/Runtime$Version;)V+3 java.base@17.0.9
j  jdk.internal.loader.URLClassPath$JarLoader.getJarFile(Ljava/net/URL;)Ljava/util/jar/JarFile;+56 java.base@17.0.9
j  jdk.internal.loader.URLClassPath$JarLoader$1.run()Ljava/lang/Void;+55 java.base@17.0.9
j  jdk.internal.loader.URLClassPath$JarLoader$1.run()Ljava/lang/Object;+1 java.base@17.0.9
j  java.security.AccessController.executePrivileged(Ljava/security/PrivilegedExceptionAction;Ljava/security/AccessControlContext;Ljava/lang/Class;)Ljava/lang/Object;+29 java.base@17.0.9
j  java.security.AccessController.doPrivileged(Ljava/security/PrivilegedExceptionAction;Ljava/security/AccessControlContext;)Ljava/lang/Object;+13 java.base@17.0.9
j  jdk.internal.loader.URLClassPath$JarLoader.ensureOpen()V+19 java.base@17.0.9
j  jdk.internal.loader.URLClassPath$JarLoader.<init>(Ljava/net/URL;Ljava/net/URLStreamHandler;Ljava/util/HashMap;Ljava/security/AccessControlContext;)V+63 java.base@17.0.9
j  jdk.internal.loader.URLClassPath$3.run()Ljdk/internal/loader/URLClassPath$Loader;+168 java.base@17.0.9
j  jdk.internal.loader.URLClassPath$3.run()Ljava/lang/Object;+1 java.base@17.0.9
j  java.security.AccessController.executePrivileged(Ljava/security/PrivilegedExceptionAction;Ljava/security/AccessControlContext;Ljava/lang/Class;)Ljava/lang/Object;+29 java.base@17.0.9
j  java.security.AccessController.doPrivileged(Ljava/security/PrivilegedExceptionAction;Ljava/security/AccessControlContext;)Ljava/lang/Object;+13 java.base@17.0.9
j  jdk.internal.loader.URLClassPath.getLoader(Ljava/net/URL;)Ljdk/internal/loader/URLClassPath$Loader;+13 java.base@17.0.9
j  jdk.internal.loader.URLClassPath.getLoader(I)Ljdk/internal/loader/URLClassPath$Loader;+81 java.base@17.0.9
j  jdk.internal.loader.URLClassPath.getResource(Ljava/lang/String;Z)Ljdk/internal/loader/Resource;+42 java.base@17.0.9
j  jdk.internal.loader.BuiltinClassLoader.findClassOnClassPathOrNull(Ljava/lang/String;)Ljava/lang/Class;+26 java.base@17.0.9
j  jdk.internal.loader.BuiltinClassLoader.loadClassOrNull(Ljava/lang/String;Z)Ljava/lang/Class;+111 java.base@17.0.9
j  jdk.internal.loader.BuiltinClassLoader.loadClass(Ljava/lang/String;Z)Ljava/lang/Class;+3 java.base@17.0.9
j  jdk.internal.loader.ClassLoaders$AppClassLoader.loadClass(Ljava/lang/String;Z)Ljava/lang/Class;+36 java.base@17.0.9
j  java.lang.ClassLoader.loadClass(Ljava/lang/String;)Ljava/lang/Class;+3 java.base@17.0.9
v  ~StubRoutines::call_stub
V  [libjvm.so+0x837e52]  JavaCalls::call_helper(JavaValue*, methodHandle const&, JavaCallArguments*, JavaThread*)+0x302
V  [libjvm.so+0x8396d2]  JavaCalls::call_virtual(JavaValue*, Handle, Klass*, Symbol*, Symbol*, Handle, JavaThread*)+0x1b2
V  [libjvm.so+0xe6a069]  SystemDictionary::load_instance_class_impl(Symbol*, Handle, JavaThread*)+0x1a9
V  [libjvm.so+0xe6890c]  SystemDictionary::load_instance_class(unsigned int, Symbol*, Handle, JavaThread*)+0x2c
V  [libjvm.so+0xe6932f]  SystemDictionary::resolve_instance_class_or_null(Symbol*, Handle, Handle, JavaThread*)+0x8ef
V  [libjvm.so+0xe6a9bd]  SystemDictionary::resolve_or_fail(Symbol*, Handle, Handle, bool, JavaThread*)+0x5d
V  [libjvm.so+0x90f0b1]  find_class_from_class_loader(JNIEnv_*, Symbol*, unsigned char, Handle, Handle, unsigned char, JavaThread*)+0x31
V  [libjvm.so+0x912147]  JVM_FindClassFromCaller+0x127
C  [libjava.so+0xd1ca]  Java_java_lang_Class_forName0+0xca
j  java.lang.Class.forName0(Ljava/lang/String;ZLjava/lang/ClassLoader;Ljava/lang/Class;)Ljava/lang/Class;+0 java.base@17.0.9
j  java.lang.Class.forName(Ljava/lang/String;ZLjava/lang/ClassLoader;)Ljava/lang/Class;+43 java.base@17.0.9
j  sun.launcher.LauncherHelper.loadMainClass(ILjava/lang/String;)Ljava/lang/Class;+95 java.base@17.0.9
j  sun.launcher.LauncherHelper.checkAndLoadMain(ZILjava/lang/String;)Ljava/lang/Class;+42 java.base@17.0.9
v  ~StubRoutines::call_stub
V  [libjvm.so+0x837e52]  JavaCalls::call_helper(JavaValue*, methodHandle const&, JavaCallArguments*, JavaThread*)+0x302
V  [libjvm.so+0x8d5b98]  jni_invoke_static(JNIEnv_*, JavaValue*, _jobject*, JNICallType, _jmethodID*, JNI_ArgumentPusher*, JavaThread*) [clone .constprop.1]+0x398
V  [libjvm.so+0x8d6a79]  jni_CallStaticObjectMethod+0x169
C  [libjli.so+0x408b]  JavaMain+0x89b
C  [libjli.so+0x7b8d]  ThreadJavaMain+0xd

Java frames: (J=compiled Java code, j=interpreted, Vv=VM code)
j  jdk.internal.misc.Unsafe.putByte(Ljava/lang/Object;JB)V+0 java.base@17.0.9
j  jdk.internal.misc.Unsafe.putByte(JB)V+4 java.base@17.0.9
j  sun.nio.fs.NativeBuffers.copyCStringToNativeBuffer([BLsun/nio/fs/NativeBuffer;)V+63 java.base@17.0.9
j  sun.nio.fs.UnixNativeDispatcher.copyToNativeBuffer(Lsun/nio/fs/UnixPath;)Lsun/nio/fs/NativeBuffer;+39 java.base@17.0.9
j  sun.nio.fs.UnixNativeDispatcher.stat(Lsun/nio/fs/UnixPath;Lsun/nio/fs/UnixFileAttributes;)V+1 java.base@17.0.9
j  sun.nio.fs.UnixFileAttributes.get(Lsun/nio/fs/UnixPath;Z)Lsun/nio/fs/UnixFileAttributes;+14 java.base@17.0.9
j  sun.nio.fs.UnixFileAttributeViews$Basic.readAttributes()Ljava/nio/file/attribute/BasicFileAttributes;+15 java.base@17.0.9
j  sun.nio.fs.UnixFileSystemProvider.readAttributes(Ljava/nio/file/Path;Ljava/lang/Class;[Ljava/nio/file/LinkOption;)Ljava/nio/file/attribute/BasicFileAttributes;+57 java.base@17.0.9
j  sun.nio.fs.LinuxFileSystemProvider.readAttributes(Ljava/nio/file/Path;Ljava/lang/Class;[Ljava/nio/file/LinkOption;)Ljava/nio/file/attribute/BasicFileAttributes;+31 java.base@17.0.9
j  java.nio.file.Files.readAttributes(Ljava/nio/file/Path;Ljava/lang/Class;[Ljava/nio/file/LinkOption;)Ljava/nio/file/attribute/BasicFileAttributes;+7 java.base@17.0.9
j  java.util.zip.ZipFile$Source.get(Ljava/io/File;ZLjava/util/zip/ZipCoder;)Ljava/util/zip/ZipFile$Source;+15 java.base@17.0.9
j  java.util.zip.ZipFile$CleanableResource.<init>(Ljava/util/zip/ZipFile;Ljava/util/zip/ZipCoder;Ljava/io/File;I)V+56 java.base@17.0.9
j  java.util.zip.ZipFile.<init>(Ljava/io/File;ILjava/nio/charset/Charset;)V+123 java.base@17.0.9
j  java.util.zip.ZipFile.<init>(Ljava/io/File;I)V+6 java.base@17.0.9
j  java.util.jar.JarFile.<init>(Ljava/io/File;ZILjava/lang/Runtime$Version;)V+3 java.base@17.0.9
j  jdk.internal.loader.URLClassPath$JarLoader.getJarFile(Ljava/net/URL;)Ljava/util/jar/JarFile;+56 java.base@17.0.9
j  jdk.internal.loader.URLClassPath$JarLoader$1.run()Ljava/lang/Void;+55 java.base@17.0.9
j  jdk.internal.loader.URLClassPath$JarLoader$1.run()Ljava/lang/Object;+1 java.base@17.0.9
j  java.security.AccessController.executePrivileged(Ljava/security/PrivilegedExceptionAction;Ljava/security/AccessControlContext;Ljava/lang/Class;)Ljava/lang/Object;+29 java.base@17.0.9
j  java.security.AccessController.doPrivileged(Ljava/security/PrivilegedExceptionAction;Ljava/security/AccessControlContext;)Ljava/lang/Object;+13 java.base@17.0.9
j  jdk.internal.loader.URLClassPath$JarLoader.ensureOpen()V+19 java.base@17.0.9
j  jdk.internal.loader.URLClassPath$JarLoader.<init>(Ljava/net/URL;Ljava/net/URLStreamHandler;Ljava/util/HashMap;Ljava/security/AccessControlContext;)V+63 java.base@17.0.9
j  jdk.internal.loader.URLClassPath$3.run()Ljdk/internal/loader/URLClassPath$Loader;+168 java.base@17.0.9
j  jdk.internal.loader.URLClassPath$3.run()Ljava/lang/Object;+1 java.base@17.0.9
j  java.security.AccessController.executePrivileged(Ljava/security/PrivilegedExceptionAction;Ljava/security/AccessControlContext;Ljava/lang/Class;)Ljava/lang/Object;+29 java.base@17.0.9
j  java.security.AccessController.doPrivileged(Ljava/security/PrivilegedExceptionAction;Ljava/security/AccessControlContext;)Ljava/lang/Object;+13 java.base@17.0.9
j  jdk.internal.loader.URLClassPath.getLoader(Ljava/net/URL;)Ljdk/internal/loader/URLClassPath$Loader;+13 java.base@17.0.9
j  jdk.internal.loader.URLClassPath.getLoader(I)Ljdk/internal/loader/URLClassPath$Loader;+81 java.base@17.0.9
j  jdk.internal.loader.URLClassPath.getResource(Ljava/lang/String;Z)Ljdk/internal/loader/Resource;+42 java.base@17.0.9
j  jdk.internal.loader.BuiltinClassLoader.findClassOnClassPathOrNull(Ljava/lang/String;)Ljava/lang/Class;+26 java.base@17.0.9
j  jdk.internal.loader.BuiltinClassLoader.loadClassOrNull(Ljava/lang/String;Z)Ljava/lang/Class;+111 java.base@17.0.9
j  jdk.internal.loader.BuiltinClassLoader.loadClass(Ljava/lang/String;Z)Ljava/lang/Class;+3 java.base@17.0.9
j  jdk.internal.loader.ClassLoaders$AppClassLoader.loadClass(Ljava/lang/String;Z)Ljava/lang/Class;+36 java.base@17.0.9
j  java.lang.ClassLoader.loadClass(Ljava/lang/String;)Ljava/lang/Class;+3 java.base@17.0.9
v  ~StubRoutines::call_stub
j  java.lang.Class.forName0(Ljava/lang/String;ZLjava/lang/ClassLoader;Ljava/lang/Class;)Ljava/lang/Class;+0 java.base@17.0.9
j  java.lang.Class.forName(Ljava/lang/String;ZLjava/lang/ClassLoader;)Ljava/lang/Class;+43 java.base@17.0.9
j  sun.launcher.LauncherHelper.loadMainClass(ILjava/lang/String;)Ljava/lang/Class;+95 java.base@17.0.9
j  sun.launcher.LauncherHelper.checkAndLoadMain(ZILjava/lang/String;)Ljava/lang/Class;+42 java.base@17.0.9
v  ~StubRoutines::call_stub

siginfo: si_signo: 11 (SIGSEGV), si_code: 128 (SI_KERNEL), si_addr: 0x0000000000000000

Registers:
RAX=0xc310458b48c3c3c3, RBX=0x00007f840c014000, RCX=0x00007f840c19cd46, RDX=0x00007f83fc941f78
RSP=0x00007f84119fcfa0, RBP=0x00007f84119fcfc0, RSI=0x00007f84119fd088, RDI=0x00007f83fc941f78
R8 =0x0000000000000000, R9 =0x00000000ffffffe0, R10=0x00007f83fc94450b, R11=0x0000000000000101
R12=0x00007f83fc941f78, R13=0x00007f840c19cd46, R14=0x0000000000000000, R15=0x00007f840c014000
RIP=0x00007f84128e768c, EFLAGS=0x0000000000010286, CSGSFS=0x002b000000000033, ERR=0x0000000000000000
  TRAPNO=0x000000000000000d


Register to memory mapping:

RAX=0xc310458b48c3c3c3 is an unknown value
RBX=0x00007f840c014000 is a thread
RCX=0x00007f840c19cd46 points into unknown readable memory: 00 00
RDX=0x00007f83fc941f78 is at code_begin+24 in an Interpreter codelet
result handlers for native calls  [0x00007f83fc941f60, 0x00007f83fc941f80]  32 bytes
RSP=0x00007f84119fcfa0 is pointing into the stack for thread: 0x00007f840c014000
RBP=0x00007f84119fcfc0 is pointing into the stack for thread: 0x00007f840c014000
RSI=0x00007f84119fd088 is pointing into the stack for thread: 0x00007f840c014000
RDI=0x00007f83fc941f78 is at code_begin+24 in an Interpreter codelet
result handlers for native calls  [0x00007f83fc941f60, 0x00007f83fc941f80]  32 bytes
R8 =0x0 is NULL
R9 =0x00000000ffffffe0 is an unknown value
R10=0x00007f83fc94450b is at code_begin+843 in an Interpreter codelet
method entry point (kind = native)  [0x00007f83fc9441c0, 0x00007f83fc944a20]  2144 bytes
R11=0x0000000000000101 is an unknown value
R12=0x00007f83fc941f78 is at code_begin+24 in an Interpreter codelet
result handlers for native calls  [0x00007f83fc941f60, 0x00007f83fc941f80]  32 bytes
R13=0x00007f840c19cd46 points into unknown readable memory: 00 00
R14=0x0 is NULL
R15=0x00007f840c014000 is a thread


Top of Stack: (sp=0x00007f84119fcfa0)
0x00007f84119fcfa0:   00007f838f415088 0000000000000000
0x00007f84119fcfb0:   00007f838fb04dd0 00007f84119fd088
0x00007f84119fcfc0:   00007f84119fd048 00007f83fc94453a
0x00007f84119fcfd0:   0000000000000000 00007f838fb04dd0
0x00007f84119fcfe0:   00007f84119fd048 00007f83fc9442b0
0x00007f84119fcff0:   0000000000000000 00007f83fc944276
0x00007f84119fd000:   00007f84119fd000 00007f838fb04dd0
0x00007f84119fd010:   00007f84119fd088 00007f838f412708
0x00007f84119fd020:   0000000000000000 00000007ffd050e0
0x00007f84119fd030:   00007f838f415088 0000000000000000
0x00007f84119fd040:   00007f84119fd068 00007f84119fd0d8
0x00007f84119fd050:   00007f83fc94023e 0000000000000000
0x00007f84119fd060:   00007f84119fd080 0000000000000000
0x00007f84119fd070:   00007f840c19cd46 0000000000000000
0x00007f84119fd080:   0000000000000000 0000000717602b08
0x00007f84119fd090:   00007f84119fd090 00007f838fb04e1c
0x00007f84119fd0a0:   00007f84119fd100 00007f838f412708
0x00007f84119fd0b0:   0000000000000000 00000007ffd050e0
0x00007f84119fd0c0:   00007f838f4150f0 00007f84119fd068
0x00007f84119fd0d0:   00007f84119fd0e8 00007f84119fd150
0x00007f84119fd0e0:   00007f83fc94023e 0000000000000000
0x00007f84119fd0f0:   00007f840c19cd46 0000000000000000
0x00007f84119fd100:   0000000717602b08 00007f84119fd108
0x00007f84119fd110:   00007f838f9d22f7 00007f84119fd188
0x00007f84119fd120:   00007f838f342718 0000000000000000
0x00007f84119fd130:   00000007ffd35618 00007f838f342c08
0x00007f84119fd140:   00007f84119fd0e8 00007f84119fd180
0x00007f84119fd150:   00007f84119fd1d8 00007f83fc94023e
0x00007f84119fd160:   0000000000000026 0000000000000000
0x00007f84119fd170:   0000000000000010 0000000000000000
0x00007f84119fd180:   000000071761a138 00000007176169e0
0x00007f84119fd190:   00007f84119fd190 00007f838f9e6b67 

Instructions: (pc=0x00007f84128e768c)
0x00007f84128e758c:   ff c6 83 70 03 00 00 01 4d 87 26 c6 83 70 03 00
0x00007f84128e759c:   00 00 e9 61 ff ff ff 0f 1f 44 00 00 49 8d 7d ff
0x00007f84128e75ac:   ff 15 0e ec 40 00 e9 3e ff ff ff 66 0f 1f 84 00
0x00007f84128e75bc:   00 00 00 00 be 01 00 00 00 48 89 df e8 43 8a e0
0x00007f84128e75cc:   ff e9 e1 fe ff ff 66 0f 1f 44 00 00 48 89 df 31
0x00007f84128e75dc:   db e8 ae bc fc ff e9 ae fe ff ff 66 0f 1f 84 00
0x00007f84128e75ec:   00 00 00 00 f3 0f 1e fa 55 48 89 e5 41 56 45 89
0x00007f84128e75fc:   c6 41 55 49 89 cd 41 54 49 89 d4 53 48 8d 9f 50
0x00007f84128e760c:   fd ff ff 8b 83 68 03 00 00 2d ab de 00 00 83 f8
0x00007f84128e761c:   01 0f 87 35 01 00 00 c7 83 40 03 00 00 05 00 00
0x00007f84128e762c:   00 f0 83 04 24 00 48 8b 83 48 03 00 00 a8 01 0f
0x00007f84128e763c:   85 ff 00 00 00 8b 83 34 03 00 00 85 c0 0f 85 a9
0x00007f84128e764c:   00 00 00 8b 83 30 03 00 00 a8 0c 0f 85 9b 00 00
0x00007f84128e765c:   00 c7 83 40 03 00 00 06 00 00 00 4d 85 e4 0f 84
0x00007f84128e766c:   a5 00 00 00 41 f6 c4 01 0f 85 b6 00 00 00 4c 89
0x00007f84128e767c:   e7 ff 15 8d a9 40 00 48 85 c0 0f 84 89 00 00 00
0x00007f84128e768c:   46 88 34 28 4c 8b a3 e8 00 00 00 49 8b 44 24 10
0x00007f84128e769c:   48 83 38 00 74 0d 4c 89 e7 e8 e6 f7 8d ff 49 8b
0x00007f84128e76ac:   44 24 10 49 8b 54 24 08 48 8d bb 90 02 00 00 48
0x00007f84128e76bc:   89 42 10 49 8b 44 24 08 49 8b 54 24 18 48 89 50
0x00007f84128e76cc:   18 49 8b 44 24 08 49 8b 54 24 20 48 89 50 20 e8
0x00007f84128e76dc:   20 d9 7e ff c7 83 40 03 00 00 04 00 00 00 5b 41
0x00007f84128e76ec:   5c 41 5d 41 5e 5d c3 0f 1f 44 00 00 31 f6 48 89
0x00007f84128e76fc:   df e8 7e 18 fd ff c7 83 40 03 00 00 06 00 00 00
0x00007f84128e770c:   4d 85 e4 0f 85 5b ff ff ff c6 83 70 03 00 00 01
0x00007f84128e771c:   45 88 75 00 c6 83 70 03 00 00 00 e9 64 ff ff ff
0x00007f84128e772c:   0f 1f 40 00 49 8d 7c 24 ff ff 15 85 ea 40 00 e9
0x00007f84128e773c:   43 ff ff ff be 01 00 00 00 48 89 df e8 c3 88 e0
0x00007f84128e774c:   ff e9 ef fe ff ff 66 0f 1f 44 00 00 48 89 df 31
0x00007f84128e775c:   db e8 2e bb fc ff e9 bc fe ff ff 66 0f 1f 84 00
0x00007f84128e776c:   00 00 00 00 f3 0f 1e fa 55 48 89 e5 41 56 49 89
0x00007f84128e777c:   ce 41 55 66 41 0f 7e c5 41 54 49 89 d4 53 48 8d 


Stack slot to memory mapping:
stack at sp + 0 slots: {method} {0x00007f838f415088} 'putByte' '(Ljava/lang/Object;JB)V' in 'jdk/internal/misc/Unsafe'
stack at sp + 1 slots: 0x0 is NULL
stack at sp + 2 slots: 0x00007f838fb04dd0 is pointing into metadata
stack at sp + 3 slots: 0x00007f84119fd088 is pointing into the stack for thread: 0x00007f840c014000
stack at sp + 4 slots: 0x00007f84119fd048 is pointing into the stack for thread: 0x00007f840c014000
stack at sp + 5 slots: 0x00007f83fc94453a is at code_begin+890 in an Interpreter codelet
method entry point (kind = native)  [0x00007f83fc9441c0, 0x00007f83fc944a20]  2144 bytes
stack at sp + 6 slots: 0x0 is NULL
stack at sp + 7 slots: 0x00007f838fb04dd0 is pointing into metadata


---------------  P R O C E S S  ---------------

Threads class SMR info:
_java_thread_list=0x00007f840c19a9f0, length=11, elements={
0x00007f840c014000, 0x00007f840c179070, 0x00007f840c17a460, 0x00007f840c17f9c0,
0x00007f840c180d80, 0x00007f840c1821a0, 0x00007f840c183b60, 0x00007f840c1850a0,
0x00007f840c18e510, 0x00007f840c195b10, 0x00007f840c199a50
}

Java Threads: ( => current thread )
=>0x00007f840c014000 JavaThread "main" [_thread_in_vm, id=22022, stack(0x00007f8411900000,0x00007f8411a00000)]
  0x00007f840c179070 JavaThread "Reference Handler" daemon [_thread_blocked, id=22029, stack(0x00007f83ddcad000,0x00007f83dddad000)]
  0x00007f840c17a460 JavaThread "Finalizer" daemon [_thread_blocked, id=22030, stack(0x00007f83ddbad000,0x00007f83ddcad000)]
  0x00007f840c17f9c0 JavaThread "Signal Dispatcher" daemon [_thread_blocked, id=22031, stack(0x00007f83dd700000,0x00007f83dd800000)]
  0x00007f840c180d80 JavaThread "Service Thread" daemon [_thread_blocked, id=22032, stack(0x00007f83dd600000,0x00007f83dd700000)]
  0x00007f840c1821a0 JavaThread "Monitor Deflation Thread" daemon [_thread_blocked, id=22033, stack(0x00007f83dd500000,0x00007f83dd600000)]
  0x00007f840c183b60 JavaThread "C2 CompilerThread0" daemon [_thread_blocked, id=22034, stack(0x00007f83dd400000,0x00007f83dd500000)]
  0x00007f840c1850a0 JavaThread "C1 CompilerThread0" daemon [_thread_blocked, id=22035, stack(0x00007f83dd300000,0x00007f83dd400000)]
  0x00007f840c18e510 JavaThread "Sweeper thread" daemon [_thread_blocked, id=22036, stack(0x00007f83dd200000,0x00007f83dd300000)]
  0x00007f840c195b10 JavaThread "Notification Thread" daemon [_thread_blocked, id=22037, stack(0x00007f83dd100000,0x00007f83dd200000)]
  0x00007f840c199a50 JavaThread "Common-Cleaner" daemon [_thread_blocked, id=22039, stack(0x00007f83dceff000,0x00007f83dcfff000)]

Other Threads:
  0x00007f840c1750e0 VMThread "VM Thread" [stack: 0x00007f83dddae000,0x00007f83ddeae000] [id=22028]
  0x00007f840c197460 WatcherThread [stack: 0x00007f83dd000000,0x00007f83dd100000] [id=22038]
  0x00007f840c07f320 GCTaskThread "GC Thread#0" [stack: 0x00007f8410361000,0x00007f8410461000] [id=22023]
  0x00007f840c090140 ConcurrentGCThread "G1 Main Marker" [stack: 0x00007f8410260000,0x00007f8410360000] [id=22024]
  0x00007f840c0910b0 ConcurrentGCThread "G1 Conc#0" [stack: 0x00007f841015f000,0x00007f841025f000] [id=22025]
  0x00007f840c145cf0 ConcurrentGCThread "G1 Refine#0" [stack: 0x00007f83ec168000,0x00007f83ec268000] [id=22026]
  0x00007f840c146bf0 ConcurrentGCThread "G1 Service" [stack: 0x00007f83ec067000,0x00007f83ec167000] [id=22027]

Threads with active compile tasks:

VM state: not at safepoint (normal execution)

VM Mutex/Monitor currently owned by a thread: None

Heap address: 0x0000000707e00000, size: 3970 MB, Compressed Oops mode: Zero based, Oop shift amount: 3

CDS archive(s) mapped at: [0x00007f838f000000-0x00007f838fbc6000-0x00007f838fbc6000), size 12345344, SharedBaseAddress: 0x00007f838f000000, ArchiveRelocationMode: 1.
Compressed class space mapped at: 0x00007f8390000000-0x00007f83d0000000, reserved size: 1073741824
Narrow klass base: 0x00007f838f000000, Narrow klass shift: 0, Narrow klass range: 0x100000000

GC Precious Log:
 CPUs: 8 total, 8 available
 Memory: 15874M
 Large Page Support: Disabled
 NUMA Support: Disabled
 Compressed Oops: Enabled (Zero based)
 Heap Region Size: 2M
 Heap Min Capacity: 8M
 Heap Initial Capacity: 250M
 Heap Max Capacity: 3970M
 Pre-touch: Disabled
 Parallel Workers: 8
 Concurrent Workers: 2
 Concurrent Refinement Workers: 8
 Periodic GC: Disabled

Heap:
 garbage-first heap   total 260096K, used 1968K [0x0000000707e00000, 0x0000000800000000)
  region size 2048K, 1 young (2048K), 0 survivors (0K)
 Metaspace       used 75K, committed 192K, reserved 1114112K
  class space    used 4K, committed 64K, reserved 1048576K

Heap Regions: E=young(eden), S=young(survivor), O=old, HS=humongous(starts), HC=humongous(continues), CS=collection set, F=free, OA=open archive, CA=closed archive, TAMS=top-at-mark-start (previous, next)
|   0|0x0000000707e00000, 0x0000000707e00000, 0x0000000708000000|  0%| F|  |TAMS 0x0000000707e00000, 0x0000000707e00000| Untracked 
|   1|0x0000000708000000, 0x0000000708000000, 0x0000000708200000|  0%| F|  |TAMS 0x0000000708000000, 0x0000000708000000| Untracked 
|   2|0x0000000708200000, 0x0000000708200000, 0x0000000708400000|  0%| F|  |TAMS 0x0000000708200000, 0x0000000708200000| Untracked 
|   3|0x0000000708400000, 0x0000000708400000, 0x0000000708600000|  0%| F|  |TAMS 0x0000000708400000, 0x0000000708400000| Untracked 
|   4|0x0000000708600000, 0x0000000708600000, 0x0000000708800000|  0%| F|  |TAMS 0x0000000708600000, 0x0000000708600000| Untracked 
|   5|0x0000000708800000, 0x0000000708800000, 0x0000000708a00000|  0%| F|  |TAMS 0x0000000708800000, 0x0000000708800000| Untracked 
|   6|0x0000000708a00000, 0x0000000708a00000, 0x0000000708c00000|  0%| F|  |TAMS 0x0000000708a00000, 0x0000000708a00000| Untracked 
|   7|0x0000000708c00000, 0x0000000708c00000, 0x0000000708e00000|  0%| F|  |TAMS 0x0000000708c00000, 0x0000000708c00000| Untracked 
|   8|0x0000000708e00000, 0x0000000708e00000, 0x0000000709000000|  0%| F|  |TAMS 0x0000000708e00000, 0x0000000708e00000| Untracked 
|   9|0x0000000709000000, 0x0000000709000000, 0x0000000709200000|  0%| F|  |TAMS 0x0000000709000000, 0x0000000709000000| Untracked 
|  10|0x0000000709200000, 0x0000000709200000, 0x0000000709400000|  0%| F|  |TAMS 0x0000000709200000, 0x0000000709200000| Untracked 
|  11|0x0000000709400000, 0x0000000709400000, 0x0000000709600000|  0%| F|  |TAMS 0x0000000709400000, 0x0000000709400000| Untracked 
|  12|0x0000000709600000, 0x0000000709600000, 0x0000000709800000|  0%| F|  |TAMS 0x0000000709600000, 0x0000000709600000| Untracked 
|  13|0x0000000709800000, 0x0000000709800000, 0x0000000709a00000|  0%| F|  |TAMS 0x0000000709800000, 0x0000000709800000| Untracked 
|  14|0x0000000709a00000, 0x0000000709a00000, 0x0000000709c00000|  0%| F|  |TAMS 0x0000000709a00000, 0x0000000709a00000| Untracked 
|  15|0x0000000709c00000, 0x0000000709c00000, 0x0000000709e00000|  0%| F|  |TAMS 0x0000000709c00000, 0x0000000709c00000| Untracked 
|  16|0x0000000709e00000, 0x0000000709e00000, 0x000000070a000000|  0%| F|  |TAMS 0x0000000709e00000, 0x0000000709e00000| Untracked 
|  17|0x000000070a000000, 0x000000070a000000, 0x000000070a200000|  0%| F|  |TAMS 0x000000070a000000, 0x000000070a000000| Untracked 
|  18|0x000000070a200000, 0x000000070a200000, 0x000000070a400000|  0%| F|  |TAMS 0x000000070a200000, 0x000000070a200000| Untracked 
|  19|0x000000070a400000, 0x000000070a400000, 0x000000070a600000|  0%| F|  |TAMS 0x000000070a400000, 0x000000070a400000| Untracked 
|  20|0x000000070a600000, 0x000000070a600000, 0x000000070a800000|  0%| F|  |TAMS 0x000000070a600000, 0x000000070a600000| Untracked 
|  21|0x000000070a800000, 0x000000070a800000, 0x000000070aa00000|  0%| F|  |TAMS 0x000000070a800000, 0x000000070a800000| Untracked 
|  22|0x000000070aa00000, 0x000000070aa00000, 0x000000070ac00000|  0%| F|  |TAMS 0x000000070aa00000, 0x000000070aa00000| Untracked 
|  23|0x000000070ac00000, 0x000000070ac00000, 0x000000070ae00000|  0%| F|  |TAMS 0x000000070ac00000, 0x000000070ac00000| Untracked 
|  24|0x000000070ae00000, 0x000000070ae00000, 0x000000070b000000|  0%| F|  |TAMS 0x000000070ae00000, 0x000000070ae00000| Untracked 
|  25|0x000000070b000000, 0x000000070b000000, 0x000000070b200000|  0%| F|  |TAMS 0x000000070b000000, 0x000000070b000000| Untracked 
|  26|0x000000070b200000, 0x000000070b200000, 0x000000070b400000|  0%| F|  |TAMS 0x000000070b200000, 0x000000070b200000| Untracked 
|  27|0x000000070b400000, 0x000000070b400000, 0x000000070b600000|  0%| F|  |TAMS 0x000000070b400000, 0x000000070b400000| Untracked 
|  28|0x000000070b600000, 0x000000070b600000, 0x000000070b800000|  0%| F|  |TAMS 0x000000070b600000, 0x000000070b600000| Untracked 
|  29|0x000000070b800000, 0x000000070b800000, 0x000000070ba00000|  0%| F|  |TAMS 0x000000070b800000, 0x000000070b800000| Untracked 
|  30|0x000000070ba00000, 0x000000070ba00000, 0x000000070bc00000|  0%| F|  |TAMS 0x000000070ba00000, 0x000000070ba00000| Untracked 
|  31|0x000000070bc00000, 0x000000070bc00000, 0x000000070be00000|  0%| F|  |TAMS 0x000000070bc00000, 0x000000070bc00000| Untracked 
|  32|0x000000070be00000, 0x000000070be00000, 0x000000070c000000|  0%| F|  |TAMS 0x000000070be00000, 0x000000070be00000| Untracked 
|  33|0x000000070c000000, 0x000000070c000000, 0x000000070c200000|  0%| F|  |TAMS 0x000000070c000000, 0x000000070c000000| Untracked 
|  34|0x000000070c200000, 0x000000070c200000, 0x000000070c400000|  0%| F|  |TAMS 0x000000070c200000, 0x000000070c200000| Untracked 
|  35|0x000000070c400000, 0x000000070c400000, 0x000000070c600000|  0%| F|  |TAMS 0x000000070c400000, 0x000000070c400000| Untracked 
|  36|0x000000070c600000, 0x000000070c600000, 0x000000070c800000|  0%| F|  |TAMS 0x000000070c600000, 0x000000070c600000| Untracked 
|  37|0x000000070c800000, 0x000000070c800000, 0x000000070ca00000|  0%| F|  |TAMS 0x000000070c800000, 0x000000070c800000| Untracked 
|  38|0x000000070ca00000, 0x000000070ca00000, 0x000000070cc00000|  0%| F|  |TAMS 0x000000070ca00000, 0x000000070ca00000| Untracked 
|  39|0x000000070cc00000, 0x000000070cc00000, 0x000000070ce00000|  0%| F|  |TAMS 0x000000070cc00000, 0x000000070cc00000| Untracked 
|  40|0x000000070ce00000, 0x000000070ce00000, 0x000000070d000000|  0%| F|  |TAMS 0x000000070ce00000, 0x000000070ce00000| Untracked 
|  41|0x000000070d000000, 0x000000070d000000, 0x000000070d200000|  0%| F|  |TAMS 0x000000070d000000, 0x000000070d000000| Untracked 
|  42|0x000000070d200000, 0x000000070d200000, 0x000000070d400000|  0%| F|  |TAMS 0x000000070d200000, 0x000000070d200000| Untracked 
|  43|0x000000070d400000, 0x000000070d400000, 0x000000070d600000|  0%| F|  |TAMS 0x000000070d400000, 0x000000070d400000| Untracked 
|  44|0x000000070d600000, 0x000000070d600000, 0x000000070d800000|  0%| F|  |TAMS 0x000000070d600000, 0x000000070d600000| Untracked 
|  45|0x000000070d800000, 0x000000070d800000, 0x000000070da00000|  0%| F|  |TAMS 0x000000070d800000, 0x000000070d800000| Untracked 
|  46|0x000000070da00000, 0x000000070da00000, 0x000000070dc00000|  0%| F|  |TAMS 0x000000070da00000, 0x000000070da00000| Untracked 
|  47|0x000000070dc00000, 0x000000070dc00000, 0x000000070de00000|  0%| F|  |TAMS 0x000000070dc00000, 0x000000070dc00000| Untracked 
|  48|0x000000070de00000, 0x000000070de00000, 0x000000070e000000|  0%| F|  |TAMS 0x000000070de00000, 0x000000070de00000| Untracked 
|  49|0x000000070e000000, 0x000000070e000000, 0x000000070e200000|  0%| F|  |TAMS 0x000000070e000000, 0x000000070e000000| Untracked 
|  50|0x000000070e200000, 0x000000070e200000, 0x000000070e400000|  0%| F|  |TAMS 0x000000070e200000, 0x000000070e200000| Untracked 
|  51|0x000000070e400000, 0x000000070e400000, 0x000000070e600000|  0%| F|  |TAMS 0x000000070e400000, 0x000000070e400000| Untracked 
|  52|0x000000070e600000, 0x000000070e600000, 0x000000070e800000|  0%| F|  |TAMS 0x000000070e600000, 0x000000070e600000| Untracked 
|  53|0x000000070e800000, 0x000000070e800000, 0x000000070ea00000|  0%| F|  |TAMS 0x000000070e800000, 0x000000070e800000| Untracked 
|  54|0x000000070ea00000, 0x000000070ea00000, 0x000000070ec00000|  0%| F|  |TAMS 0x000000070ea00000, 0x000000070ea00000| Untracked 
|  55|0x000000070ec00000, 0x000000070ec00000, 0x000000070ee00000|  0%| F|  |TAMS 0x000000070ec00000, 0x000000070ec00000| Untracked 
|  56|0x000000070ee00000, 0x000000070ee00000, 0x000000070f000000|  0%| F|  |TAMS 0x000000070ee00000, 0x000000070ee00000| Untracked 
|  57|0x000000070f000000, 0x000000070f000000, 0x000000070f200000|  0%| F|  |TAMS 0x000000070f000000, 0x000000070f000000| Untracked 
|  58|0x000000070f200000, 0x000000070f200000, 0x000000070f400000|  0%| F|  |TAMS 0x000000070f200000, 0x000000070f200000| Untracked 
|  59|0x000000070f400000, 0x000000070f400000, 0x000000070f600000|  0%| F|  |TAMS 0x000000070f400000, 0x000000070f400000| Untracked 
|  60|0x000000070f600000, 0x000000070f600000, 0x000000070f800000|  0%| F|  |TAMS 0x000000070f600000, 0x000000070f600000| Untracked 
|  61|0x000000070f800000, 0x000000070f800000, 0x000000070fa00000|  0%| F|  |TAMS 0x000000070f800000, 0x000000070f800000| Untracked 
|  62|0x000000070fa00000, 0x000000070fa00000, 0x000000070fc00000|  0%| F|  |TAMS 0x000000070fa00000, 0x000000070fa00000| Untracked 
|  63|0x000000070fc00000, 0x000000070fc00000, 0x000000070fe00000|  0%| F|  |TAMS 0x000000070fc00000, 0x000000070fc00000| Untracked 
|  64|0x000000070fe00000, 0x000000070fe00000, 0x0000000710000000|  0%| F|  |TAMS 0x000000070fe00000, 0x000000070fe00000| Untracked 
|  65|0x0000000710000000, 0x0000000710000000, 0x0000000710200000|  0%| F|  |TAMS 0x0000000710000000, 0x0000000710000000| Untracked 
|  66|0x0000000710200000, 0x0000000710200000, 0x0000000710400000|  0%| F|  |TAMS 0x0000000710200000, 0x0000000710200000| Untracked 
|  67|0x0000000710400000, 0x0000000710400000, 0x0000000710600000|  0%| F|  |TAMS 0x0000000710400000, 0x0000000710400000| Untracked 
|  68|0x0000000710600000, 0x0000000710600000, 0x0000000710800000|  0%| F|  |TAMS 0x0000000710600000, 0x0000000710600000| Untracked 
|  69|0x0000000710800000, 0x0000000710800000, 0x0000000710a00000|  0%| F|  |TAMS 0x0000000710800000, 0x0000000710800000| Untracked 
|  70|0x0000000710a00000, 0x0000000710a00000, 0x0000000710c00000|  0%| F|  |TAMS 0x0000000710a00000, 0x0000000710a00000| Untracked 
|  71|0x0000000710c00000, 0x0000000710c00000, 0x0000000710e00000|  0%| F|  |TAMS 0x0000000710c00000, 0x0000000710c00000| Untracked 
|  72|0x0000000710e00000, 0x0000000710e00000, 0x0000000711000000|  0%| F|  |TAMS 0x0000000710e00000, 0x0000000710e00000| Untracked 
|  73|0x0000000711000000, 0x0000000711000000, 0x0000000711200000|  0%| F|  |TAMS 0x0000000711000000, 0x0000000711000000| Untracked 
|  74|0x0000000711200000, 0x0000000711200000, 0x0000000711400000|  0%| F|  |TAMS 0x0000000711200000, 0x0000000711200000| Untracked 
|  75|0x0000000711400000, 0x0000000711400000, 0x0000000711600000|  0%| F|  |TAMS 0x0000000711400000, 0x0000000711400000| Untracked 
|  76|0x0000000711600000, 0x0000000711600000, 0x0000000711800000|  0%| F|  |TAMS 0x0000000711600000, 0x0000000711600000| Untracked 
|  77|0x0000000711800000, 0x0000000711800000, 0x0000000711a00000|  0%| F|  |TAMS 0x0000000711800000, 0x0000000711800000| Untracked 
|  78|0x0000000711a00000, 0x0000000711a00000, 0x0000000711c00000|  0%| F|  |TAMS 0x0000000711a00000, 0x0000000711a00000| Untracked 
|  79|0x0000000711c00000, 0x0000000711c00000, 0x0000000711e00000|  0%| F|  |TAMS 0x0000000711c00000, 0x0000000711c00000| Untracked 
|  80|0x0000000711e00000, 0x0000000711e00000, 0x0000000712000000|  0%| F|  |TAMS 0x0000000711e00000, 0x0000000711e00000| Untracked 
|  81|0x0000000712000000, 0x0000000712000000, 0x0000000712200000|  0%| F|  |TAMS 0x0000000712000000, 0x0000000712000000| Untracked 
|  82|0x0000000712200000, 0x0000000712200000, 0x0000000712400000|  0%| F|  |TAMS 0x0000000712200000, 0x0000000712200000| Untracked 
|  83|0x0000000712400000, 0x0000000712400000, 0x0000000712600000|  0%| F|  |TAMS 0x0000000712400000, 0x0000000712400000| Untracked 
|  84|0x0000000712600000, 0x0000000712600000, 0x0000000712800000|  0%| F|  |TAMS 0x0000000712600000, 0x0000000712600000| Untracked 
|  85|0x0000000712800000, 0x0000000712800000, 0x0000000712a00000|  0%| F|  |TAMS 0x0000000712800000, 0x0000000712800000| Untracked 
|  86|0x0000000712a00000, 0x0000000712a00000, 0x0000000712c00000|  0%| F|  |TAMS 0x0000000712a00000, 0x0000000712a00000| Untracked 
|  87|0x0000000712c00000, 0x0000000712c00000, 0x0000000712e00000|  0%| F|  |TAMS 0x0000000712c00000, 0x0000000712c00000| Untracked 
|  88|0x0000000712e00000, 0x0000000712e00000, 0x0000000713000000|  0%| F|  |TAMS 0x0000000712e00000, 0x0000000712e00000| Untracked 
|  89|0x0000000713000000, 0x0000000713000000, 0x0000000713200000|  0%| F|  |TAMS 0x0000000713000000, 0x0000000713000000| Untracked 
|  90|0x0000000713200000, 0x0000000713200000, 0x0000000713400000|  0%| F|  |TAMS 0x0000000713200000, 0x0000000713200000| Untracked 
|  91|0x0000000713400000, 0x0000000713400000, 0x0000000713600000|  0%| F|  |TAMS 0x0000000713400000, 0x0000000713400000| Untracked 
|  92|0x0000000713600000, 0x0000000713600000, 0x0000000713800000|  0%| F|  |TAMS 0x0000000713600000, 0x0000000713600000| Untracked 
|  93|0x0000000713800000, 0x0000000713800000, 0x0000000713a00000|  0%| F|  |TAMS 0x0000000713800000, 0x0000000713800000| Untracked 
|  94|0x0000000713a00000, 0x0000000713a00000, 0x0000000713c00000|  0%| F|  |TAMS 0x0000000713a00000, 0x0000000713a00000| Untracked 
|  95|0x0000000713c00000, 0x0000000713c00000, 0x0000000713e00000|  0%| F|  |TAMS 0x0000000713c00000, 0x0000000713c00000| Untracked 
|  96|0x0000000713e00000, 0x0000000713e00000, 0x0000000714000000|  0%| F|  |TAMS 0x0000000713e00000, 0x0000000713e00000| Untracked 
|  97|0x0000000714000000, 0x0000000714000000, 0x0000000714200000|  0%| F|  |TAMS 0x0000000714000000, 0x0000000714000000| Untracked 
|  98|0x0000000714200000, 0x0000000714200000, 0x0000000714400000|  0%| F|  |TAMS 0x0000000714200000, 0x0000000714200000| Untracked 
|  99|0x0000000714400000, 0x0000000714400000, 0x0000000714600000|  0%| F|  |TAMS 0x0000000714400000, 0x0000000714400000| Untracked 
| 100|0x0000000714600000, 0x0000000714600000, 0x0000000714800000|  0%| F|  |TAMS 0x0000000714600000, 0x0000000714600000| Untracked 
| 101|0x0000000714800000, 0x0000000714800000, 0x0000000714a00000|  0%| F|  |TAMS 0x0000000714800000, 0x0000000714800000| Untracked 
| 102|0x0000000714a00000, 0x0000000714a00000, 0x0000000714c00000|  0%| F|  |TAMS 0x0000000714a00000, 0x0000000714a00000| Untracked 
| 103|0x0000000714c00000, 0x0000000714c00000, 0x0000000714e00000|  0%| F|  |TAMS 0x0000000714c00000, 0x0000000714c00000| Untracked 
| 104|0x0000000714e00000, 0x0000000714e00000, 0x0000000715000000|  0%| F|  |TAMS 0x0000000714e00000, 0x0000000714e00000| Untracked 
| 105|0x0000000715000000, 0x0000000715000000, 0x0000000715200000|  0%| F|  |TAMS 0x0000000715000000, 0x0000000715000000| Untracked 
| 106|0x0000000715200000, 0x0000000715200000, 0x0000000715400000|  0%| F|  |TAMS 0x0000000715200000, 0x0000000715200000| Untracked 
| 107|0x0000000715400000, 0x0000000715400000, 0x0000000715600000|  0%| F|  |TAMS 0x0000000715400000, 0x0000000715400000| Untracked 
| 108|0x0000000715600000, 0x0000000715600000, 0x0000000715800000|  0%| F|  |TAMS 0x0000000715600000, 0x0000000715600000| Untracked 
| 109|0x0000000715800000, 0x0000000715800000, 0x0000000715a00000|  0%| F|  |TAMS 0x0000000715800000, 0x0000000715800000| Untracked 
| 110|0x0000000715a00000, 0x0000000715a00000, 0x0000000715c00000|  0%| F|  |TAMS 0x0000000715a00000, 0x0000000715a00000| Untracked 
| 111|0x0000000715c00000, 0x0000000715c00000, 0x0000000715e00000|  0%| F|  |TAMS 0x0000000715c00000, 0x0000000715c00000| Untracked 
| 112|0x0000000715e00000, 0x0000000715e00000, 0x0000000716000000|  0%| F|  |TAMS 0x0000000715e00000, 0x0000000715e00000| Untracked 
| 113|0x0000000716000000, 0x0000000716000000, 0x0000000716200000|  0%| F|  |TAMS 0x0000000716000000, 0x0000000716000000| Untracked 
| 114|0x0000000716200000, 0x0000000716200000, 0x0000000716400000|  0%| F|  |TAMS 0x0000000716200000, 0x0000000716200000| Untracked 
| 115|0x0000000716400000, 0x0000000716400000, 0x0000000716600000|  0%| F|  |TAMS 0x0000000716400000, 0x0000000716400000| Untracked 
| 116|0x0000000716600000, 0x0000000716600000, 0x0000000716800000|  0%| F|  |TAMS 0x0000000716600000, 0x0000000716600000| Untracked 
| 117|0x0000000716800000, 0x0000000716800000, 0x0000000716a00000|  0%| F|  |TAMS 0x0000000716800000, 0x0000000716800000| Untracked 
| 118|0x0000000716a00000, 0x0000000716a00000, 0x0000000716c00000|  0%| F|  |TAMS 0x0000000716a00000, 0x0000000716a00000| Untracked 
| 119|0x0000000716c00000, 0x0000000716c00000, 0x0000000716e00000|  0%| F|  |TAMS 0x0000000716c00000, 0x0000000716c00000| Untracked 
| 120|0x0000000716e00000, 0x0000000716e00000, 0x0000000717000000|  0%| F|  |TAMS 0x0000000716e00000, 0x0000000716e00000| Untracked 
| 121|0x0000000717000000, 0x0000000717000000, 0x0000000717200000|  0%| F|  |TAMS 0x0000000717000000, 0x0000000717000000| Untracked 
| 122|0x0000000717200000, 0x0000000717200000, 0x0000000717400000|  0%| F|  |TAMS 0x0000000717200000, 0x0000000717200000| Untracked 
| 123|0x0000000717400000, 0x0000000717400000, 0x0000000717600000|  0%| F|  |TAMS 0x0000000717400000, 0x0000000717400000| Untracked 
| 124|0x0000000717600000, 0x00000007176e1490, 0x0000000717800000| 44%| E|  |TAMS 0x0000000717600000, 0x0000000717600000| Complete 
|1983|0x00000007ffc00000, 0x00000007ffd75000, 0x00000007ffe00000| 72%|OA|  |TAMS 0x00000007ffc00000, 0x00000007ffc00000| Untracked 
|1984|0x00000007ffe00000, 0x00000007ffe77000, 0x0000000800000000| 23%|CA|  |TAMS 0x00000007ffe00000, 0x00000007ffe00000| Untracked 

Card table byte_map: [0x00007f83f4c3f000,0x00007f83f5400000] _byte_map_base: 0x00007f83f1400000

Marking Bits (Prev, Next): (CMBitMap*) 0x00007f840c07fdb0, (CMBitMap*) 0x00007f840c07fdf0
 Prev Bits: [0x00007f83f0676000, 0x00007f83f447e000)
 Next Bits: [0x00007f83ec86e000, 0x00007f83f0676000)

Polling page: 0x00007f8413138000

Metaspace:

Usage:
  Non-class:     71.73 KB used.
      Class:      4.05 KB used.
       Both:     75.77 KB used.

Virtual space:
  Non-class space:       64.00 MB reserved,     128.00 KB ( <1%) committed,  1 nodes.
      Class space:        1.00 GB reserved,      64.00 KB ( <1%) committed,  1 nodes.
             Both:        1.06 GB reserved,     192.00 KB ( <1%) committed. 

Chunk freelists:
   Non-Class:  12.00 MB
       Class:  15.75 MB
        Both:  27.75 MB

MaxMetaspaceSize: unlimited
CompressedClassSpaceSize: 1.00 GB
Initial GC threshold: 21.00 MB
Current GC threshold: 21.00 MB
CDS: on
MetaspaceReclaimPolicy: balanced
 - commit_granule_bytes: 65536.
 - commit_granule_words: 8192.
 - virtual_space_node_default_size: 8388608.
 - enlarge_chunks_in_place: 1.
 - new_chunks_are_fully_committed: 0.
 - uncommit_free_chunks: 1.
 - use_allocation_guard: 0.
 - handle_deallocations: 1.


Internal statistics:

num_allocs_failed_limit: 0.
num_arena_births: 2.
num_arena_deaths: 0.
num_vsnodes_births: 2.
num_vsnodes_deaths: 0.
num_space_committed: 3.
num_space_uncommitted: 0.
num_chunks_returned_to_freelist: 0.
num_chunks_taken_from_freelist: 3.
num_chunk_merges: 0.
num_chunk_splits: 2.
num_chunks_enlarged: 0.
num_inconsistent_stats: 0.

CodeHeap 'non-profiled nmethods': size=120028Kb used=0Kb max_used=0Kb free=120028Kb
 bounds [0x00007f83fcec9000, 0x00007f83fd139000, 0x00007f8404400000]
CodeHeap 'profiled nmethods': size=120028Kb used=4Kb max_used=4Kb free=120023Kb
 bounds [0x00007f83f5400000, 0x00007f83f5670000, 0x00007f83fc937000]
CodeHeap 'non-nmethods': size=5704Kb used=1033Kb max_used=1035Kb free=4670Kb
 bounds [0x00007f83fc937000, 0x00007f83fcba7000, 0x00007f83fcec9000]
 total_blobs=297 nmethods=4 adapters=208
 compilation: enabled
              stopped_count=0, restarted_count=0
 full_count=0

Compilation events (8 events):
Event: 0.048 Thread 0x00007f840c1850a0    2       3       java.lang.Object::<init> (1 bytes)
Event: 0.048 Thread 0x00007f840c1850a0 nmethod 2 0x00007f83f5400010 code [0x00007f83f54001a0, 0x00007f83f54002b0]
Event: 0.048 Thread 0x00007f840c1850a0    1       3       java.lang.String::hashCode (60 bytes)
Event: 0.049 Thread 0x00007f840c1850a0 nmethod 1 0x00007f83f5400390 code [0x00007f83f5400560, 0x00007f83f54008b0]
Event: 0.049 Thread 0x00007f840c1850a0    3       3       java.lang.String::coder (15 bytes)
Event: 0.049 Thread 0x00007f840c1850a0 nmethod 3 0x00007f83f5400990 code [0x00007f83f5400b20, 0x00007f83f5400c50]
Event: 0.050 Thread 0x00007f840c1850a0    4       3       java.lang.String::isLatin1 (19 bytes)
Event: 0.050 Thread 0x00007f840c1850a0 nmethod 4 0x00007f83f5400d10 code [0x00007f83f5400ea0, 0x00007f83f5401010]

GC Heap History (0 events):
No events

Dll operation events (3 events):
Event: 0.005 Loaded shared library /usr/lib/jvm/java-17-openjdk-amd64/lib/libjava.so
Event: 0.040 Loaded shared library /usr/lib/jvm/java-17-openjdk-amd64/lib/libjsvml.so
Event: 0.050 Loaded shared library /usr/lib/jvm/java-17-openjdk-amd64/lib/libnio.so

Deoptimization events (0 events):
No events

Classes unloaded (0 events):
No events

Classes redefined (0 events):
No events

Internal exceptions (0 events):
No events

VM Operations (0 events):
No events

Events (20 events):
Event: 0.044 loading class sun/nio/cs/UTF_8$Encoder
Event: 0.044 loading class sun/nio/cs/UTF_8$Encoder done
Event: 0.045 Thread 0x00007f840c17f9c0 Thread added: 0x00007f840c17f9c0
Event: 0.045 Protecting memory [0x00007f83dd700000,0x00007f83dd704000] with protection modes 0
Event: 0.045 Thread 0x00007f840c180d80 Thread added: 0x00007f840c180d80
Event: 0.045 Protecting memory [0x00007f83dd600000,0x00007f83dd604000] with protection modes 0
Event: 0.045 Thread 0x00007f840c1821a0 Thread added: 0x00007f840c1821a0
Event: 0.045 Protecting memory [0x00007f83dd500000,0x00007f83dd504000] with protection modes 0
Event: 0.045 Thread 0x00007f840c183b60 Thread added: 0x00007f840c183b60
Event: 0.045 Protecting memory [0x00007f83dd400000,0x00007f83dd404000] with protection modes 0
Event: 0.045 Thread 0x00007f840c1850a0 Thread added: 0x00007f840c1850a0
Event: 0.046 Protecting memory [0x00007f83dd300000,0x00007f83dd304000] with protection modes 0
Event: 0.046 Thread 0x00007f840c18e510 Thread added: 0x00007f840c18e510
Event: 0.046 Protecting memory [0x00007f83dd200000,0x00007f83dd204000] with protection modes 0
Event: 0.047 Thread 0x00007f840c195b10 Thread added: 0x00007f840c195b10
Event: 0.047 loading class jdk/internal/vm/PostVMInitHook
Event: 0.047 loading class jdk/internal/vm/PostVMInitHook done
Event: 0.048 Protecting memory [0x00007f83dd100000,0x00007f83dd104000] with protection modes 0
Event: 0.049 Thread 0x00007f840c199a50 Thread added: 0x00007f840c199a50
Event: 0.049 Protecting memory [0x00007f83dceff000,0x00007f83dcf03000] with protection modes 0


Dynamic libraries:
707e00000-717800000 rw-p 00000000 00:00 0 
717800000-7ffc00000 ---p 00000000 00:00 0 
7ffc00000-7ffd00000 rw-p 00000000 00:00 0 
7ffd00000-7ffd75000 rw-p 00c75000 08:04 661322                           /usr/lib/jvm/java-17-openjdk-amd64/lib/server/classes.jsa
7ffd75000-7ffe00000 rw-p 00000000 00:00 0 
7ffe00000-7ffe77000 rw-p 00bfe000 08:04 661322                           /usr/lib/jvm/java-17-openjdk-amd64/lib/server/classes.jsa
7ffe77000-800000000 rw-p 00000000 00:00 0 
56230d42b000-56230d42c000 r--p 00000000 08:04 661251                     /usr/lib/jvm/java-17-openjdk-amd64/bin/java
56230d42c000-56230d42d000 r-xp 00001000 08:04 661251                     /usr/lib/jvm/java-17-openjdk-amd64/bin/java
56230d42d000-56230d42e000 r--p 00002000 08:04 661251                     /usr/lib/jvm/java-17-openjdk-amd64/bin/java
56230d42e000-56230d42f000 r--p 00002000 08:04 661251                     /usr/lib/jvm/java-17-openjdk-amd64/bin/java
56230d42f000-56230d430000 rw-p 00003000 08:04 661251                     /usr/lib/jvm/java-17-openjdk-amd64/bin/java
56230eb95000-56230ebdc000 rw-p 00000000 00:00 0                          [heap]
7f8358000000-7f8358021000 rw-p 00000000 00:00 0 
7f8358021000-7f835c000000 ---p 00000000 00:00 0 
7f8360000000-7f8360021000 rw-p 00000000 00:00 0 
7f8360021000-7f8364000000 ---p 00000000 00:00 0 
7f8364000000-7f8364021000 rw-p 00000000 00:00 0 
7f8364021000-7f8368000000 ---p 00000000 00:00 0 
7f8368000000-7f8368025000 rw-p 00000000 00:00 0 
7f8368025000-7f836c000000 ---p 00000000 00:00 0 
7f836c000000-7f836c021000 rw-p 00000000 00:00 0 
7f836c021000-7f8370000000 ---p 00000000 00:00 0 
7f8370000000-7f8370021000 rw-p 00000000 00:00 0 
7f8370021000-7f8374000000 ---p 00000000 00:00 0 
7f8374000000-7f8374056000 rw-p 00000000 00:00 0 
7f8374056000-7f8378000000 ---p 00000000 00:00 0 
7f8378000000-7f8378021000 rw-p 00000000 00:00 0 
7f8378021000-7f837c000000 ---p 00000000 00:00 0 
7f837c000000-7f837c021000 rw-p 00000000 00:00 0 
7f837c021000-7f8380000000 ---p 00000000 00:00 0 
7f8380000000-7f8380021000 rw-p 00000000 00:00 0 
7f8380021000-7f8384000000 ---p 00000000 00:00 0 
7f8384000000-7f8384021000 rw-p 00000000 00:00 0 
7f8384021000-7f8388000000 ---p 00000000 00:00 0 
7f8388000000-7f8388021000 rw-p 00000000 00:00 0 
7f8388021000-7f838c000000 ---p 00000000 00:00 0 
7f838f000000-7f838fbc6000 rw-p 00001000 08:04 661322                     /usr/lib/jvm/java-17-openjdk-amd64/lib/server/classes.jsa
7f838fbc6000-7f8390040000 ---p 00000000 00:00 0 
7f8390040000-7f8390050000 rw-p 00000000 00:00 0 
7f8390050000-7f83d0000000 ---p 00000000 00:00 0 
7f83d0000000-7f83d0021000 rw-p 00000000 00:00 0 
7f83d0021000-7f83d4000000 ---p 00000000 00:00 0 
7f83d4000000-7f83d4020000 rw-p 00000000 00:00 0 
7f83d4020000-7f83d8000000 ---p 00000000 00:00 0 
7f83d8000000-7f83d8021000 rw-p 00000000 00:00 0 
7f83d8021000-7f83dc000000 ---p 00000000 00:00 0 
7f83dcb20000-7f83dceff000 rw-p 00000000 00:00 0 
7f83dceff000-7f83dcf03000 ---p 00000000 00:00 0 
7f83dcf03000-7f83dcfff000 rw-p 00000000 00:00 0 
7f83dcfff000-7f83dd000000 ---p 00000000 00:00 0 
7f83dd000000-7f83dd100000 rw-p 00000000 00:00 0 
7f83dd100000-7f83dd104000 ---p 00000000 00:00 0 
7f83dd104000-7f83dd200000 rw-p 00000000 00:00 0 
7f83dd200000-7f83dd204000 ---p 00000000 00:00 0 
7f83dd204000-7f83dd300000 rw-p 00000000 00:00 0 
7f83dd300000-7f83dd304000 ---p 00000000 00:00 0 
7f83dd304000-7f83dd400000 rw-p 00000000 00:00 0 
7f83dd400000-7f83dd404000 ---p 00000000 00:00 0 
7f83dd404000-7f83dd500000 rw-p 00000000 00:00 0 
7f83dd500000-7f83dd504000 ---p 00000000 00:00 0 
7f83dd504000-7f83dd600000 rw-p 00000000 00:00 0 
7f83dd600000-7f83dd604000 ---p 00000000 00:00 0 
7f83dd604000-7f83dd700000 rw-p 00000000 00:00 0 
7f83dd700000-7f83dd704000 ---p 00000000 00:00 0 
7f83dd704000-7f83dd800000 rw-p 00000000 00:00 0 
7f83dd800000-7f83ddaea000 r--p 00000000 08:04 594350                     /usr/lib/locale/locale-archive
7f83ddbad000-7f83ddbb1000 ---p 00000000 00:00 0 
7f83ddbb1000-7f83ddcad000 rw-p 00000000 00:00 0 
7f83ddcad000-7f83ddcb1000 ---p 00000000 00:00 0 
7f83ddcb1000-7f83dddad000 rw-p 00000000 00:00 0 
7f83dddad000-7f83dddae000 ---p 00000000 00:00 0 
7f83dddae000-7f83ddeae000 rw-p 00000000 00:00 0 
7f83ddeae000-7f83ddeb3000 r--p 00000000 08:04 661306                     /usr/lib/jvm/java-17-openjdk-amd64/lib/libjsvml.so
7f83ddeb3000-7f83ddef4000 r-xp 00005000 08:04 661306                     /usr/lib/jvm/java-17-openjdk-amd64/lib/libjsvml.so
7f83ddef4000-7f83ddf7d000 r--p 00046000 08:04 661306                     /usr/lib/jvm/java-17-openjdk-amd64/lib/libjsvml.so
7f83ddf7d000-7f83ddf7e000 r--p 000ce000 08:04 661306                     /usr/lib/jvm/java-17-openjdk-amd64/lib/libjsvml.so
7f83ddf7e000-7f83ddf7f000 rw-p 000cf000 08:04 661306                     /usr/lib/jvm/java-17-openjdk-amd64/lib/libjsvml.so
7f83ddf7f000-7f83e0021000 rw-p 00000000 00:00 0 
7f83e0021000-7f83e4000000 ---p 00000000 00:00 0 
7f83e4000000-7f83e4021000 rw-p 00000000 00:00 0 
7f83e4021000-7f83e8000000 ---p 00000000 00:00 0 
7f83e8000000-7f83e8021000 rw-p 00000000 00:00 0 
7f83e8021000-7f83ec000000 ---p 00000000 00:00 0 
7f83ec066000-7f83ec067000 ---p 00000000 00:00 0 
7f83ec067000-7f83ec167000 rw-p 00000000 00:00 0 
7f83ec167000-7f83ec168000 ---p 00000000 00:00 0 
7f83ec168000-7f83ecc56000 rw-p 00000000 00:00 0 
7f83ecc56000-7f83f0666000 ---p 00000000 00:00 0 
7f83f0666000-7f83f0a5e000 rw-p 00000000 00:00 0 
7f83f0a5e000-7f83f446e000 ---p 00000000 00:00 0 
7f83f446e000-7f83f44fb000 rw-p 00000000 00:00 0 
7f83f44fb000-7f83f4c3d000 ---p 00000000 00:00 0 
7f83f4c3d000-7f83f4cbc000 rw-p 00000000 00:00 0 
7f83f4cbc000-7f83f53fe000 ---p 00000000 00:00 0 
7f83f53fe000-7f83f5400000 rw-p 00000000 00:00 0 
7f83f5400000-7f83f5670000 rwxp 00000000 00:00 0 
7f83f5670000-7f83fc937000 ---p 00000000 00:00 0 
7f83fc937000-7f83fcba7000 rwxp 00000000 00:00 0 
7f83fcba7000-7f83fcec9000 ---p 00000000 00:00 0 
7f83fcec9000-7f83fd139000 rwxp 00000000 00:00 0 
7f83fd139000-7f8404400000 ---p 00000000 00:00 0 
7f8404400000-7f840be66000 r--s 00000000 08:04 661321                     /usr/lib/jvm/java-17-openjdk-amd64/lib/modules
7f840be73000-7f840c1a9000 rw-p 00000000 00:00 0 
7f840c1a9000-7f8410000000 ---p 00000000 00:00 0 
7f841001c000-7f841015e000 rw-p 00000000 00:00 0 
7f841015e000-7f841015f000 ---p 00000000 00:00 0 
7f841015f000-7f841025f000 rw-p 00000000 00:00 0 
7f841025f000-7f8410260000 ---p 00000000 00:00 0 
7f8410260000-7f8410360000 rw-p 00000000 00:00 0 
7f8410360000-7f8410361000 ---p 00000000 00:00 0 
7f8410361000-7f84104de000 rw-p 00000000 00:00 0 
7f84104de000-7f8410c20000 ---p 00000000 00:00 0 
7f8410c20000-7f841142f000 rw-p 00000000 00:00 0 
7f841142f000-7f8411515000 ---p 00000000 00:00 0 
7f8411515000-7f841151a000 rw-p 00000000 00:00 0 
7f841151a000-7f8411600000 ---p 00000000 00:00 0 
7f8411600000-7f841169c000 r--p 00000000 08:04 541066                     /usr/lib/x86_64-linux-gnu/libstdc++.so.6.0.32
7f841169c000-7f84117b7000 r-xp 0009c000 08:04 541066                     /usr/lib/x86_64-linux-gnu/libstdc++.so.6.0.32
7f84117b7000-7f8411844000 r--p 001b7000 08:04 541066                     /usr/lib/x86_64-linux-gnu/libstdc++.so.6.0.32
7f8411844000-7f841184f000 r--p 00244000 08:04 541066                     /usr/lib/x86_64-linux-gnu/libstdc++.so.6.0.32
7f841184f000-7f8411852000 rw-p 0024f000 08:04 541066                     /usr/lib/x86_64-linux-gnu/libstdc++.so.6.0.32
7f8411852000-7f8411856000 rw-p 00000000 00:00 0 
7f8411880000-7f8411900000 rw-p 00000000 00:00 0 
7f8411900000-7f8411904000 ---p 00000000 00:00 0 
7f8411904000-7f8411a00000 rw-p 00000000 00:00 0 
7f8411a00000-7f8411c51000 r--p 00000000 08:04 661325                     /usr/lib/jvm/java-17-openjdk-amd64/lib/server/libjvm.so
7f8411c51000-7f84129ba000 r-xp 00251000 08:04 661325                     /usr/lib/jvm/java-17-openjdk-amd64/lib/server/libjvm.so
7f84129ba000-7f8412c3a000 r--p 00fba000 08:04 661325                     /usr/lib/jvm/java-17-openjdk-amd64/lib/server/libjvm.so
7f8412c3a000-7f8412cf2000 r--p 0123a000 08:04 661325                     /usr/lib/jvm/java-17-openjdk-amd64/lib/server/libjvm.so
7f8412cf2000-7f8412d27000 rw-p 012f2000 08:04 661325                     /usr/lib/jvm/java-17-openjdk-amd64/lib/server/libjvm.so
7f8412d27000-7f8412d81000 rw-p 00000000 00:00 0 
7f8412daf000-7f8412db3000 r--p 00000000 08:04 661312                     /usr/lib/jvm/java-17-openjdk-amd64/lib/libnet.so
7f8412db3000-7f8412dc1000 r-xp 00004000 08:04 661312                     /usr/lib/jvm/java-17-openjdk-amd64/lib/libnet.so
7f8412dc1000-7f8412dc5000 r--p 00012000 08:04 661312                     /usr/lib/jvm/java-17-openjdk-amd64/lib/libnet.so
7f8412dc5000-7f8412dc6000 r--p 00015000 08:04 661312                     /usr/lib/jvm/java-17-openjdk-amd64/lib/libnet.so
7f8412dc6000-7f8412dc7000 rw-p 00016000 08:04 661312                     /usr/lib/jvm/java-17-openjdk-amd64/lib/libnet.so
7f8412dc7000-7f8412dcd000 r--p 00000000 08:04 661313                     /usr/lib/jvm/java-17-openjdk-amd64/lib/libnio.so
7f8412dcd000-7f8412dd5000 r-xp 00006000 08:04 661313                     /usr/lib/jvm/java-17-openjdk-amd64/lib/libnio.so
7f8412dd5000-7f8412dd9000 r--p 0000e000 08:04 661313                     /usr/lib/jvm/java-17-openjdk-amd64/lib/libnio.so
7f8412dd9000-7f8412dda000 r--p 00012000 08:04 661313                     /usr/lib/jvm/java-17-openjdk-amd64/lib/libnio.so
7f8412dda000-7f8412ddb000 rw-p 00013000 08:04 661313                     /usr/lib/jvm/java-17-openjdk-amd64/lib/libnio.so
7f8412ddb000-7f8412de0000 rw-p 00000000 00:00 0 
7f8412de0000-7f8412de7000 ---p 00000000 00:00 0 
7f8412de7000-7f8412df3000 r--p 00000000 08:04 661299                     /usr/lib/jvm/java-17-openjdk-amd64/lib/libjava.so
7f8412df3000-7f8412e05000 r-xp 0000c000 08:04 661299                     /usr/lib/jvm/java-17-openjdk-amd64/lib/libjava.so
7f8412e05000-7f8412e0b000 r--p 0001e000 08:04 661299                     /usr/lib/jvm/java-17-openjdk-amd64/lib/libjava.so
7f8412e0b000-7f8412e0c000 r--p 00023000 08:04 661299                     /usr/lib/jvm/java-17-openjdk-amd64/lib/libjava.so
7f8412e0c000-7f8412e0d000 rw-p 00024000 08:04 661299                     /usr/lib/jvm/java-17-openjdk-amd64/lib/libjava.so
7f8412e0d000-7f8412e0e000 rw-p 00000000 00:00 0 
7f8412e0e000-7f8412e11000 r--p 00000000 08:04 532729                     /usr/lib/x86_64-linux-gnu/libgcc_s.so.1
7f8412e11000-7f8412e2c000 r-xp 00003000 08:04 532729                     /usr/lib/x86_64-linux-gnu/libgcc_s.so.1
7f8412e2c000-7f8412e30000 r--p 0001e000 08:04 532729                     /usr/lib/x86_64-linux-gnu/libgcc_s.so.1
7f8412e30000-7f8412e31000 r--p 00021000 08:04 532729                     /usr/lib/x86_64-linux-gnu/libgcc_s.so.1
7f8412e31000-7f8412e32000 rw-p 00022000 08:04 532729                     /usr/lib/x86_64-linux-gnu/libgcc_s.so.1
7f8412e32000-7f8412e42000 r--p 00000000 08:04 531118                     /usr/lib/x86_64-linux-gnu/libm.so.6
7f8412e42000-7f8412eb5000 r-xp 00010000 08:04 531118                     /usr/lib/x86_64-linux-gnu/libm.so.6
7f8412eb5000-7f8412f0f000 r--p 00083000 08:04 531118                     /usr/lib/x86_64-linux-gnu/libm.so.6
7f8412f0f000-7f8412f10000 r--p 000dc000 08:04 531118                     /usr/lib/x86_64-linux-gnu/libm.so.6
7f8412f10000-7f8412f11000 rw-p 000dd000 08:04 531118                     /usr/lib/x86_64-linux-gnu/libm.so.6
7f8412f11000-7f8412f14000 rw-p 00000000 00:00 0 
7f8412f14000-7f8412f3a000 r--p 00000000 08:04 531106                     /usr/lib/x86_64-linux-gnu/libc.so.6
7f8412f3a000-7f841308f000 r-xp 00026000 08:04 531106                     /usr/lib/x86_64-linux-gnu/libc.so.6
7f841308f000-7f84130e3000 r--p 0017b000 08:04 531106                     /usr/lib/x86_64-linux-gnu/libc.so.6
7f84130e3000-7f84130e7000 r--p 001cf000 08:04 531106                     /usr/lib/x86_64-linux-gnu/libc.so.6
7f84130e7000-7f84130e9000 rw-p 001d3000 08:04 531106                     /usr/lib/x86_64-linux-gnu/libc.so.6
7f84130e9000-7f84130f6000 rw-p 00000000 00:00 0 
7f84130f6000-7f84130f8000 r--p 00000000 08:04 661303                     /usr/lib/jvm/java-17-openjdk-amd64/lib/libjli.so
7f84130f8000-7f8413102000 r-xp 00002000 08:04 661303                     /usr/lib/jvm/java-17-openjdk-amd64/lib/libjli.so
7f8413102000-7f8413105000 r--p 0000c000 08:04 661303                     /usr/lib/jvm/java-17-openjdk-amd64/lib/libjli.so
7f8413105000-7f8413106000 r--p 0000e000 08:04 661303                     /usr/lib/jvm/java-17-openjdk-amd64/lib/libjli.so
7f8413106000-7f8413107000 rw-p 0000f000 08:04 661303                     /usr/lib/jvm/java-17-openjdk-amd64/lib/libjli.so
7f8413107000-7f841310a000 r--p 00000000 08:04 529246                     /usr/lib/x86_64-linux-gnu/libz.so.1.2.13
7f841310a000-7f841311d000 r-xp 00003000 08:04 529246                     /usr/lib/x86_64-linux-gnu/libz.so.1.2.13
7f841311d000-7f8413124000 r--p 00016000 08:04 529246                     /usr/lib/x86_64-linux-gnu/libz.so.1.2.13
7f8413124000-7f8413125000 r--p 0001c000 08:04 529246                     /usr/lib/x86_64-linux-gnu/libz.so.1.2.13
7f8413125000-7f8413126000 rw-p 0001d000 08:04 529246                     /usr/lib/x86_64-linux-gnu/libz.so.1.2.13
7f8413129000-7f8413130000 r--s 00000000 08:04 544941                     /usr/lib/x86_64-linux-gnu/gconv/gconv-modules.cache
7f8413130000-7f8413138000 rw-s 00000000 08:04 6630550                    /tmp/hsperfdata_miaro/21996
7f8413138000-7f8413139000 ---p 00000000 00:00 0 
7f8413139000-7f841313a000 r--p 00000000 00:00 0 
7f841313a000-7f841313b000 ---p 00000000 00:00 0 
7f841313b000-7f841313d000 r--p 00000000 08:04 661302                     /usr/lib/jvm/java-17-openjdk-amd64/lib/libjimage.so
7f841313d000-7f8413140000 r-xp 00002000 08:04 661302                     /usr/lib/jvm/java-17-openjdk-amd64/lib/libjimage.so
7f8413140000-7f8413141000 r--p 00005000 08:04 661302                     /usr/lib/jvm/java-17-openjdk-amd64/lib/libjimage.so
7f8413141000-7f8413142000 r--p 00006000 08:04 661302                     /usr/lib/jvm/java-17-openjdk-amd64/lib/libjimage.so
7f8413142000-7f8413143000 rw-p 00007000 08:04 661302                     /usr/lib/jvm/java-17-openjdk-amd64/lib/libjimage.so
7f8413143000-7f8413145000 rw-p 00000000 00:00 0 
7f8413145000-7f8413146000 r--p 00000000 08:04 531094                     /usr/lib/x86_64-linux-gnu/ld-linux-x86-64.so.2
7f8413146000-7f841316b000 r-xp 00001000 08:04 531094                     /usr/lib/x86_64-linux-gnu/ld-linux-x86-64.so.2
7f841316b000-7f8413175000 r--p 00026000 08:04 531094                     /usr/lib/x86_64-linux-gnu/ld-linux-x86-64.so.2
7f8413175000-7f8413177000 r--p 00030000 08:04 531094                     /usr/lib/x86_64-linux-gnu/ld-linux-x86-64.so.2
7f8413177000-7f8413179000 rw-p 00032000 08:04 531094                     /usr/lib/x86_64-linux-gnu/ld-linux-x86-64.so.2
7ffe75f4b000-7ffe75f6d000 rw-p 00000000 00:00 0                          [stack]
7ffe75f8b000-7ffe75f8f000 r--p 00000000 00:00 0                          [vvar]
7ffe75f8f000-7ffe75f91000 r-xp 00000000 00:00 0                          [vdso]


VM Arguments:
jvm_args: -Dclassworlds.conf=/usr/share/maven/bin/m2.conf -Dmaven.home=/usr/share/maven -Dlibrary.jansi.path=/usr/share/maven/lib/jansi-native -Dmaven.multiModuleProjectDirectory=/home/miaro/Fianarana/ITU/S5/Mr_Rojo/autotrader -Dawt.useSystemAAFontSettings=on -Dswing.aatext=true 
java_command: org.codehaus.plexus.classworlds.launcher.Launcher spring-boot:run
java_class_path (initial): /usr/share/maven/boot/plexus-classworlds-2.x.jar
Launcher Type: SUN_STANDARD

[Global flags]
     intx CICompilerCount                          = 4                                         {product} {ergonomic}
     uint ConcGCThreads                            = 2                                         {product} {ergonomic}
     uint G1ConcRefinementThreads                  = 8                                         {product} {ergonomic}
   size_t G1HeapRegionSize                         = 2097152                                   {product} {ergonomic}
    uintx GCDrainStackTargetSize                   = 64                                        {product} {ergonomic}
   size_t InitialHeapSize                          = 262144000                                 {product} {ergonomic}
   size_t MarkStackSize                            = 4194304                                   {product} {ergonomic}
   size_t MaxHeapSize                              = 4162846720                                {product} {ergonomic}
   size_t MaxNewSize                               = 2497708032                                {product} {ergonomic}
   size_t MinHeapDeltaBytes                        = 2097152                                   {product} {ergonomic}
   size_t MinHeapSize                              = 8388608                                   {product} {ergonomic}
    uintx NonNMethodCodeHeapSize                   = 5839372                                {pd product} {ergonomic}
    uintx NonProfiledCodeHeapSize                  = 122909434                              {pd product} {ergonomic}
    uintx ProfiledCodeHeapSize                     = 122909434                              {pd product} {ergonomic}
    uintx ReservedCodeCacheSize                    = 251658240                              {pd product} {ergonomic}
     bool SegmentedCodeCache                       = true                                      {product} {ergonomic}
   size_t SoftMaxHeapSize                          = 4162846720                             {manageable} {ergonomic}
     bool UseCompressedClassPointers               = true                           {product lp64_product} {ergonomic}
     bool UseCompressedOops                        = true                           {product lp64_product} {ergonomic}
     bool UseG1GC                                  = true                                      {product} {ergonomic}

Logging:
Log output configuration:
 #0: stdout all=warning uptime,level,tags
 #1: stderr all=off uptime,level,tags

Environment Variables:
_JAVA_OPTIONS=-Dawt.useSystemAAFontSettings=on -Dswing.aatext=true
CLASSPATH=/home/miaro/Documents/lib_jar/postgresql-42.5.0.jar:/home/miaro/Programs(Installed)/Komodo-Edit-12/bin
PATH=/home/miaro/.cache/activestate/bin:/home/miaro/.komodoide/12.0/XRE/state/bin:/home/miaro/.sdkman/candidates/springboot/current/bin:/usr/local/sbin:/usr/sbin:/sbin:/usr/local/bin:/usr/bin:/bin:/usr/local/games:/usr/games:/snap/bin:/home/miaro/.dotnet/tools
SHELL=/usr/bin/zsh
DISPLAY=:1
LANG=en_US.UTF-8
TERM=xterm-256color

Active Locale:
LC_ALL=en_US.UTF-8
LC_COLLATE=en_US.UTF-8
LC_CTYPE=en_US.UTF-8
LC_MESSAGES=en_US.UTF-8
LC_MONETARY=en_US.UTF-8
LC_NUMERIC=en_US.UTF-8
LC_TIME=en_US.UTF-8

Signal Handlers:
   SIGSEGV: crash_handler in libjvm.so, mask=11100100010111111101111111111110, flags=SA_RESTART|SA_SIGINFO, unblocked
    SIGBUS: crash_handler in libjvm.so, mask=11100100010111111101111111111110, flags=SA_RESTART|SA_SIGINFO, unblocked
    SIGFPE: crash_handler in libjvm.so, mask=11100100010111111101111111111110, flags=SA_RESTART|SA_SIGINFO, unblocked
   SIGPIPE: javaSignalHandler in libjvm.so, mask=11100100010111111101111111111110, flags=SA_RESTART|SA_SIGINFO, blocked
   SIGXFSZ: javaSignalHandler in libjvm.so, mask=11100100010111111101111111111110, flags=SA_RESTART|SA_SIGINFO, blocked
    SIGILL: crash_handler in libjvm.so, mask=11100100010111111101111111111110, flags=SA_RESTART|SA_SIGINFO, unblocked
   SIGUSR2: SR_handler in libjvm.so, mask=00000000000000000000000000000000, flags=SA_RESTART|SA_SIGINFO, blocked
    SIGHUP: UserHandler in libjvm.so, mask=11100100010111111101111111111110, flags=SA_RESTART|SA_SIGINFO, blocked
    SIGINT: UserHandler in libjvm.so, mask=11100100010111111101111111111110, flags=SA_RESTART|SA_SIGINFO, blocked
   SIGTERM: UserHandler in libjvm.so, mask=11100100010111111101111111111110, flags=SA_RESTART|SA_SIGINFO, blocked
   SIGQUIT: UserHandler in libjvm.so, mask=11100100010111111101111111111110, flags=SA_RESTART|SA_SIGINFO, blocked
   SIGTRAP: crash_handler in libjvm.so, mask=11100100010111111101111111111110, flags=SA_RESTART|SA_SIGINFO, unblocked


Periodic native trim disabled


---------------  S Y S T E M  ---------------

OS:
PRETTY_NAME="Kali GNU/Linux Rolling"
NAME="Kali GNU/Linux"
VERSION_ID="2023.3"
VERSION="2023.3"
VERSION_CODENAME=kali-rolling
ID=kali
ID_LIKE=debian
HOME_URL="https://www.kali.org/"
SUPPORT_URL="https://forums.kali.org/"
BUG_REPORT_URL="https://bugs.kali.org/"
ANSI_COLOR="1;31"
uname: Linux 6.5.0-kali3-amd64 #1 SMP PREEMPT_DYNAMIC Debian 6.5.6-1kali1 (2023-10-09) x86_64
OS uptime: 0 days 4:20 hours
libc: glibc 2.37 NPTL 2.37 
rlimit (soft/hard): STACK 8192k/infinity , CORE 0k/infinity , NPROC 63171/63171 , NOFILE 1048576/1048576 , AS infinity/infinity , CPU infinity/infinity , DATA infinity/infinity , FSIZE infinity/infinity , MEMLOCK 2031888k/2031888k
load average: 1.00 1.12 1.00

/proc/meminfo:
MemTotal:       16255116 kB
MemFree:          911228 kB
MemAvailable:    4127988 kB
Buffers:          317952 kB
Cached:          5678184 kB
SwapCached:          440 kB
Active:          9897064 kB
Inactive:        2935016 kB
Active(anon):    8074752 kB
Inactive(anon):  2368984 kB
Active(file):    1822312 kB
Inactive(file):   566032 kB
Unevictable:      776508 kB
Mlocked:              80 kB
SwapTotal:       6836220 kB
SwapFree:        6829820 kB
Zswap:                 0 kB
Zswapped:              0 kB
Dirty:               372 kB
Writeback:             0 kB
AnonPages:       7318332 kB
Mapped:          1671544 kB
Shmem:           3607896 kB
KReclaimable:    1206780 kB
Slab:            1429456 kB
SReclaimable:    1206780 kB
SUnreclaim:       222676 kB
KernelStack:       31288 kB
PageTables:        83876 kB
SecPageTables:         0 kB
NFS_Unstable:          0 kB
Bounce:                0 kB
WritebackTmp:          0 kB
CommitLimit:    14963776 kB
Committed_AS:   24781616 kB
VmallocTotal:   34359738367 kB
VmallocUsed:       91688 kB
VmallocChunk:          0 kB
Percpu:             7552 kB
HardwareCorrupted:     0 kB
AnonHugePages:   2437120 kB
ShmemHugePages:  2367488 kB
ShmemPmdMapped:        0 kB
FileHugePages:         0 kB
FilePmdMapped:         0 kB
Unaccepted:            0 kB
HugePages_Total:       0
HugePages_Free:        0
HugePages_Rsvd:        0
HugePages_Surp:        0
Hugepagesize:       2048 kB
Hugetlb:               0 kB
DirectMap4k:      193172 kB
DirectMap2M:     5980160 kB
DirectMap1G:    10485760 kB

/sys/kernel/mm/transparent_hugepage/enabled: [always] madvise never
/sys/kernel/mm/transparent_hugepage/defrag (defrag/compaction efforts parameter): always defer defer+madvise [madvise] never

Process Memory:
Virtual Size: 7003264K (peak: 7064436K)
Resident Set Size: 45480K (peak: 45480K) (anon: 25416K, file: 20064K, shmem: 0K)
Swapped out: 0K
C-Heap outstanding allocations: 24155K, retained: 2068K
glibc malloc tunables: (default)

/proc/sys/kernel/threads-max (system-wide limit on the number of threads): 126342
/proc/sys/vm/max_map_count (maximum number of memory map areas a process may have): 65530
/proc/sys/kernel/pid_max (system-wide limit on number of process identifiers): 4194304

container (cgroup) information:
container_type: cgroupv2
cpu_cpuset_cpus: not supported
cpu_memory_nodes: not supported
active_processor_count: 8
cpu_quota: not supported
cpu_period: not supported
cpu_shares: not supported
memory_limit_in_bytes: unlimited
memory_and_swap_limit_in_bytes: unlimited
memory_soft_limit_in_bytes: unlimited
memory_usage_in_bytes: 205224 k
memory_max_usage_in_bytes: not supported
memory_swap_current_in_bytes: unlimited
memory_swap_max_limit_in_bytes: unlimited
maximum number of tasks: 18951
current number of tasks: 31

Steal ticks since vm start: 0
Steal ticks percentage since vm start:  0.000

CPU: total 8 (initial active 8) (4 cores per cpu, 2 threads per core) family 6 model 158 stepping 9 microcode 0xf4, cx8, cmov, fxsr, ht, mmx, 3dnowpref, sse, sse2, sse3, ssse3, sse4.1, sse4.2, popcnt, lzcnt, tsc, tscinvbit, avx, avx2, aes, erms, clmul, bmi1, bmi2, adx, fma, vzeroupper, clflush, clflushopt
CPU Model and flags from /proc/cpuinfo:
model name	: Intel(R) Core(TM) i7-7700HQ CPU @ 2.80GHz
flags		: fpu vme de pse tsc msr pae mce cx8 apic sep mtrr pge mca cmov pat pse36 clflush dts acpi mmx fxsr sse sse2 ss ht tm pbe syscall nx pdpe1gb rdtscp lm constant_tsc art arch_perfmon pebs bts rep_good nopl xtopology nonstop_tsc cpuid aperfmperf pni pclmulqdq dtes64 monitor ds_cpl vmx est tm2 ssse3 sdbg fma cx16 xtpr pdcm pcid sse4_1 sse4_2 x2apic movbe popcnt tsc_deadline_timer aes xsave avx f16c rdrand lahf_lm abm 3dnowprefetch cpuid_fault epb invpcid_single pti ssbd ibrs ibpb stibp tpr_shadow flexpriority ept vpid ept_ad fsgsbase tsc_adjust bmi1 avx2 smep bmi2 erms invpcid mpx rdseed adx smap clflushopt intel_pt xsaveopt xsavec xgetbv1 xsaves dtherm ida arat pln pts hwp hwp_notify hwp_act_window hwp_epp vnmi md_clear flush_l1d arch_capabilities

Online cpus: 0-7
Offline cpus: 
BIOS frequency limitation: <Not Available>
Frequency switch latency (ns): 0
Available cpu frequencies: <Not Available>
Current governor: powersave
Core performance/turbo boost: <Not Available>

Memory: 4k page, physical 16255116k(911228k free), swap 6836220k(6829820k free)
Page Sizes: 4k

vm_info: OpenJDK 64-Bit Server VM (17.0.9+9-Debian-2) for linux-amd64 JRE (17.0.9+9-Debian-2), built on Nov  2 2023 16:48:51 by "buildd" with gcc 13.2.0

END.
