#
# A fatal error has been detected by the Java Runtime Environment:
#
#  SIGSEGV (0xb) at pc=0x00007facc9583b3f, pid=6874, tid=6895
#
# JRE version: OpenJDK Runtime Environment (17.0.9+9) (build 17.0.9+9-Debian-2)
# Java VM: OpenJDK 64-Bit Server VM (17.0.9+9-Debian-2, mixed mode, emulated-client, sharing, tiered, compressed oops, compressed class ptrs, g1 gc, linux-amd64)
# Problematic frame:
# V  [libjvm.so+0xb83b3f]  markWord::displaced_mark_helper() const+0xf
#
# Core dump will be written. Default location: Core dumps may be processed with "/lib/systemd/systemd-coredump %P %u %g %s %t 9223372036854775808 %h" (or dumping to /home/miaro/Fianarana/ITU/S5/Mr_Rojo/autotrader/core.6874)
#
# If you would like to submit a bug report, please visit:
#   https://bugs.debian.org/openjdk-17
#

---------------  S U M M A R Y ------------

Command Line: -XX:TieredStopAtLevel=1 -Dawt.useSystemAAFontSettings=on -Dswing.aatext=true org.autotrader.AutotraderApplication

Host: Intel(R) Core(TM) i7-7700HQ CPU @ 2.80GHz, 8 cores, 15G, Kali GNU/Linux Rolling
Time: Wed Feb  7 03:08:23 2024 +0530 elapsed time: 1821.274946 seconds (0d 0h 30m 21s)

---------------  T H R E A D  ---------------

Current thread (0x00007fac4c0068a0):  GCTaskThread "GC Thread#2" [stack: 0x00007fac52cff000,0x00007fac52dff000] [id=6895]

Stack: [0x00007fac52cff000,0x00007fac52dff000],  sp=0x00007fac52dfda08,  free space=1018k
Native frames: (J=compiled Java code, j=interpreted, Vv=VM code, C=native code)
V  [libjvm.so+0xb83b3f]  markWord::displaced_mark_helper() const+0xf
V  [libjvm.so+0x75f660]  G1ScanHRForRegionClosure::scan_heap_roots(HeapRegion*)+0x560
V  [libjvm.so+0x759265]  G1RemSet::scan_heap_roots(G1ParScanThreadState*, unsigned int, G1GCPhaseTimes::GCParPhases, G1GCPhaseTimes::GCParPhases, bool)+0x1b5
V  [libjvm.so+0x6ff4df]  G1EvacuateRegionsTask::scan_roots(G1ParScanThreadState*, unsigned int)+0x4f
V  [libjvm.so+0x70018e]  G1EvacuateRegionsBaseTask::work(unsigned int)+0x8e
V  [libjvm.so+0xf6bb51]  GangWorker::loop()+0x61
V  [libjvm.so+0xf6bbb2]
V  [libjvm.so+0xeb7dcf]  Thread::call_run()+0xbf
V  [libjvm.so+0xc3d269]  thread_native_entry(Thread*)+0xe9


siginfo: si_signo: 11 (SIGSEGV), si_code: 128 (SI_KERNEL), si_addr: 0x0000000000000000

Registers:
RAX=0x756769666e6f436c, RBX=0x00007fac140052a0, RCX=0x0000000000000007, RDX=0x0000000000000000
RSP=0x00007fac52dfda08, RBP=0x00007fac52dfdab0, RSI=0x0000000000000008, RDI=0x00007fac52dfda78
R8 =0x756769666e6f436e, R9 =0x0000000000000001, R10=0x00007facc0746172, R11=0x0000000051737390
R12=0x000000070b3054ed, R13=0x000000070ed73e60, R14=0x00007facc9d3d2c5, R15=0x00007facc9cf6330
RIP=0x00007facc9583b3f, EFLAGS=0x0000000000010206, CSGSFS=0x002b000000000033, ERR=0x0000000000000000
  TRAPNO=0x000000000000000d


Register to memory mapping:

RAX=0x756769666e6f436c is an unknown value
RBX=0x00007fac140052a0 points into unknown readable memory: 0x00007facc9c46dc0 | c0 6d c4 c9 ac 7f 00 00
RCX=0x0000000000000007 is an unknown value
RDX=0x0 is NULL
RSP=0x00007fac52dfda08 points into unknown readable memory: 0x00007facc9148174 | 74 81 14 c9 ac 7f 00 00
RBP=0x00007fac52dfdab0 points into unknown readable memory: 0x00007fac52dfdc10 | 10 dc df 52 ac 7f 00 00
RSI=0x0000000000000008 is an unknown value
RDI=0x00007fac52dfda78 points into unknown readable memory: 0x756769666e6f436e | 6e 43 6f 6e 66 69 67 75
R8 =0x756769666e6f436e is an unknown value
R9 =0x0000000000000001 is an unknown value
R10=0x00007facc0746172 points into unknown readable memory: ef 91 b5 c0 80 c0
R11=0x0000000051737390 is an unknown value
R12=0x000000070b3054ed is pointing into object: java.util.LinkedHashMap$Entry 
{0x000000070b3054d0} - klass: 'java/util/LinkedHashMap$Entry'
 - ---- fields (total size 5 words):
 - final 'hash' 'I' @12  1759342136 (68dd6e38)
 - final 'key' 'Ljava/lang/Object;' @16  a 'org/springframework/core/type/classreading/SimpleMethodMetadata'{0x000000070b3054f8} (e1660a9f)
 - 'value' 'Ljava/lang/Object;' @20  a 'java/lang/Object'{0x00000007081d6ad0} (e103ad5a)
 - 'next' 'Ljava/util/HashMap$Node;' @24  NULL (0)
 - 'before' 'Ljava/util/LinkedHashMap$Entry;' @28  
[error occurred during error reporting (printing register info), id 0xb, SIGSEGV (0xb) at pc=0x00007facc96252c6]

Top of Stack: (sp=0x00007fac52dfda08)
0x00007fac52dfda08:   00007facc9148174 00007fac52dfda40
0x00007fac52dfda18:   00007facc9e6b919 00007facc90d3460
0x00007fac52dfda28:   000000acc964752a 0000000000000aa0
0x00007fac52dfda38:   0000000700000000 0000000051737390
0x00007fac52dfda48:   00007facc40f6e00 0000000751737390
0x00007fac52dfda58:   00000040c9e6b919 000000070b305501
0x00007fac52dfda68:   00007facc0746172 756769666e6f436e
0x00007fac52dfda78:   756769666e6f436e 00007fac52dfda90
0x00007fac52dfda88:   000000070900e078 00007facb8184040
0x00007fac52dfda98:   00007facb818403d 00007fac140052a0
0x00007fac52dfdaa8:   00007fac52dfdc80 00007fac52dfdc10
0x00007fac52dfdab8:   00007facc915f660 00007fac380a5e20
0x00007fac52dfdac8:   00007fac380a5f50 00007fac380a5e20
0x00007fac52dfdad8:   00007fac380a5f50 00000000000003d8
0x00007fac52dfdae8:   00007fac380a6208 00007fac52dfdc80
0x00007fac52dfdaf8:   0000000000000024 0000000000000009
0x00007fac52dfdb08:   00007fac4c006b60 00007fac52dfdc80
0x00007fac52dfdb18:   00007facb818403d 01007fac52dfdb50
0x00007fac52dfdb28:   0000000709007800 00007facb8184040
0x00007fac52dfdb38:   00007fac52dfdb90 0000000000000040
0x00007fac52dfdb48:   0000000028169015 000001a80b5b21ca
0x00007fac52dfdb58:   000004a6b2f071f8 0000000000009000
0x00007fac52dfdb68:   00007facc405ad10 0000000000000048
0x00007fac52dfdb78:   00007facb8184000 0000000000000001
0x00007fac52dfdb88:   000000000000003c 00007facc9c46ed8
0x00007fac52dfdb98:   0000000000000000 00007facc4029290
0x00007fac52dfdba8:   00007fac140052a0 0000000000000000
0x00007fac52dfdbb8:   0000000000000000 00007fac00000000
0x00007fac52dfdbc8:   00007fac52dfdc50 00007fac52dfdc10
0x00007fac52dfdbd8:   00007facc9131e02 000001a80b5b1d2b
0x00007fac52dfdbe8:   0000000000000001 00007facc4029290
0x00007fac52dfdbf8:   00007facc40c1560 000000000000000c 

Instructions: (pc=0x00007facc9583b3f)
0x00007facc9583a3f:   7c 00 48 89 1c 11 48 89 05 94 32 7c 00 e9 e6 fd
0x00007facc9583a4f:   ff ff 48 b8 00 ff ff ff 7f 00 00 00 48 85 c6 0f
0x00007facc9583a5f:   84 69 fd ff ff e9 5c fd ff ff 49 8b 56 08 e9 9a
0x00007facc9583a6f:   fc ff ff 48 8d 3d 47 32 7c 00 e8 92 4e 8c ff b8
0x00007facc9583a7f:   01 00 00 00 31 d2 e9 30 fc ff ff 48 8b 43 08 e9
0x00007facc9583a8f:   e7 fd ff ff 48 b8 00 ff ff ff 7f 00 00 00 48 85
0x00007facc9583a9f:   c6 0f 84 54 fe ff ff e9 47 fe ff ff 48 8d 3d 0e
0x00007facc9583aaf:   32 7c 00 e8 59 4e 8c ff b8 01 00 00 00 31 d2 e9
0x00007facc9583abf:   57 fe ff ff 48 8b 43 08 e9 0c fe ff ff 48 8d 3d
0x00007facc9583acf:   ed 31 7c 00 e8 38 4e 8c ff b8 01 00 00 00 31 d2
0x00007facc9583adf:   e9 09 fd ff ff 48 8b 43 08 e9 0b ff ff ff 48 b8
0x00007facc9583aef:   00 ff ff ff 7f 00 00 00 48 85 c6 0f 84 1a ff ff
0x00007facc9583aff:   ff e9 0d ff ff ff 48 8d 3d b4 31 7c 00 e8 ff 4d
0x00007facc9583b0f:   8c ff b8 01 00 00 00 31 d2 e9 1d ff ff ff 49 8b
0x00007facc9583b1f:   44 24 08 e9 84 fc ff ff 66 0f 1f 84 00 00 00 00
0x00007facc9583b2f:   00 f3 0f 1e fa 48 8b 07 a8 02 74 0d 48 83 f0 02
0x00007facc9583b3f:   48 8b 00 c3 0f 1f 44 00 00 a8 03 75 04 48 8b 00
0x00007facc9583b4f:   c3 55 48 8d 0d b5 42 45 00 ba 2b 00 00 00 48 8d
0x00007facc9583b5f:   35 4c 33 4a 00 48 89 e5 53 48 89 fb 48 83 ec 08
0x00007facc9583b6f:   48 8d 05 d2 27 77 00 48 8b 00 c6 00 58 4c 8b 07
0x00007facc9583b7f:   31 c0 bf 00 00 00 e0 e8 e5 d2 a8 ff e8 80 41 0b
0x00007facc9583b8f:   00 48 8b 03 48 8b 5d f8 c9 c3 90 66 0f 1f 44 00
0x00007facc9583b9f:   00 f3 0f 1e fa 48 8b 07 a8 02 75 4d a8 03 75 09
0x00007facc9583baf:   48 89 30 c3 0f 1f 44 00 00 48 8d 05 89 27 77 00
0x00007facc9583bbf:   55 48 8d 0d 46 42 45 00 ba 3d 00 00 00 48 8d 35
0x00007facc9583bcf:   dd 32 4a 00 48 8b 00 48 89 e5 c6 00 58 4c 8b 07
0x00007facc9583bdf:   31 c0 bf 00 00 00 e0 e8 85 d2 a8 ff 5d e9 1f 41
0x00007facc9583bef:   0b 00 0f 1f 80 00 00 00 00 48 83 f0 02 48 89 30
0x00007facc9583bff:   c3 f3 0f 1e fa 55 48 89 e5 41 55 49 89 f5 48 8d
0x00007facc9583c0f:   35 0d 42 45 00 41 54 41 89 d4 53 48 83 ec 08 48
0x00007facc9583c1f:   8b 17 48 89 d0 83 e0 03 48 83 f8 03 74 15 48 89
0x00007facc9583c2f:   fb f6 c2 02 75 2b 48 83 f8 01 74 65 48 8d 35 05 


Stack slot to memory mapping:
stack at sp + 0 slots: 0x00007facc9148174: <offset 0x0000000000748174> in /usr/lib/jvm/java-17-openjdk-amd64/lib/server/libjvm.so at 0x00007facc8a00000
stack at sp + 1 slots: 0x00007fac52dfda40 points into unknown readable memory: 0x0000000051737390 | 90 73 73 51 00 00 00 00
stack at sp + 2 slots: 0x00007facc9e6b919: clock_gettime+0x0000000000000019 in /lib/x86_64-linux-gnu/libc.so.6 at 0x00007facc9d9d000
stack at sp + 3 slots: 0x00007facc90d3460: <offset 0x00000000006d3460> in /usr/lib/jvm/java-17-openjdk-amd64/lib/server/libjvm.so at 0x00007facc8a00000
stack at sp + 4 slots: 0x000000acc964752a is an unknown value
stack at sp + 5 slots: 0x0000000000000aa0 is an unknown value
stack at sp + 6 slots: 0x0000000700000000 is an unknown value
stack at sp + 7 slots: 0x0000000051737390 is an unknown value


---------------  P R O C E S S  ---------------

Threads class SMR info:
_java_thread_list=0x00007faba4022df0, length=16, elements={
0x00007facc417b800, 0x00007facc417cbf0, 0x00007facc4182150, 0x00007facc4183510,
0x00007facc4184930, 0x00007facc4185eb0, 0x00007facc4187320, 0x00007facc418f4c0,
0x00007facc4193010, 0x00007fac09a00fb0, 0x00007facc4016e80, 0x00007fabdc06c720,
0x00007fabb8048fa0, 0x00007fabc80f41e0, 0x00007fabb4003a50, 0x00007faba4021b50
}

Java Threads: ( => current thread )
  0x00007facc417b800 JavaThread "Reference Handler" daemon [_thread_blocked, id=6883, stack(0x00007facacd4a000,0x00007facace4a000)]
  0x00007facc417cbf0 JavaThread "Finalizer" daemon [_thread_blocked, id=6884, stack(0x00007facacc4a000,0x00007facacd4a000)]
  0x00007facc4182150 JavaThread "Signal Dispatcher" daemon [_thread_blocked, id=6885, stack(0x00007facacb4a000,0x00007facacc4a000)]
  0x00007facc4183510 JavaThread "Service Thread" daemon [_thread_blocked, id=6886, stack(0x00007facac700000,0x00007facac800000)]
  0x00007facc4184930 JavaThread "Monitor Deflation Thread" daemon [_thread_blocked, id=6887, stack(0x00007facac600000,0x00007facac700000)]
  0x00007facc4185eb0 JavaThread "C1 CompilerThread0" daemon [_thread_blocked, id=6888, stack(0x00007facac500000,0x00007facac600000)]
  0x00007facc4187320 JavaThread "Sweeper thread" daemon [_thread_blocked, id=6889, stack(0x00007facac400000,0x00007facac500000)]
  0x00007facc418f4c0 JavaThread "Notification Thread" daemon [_thread_blocked, id=6890, stack(0x00007facac300000,0x00007facac400000)]
  0x00007facc4193010 JavaThread "Common-Cleaner" daemon [_thread_blocked, id=6892, stack(0x00007facac0ff000,0x00007facac1ff000)]
  0x00007fac09a00fb0 JavaThread "Live Reload Server" daemon [_thread_in_native, id=6929, stack(0x00007fac51af8000,0x00007fac51bf8000)]
  0x00007facc4016e80 JavaThread "DestroyJavaVM" [_thread_blocked, id=6875, stack(0x00007facc8500000,0x00007facc8600000)]
  0x00007fabdc06c720 JavaThread "PostgreSQL-JDBC-Cleaner" daemon [_thread_blocked, id=9919, stack(0x00007fac518f8000,0x00007fac519f8000)]
  0x00007fabb8048fa0 JavaThread "Thread-71" [_thread_blocked, id=10149, stack(0x00007fac517f8000,0x00007fac518f8000)]
  0x00007fabc80f41e0 JavaThread "restartedMain" [_thread_blocked, id=10155, stack(0x00007fac525fb000,0x00007fac526fb000)]
  0x00007fabb4003a50 JavaThread "HikariPool-19 housekeeper" daemon [_thread_blocked, id=10160, stack(0x00007fac51cf8000,0x00007fac51df8000)]
  0x00007faba4021b50 JavaThread "HikariPool-19 connection adder" daemon [_thread_blocked, id=10161, stack(0x00007fac51ef8000,0x00007fac51ff8000)]

Other Threads:
  0x00007facc4177860 VMThread "VM Thread" [stack: 0x00007facace4b000,0x00007facacf4b000] [id=6882]
  0x00007facc4190e20 WatcherThread [stack: 0x00007facac200000,0x00007facac300000] [id=6891]
  0x00007facc4081ca0 GCTaskThread "GC Thread#0" [stack: 0x00007facafcaa000,0x00007facafdaa000] [id=6876]
  0x00007fac4c005e90 GCTaskThread "GC Thread#1" [stack: 0x00007fac52e00000,0x00007fac52f00000] [id=6894]
=>0x00007fac4c0068a0 GCTaskThread "GC Thread#2" [stack: 0x00007fac52cff000,0x00007fac52dff000] [id=6895]
  0x00007fac4c0072b0 GCTaskThread "GC Thread#3" [stack: 0x00007fac52bfe000,0x00007fac52cfe000] [id=6896]
  0x00007fac4c007cc0 GCTaskThread "GC Thread#4" [stack: 0x00007fac52afd000,0x00007fac52bfd000] [id=6897]
  0x00007fac4c0086d0 GCTaskThread "GC Thread#5" [stack: 0x00007fac529fc000,0x00007fac52afc000] [id=6898]
  0x00007fac4c00c440 GCTaskThread "GC Thread#6" [stack: 0x00007fac523fb000,0x00007fac524fb000] [id=6905]
  0x00007fac4c00cb60 GCTaskThread "GC Thread#7" [stack: 0x00007fac522fa000,0x00007fac523fa000] [id=6906]
  0x00007facc4092ac0 ConcurrentGCThread "G1 Main Marker" [stack: 0x00007facafba9000,0x00007facafca9000] [id=6878]
  0x00007facc4093a30 ConcurrentGCThread "G1 Conc#0" [stack: 0x00007facafaa8000,0x00007facafba8000] [id=6879]
  0x00007faca0000ea0 ConcurrentGCThread "G1 Conc#1" [stack: 0x00007fac521f9000,0x00007fac522f9000] [id=6908]
  0x00007facc4148670 ConcurrentGCThread "G1 Refine#0" [stack: 0x00007facad19f000,0x00007facad29f000] [id=6880]
  0x00007facc4149570 ConcurrentGCThread "G1 Service" [stack: 0x00007facad09e000,0x00007facad19e000] [id=6881]

Threads with active compile tasks:

VM state: at safepoint (normal execution)

VM Mutex/Monitor currently owned by a thread:  ([mutex/lock_event])
[0x00007facc4014020] Threads_lock - owner thread: 0x00007facc4177860
[0x00007facc40147d0] Heap_lock - owner thread: 0x00007fabc80f41e0

OutOfMemory and StackOverflow Exception counts:
StackOverflowErrors=8
LinkageErrors=245

Heap address: 0x0000000707e00000, size: 3970 MB, Compressed Oops mode: Zero based, Oop shift amount: 3

CDS archive(s) mapped at: [0x00007fac57000000-0x00007fac57bc6000-0x00007fac57bc6000), size 12345344, SharedBaseAddress: 0x00007fac57000000, ArchiveRelocationMode: 1.
Compressed class space mapped at: 0x00007fac58000000-0x00007fac98000000, reserved size: 1073741824
Narrow klass base: 0x00007fac57000000, Narrow klass shift: 0, Narrow klass range: 0x100000000

GC Precious Log:
 CPUs: 8 total, 8 available
 Memory: 15874M
 Large Page Support: Disabled
 NUMA Support: Disabled
 Compressed Oops: Enabled (Zero based)
 Heap Region Size: 2M
 Heap Min Capacity: 8M
 Heap Initial Capacity: 250M
 Heap Max Capacity: 3970M
 Pre-touch: Disabled
 Parallel Workers: 8
 Concurrent Workers: 2
 Concurrent Refinement Workers: 8
 Periodic GC: Disabled

Heap:
 garbage-first heap   total 122880K, used 94062K [0x0000000707e00000, 0x0000000800000000)
  region size 2048K, 33 young (67584K), 3 survivors (6144K)
 Metaspace       used 78756K, committed 79680K, reserved 1179648K
  class space    used 11305K, committed 11840K, reserved 1048576K

Heap Regions: E=young(eden), S=young(survivor), O=old, HS=humongous(starts), HC=humongous(continues), CS=collection set, F=free, OA=open archive, CA=closed archive, TAMS=top-at-mark-start (previous, next)
|   0|0x0000000707e00000, 0x0000000707fffff8, 0x0000000708000000| 99%| O|  |TAMS 0x0000000707fffff8, 0x0000000707e00000| Untracked 
|   1|0x0000000708000000, 0x00000007081ffff8, 0x0000000708200000| 99%| O|  |TAMS 0x00000007081ffff8, 0x0000000708000000| Untracked 
|   2|0x0000000708200000, 0x0000000708400000, 0x0000000708400000|100%| O|  |TAMS 0x0000000708400000, 0x0000000708200000| Untracked 
|   3|0x0000000708400000, 0x00000007085fffe0, 0x0000000708600000| 99%| O|  |TAMS 0x00000007085fffe0, 0x0000000708400000| Untracked 
|   4|0x0000000708600000, 0x00000007087fffe8, 0x0000000708800000| 99%| O|  |TAMS 0x00000007087fffe8, 0x0000000708600000| Untracked 
|   5|0x0000000708800000, 0x00000007089fffd8, 0x0000000708a00000| 99%| O|  |TAMS 0x00000007089fffd8, 0x0000000708800000| Untracked 
|   6|0x0000000708a00000, 0x0000000708bffff0, 0x0000000708c00000| 99%| O|  |TAMS 0x0000000708bffff0, 0x0000000708a00000| Untracked 
|   7|0x0000000708c00000, 0x0000000708dffff8, 0x0000000708e00000| 99%| O|  |TAMS 0x0000000708dffff8, 0x0000000708c00000| Untracked 
|   8|0x0000000708e00000, 0x0000000708ffffc8, 0x0000000709000000| 99%| O|  |TAMS 0x0000000708ffffc8, 0x0000000708e00000| Untracked 
|   9|0x0000000709000000, 0x00000007091ffff8, 0x0000000709200000| 99%| O|  |TAMS 0x00000007091ffff8, 0x0000000709000000| Untracked 
|  10|0x0000000709200000, 0x000000070938eb60, 0x0000000709400000| 77%| O|  |TAMS 0x0000000709200000, 0x0000000709200000| Untracked 
|  11|0x0000000709400000, 0x00000007095fffc0, 0x0000000709600000| 99%| O|  |TAMS 0x00000007095fffc0, 0x0000000709400000| Untracked 
|  12|0x0000000709600000, 0x00000007097fffd8, 0x0000000709800000| 99%| O|  |TAMS 0x0000000709600000, 0x0000000709600000| Untracked 
|  13|0x0000000709800000, 0x0000000709939c58, 0x0000000709a00000| 61%| O|  |TAMS 0x0000000709800000, 0x0000000709800000| Untracked 
|  14|0x0000000709a00000, 0x0000000709bbc6b8, 0x0000000709c00000| 86%| O|  |TAMS 0x0000000709a00000, 0x0000000709a00000| Untracked 
|  15|0x0000000709c00000, 0x0000000709d0a558, 0x0000000709e00000| 52%| O|  |TAMS 0x0000000709c00000, 0x0000000709c00000| Untracked 
|  16|0x0000000709e00000, 0x0000000709e00000, 0x000000070a000000|  0%| F|  |TAMS 0x0000000709e00000, 0x0000000709e00000| Untracked 
|  17|0x000000070a000000, 0x000000070a000000, 0x000000070a200000|  0%| F|  |TAMS 0x000000070a000000, 0x000000070a000000| Untracked 
|  18|0x000000070a200000, 0x000000070a200000, 0x000000070a400000|  0%| F|  |TAMS 0x000000070a200000, 0x000000070a200000| Untracked 
|  19|0x000000070a400000, 0x000000070a400000, 0x000000070a600000|  0%| F|  |TAMS 0x000000070a400000, 0x000000070a400000| Untracked 
|  20|0x000000070a600000, 0x000000070a600000, 0x000000070a800000|  0%| F|  |TAMS 0x000000070a600000, 0x000000070a600000| Untracked 
|  21|0x000000070a800000, 0x000000070a800000, 0x000000070aa00000|  0%| F|  |TAMS 0x000000070a800000, 0x000000070a800000| Untracked 
|  22|0x000000070aa00000, 0x000000070aa00000, 0x000000070ac00000|  0%| F|  |TAMS 0x000000070aa00000, 0x000000070aa00000| Untracked 
|  23|0x000000070ac00000, 0x000000070ac00000, 0x000000070ae00000|  0%| F|  |TAMS 0x000000070ac00000, 0x000000070ac00000| Untracked 
|  24|0x000000070ae00000, 0x000000070ae7e1f8, 0x000000070b000000| 24%| S|  |TAMS 0x000000070ae00000, 0x000000070ae00000| Complete 
|  25|0x000000070b000000, 0x000000070b200000, 0x000000070b200000|100%| S|  |TAMS 0x000000070b000000, 0x000000070b000000| Complete 
|  26|0x000000070b200000, 0x000000070b400000, 0x000000070b400000|100%| S|  |TAMS 0x000000070b200000, 0x000000070b200000| Complete 
|  27|0x000000070b400000, 0x000000070b600000, 0x000000070b600000|100%| E|CS|TAMS 0x000000070b400000, 0x000000070b400000| Complete 
|  28|0x000000070b600000, 0x000000070b800000, 0x000000070b800000|100%| E|CS|TAMS 0x000000070b600000, 0x000000070b600000| Complete 
|  29|0x000000070b800000, 0x000000070ba00000, 0x000000070ba00000|100%| E|CS|TAMS 0x000000070b800000, 0x000000070b800000| Complete 
|  30|0x000000070ba00000, 0x000000070ba607a0, 0x000000070bc00000| 18%| O|  |TAMS 0x000000070ba00000, 0x000000070ba00000| Untracked 
|  31|0x000000070bc00000, 0x000000070be00000, 0x000000070be00000|100%| E|CS|TAMS 0x000000070bc00000, 0x000000070bc00000| Complete 
|  32|0x000000070be00000, 0x000000070c000000, 0x000000070c000000|100%| E|CS|TAMS 0x000000070be00000, 0x000000070be00000| Complete 
|  33|0x000000070c000000, 0x000000070c200000, 0x000000070c200000|100%| E|CS|TAMS 0x000000070c000000, 0x000000070c000000| Complete 
|  34|0x000000070c200000, 0x000000070c400000, 0x000000070c400000|100%| E|CS|TAMS 0x000000070c200000, 0x000000070c200000| Complete 
|  35|0x000000070c400000, 0x000000070c600000, 0x000000070c600000|100%| E|CS|TAMS 0x000000070c400000, 0x000000070c400000| Complete 
|  36|0x000000070c600000, 0x000000070c800000, 0x000000070c800000|100%| E|CS|TAMS 0x000000070c600000, 0x000000070c600000| Complete 
|  37|0x000000070c800000, 0x000000070ca00000, 0x000000070ca00000|100%| E|CS|TAMS 0x000000070c800000, 0x000000070c800000| Complete 
|  38|0x000000070ca00000, 0x000000070cc00000, 0x000000070cc00000|100%| E|CS|TAMS 0x000000070ca00000, 0x000000070ca00000| Complete 
|  39|0x000000070cc00000, 0x000000070ce00000, 0x000000070ce00000|100%| E|CS|TAMS 0x000000070cc00000, 0x000000070cc00000| Complete 
|  40|0x000000070ce00000, 0x000000070d000000, 0x000000070d000000|100%| E|CS|TAMS 0x000000070ce00000, 0x000000070ce00000| Complete 
|  41|0x000000070d000000, 0x000000070d200000, 0x000000070d200000|100%| E|CS|TAMS 0x000000070d000000, 0x000000070d000000| Complete 
|  42|0x000000070d200000, 0x000000070d400000, 0x000000070d400000|100%| E|CS|TAMS 0x000000070d200000, 0x000000070d200000| Complete 
|  43|0x000000070d400000, 0x000000070d600000, 0x000000070d600000|100%| E|CS|TAMS 0x000000070d400000, 0x000000070d400000| Complete 
|  44|0x000000070d600000, 0x000000070d800000, 0x000000070d800000|100%| E|CS|TAMS 0x000000070d600000, 0x000000070d600000| Complete 
|  45|0x000000070d800000, 0x000000070da00000, 0x000000070da00000|100%| E|CS|TAMS 0x000000070d800000, 0x000000070d800000| Complete 
|  46|0x000000070da00000, 0x000000070dc00000, 0x000000070dc00000|100%| E|CS|TAMS 0x000000070da00000, 0x000000070da00000| Complete 
|  47|0x000000070dc00000, 0x000000070de00000, 0x000000070de00000|100%| E|CS|TAMS 0x000000070dc00000, 0x000000070dc00000| Complete 
|  48|0x000000070de00000, 0x000000070e000000, 0x000000070e000000|100%| E|CS|TAMS 0x000000070de00000, 0x000000070de00000| Complete 
|  49|0x000000070e000000, 0x000000070e200000, 0x000000070e200000|100%| E|CS|TAMS 0x000000070e000000, 0x000000070e000000| Complete 
|  50|0x000000070e200000, 0x000000070e400000, 0x000000070e400000|100%| E|CS|TAMS 0x000000070e200000, 0x000000070e200000| Complete 
|  51|0x000000070e400000, 0x000000070e600000, 0x000000070e600000|100%| E|CS|TAMS 0x000000070e400000, 0x000000070e400000| Complete 
|  52|0x000000070e600000, 0x000000070e800000, 0x000000070e800000|100%| E|CS|TAMS 0x000000070e600000, 0x000000070e600000| Complete 
|  53|0x000000070e800000, 0x000000070ea00000, 0x000000070ea00000|100%| E|CS|TAMS 0x000000070e800000, 0x000000070e800000| Complete 
|  54|0x000000070ea00000, 0x000000070ec00000, 0x000000070ec00000|100%| E|CS|TAMS 0x000000070ea00000, 0x000000070ea00000| Complete 
|  55|0x000000070ec00000, 0x000000070ee00000, 0x000000070ee00000|100%| E|CS|TAMS 0x000000070ec00000, 0x000000070ec00000| Complete 
|  56|0x000000070ee00000, 0x000000070f000000, 0x000000070f000000|100%| E|CS|TAMS 0x000000070ee00000, 0x000000070ee00000| Complete 
|  57|0x000000070f000000, 0x000000070f200000, 0x000000070f200000|100%| E|CS|TAMS 0x000000070f000000, 0x000000070f000000| Complete 
|1983|0x00000007ffc00000, 0x00000007ffd75000, 0x00000007ffe00000| 72%|OA|  |TAMS 0x00000007ffd75000, 0x00000007ffc00000| Untracked 
|1984|0x00000007ffe00000, 0x00000007ffe77000, 0x0000000800000000| 23%|CA|  |TAMS 0x00000007ffe77000, 0x00000007ffe00000| Untracked 

Card table byte_map: [0x00007facb817b000,0x00007facb893c000] _byte_map_base: 0x00007facb493c000

Marking Bits (Prev, Next): (CMBitMap*) 0x00007facc4082730, (CMBitMap*) 0x00007facc4082770
 Prev Bits: [0x00007facb3bb2000, 0x00007facb79ba000)
 Next Bits: [0x00007facafdaa000, 0x00007facb3bb2000)

Polling page: 0x00007facc9fc1000

Metaspace:

Usage:
  Non-class:     65.87 MB used.
      Class:     11.04 MB used.
       Both:     76.91 MB used.

Virtual space:
  Non-class space:      128.00 MB reserved,      66.25 MB ( 52%) committed,  2 nodes.
      Class space:        1.00 GB reserved,      11.56 MB (  1%) committed,  1 nodes.
             Both:        1.12 GB reserved,      77.81 MB (  7%) committed. 

Chunk freelists:
   Non-Class:  13.48 MB
       Class:  4.58 MB
        Both:  18.05 MB

MaxMetaspaceSize: unlimited
CompressedClassSpaceSize: 1.00 GB
Initial GC threshold: 21.00 MB
Current GC threshold: 131.69 MB
CDS: on
MetaspaceReclaimPolicy: balanced
 - commit_granule_bytes: 65536.
 - commit_granule_words: 8192.
 - virtual_space_node_default_size: 8388608.
 - enlarge_chunks_in_place: 1.
 - new_chunks_are_fully_committed: 0.
 - uncommit_free_chunks: 1.
 - use_allocation_guard: 0.
 - handle_deallocations: 1.


Internal statistics:

num_allocs_failed_limit: 9.
num_arena_births: 1602.
num_arena_deaths: 716.
num_vsnodes_births: 3.
num_vsnodes_deaths: 0.
num_space_committed: 1335.
num_space_uncommitted: 90.
num_chunks_returned_to_freelist: 1535.
num_chunks_taken_from_freelist: 5602.
num_chunk_merges: 389.
num_chunk_splits: 3307.
num_chunks_enlarged: 2315.
num_inconsistent_stats: 0.

CodeCache: size=49152Kb used=26023Kb max_used=26913Kb free=23128Kb
 bounds [0x00007facb9400000, 0x00007facbae60000, 0x00007facbc400000]
 total_blobs=15996 nmethods=15319 adapters=602
 compilation: enabled
              stopped_count=0, restarted_count=0
 full_count=0

Compilation events (20 events):
Event: 1821.250 Thread 0x00007facc4185eb0 15513       1       org.hibernate.boot.model.naming.NamingHelper::generateHashedFkName (126 bytes)
Event: 1821.252 Thread 0x00007facc4185eb0 nmethod 15513 0x00007facbae3fa90 code [0x00007facbae3fde0, 0x00007facbae40a20]
Event: 1821.252 Thread 0x00007facc4185eb0 15510       1       java.security.MessageDigest::reset (10 bytes)
Event: 1821.252 Thread 0x00007facc4185eb0 nmethod 15510 0x00007facbae3f710 code [0x00007facbae3f8c0, 0x00007facbae3f9c0]
Event: 1821.252 Thread 0x00007facc4185eb0 15511       1       java.security.MessageDigest$Delegate::engineReset (8 bytes)
Event: 1821.252 Thread 0x00007facc4185eb0 nmethod 15511 0x00007facbae3f410 code [0x00007facbae3f5c0, 0x00007facbae3f6a0]
Event: 1821.252 Thread 0x00007facc4185eb0 15512       1       org.hibernate.boot.model.naming.NamingHelper::generateHashedFkName (56 bytes)
Event: 1821.252 Thread 0x00007facc4185eb0 nmethod 15512 0x00007facbae3ee10 code [0x00007facbae3efe0, 0x00007facbae3f2f0]
Event: 1821.252 Thread 0x00007facc4185eb0 15514       1       org.hibernate.boot.model.naming.NamingHelper$1::<init> (10 bytes)
Event: 1821.252 Thread 0x00007facc4185eb0 nmethod 15514 0x00007facbae3eb10 code [0x00007facbae3eca0, 0x00007facbae3edb0]
Event: 1821.252 Thread 0x00007facc4185eb0 15515   !   1       org.hibernate.boot.model.naming.NamingHelper::hashedName (72 bytes)
Event: 1821.253 Thread 0x00007facc4185eb0 nmethod 15515 0x00007facbae3d910 code [0x00007facbae3dba0, 0x00007facbae3e320]
Event: 1821.253 Thread 0x00007facc4185eb0 15516       1       org.hibernate.event.internal.AbstractSaveEventListener::injectCallbackRegistry (6 bytes)
Event: 1821.253 Thread 0x00007facc4185eb0 nmethod 15516 0x00007facbae3d610 code [0x00007facbae3d7a0, 0x00007facbae3d8b0]
Event: 1821.255 Thread 0x00007facc4185eb0 15517       1       org.hibernate.query.sqm.produce.function.PatternFunctionDescriptorBuilder::setInvariantType (11 bytes)
Event: 1821.255 Thread 0x00007facc4185eb0 nmethod 15517 0x00007facbae3d110 code [0x00007facbae3d2c0, 0x00007facbae3d540]
Event: 1821.255 Thread 0x00007facc4185eb0 15518       1       org.hibernate.query.sqm.produce.function.PatternFunctionDescriptorBuilder::setParameterTypes (28 bytes)
Event: 1821.255 Thread 0x00007facc4185eb0 nmethod 15518 0x00007facbae3c990 code [0x00007facbae3cb60, 0x00007facbae3cf60]
Event: 1821.255 Thread 0x00007facc4185eb0 15519       1       org.hibernate.type.internal.ParameterizedTypeImpl::getRawType (5 bytes)
Event: 1821.255 Thread 0x00007facc4185eb0 nmethod 15519 0x00007facbae3c690 code [0x00007facbae3c820, 0x00007facbae3c8f0]

GC Heap History (20 events):
Event: 1747.175 GC heap after
{Heap after GC invocations=68 (full 15):
 garbage-first heap   total 131072K, used 31822K [0x0000000707e00000, 0x0000000800000000)
  region size 2048K, 0 young (0K), 0 survivors (0K)
 Metaspace       used 75800K, committed 76992K, reserved 1179648K
  class space    used 11008K, committed 11840K, reserved 1048576K
}
Event: 1758.563 GC heap before
{Heap before GC invocations=68 (full 15):
 garbage-first heap   total 131072K, used 97358K [0x0000000707e00000, 0x0000000800000000)
  region size 2048K, 32 young (65536K), 0 survivors (0K)
 Metaspace       used 76073K, committed 77248K, reserved 1179648K
  class space    used 11044K, committed 11840K, reserved 1048576K
}
Event: 1758.566 GC heap after
{Heap after GC invocations=69 (full 15):
 garbage-first heap   total 131072K, used 36829K [0x0000000707e00000, 0x0000000800000000)
  region size 2048K, 3 young (6144K), 3 survivors (6144K)
 Metaspace       used 76073K, committed 77248K, reserved 1179648K
  class space    used 11044K, committed 11840K, reserved 1048576K
}
Event: 1758.756 GC heap before
{Heap before GC invocations=69 (full 15):
 garbage-first heap   total 131072K, used 96221K [0x0000000707e00000, 0x0000000800000000)
  region size 2048K, 32 young (65536K), 3 survivors (6144K)
 Metaspace       used 76596K, committed 77696K, reserved 1179648K
  class space    used 11089K, committed 11840K, reserved 1048576K
}
Event: 1758.760 GC heap after
{Heap after GC invocations=70 (full 15):
 garbage-first heap   total 131072K, used 38147K [0x0000000707e00000, 0x0000000800000000)
  region size 2048K, 2 young (4096K), 2 survivors (4096K)
 Metaspace       used 76596K, committed 77696K, reserved 1179648K
  class space    used 11089K, committed 11840K, reserved 1048576K
}
Event: 1766.483 GC heap before
{Heap before GC invocations=70 (full 15):
 garbage-first heap   total 131072K, used 72963K [0x0000000707e00000, 0x0000000800000000)
  region size 2048K, 20 young (40960K), 2 survivors (4096K)
 Metaspace       used 76713K, committed 77824K, reserved 1179648K
  class space    used 11097K, committed 11840K, reserved 1048576K
}
Event: 1766.524 GC heap after
{Heap after GC invocations=71 (full 16):
 garbage-first heap   total 122880K, used 31673K [0x0000000707e00000, 0x0000000800000000)
  region size 2048K, 0 young (0K), 0 survivors (0K)
 Metaspace       used 76700K, committed 77824K, reserved 1179648K
  class space    used 11095K, committed 11840K, reserved 1048576K
}
Event: 1785.945 GC heap before
{Heap before GC invocations=71 (full 16):
 garbage-first heap   total 122880K, used 95161K [0x0000000707e00000, 0x0000000800000000)
  region size 2048K, 31 young (63488K), 0 survivors (0K)
 Metaspace       used 76949K, committed 78016K, reserved 1179648K
  class space    used 11127K, committed 11840K, reserved 1048576K
}
Event: 1785.948 GC heap after
{Heap after GC invocations=72 (full 16):
 garbage-first heap   total 122880K, used 36032K [0x0000000707e00000, 0x0000000800000000)
  region size 2048K, 3 young (6144K), 3 survivors (6144K)
 Metaspace       used 76949K, committed 78016K, reserved 1179648K
  class space    used 11127K, committed 11840K, reserved 1048576K
}
Event: 1786.131 GC heap before
{Heap before GC invocations=72 (full 16):
 garbage-first heap   total 122880K, used 93376K [0x0000000707e00000, 0x0000000800000000)
  region size 2048K, 31 young (63488K), 3 survivors (6144K)
 Metaspace       used 77430K, committed 78464K, reserved 1179648K
  class space    used 11174K, committed 11840K, reserved 1048576K
}
Event: 1786.134 GC heap after
{Heap after GC invocations=73 (full 16):
 garbage-first heap   total 122880K, used 37714K [0x0000000707e00000, 0x0000000800000000)
  region size 2048K, 1 young (2048K), 1 survivors (2048K)
 Metaspace       used 77430K, committed 78464K, reserved 1179648K
  class space    used 11174K, committed 11840K, reserved 1048576K
}
Event: 1788.965 GC heap before
{Heap before GC invocations=73 (full 16):
 garbage-first heap   total 122880K, used 78674K [0x0000000707e00000, 0x0000000800000000)
  region size 2048K, 22 young (45056K), 1 survivors (2048K)
 Metaspace       used 77632K, committed 78656K, reserved 1179648K
  class space    used 11190K, committed 11840K, reserved 1048576K
}
Event: 1789.009 GC heap after
{Heap after GC invocations=74 (full 17):
 garbage-first heap   total 122880K, used 32139K [0x0000000707e00000, 0x0000000800000000)
  region size 2048K, 0 young (0K), 0 survivors (0K)
 Metaspace       used 77619K, committed 78656K, reserved 1179648K
  class space    used 11188K, committed 11840K, reserved 1048576K
}
Event: 1805.266 GC heap before
{Heap before GC invocations=74 (full 17):
 garbage-first heap   total 122880K, used 89483K [0x0000000707e00000, 0x0000000800000000)
  region size 2048K, 29 young (59392K), 0 survivors (0K)
 Metaspace       used 77827K, committed 78848K, reserved 1179648K
  class space    used 11213K, committed 11840K, reserved 1048576K
}
Event: 1805.270 GC heap after
{Heap after GC invocations=75 (full 17):
 garbage-first heap   total 122880K, used 36235K [0x0000000707e00000, 0x0000000800000000)
  region size 2048K, 2 young (4096K), 2 survivors (4096K)
 Metaspace       used 77827K, committed 78848K, reserved 1179648K
  class space    used 11213K, committed 11840K, reserved 1048576K
}
Event: 1805.523 GC heap before
{Heap before GC invocations=75 (full 17):
 garbage-first heap   total 122880K, used 91531K [0x0000000707e00000, 0x0000000800000000)
  region size 2048K, 29 young (59392K), 2 survivors (4096K)
 Metaspace       used 78253K, committed 79232K, reserved 1179648K
  class space    used 11257K, committed 11840K, reserved 1048576K
}
Event: 1805.526 GC heap after
{Heap after GC invocations=76 (full 17):
 garbage-first heap   total 122880K, used 38041K [0x0000000707e00000, 0x0000000800000000)
  region size 2048K, 3 young (6144K), 3 survivors (6144K)
 Metaspace       used 78253K, committed 79232K, reserved 1179648K
  class space    used 11257K, committed 11840K, reserved 1048576K
}
Event: 1813.169 GC heap before
{Heap before GC invocations=76 (full 17):
 garbage-first heap   total 122880K, used 87193K [0x0000000707e00000, 0x0000000800000000)
  region size 2048K, 28 young (57344K), 3 survivors (6144K)
 Metaspace       used 78506K, committed 79424K, reserved 1179648K
  class space    used 11273K, committed 11840K, reserved 1048576K
}
Event: 1813.239 GC heap after
{Heap after GC invocations=77 (full 18):
 garbage-first heap   total 122880K, used 32622K [0x0000000707e00000, 0x0000000800000000)
  region size 2048K, 0 young (0K), 0 survivors (0K)
 Metaspace       used 78493K, committed 79424K, reserved 1179648K
  class space    used 11271K, committed 11840K, reserved 1048576K
}
Event: 1821.256 GC heap before
{Heap before GC invocations=77 (full 18):
 garbage-first heap   total 122880K, used 94062K [0x0000000707e00000, 0x0000000800000000)
  region size 2048K, 30 young (61440K), 0 survivors (0K)
 Metaspace       used 78756K, committed 79680K, reserved 1179648K
  class space    used 11305K, committed 11840K, reserved 1048576K
}

Dll operation events (10 events):
Event: 0.002 Loaded shared library /usr/lib/jvm/java-17-openjdk-amd64/lib/libjava.so
Event: 0.021 Loaded shared library /usr/lib/jvm/java-17-openjdk-amd64/lib/libjsvml.so
Event: 0.041 Loaded shared library /usr/lib/jvm/java-17-openjdk-amd64/lib/libnio.so
Event: 0.045 Loaded shared library /usr/lib/jvm/java-17-openjdk-amd64/lib/libzip.so
Event: 0.157 Loaded shared library /usr/lib/jvm/java-17-openjdk-amd64/lib/libjimage.so
Event: 0.174 Loaded shared library /usr/lib/jvm/java-17-openjdk-amd64/lib/libnet.so
Event: 0.288 Loaded shared library /usr/lib/jvm/java-17-openjdk-amd64/lib/libmanagement.so
Event: 0.289 Loaded shared library /usr/lib/jvm/java-17-openjdk-amd64/lib/libmanagement_ext.so
Event: 1.858 Loaded shared library /usr/lib/jvm/java-17-openjdk-amd64/lib/libextnet.so
Event: 8.942 Loaded shared library /usr/lib/jvm/java-17-openjdk-amd64/lib/libverify.so

Deoptimization events (20 events):
Event: 8.774 Thread 0x00007fac04002bf0 DEOPT PACKING pc=0x00007facb995d381 sp=0x00007fac528f39e0
Event: 8.774 Thread 0x00007fac04002bf0 DEOPT UNPACKING pc=0x00007facb9456e2f sp=0x00007fac528f2e90 mode 3
Event: 8.774 Thread 0x00007fac08c6f230 DEOPT PACKING pc=0x00007facb9959d96 sp=0x00007fac526f9600
Event: 8.774 Thread 0x00007fac08c6f230 DEOPT UNPACKING pc=0x00007facb9456e2f sp=0x00007fac526f8a78 mode 3
Event: 12.653 Thread 0x00007fac04002bf0 DEOPT PACKING pc=0x00007facb999e1e4 sp=0x00007fac528f5420
Event: 12.653 Thread 0x00007fac04002bf0 DEOPT UNPACKING pc=0x00007facb9456e2f sp=0x00007fac528f4998 mode 0
Event: 12.776 Thread 0x00007fac04002bf0 DEOPT PACKING pc=0x00007facb99c0560 sp=0x00007fac528f6c30
Event: 12.776 Thread 0x00007fac04002bf0 DEOPT UNPACKING pc=0x00007facb9456e2f sp=0x00007fac528f6168 mode 3
Event: 12.790 Thread 0x00007fac04002bf0 DEOPT PACKING pc=0x00007facb9c62e3d sp=0x00007fac528f6a30
Event: 12.790 Thread 0x00007fac04002bf0 DEOPT UNPACKING pc=0x00007facb9456e2f sp=0x00007fac528f5fb8 mode 3
Event: 13.145 Thread 0x00007fac04002bf0 DEOPT PACKING pc=0x00007facb9f32691 sp=0x00007fac528f6f70
Event: 13.145 Thread 0x00007fac04002bf0 DEOPT UNPACKING pc=0x00007facb9456e2f sp=0x00007fac528f6470 mode 3
Event: 54.177 Thread 0x00007fac09a16370 DEOPT PACKING pc=0x00007facb9cc7d96 sp=0x00007fac511f68d0
Event: 54.177 Thread 0x00007fac09a16370 DEOPT UNPACKING pc=0x00007facb9456e2f sp=0x00007fac511f5d48 mode 3
Event: 172.837 Thread 0x00007fabe40e3180 DEOPT PACKING pc=0x00007facba37f153 sp=0x00007fac529ee000
Event: 172.837 Thread 0x00007fabe40e3180 DEOPT UNPACKING pc=0x00007facb9456e2f sp=0x00007fac529ed528 mode 3
Event: 349.829 Thread 0x00007fabe0014400 DEOPT PACKING pc=0x00007facba6af15c sp=0x00007fac526f6aa0
Event: 349.829 Thread 0x00007fabe0014400 DEOPT UNPACKING pc=0x00007facb9456e2f sp=0x00007fac526f5f58 mode 3
Event: 1688.883 Thread 0x00007fac1c13b330 DEOPT PACKING pc=0x00007facbabbc1e6 sp=0x00007fac513eeb00
Event: 1688.883 Thread 0x00007fac1c13b330 DEOPT UNPACKING pc=0x00007facb9456e2f sp=0x00007fac513ee0f0 mode 3

Classes unloaded (20 events):
Event: 1647.708 Thread 0x00007facc4177860 Unloading class 0x00007fac58b18800 'jdk/internal/reflect/GeneratedSerializationConstructorAccessor53'
Event: 1647.708 Thread 0x00007facc4177860 Unloading class 0x00007fac58b18400 'jdk/internal/reflect/GeneratedSerializationConstructorAccessor52'
Event: 1647.708 Thread 0x00007facc4177860 Unloading class 0x00007fac58ac5c00 'jdk/internal/reflect/GeneratedSerializationConstructorAccessor51'
Event: 1647.708 Thread 0x00007facc4177860 Unloading class 0x00007fac58b49800 'org/apache/catalina/loader/JdbcLeakPrevention'
Event: 1747.144 Thread 0x00007facc4177860 Unloading class 0x00007fac58b40c00 'jdk/internal/reflect/GeneratedSerializationConstructorAccessor56'
Event: 1747.144 Thread 0x00007facc4177860 Unloading class 0x00007fac58b40800 'jdk/internal/reflect/GeneratedSerializationConstructorAccessor55'
Event: 1747.144 Thread 0x00007facc4177860 Unloading class 0x00007fac58258000 'jdk/internal/reflect/GeneratedSerializationConstructorAccessor54'
Event: 1747.144 Thread 0x00007facc4177860 Unloading class 0x00007fac58b10800 'org/apache/catalina/loader/JdbcLeakPrevention'
Event: 1766.495 Thread 0x00007facc4177860 Unloading class 0x00007fac58244000 'jdk/internal/reflect/GeneratedSerializationConstructorAccessor59'
Event: 1766.495 Thread 0x00007facc4177860 Unloading class 0x00007fac583e2c00 'jdk/internal/reflect/GeneratedSerializationConstructorAccessor58'
Event: 1766.495 Thread 0x00007facc4177860 Unloading class 0x00007fac58ac5400 'jdk/internal/reflect/GeneratedSerializationConstructorAccessor57'
Event: 1766.495 Thread 0x00007facc4177860 Unloading class 0x00007fac58b00800 'org/apache/catalina/loader/JdbcLeakPrevention'
Event: 1788.981 Thread 0x00007facc4177860 Unloading class 0x00007fac582ad400 'jdk/internal/reflect/GeneratedSerializationConstructorAccessor62'
Event: 1788.981 Thread 0x00007facc4177860 Unloading class 0x00007fac582ad000 'jdk/internal/reflect/GeneratedSerializationConstructorAccessor61'
Event: 1788.981 Thread 0x00007facc4177860 Unloading class 0x00007fac582ec800 'jdk/internal/reflect/GeneratedSerializationConstructorAccessor60'
Event: 1788.981 Thread 0x00007facc4177860 Unloading class 0x00007fac58ac4800 'org/apache/catalina/loader/JdbcLeakPrevention'
Event: 1813.205 Thread 0x00007facc4177860 Unloading class 0x00007fac58a91800 'jdk/internal/reflect/GeneratedSerializationConstructorAccessor65'
Event: 1813.205 Thread 0x00007facc4177860 Unloading class 0x00007fac5824cc00 'jdk/internal/reflect/GeneratedSerializationConstructorAccessor64'
Event: 1813.205 Thread 0x00007facc4177860 Unloading class 0x00007fac583dbc00 'jdk/internal/reflect/GeneratedSerializationConstructorAccessor63'
Event: 1813.205 Thread 0x00007facc4177860 Unloading class 0x00007fac582db000 'org/apache/catalina/loader/JdbcLeakPrevention'

Classes redefined (0 events):
No events

Internal exceptions (20 events):
Event: 1814.825 Thread 0x00007fabc80f41e0 Exception <a 'java/io/FileNotFoundException'{0x000000070bff17f0}> (0x000000070bff17f0) 
thrown [./src/hotspot/share/prims/jni.cpp, line 516]
Event: 1814.825 Thread 0x00007fabc80f41e0 Exception <a 'java/io/FileNotFoundException'{0x000000070bff2b78}> (0x000000070bff2b78) 
thrown [./src/hotspot/share/prims/jni.cpp, line 516]
Event: 1814.825 Thread 0x00007fabc80f41e0 Exception <a 'java/io/FileNotFoundException'{0x000000070bff3f00}> (0x000000070bff3f00) 
thrown [./src/hotspot/share/prims/jni.cpp, line 516]
Event: 1814.825 Thread 0x00007fabc80f41e0 Exception <a 'java/io/FileNotFoundException'{0x000000070bff5288}> (0x000000070bff5288) 
thrown [./src/hotspot/share/prims/jni.cpp, line 516]
Event: 1814.825 Thread 0x00007fabc80f41e0 Exception <a 'java/io/FileNotFoundException'{0x000000070bff6610}> (0x000000070bff6610) 
thrown [./src/hotspot/share/prims/jni.cpp, line 516]
Event: 1814.826 Thread 0x00007fabc80f41e0 Exception <a 'java/io/FileNotFoundException'{0x000000070bff7998}> (0x000000070bff7998) 
thrown [./src/hotspot/share/prims/jni.cpp, line 516]
Event: 1820.554 Thread 0x00007faba4021b50 Exception <a 'java/io/FileNotFoundException'{0x000000070b846078}> (0x000000070b846078) 
thrown [./src/hotspot/share/prims/jni.cpp, line 516]
Event: 1820.554 Thread 0x00007faba4021b50 Exception <a 'java/io/FileNotFoundException'{0x000000070b8469c0}> (0x000000070b8469c0) 
thrown [./src/hotspot/share/prims/jni.cpp, line 516]
Event: 1820.554 Thread 0x00007faba4021b50 Exception <a 'java/io/FileNotFoundException'{0x000000070b847308}> (0x000000070b847308) 
thrown [./src/hotspot/share/prims/jni.cpp, line 516]
Event: 1820.554 Thread 0x00007faba4021b50 Exception <a 'java/io/FileNotFoundException'{0x000000070b847bf0}> (0x000000070b847bf0) 
thrown [./src/hotspot/share/prims/jni.cpp, line 516]
Event: 1820.554 Thread 0x00007faba4021b50 Exception <a 'java/io/FileNotFoundException'{0x000000070b8484d8}> (0x000000070b8484d8) 
thrown [./src/hotspot/share/prims/jni.cpp, line 516]
Event: 1820.554 Thread 0x00007faba4021b50 Exception <a 'java/io/FileNotFoundException'{0x000000070b848dc0}> (0x000000070b848dc0) 
thrown [./src/hotspot/share/prims/jni.cpp, line 516]
Event: 1820.554 Thread 0x00007faba4021b50 Exception <a 'java/io/FileNotFoundException'{0x000000070b8496a8}> (0x000000070b8496a8) 
thrown [./src/hotspot/share/prims/jni.cpp, line 516]
Event: 1820.554 Thread 0x00007faba4021b50 Exception <a 'java/io/FileNotFoundException'{0x000000070b849f90}> (0x000000070b849f90) 
thrown [./src/hotspot/share/prims/jni.cpp, line 516]
Event: 1820.555 Thread 0x00007faba4021b50 Exception <a 'java/io/FileNotFoundException'{0x000000070b84a878}> (0x000000070b84a878) 
thrown [./src/hotspot/share/prims/jni.cpp, line 516]
Event: 1820.555 Thread 0x00007faba4021b50 Exception <a 'java/io/FileNotFoundException'{0x000000070b84b160}> (0x000000070b84b160) 
thrown [./src/hotspot/share/prims/jni.cpp, line 516]
Event: 1820.555 Thread 0x00007faba4021b50 Exception <a 'java/io/FileNotFoundException'{0x000000070b84ba48}> (0x000000070b84ba48) 
thrown [./src/hotspot/share/prims/jni.cpp, line 516]
Event: 1820.555 Thread 0x00007faba4021b50 Exception <a 'java/io/FileNotFoundException'{0x000000070b84c330}> (0x000000070b84c330) 
thrown [./src/hotspot/share/prims/jni.cpp, line 516]
Event: 1820.555 Thread 0x00007faba4021b50 Exception <a 'java/io/FileNotFoundException'{0x000000070b84cc18}> (0x000000070b84cc18) 
thrown [./src/hotspot/share/prims/jni.cpp, line 516]
Event: 1820.555 Thread 0x00007faba4021b50 Exception <a 'java/io/FileNotFoundException'{0x000000070b84d500}> (0x000000070b84d500) 
thrown [./src/hotspot/share/prims/jni.cpp, line 516]

VM Operations (20 events):
Event: 1801.325 Executing VM operation: HandshakeAllThreads done
Event: 1805.266 Executing VM operation: G1CollectForAllocation
Event: 1805.270 Executing VM operation: G1CollectForAllocation done
Event: 1805.523 Executing VM operation: G1CollectForAllocation
Event: 1805.526 Executing VM operation: G1CollectForAllocation done
Event: 1806.526 Executing VM operation: Cleanup
Event: 1806.526 Executing VM operation: Cleanup done
Event: 1807.527 Executing VM operation: Cleanup
Event: 1807.527 Executing VM operation: Cleanup done
Event: 1813.169 Executing VM operation: G1CollectFull
Event: 1813.239 Executing VM operation: G1CollectFull done
Event: 1814.239 Executing VM operation: Cleanup
Event: 1814.239 Executing VM operation: Cleanup done
Event: 1818.240 Executing VM operation: Cleanup
Event: 1818.240 Executing VM operation: Cleanup done
Event: 1819.240 Executing VM operation: Cleanup
Event: 1819.240 Executing VM operation: Cleanup done
Event: 1821.240 Executing VM operation: Cleanup
Event: 1821.240 Executing VM operation: Cleanup done
Event: 1821.256 Executing VM operation: G1CollectForAllocation

Events (20 events):
Event: 1812.160 Thread 0x00007fac080cb320 Thread exited: 0x00007fac080cb320
Event: 1813.163 Thread 0x00007fabc80f41e0 Thread exited: 0x00007fabc80f41e0
Event: 1813.165 Thread 0x00007fac383b3b00 Thread added: 0x00007fac383b3b00
Event: 1813.166 Protecting memory [0x00007fac51cf8000,0x00007fac51cfc000] with protection modes 0
Event: 1813.169 Thread 0x00007fac09a0a7b0 Thread exited: 0x00007fac09a0a7b0
Event: 1813.169 Thread 0x00007fac080a6900 Thread exited: 0x00007fac080a6900
Event: 1813.169 Thread 0x00007fac093e3920 Thread exited: 0x00007fac093e3920
Event: 1813.239 Thread 0x00007fabc80f41e0 Thread added: 0x00007fabc80f41e0
Event: 1813.239 Protecting memory [0x00007fac525fb000,0x00007fac525ff000] with protection modes 0
Event: 1813.239 Thread 0x00007fabc80f41e0 Thread exited: 0x00007fabc80f41e0
Event: 1813.239 Thread 0x00007fabc80f41e0 Thread added: 0x00007fabc80f41e0
Event: 1813.240 Protecting memory [0x00007fac525fb000,0x00007fac525ff000] with protection modes 0
Event: 1813.278 Thread 0x00007fabb4062b50 Thread added: 0x00007fabb4062b50
Event: 1813.278 Protecting memory [0x00007fac51ef8000,0x00007fac51efc000] with protection modes 0
Event: 1813.289 Thread 0x00007fabb4062b50 Thread exited: 0x00007fabb4062b50
Event: 1814.822 Thread 0x00007fac383b3b00 Thread exited: 0x00007fac383b3b00
Event: 1819.115 Thread 0x00007fabb4003a50 Thread added: 0x00007fabb4003a50
Event: 1819.115 Protecting memory [0x00007fac51cf8000,0x00007fac51cfc000] with protection modes 0
Event: 1819.216 Thread 0x00007faba4021b50 Thread added: 0x00007faba4021b50
Event: 1819.216 Protecting memory [0x00007fac51ef8000,0x00007fac51efc000] with protection modes 0


Dynamic libraries:
707e00000-70f200000 rw-p 00000000 00:00 0 
70f200000-7ffc00000 ---p 00000000 00:00 0 
7ffc00000-7ffd00000 rw-p 00000000 00:00 0 
7ffd00000-7ffd75000 rw-p 00c75000 08:14 661322                           /usr/lib/jvm/java-17-openjdk-amd64/lib/server/classes.jsa
7ffd75000-7ffe00000 rw-p 00000000 00:00 0 
7ffe00000-7ffe77000 rw-p 00bfe000 08:14 661322                           /usr/lib/jvm/java-17-openjdk-amd64/lib/server/classes.jsa
7ffe77000-800000000 rw-p 00000000 00:00 0 
55c75fb27000-55c75fb28000 r--p 00000000 08:14 661251                     /usr/lib/jvm/java-17-openjdk-amd64/bin/java
55c75fb28000-55c75fb29000 r-xp 00001000 08:14 661251                     /usr/lib/jvm/java-17-openjdk-amd64/bin/java
55c75fb29000-55c75fb2a000 r--p 00002000 08:14 661251                     /usr/lib/jvm/java-17-openjdk-amd64/bin/java
55c75fb2a000-55c75fb2b000 r--p 00002000 08:14 661251                     /usr/lib/jvm/java-17-openjdk-amd64/bin/java
55c75fb2b000-55c75fb2c000 rw-p 00003000 08:14 661251                     /usr/lib/jvm/java-17-openjdk-amd64/bin/java
55c761464000-55c7614ae000 rw-p 00000000 00:00 0                          [heap]
7fab9c000000-7fab9c0b5000 rw-p 00000000 00:00 0 
7fab9c0b5000-7faba0000000 ---p 00000000 00:00 0 
7faba0000000-7faba0010000 rw-p 00000000 00:00 0 
7faba0010000-7faba00c0000 rw-p 00000000 00:00 0 
7faba00c0000-7faba0100000 ---p 00000000 00:00 0 
7faba0100000-7faba0110000 rw-p 00000000 00:00 0 
7faba0110000-7faba0240000 rw-p 00000000 00:00 0 
7faba0240000-7faba02c0000 ---p 00000000 00:00 0 
7faba02c0000-7faba0300000 rw-p 00000000 00:00 0 
7faba0300000-7faba0380000 ---p 00000000 00:00 0 
7faba0380000-7faba03f0000 rw-p 00000000 00:00 0 
7faba03f0000-7faba0460000 ---p 00000000 00:00 0 
7faba0460000-7faba04c0000 rw-p 00000000 00:00 0 
7faba04c0000-7faba4000000 ---p 00000000 00:00 0 
7faba4000000-7faba40fe000 rw-p 00000000 00:00 0 
7faba40fe000-7faba8000000 ---p 00000000 00:00 0 
7faba8000000-7faba82d2000 rw-p 00000000 00:00 0 
7faba82d2000-7fabac000000 ---p 00000000 00:00 0 
7fabac000000-7fabac0cb000 rw-p 00000000 00:00 0 
7fabac0cb000-7fabb0000000 ---p 00000000 00:00 0 
7fabb0000000-7fabb00c8000 rw-p 00000000 00:00 0 
7fabb00c8000-7fabb4000000 ---p 00000000 00:00 0 
7fabb4000000-7fabb42ed000 rw-p 00000000 00:00 0 
7fabb42ed000-7fabb8000000 ---p 00000000 00:00 0 
7fabb8000000-7fabb80f0000 rw-p 00000000 00:00 0 
7fabb80f0000-7fabbc000000 ---p 00000000 00:00 0 
7fabbc000000-7fabbc038000 rw-p 00000000 00:00 0 
7fabbc038000-7fabc0000000 ---p 00000000 00:00 0 
7fabc0000000-7fabc0040000 rw-p 00000000 00:00 0 
7fabc0040000-7fabc4000000 ---p 00000000 00:00 0 
7fabc4000000-7fabc412c000 rw-p 00000000 00:00 0 
7fabc412c000-7fabc8000000 ---p 00000000 00:00 0 
7fabc8000000-7fabc8113000 rw-p 00000000 00:00 0 
7fabc8113000-7fabcc000000 ---p 00000000 00:00 0 
7fabcc000000-7fabcc0d6000 rw-p 00000000 00:00 0 
7fabcc0d6000-7fabd0000000 ---p 00000000 00:00 0 
7fabd0000000-7fabd04d9000 rw-p 00000000 00:00 0 
7fabd04d9000-7fabd4000000 ---p 00000000 00:00 0 
7fabd4000000-7fabd4086000 rw-p 00000000 00:00 0 
7fabd4086000-7fabd8000000 ---p 00000000 00:00 0 
7fabd8000000-7fabd8021000 rw-p 00000000 00:00 0 
7fabd8021000-7fabdc000000 ---p 00000000 00:00 0 
7fabdc000000-7fabdc079000 rw-p 00000000 00:00 0 
7fabdc079000-7fabe0000000 ---p 00000000 00:00 0 
7fabe0000000-7fabe0675000 rw-p 00000000 00:00 0 
7fabe0675000-7fabe4000000 ---p 00000000 00:00 0 
7fabe4000000-7fabe40fa000 rw-p 00000000 00:00 0 
7fabe40fa000-7fabe8000000 ---p 00000000 00:00 0 
7fabe8000000-7fabe813a000 rw-p 00000000 00:00 0 
7fabe813a000-7fabec000000 ---p 00000000 00:00 0 
7fabec000000-7fabec039000 rw-p 00000000 00:00 0 
7fabec039000-7fabf0000000 ---p 00000000 00:00 0 
7fabf0000000-7fabf0059000 rw-p 00000000 00:00 0 
7fabf0059000-7fabf4000000 ---p 00000000 00:00 0 
7fabf4000000-7fabf4222000 rw-p 00000000 00:00 0 
7fabf4222000-7fabf8000000 ---p 00000000 00:00 0 
7fabf8000000-7fabf8040000 rw-p 00000000 00:00 0 
7fabf8040000-7fabfc000000 ---p 00000000 00:00 0 
7fabfc000000-7fabfc116000 rw-p 00000000 00:00 0 
7fabfc116000-7fac00000000 ---p 00000000 00:00 0 
7fac00000000-7fac00062000 rw-p 00000000 00:00 0 
7fac00062000-7fac04000000 ---p 00000000 00:00 0 
7fac04000000-7fac040ab000 rw-p 00000000 00:00 0 
7fac040ab000-7fac08000000 ---p 00000000 00:00 0 
7fac08000000-7fac09a21000 rw-p 00000000 00:00 0 
7fac09a21000-7fac0c000000 ---p 00000000 00:00 0 
7fac0c000000-7fac0c037000 rw-p 00000000 00:00 0 
7fac0c037000-7fac10000000 ---p 00000000 00:00 0 
7fac10000000-7fac1003a000 rw-p 00000000 00:00 0 
7fac1003a000-7fac14000000 ---p 00000000 00:00 0 
7fac14000000-7fac14168000 rw-p 00000000 00:00 0 
7fac14168000-7fac18000000 ---p 00000000 00:00 0 
7fac18000000-7fac18039000 rw-p 00000000 00:00 0 
7fac18039000-7fac1c000000 ---p 00000000 00:00 0 
7fac1c000000-7fac1c1d7000 rw-p 00000000 00:00 0 
7fac1c1d7000-7fac20000000 ---p 00000000 00:00 0 
7fac20000000-7fac20039000 rw-p 00000000 00:00 0 
7fac20039000-7fac24000000 ---p 00000000 00:00 0 
7fac24000000-7fac24021000 rw-p 00000000 00:00 0 
7fac24021000-7fac28000000 ---p 00000000 00:00 0 
7fac28000000-7fac28021000 rw-p 00000000 00:00 0 
7fac28021000-7fac2c000000 ---p 00000000 00:00 0 
7fac2c000000-7fac2c031000 rw-p 00000000 00:00 0 
7fac2c031000-7fac30000000 ---p 00000000 00:00 0 
7fac30000000-7fac30021000 rw-p 00000000 00:00 0 
7fac30021000-7fac34000000 ---p 00000000 00:00 0 
7fac34000000-7fac34021000 rw-p 00000000 00:00 0 
7fac34021000-7fac38000000 ---p 00000000 00:00 0 
7fac38000000-7fac38929000 rw-p 00000000 00:00 0 
7fac38929000-7fac3c000000 ---p 00000000 00:00 0 
7fac3c000000-7fac3c021000 rw-p 00000000 00:00 0 
7fac3c021000-7fac40000000 ---p 00000000 00:00 0 
7fac40000000-7fac40021000 rw-p 00000000 00:00 0 
7fac40021000-7fac44000000 ---p 00000000 00:00 0 
7fac44000000-7fac44021000 rw-p 00000000 00:00 0 
7fac44021000-7fac48000000 ---p 00000000 00:00 0 
7fac48000000-7fac48021000 rw-p 00000000 00:00 0 
7fac48021000-7fac4c000000 ---p 00000000 00:00 0 
7fac4c000000-7fac4d194000 rw-p 00000000 00:00 0 
7fac4d194000-7fac50000000 ---p 00000000 00:00 0 
7fac50c6c000-7fac50ef8000 rw-p 00000000 00:00 0 
7fac50ef8000-7fac50efc000 ---p 00000000 00:00 0 
7fac50efc000-7fac50ff8000 rw-p 00000000 00:00 0 
7fac50ff8000-7fac50ffc000 ---p 00000000 00:00 0 
7fac50ffc000-7fac510f8000 rw-p 00000000 00:00 0 
7fac510f8000-7fac510fc000 ---p 00000000 00:00 0 
7fac510fc000-7fac511f8000 rw-p 00000000 00:00 0 
7fac511f8000-7fac511fc000 ---p 00000000 00:00 0 
7fac511fc000-7fac512f8000 rw-p 00000000 00:00 0 
7fac512f8000-7fac512fc000 ---p 00000000 00:00 0 
7fac512fc000-7fac513f8000 rw-p 00000000 00:00 0 
7fac513f8000-7fac513fc000 ---p 00000000 00:00 0 
7fac513fc000-7fac514f8000 rw-p 00000000 00:00 0 
7fac514f8000-7fac514fc000 ---p 00000000 00:00 0 
7fac514fc000-7fac515f8000 rw-p 00000000 00:00 0 
7fac515f8000-7fac515fc000 ---p 00000000 00:00 0 
7fac515fc000-7fac516f8000 rw-p 00000000 00:00 0 
7fac516f8000-7fac516fc000 ---p 00000000 00:00 0 
7fac516fc000-7fac517f8000 rw-p 00000000 00:00 0 
7fac517f8000-7fac517fc000 ---p 00000000 00:00 0 
7fac517fc000-7fac518f8000 rw-p 00000000 00:00 0 
7fac518f8000-7fac518fc000 ---p 00000000 00:00 0 
7fac518fc000-7fac519f8000 rw-p 00000000 00:00 0 
7fac519f8000-7fac519fc000 ---p 00000000 00:00 0 
7fac519fc000-7fac51af8000 rw-p 00000000 00:00 0 
7fac51af8000-7fac51afc000 ---p 00000000 00:00 0 
7fac51afc000-7fac51bf8000 rw-p 00000000 00:00 0 
7fac51bf8000-7fac51bfc000 ---p 00000000 00:00 0 
7fac51bfc000-7fac51cf8000 rw-p 00000000 00:00 0 
7fac51cf8000-7fac51cfc000 ---p 00000000 00:00 0 
7fac51cfc000-7fac51df8000 rw-p 00000000 00:00 0 
7fac51df8000-7fac51dfc000 ---p 00000000 00:00 0 
7fac51dfc000-7fac51ef8000 rw-p 00000000 00:00 0 
7fac51ef8000-7fac51efc000 ---p 00000000 00:00 0 
7fac51efc000-7fac51ff8000 rw-p 00000000 00:00 0 
7fac51ff8000-7fac51ffc000 ---p 00000000 00:00 0 
7fac51ffc000-7fac520f8000 rw-p 00000000 00:00 0 
7fac520f8000-7fac520fc000 ---p 00000000 00:00 0 
7fac520fc000-7fac521f8000 rw-p 00000000 00:00 0 
7fac521f8000-7fac521f9000 ---p 00000000 00:00 0 
7fac521f9000-7fac522f9000 rw-p 00000000 00:00 0 
7fac522f9000-7fac522fa000 ---p 00000000 00:00 0 
7fac522fa000-7fac523fa000 rw-p 00000000 00:00 0 
7fac523fa000-7fac523fb000 ---p 00000000 00:00 0 
7fac523fb000-7fac524fb000 rw-p 00000000 00:00 0 
7fac524fb000-7fac524ff000 ---p 00000000 00:00 0 
7fac524ff000-7fac525fb000 rw-p 00000000 00:00 0 
7fac525fb000-7fac525ff000 ---p 00000000 00:00 0 
7fac525ff000-7fac526fb000 rw-p 00000000 00:00 0 
7fac526fb000-7fac526ff000 ---p 00000000 00:00 0 
7fac526ff000-7fac527fb000 rw-p 00000000 00:00 0 
7fac527fb000-7fac527ff000 ---p 00000000 00:00 0 
7fac527ff000-7fac528fb000 rw-p 00000000 00:00 0 
7fac528fb000-7fac528ff000 ---p 00000000 00:00 0 
7fac528ff000-7fac529fb000 rw-p 00000000 00:00 0 
7fac529fb000-7fac529fc000 ---p 00000000 00:00 0 
7fac529fc000-7fac52afc000 rw-p 00000000 00:00 0 
7fac52afc000-7fac52afd000 ---p 00000000 00:00 0 
7fac52afd000-7fac52bfd000 rw-p 00000000 00:00 0 
7fac52bfd000-7fac52bfe000 ---p 00000000 00:00 0 
7fac52bfe000-7fac52cfe000 rw-p 00000000 00:00 0 
7fac52cfe000-7fac52cff000 ---p 00000000 00:00 0 
7fac52cff000-7fac52dff000 rw-p 00000000 00:00 0 
7fac52dff000-7fac52e00000 ---p 00000000 00:00 0 
7fac52e00000-7fac52f00000 rw-p 00000000 00:00 0 
7fac52f00000-7fac52f04000 ---p 00000000 00:00 0 
7fac52f04000-7fac533f0000 rw-p 00000000 00:00 0 
7fac533f0000-7fac544f0000 rw-p 00000000 00:00 0 
7fac544f0000-7fac545f0000 rw-p 00000000 00:00 0 
7fac545f0000-7fac546f0000 rw-p 00000000 00:00 0 
7fac546f0000-7fac547f0000 rw-p 00000000 00:00 0 
7fac547f0000-7fac548f0000 rw-p 00000000 00:00 0 
7fac548f0000-7fac54af0000 rw-p 00000000 00:00 0 
7fac54af0000-7fac566f0000 rw-p 00000000 00:00 0 
7fac566f0000-7fac567b0000 rw-p 00000000 00:00 0 
7fac567b0000-7fac56800000 ---p 00000000 00:00 0 
7fac56800000-7fac56cc0000 rw-p 00000000 00:00 0 
7fac56cc0000-7fac56d00000 ---p 00000000 00:00 0 
7fac56d00000-7fac56f80000 rw-p 00000000 00:00 0 
7fac56f80000-7fac56fc0000 ---p 00000000 00:00 0 
7fac56fc0000-7fac57000000 rw-p 00000000 00:00 0 
7fac57000000-7fac57bc6000 rw-p 00001000 08:14 661322                     /usr/lib/jvm/java-17-openjdk-amd64/lib/server/classes.jsa
7fac57bc6000-7fac58000000 ---p 00000000 00:00 0 
7fac58000000-7fac58030000 rw-p 00000000 00:00 0 
7fac58030000-7fac58070000 rw-p 00000000 00:00 0 
7fac58070000-7fac580b0000 rw-p 00000000 00:00 0 
7fac580b0000-7fac580f0000 rw-p 00000000 00:00 0 
7fac580f0000-7fac583b0000 rw-p 00000000 00:00 0 
7fac583b0000-7fac58430000 rw-p 00000000 00:00 0 
7fac58430000-7fac58a50000 rw-p 00000000 00:00 0 
7fac58a50000-7fac58a70000 rw-p 00000000 00:00 0 
7fac58a70000-7fac58a80000 ---p 00000000 00:00 0 
7fac58a80000-7fac58ba0000 rw-p 00000000 00:00 0 
7fac58ba0000-7fac98000000 ---p 00000000 00:00 0 
7fac98000000-7fac98021000 rw-p 00000000 00:00 0 
7fac98021000-7fac9c000000 ---p 00000000 00:00 0 
7fac9c000000-7fac9c021000 rw-p 00000000 00:00 0 
7fac9c021000-7faca0000000 ---p 00000000 00:00 0 
7faca0000000-7faca0021000 rw-p 00000000 00:00 0 
7faca0021000-7faca4000000 ---p 00000000 00:00 0 
7faca4000000-7faca4021000 rw-p 00000000 00:00 0 
7faca4021000-7faca8000000 ---p 00000000 00:00 0 
7faca8000000-7faca803e000 rw-p 00000000 00:00 0 
7faca803e000-7facac000000 ---p 00000000 00:00 0 
7facac0ff000-7facac103000 ---p 00000000 00:00 0 
7facac103000-7facac1ff000 rw-p 00000000 00:00 0 
7facac1ff000-7facac200000 ---p 00000000 00:00 0 
7facac200000-7facac300000 rw-p 00000000 00:00 0 
7facac300000-7facac304000 ---p 00000000 00:00 0 
7facac304000-7facac400000 rw-p 00000000 00:00 0 
7facac400000-7facac404000 ---p 00000000 00:00 0 
7facac404000-7facac500000 rw-p 00000000 00:00 0 
7facac500000-7facac504000 ---p 00000000 00:00 0 
7facac504000-7facac600000 rw-p 00000000 00:00 0 
7facac600000-7facac604000 ---p 00000000 00:00 0 
7facac604000-7facac700000 rw-p 00000000 00:00 0 
7facac700000-7facac704000 ---p 00000000 00:00 0 
7facac704000-7facac800000 rw-p 00000000 00:00 0 
7facac800000-7facacaea000 r--p 00000000 08:14 594350                     /usr/lib/locale/locale-archive
7facacb3a000-7facacb3e000 r--p 00000000 08:14 661319                     /usr/lib/jvm/java-17-openjdk-amd64/lib/libverify.so
7facacb3e000-7facacb45000 r-xp 00004000 08:14 661319                     /usr/lib/jvm/java-17-openjdk-amd64/lib/libverify.so
7facacb45000-7facacb47000 r--p 0000b000 08:14 661319                     /usr/lib/jvm/java-17-openjdk-amd64/lib/libverify.so
7facacb47000-7facacb49000 r--p 0000c000 08:14 661319                     /usr/lib/jvm/java-17-openjdk-amd64/lib/libverify.so
7facacb49000-7facacb4a000 rw-p 0000e000 08:14 661319                     /usr/lib/jvm/java-17-openjdk-amd64/lib/libverify.so
7facacb4a000-7facacb4e000 ---p 00000000 00:00 0 
7facacb4e000-7facacc4a000 rw-p 00000000 00:00 0 
7facacc4a000-7facacc4e000 ---p 00000000 00:00 0 
7facacc4e000-7facacd4a000 rw-p 00000000 00:00 0 
7facacd4a000-7facacd4e000 ---p 00000000 00:00 0 
7facacd4e000-7facace4a000 rw-p 00000000 00:00 0 
7facace4a000-7facace4b000 ---p 00000000 00:00 0 
7facace4b000-7facacf4b000 rw-p 00000000 00:00 0 
7facacf4b000-7facacf50000 r--p 00000000 08:14 661306                     /usr/lib/jvm/java-17-openjdk-amd64/lib/libjsvml.so
7facacf50000-7facacf91000 r-xp 00005000 08:14 661306                     /usr/lib/jvm/java-17-openjdk-amd64/lib/libjsvml.so
7facacf91000-7facad01a000 r--p 00046000 08:14 661306                     /usr/lib/jvm/java-17-openjdk-amd64/lib/libjsvml.so
7facad01a000-7facad01b000 r--p 000ce000 08:14 661306                     /usr/lib/jvm/java-17-openjdk-amd64/lib/libjsvml.so
7facad01b000-7facad01c000 rw-p 000cf000 08:14 661306                     /usr/lib/jvm/java-17-openjdk-amd64/lib/libjsvml.so
7facad01c000-7facad09d000 rw-p 00000000 00:00 0 
7facad09d000-7facad09e000 ---p 00000000 00:00 0 
7facad09e000-7facad19e000 rw-p 00000000 00:00 0 
7facad19e000-7facad19f000 ---p 00000000 00:00 0 
7facad19f000-7facafaa7000 rw-p 00000000 00:00 0 
7facafaa7000-7facafaa8000 ---p 00000000 00:00 0 
7facafaa8000-7facafba8000 rw-p 00000000 00:00 0 
7facafba8000-7facafba9000 ---p 00000000 00:00 0 
7facafba9000-7facafca9000 rw-p 00000000 00:00 0 
7facafca9000-7facafcaa000 ---p 00000000 00:00 0 
7facafcaa000-7facaff7a000 rw-p 00000000 00:00 0 
7facaff7a000-7facb3ba2000 ---p 00000000 00:00 0 
7facb3ba2000-7facb3d82000 rw-p 00000000 00:00 0 
7facb3d82000-7facb79aa000 ---p 00000000 00:00 0 
7facb79aa000-7facb79f4000 rw-p 00000000 00:00 0 
7facb79f4000-7facb8179000 ---p 00000000 00:00 0 
7facb8179000-7facb81b5000 rw-p 00000000 00:00 0 
7facb81b5000-7facb893a000 ---p 00000000 00:00 0 
7facb893a000-7facb8976000 rw-p 00000000 00:00 0 
7facb8976000-7facb90fb000 ---p 00000000 00:00 0 
7facb90fb000-7facb9400000 rw-p 00000000 00:00 0 
7facb9400000-7facbae60000 rwxp 00000000 00:00 0 
7facbae60000-7facbc400000 ---p 00000000 00:00 0 
7facbc400000-7facc3e66000 r--s 00000000 08:14 661321                     /usr/lib/jvm/java-17-openjdk-amd64/lib/modules
7facc3e6d000-7facc3e74000 r--s 00000000 08:14 544941                     /usr/lib/x86_64-linux-gnu/gconv/gconv-modules.cache
7facc3e74000-7facc3e9c000 rw-p 00000000 00:00 0 
7facc3e9c000-7facc3e9e000 r--p 00000000 08:14 661310                     /usr/lib/jvm/java-17-openjdk-amd64/lib/libmanagement_ext.so
7facc3e9e000-7facc3ea1000 r-xp 00002000 08:14 661310                     /usr/lib/jvm/java-17-openjdk-amd64/lib/libmanagement_ext.so
7facc3ea1000-7facc3ea2000 r--p 00005000 08:14 661310                     /usr/lib/jvm/java-17-openjdk-amd64/lib/libmanagement_ext.so
7facc3ea2000-7facc3ea3000 r--p 00006000 08:14 661310                     /usr/lib/jvm/java-17-openjdk-amd64/lib/libmanagement_ext.so
7facc3ea3000-7facc3ea4000 rw-p 00007000 08:14 661310                     /usr/lib/jvm/java-17-openjdk-amd64/lib/libmanagement_ext.so
7facc3ea4000-7facc48ad000 rw-p 00000000 00:00 0 
7facc48ad000-7facc8000000 ---p 00000000 00:00 0 
7facc8004000-7facc8045000 rw-p 00000000 00:00 0 
7facc8045000-7facc8046000 r--p 00000000 08:14 575892                     /usr/lib/x86_64-linux-gnu/libnss_mdns4_minimal.so.2
7facc8046000-7facc8048000 r-xp 00001000 08:14 575892                     /usr/lib/x86_64-linux-gnu/libnss_mdns4_minimal.so.2
7facc8048000-7facc8049000 r--p 00003000 08:14 575892                     /usr/lib/x86_64-linux-gnu/libnss_mdns4_minimal.so.2
7facc8049000-7facc804a000 r--p 00003000 08:14 575892                     /usr/lib/x86_64-linux-gnu/libnss_mdns4_minimal.so.2
7facc804a000-7facc804b000 rw-p 00004000 08:14 575892                     /usr/lib/x86_64-linux-gnu/libnss_mdns4_minimal.so.2
7facc804b000-7facc8500000 rw-p 00000000 00:00 0 
7facc8500000-7facc8504000 ---p 00000000 00:00 0 
7facc8504000-7facc8600000 rw-p 00000000 00:00 0 
7facc8600000-7facc869c000 r--p 00000000 08:14 541066                     /usr/lib/x86_64-linux-gnu/libstdc++.so.6.0.32
7facc869c000-7facc87b7000 r-xp 0009c000 08:14 541066                     /usr/lib/x86_64-linux-gnu/libstdc++.so.6.0.32
7facc87b7000-7facc8844000 r--p 001b7000 08:14 541066                     /usr/lib/x86_64-linux-gnu/libstdc++.so.6.0.32
7facc8844000-7facc884f000 r--p 00244000 08:14 541066                     /usr/lib/x86_64-linux-gnu/libstdc++.so.6.0.32
7facc884f000-7facc8852000 rw-p 0024f000 08:14 541066                     /usr/lib/x86_64-linux-gnu/libstdc++.so.6.0.32
7facc8852000-7facc8856000 rw-p 00000000 00:00 0 
7facc8858000-7facc885a000 r--p 00000000 08:14 661308                     /usr/lib/jvm/java-17-openjdk-amd64/lib/libmanagement.so
7facc885a000-7facc885b000 r-xp 00002000 08:14 661308                     /usr/lib/jvm/java-17-openjdk-amd64/lib/libmanagement.so
7facc885b000-7facc885c000 r--p 00003000 08:14 661308                     /usr/lib/jvm/java-17-openjdk-amd64/lib/libmanagement.so
7facc885c000-7facc885d000 r--p 00003000 08:14 661308                     /usr/lib/jvm/java-17-openjdk-amd64/lib/libmanagement.so
7facc885d000-7facc885e000 rw-p 00004000 08:14 661308                     /usr/lib/jvm/java-17-openjdk-amd64/lib/libmanagement.so
7facc885e000-7facc8862000 r--p 00000000 08:14 661312                     /usr/lib/jvm/java-17-openjdk-amd64/lib/libnet.so
7facc8862000-7facc8870000 r-xp 00004000 08:14 661312                     /usr/lib/jvm/java-17-openjdk-amd64/lib/libnet.so
7facc8870000-7facc8874000 r--p 00012000 08:14 661312                     /usr/lib/jvm/java-17-openjdk-amd64/lib/libnet.so
7facc8874000-7facc8875000 r--p 00015000 08:14 661312                     /usr/lib/jvm/java-17-openjdk-amd64/lib/libnet.so
7facc8875000-7facc8876000 rw-p 00016000 08:14 661312                     /usr/lib/jvm/java-17-openjdk-amd64/lib/libnet.so
7facc8876000-7facc88ab000 rw-p 00000000 00:00 0 
7facc88ab000-7facc88d6000 ---p 00000000 00:00 0 
7facc88d6000-7facc88e2000 r--p 00000000 08:14 661299                     /usr/lib/jvm/java-17-openjdk-amd64/lib/libjava.so
7facc88e2000-7facc88f4000 r-xp 0000c000 08:14 661299                     /usr/lib/jvm/java-17-openjdk-amd64/lib/libjava.so
7facc88f4000-7facc88fa000 r--p 0001e000 08:14 661299                     /usr/lib/jvm/java-17-openjdk-amd64/lib/libjava.so
7facc88fa000-7facc88fb000 r--p 00023000 08:14 661299                     /usr/lib/jvm/java-17-openjdk-amd64/lib/libjava.so
7facc88fb000-7facc88fc000 rw-p 00024000 08:14 661299                     /usr/lib/jvm/java-17-openjdk-amd64/lib/libjava.so
7facc88fc000-7facc88fd000 rw-p 00000000 00:00 0 
7facc88fd000-7facc8900000 r--p 00000000 08:14 532729                     /usr/lib/x86_64-linux-gnu/libgcc_s.so.1
7facc8900000-7facc891b000 r-xp 00003000 08:14 532729                     /usr/lib/x86_64-linux-gnu/libgcc_s.so.1
7facc891b000-7facc891f000 r--p 0001e000 08:14 532729                     /usr/lib/x86_64-linux-gnu/libgcc_s.so.1
7facc891f000-7facc8920000 r--p 00021000 08:14 532729                     /usr/lib/x86_64-linux-gnu/libgcc_s.so.1
7facc8920000-7facc8921000 rw-p 00022000 08:14 532729                     /usr/lib/x86_64-linux-gnu/libgcc_s.so.1
7facc8921000-7facc8931000 r--p 00000000 08:14 531118                     /usr/lib/x86_64-linux-gnu/libm.so.6
7facc8931000-7facc89a4000 r-xp 00010000 08:14 531118                     /usr/lib/x86_64-linux-gnu/libm.so.6
7facc89a4000-7facc89fe000 r--p 00083000 08:14 531118                     /usr/lib/x86_64-linux-gnu/libm.so.6
7facc89fe000-7facc89ff000 r--p 000dc000 08:14 531118                     /usr/lib/x86_64-linux-gnu/libm.so.6
7facc89ff000-7facc8a00000 rw-p 000dd000 08:14 531118                     /usr/lib/x86_64-linux-gnu/libm.so.6
7facc8a00000-7facc8c51000 r--p 00000000 08:14 661325                     /usr/lib/jvm/java-17-openjdk-amd64/lib/server/libjvm.so
7facc8c51000-7facc99ba000 r-xp 00251000 08:14 661325                     /usr/lib/jvm/java-17-openjdk-amd64/lib/server/libjvm.so
7facc99ba000-7facc9c3a000 r--p 00fba000 08:14 661325                     /usr/lib/jvm/java-17-openjdk-amd64/lib/server/libjvm.so
7facc9c3a000-7facc9cf2000 r--p 0123a000 08:14 661325                     /usr/lib/jvm/java-17-openjdk-amd64/lib/server/libjvm.so
7facc9cf2000-7facc9d27000 rw-p 012f2000 08:14 661325                     /usr/lib/jvm/java-17-openjdk-amd64/lib/server/libjvm.so
7facc9d27000-7facc9d81000 rw-p 00000000 00:00 0 
7facc9d81000-7facc9d82000 r--p 00000000 08:14 661292                     /usr/lib/jvm/java-17-openjdk-amd64/lib/libextnet.so
7facc9d82000-7facc9d83000 r-xp 00001000 08:14 661292                     /usr/lib/jvm/java-17-openjdk-amd64/lib/libextnet.so
7facc9d83000-7facc9d84000 r--p 00002000 08:14 661292                     /usr/lib/jvm/java-17-openjdk-amd64/lib/libextnet.so
7facc9d84000-7facc9d85000 r--p 00002000 08:14 661292                     /usr/lib/jvm/java-17-openjdk-amd64/lib/libextnet.so
7facc9d85000-7facc9d86000 rw-p 00003000 08:14 661292                     /usr/lib/jvm/java-17-openjdk-amd64/lib/libextnet.so
7facc9d86000-7facc9d8c000 r--p 00000000 08:14 661313                     /usr/lib/jvm/java-17-openjdk-amd64/lib/libnio.so
7facc9d8c000-7facc9d94000 r-xp 00006000 08:14 661313                     /usr/lib/jvm/java-17-openjdk-amd64/lib/libnio.so
7facc9d94000-7facc9d98000 r--p 0000e000 08:14 661313                     /usr/lib/jvm/java-17-openjdk-amd64/lib/libnio.so
7facc9d98000-7facc9d99000 r--p 00012000 08:14 661313                     /usr/lib/jvm/java-17-openjdk-amd64/lib/libnio.so
7facc9d99000-7facc9d9a000 rw-p 00013000 08:14 661313                     /usr/lib/jvm/java-17-openjdk-amd64/lib/libnio.so
7facc9d9a000-7facc9d9d000 rw-p 00000000 00:00 0 
7facc9d9d000-7facc9dc3000 r--p 00000000 08:14 531106                     /usr/lib/x86_64-linux-gnu/libc.so.6
7facc9dc3000-7facc9f18000 r-xp 00026000 08:14 531106                     /usr/lib/x86_64-linux-gnu/libc.so.6
7facc9f18000-7facc9f6c000 r--p 0017b000 08:14 531106                     /usr/lib/x86_64-linux-gnu/libc.so.6
7facc9f6c000-7facc9f70000 r--p 001cf000 08:14 531106                     /usr/lib/x86_64-linux-gnu/libc.so.6
7facc9f70000-7facc9f72000 rw-p 001d3000 08:14 531106                     /usr/lib/x86_64-linux-gnu/libc.so.6
7facc9f72000-7facc9f7f000 rw-p 00000000 00:00 0 
7facc9f7f000-7facc9f81000 r--p 00000000 08:14 661303                     /usr/lib/jvm/java-17-openjdk-amd64/lib/libjli.so
7facc9f81000-7facc9f8b000 r-xp 00002000 08:14 661303                     /usr/lib/jvm/java-17-openjdk-amd64/lib/libjli.so
7facc9f8b000-7facc9f8e000 r--p 0000c000 08:14 661303                     /usr/lib/jvm/java-17-openjdk-amd64/lib/libjli.so
7facc9f8e000-7facc9f8f000 r--p 0000e000 08:14 661303                     /usr/lib/jvm/java-17-openjdk-amd64/lib/libjli.so
7facc9f8f000-7facc9f90000 rw-p 0000f000 08:14 661303                     /usr/lib/jvm/java-17-openjdk-amd64/lib/libjli.so
7facc9f90000-7facc9f93000 r--p 00000000 08:14 529246                     /usr/lib/x86_64-linux-gnu/libz.so.1.2.13
7facc9f93000-7facc9fa6000 r-xp 00003000 08:14 529246                     /usr/lib/x86_64-linux-gnu/libz.so.1.2.13
7facc9fa6000-7facc9fad000 r--p 00016000 08:14 529246                     /usr/lib/x86_64-linux-gnu/libz.so.1.2.13
7facc9fad000-7facc9fae000 r--p 0001c000 08:14 529246                     /usr/lib/x86_64-linux-gnu/libz.so.1.2.13
7facc9fae000-7facc9faf000 rw-p 0001d000 08:14 529246                     /usr/lib/x86_64-linux-gnu/libz.so.1.2.13
7facc9faf000-7facc9fb1000 r--p 00000000 08:14 661320                     /usr/lib/jvm/java-17-openjdk-amd64/lib/libzip.so
7facc9fb1000-7facc9fb5000 r-xp 00002000 08:14 661320                     /usr/lib/jvm/java-17-openjdk-amd64/lib/libzip.so
7facc9fb5000-7facc9fb7000 r--p 00006000 08:14 661320                     /usr/lib/jvm/java-17-openjdk-amd64/lib/libzip.so
7facc9fb7000-7facc9fb8000 r--p 00007000 08:14 661320                     /usr/lib/jvm/java-17-openjdk-amd64/lib/libzip.so
7facc9fb8000-7facc9fb9000 rw-p 00008000 08:14 661320                     /usr/lib/jvm/java-17-openjdk-amd64/lib/libzip.so
7facc9fb9000-7facc9fc1000 rw-s 00000000 08:14 6630634                    /tmp/hsperfdata_miaro/6874
7facc9fc1000-7facc9fc2000 ---p 00000000 00:00 0 
7facc9fc2000-7facc9fc3000 r--p 00000000 00:00 0 
7facc9fc3000-7facc9fc4000 ---p 00000000 00:00 0 
7facc9fc4000-7facc9fc6000 r--p 00000000 08:14 661302                     /usr/lib/jvm/java-17-openjdk-amd64/lib/libjimage.so
7facc9fc6000-7facc9fc9000 r-xp 00002000 08:14 661302                     /usr/lib/jvm/java-17-openjdk-amd64/lib/libjimage.so
7facc9fc9000-7facc9fca000 r--p 00005000 08:14 661302                     /usr/lib/jvm/java-17-openjdk-amd64/lib/libjimage.so
7facc9fca000-7facc9fcb000 r--p 00006000 08:14 661302                     /usr/lib/jvm/java-17-openjdk-amd64/lib/libjimage.so
7facc9fcb000-7facc9fcc000 rw-p 00007000 08:14 661302                     /usr/lib/jvm/java-17-openjdk-amd64/lib/libjimage.so
7facc9fcc000-7facc9fce000 rw-p 00000000 00:00 0 
7facc9fce000-7facc9fcf000 r--p 00000000 08:14 531094                     /usr/lib/x86_64-linux-gnu/ld-linux-x86-64.so.2
7facc9fcf000-7facc9ff4000 r-xp 00001000 08:14 531094                     /usr/lib/x86_64-linux-gnu/ld-linux-x86-64.so.2
7facc9ff4000-7facc9ffe000 r--p 00026000 08:14 531094                     /usr/lib/x86_64-linux-gnu/ld-linux-x86-64.so.2
7facc9ffe000-7facca000000 r--p 00030000 08:14 531094                     /usr/lib/x86_64-linux-gnu/ld-linux-x86-64.so.2
7facca000000-7facca002000 rw-p 00032000 08:14 531094                     /usr/lib/x86_64-linux-gnu/ld-linux-x86-64.so.2
7ffc51daf000-7ffc51dd4000 rw-p 00000000 00:00 0                          [stack]
7ffc51df4000-7ffc51df8000 r--p 00000000 00:00 0                          [vvar]
7ffc51df8000-7ffc51dfa000 r-xp 00000000 00:00 0                          [vdso]


VM Arguments:
jvm_args: -XX:TieredStopAtLevel=1 -Dawt.useSystemAAFontSettings=on -Dswing.aatext=true 
java_command: org.autotrader.AutotraderApplication
java_class_path (initial): /home/miaro/Fianarana/ITU/S5/Mr_Rojo/autotrader/target/classes:/home/miaro/.m2/repository/org/aspectj/aspectjweaver/1.9.21/aspectjweaver-1.9.21.jar:/home/miaro/.m2/repository/com/zaxxer/HikariCP/5.0.1/HikariCP-5.0.1.jar:/home/miaro/.m2/repository/org/springframework/spring-jdbc/6.1.3/spring-jdbc-6.1.3.jar:/home/miaro/.m2/repository/org/hibernate/orm/hibernate-core/6.4.1.Final/hibernate-core-6.4.1.Final.jar:/home/miaro/.m2/repository/jakarta/persistence/jakarta.persistence-api/3.1.0/jakarta.persistence-api-3.1.0.jar:/home/miaro/.m2/repository/jakarta/transaction/jakarta.transaction-api/2.0.1/jakarta.transaction-api-2.0.1.jar:/home/miaro/.m2/repository/org/jboss/logging/jboss-logging/3.5.3.Final/jboss-logging-3.5.3.Final.jar:/home/miaro/.m2/repository/org/hibernate/common/hibernate-commons-annotations/6.0.6.Final/hibernate-commons-annotations-6.0.6.Final.jar:/home/miaro/.m2/repository/io/smallrye/jandex/3.1.2/jandex-3.1.2.jar:/home/miaro/.m2/repository/com/fasterxml/classmate/1.6.0/classmate-1.6.0.jar:/home/miaro/.m2/repository/net/bytebuddy/byte-buddy/1.14.11/byte-buddy-1.14.11.jar:/home/miaro/.m2/repository/org/glassfish/jaxb/jaxb-runtime/4.0.4/jaxb-runtime-4.0.4.jar:/home/miaro/.m2/repository/org/glassfish/jaxb/jaxb-core/4.0.4/jaxb-core-4.0.4.jar:/home/miaro/.m2/repository/org/eclipse/angus/angus-activation/2.0.1/angus-activation-2.0.1.jar:/home/miaro/.m2/repository/org/glassfish/jaxb/txw2/4.0.4/txw2-4.0.4.jar:/home/miaro/.m2/repository/com/sun/istack/istack-commons-runtime/4.1.2/istack-commons-runtime-4.1.2.jar:/home/miaro/.m2/repository/jakarta/inject/jakarta.inject-api/2.0.1/jakarta.inject-api-2.0.1.jar:/home/miaro/.m2/repository/org/antlr/antlr4-runtime/4.13.0/antlr4-runtime-4.13.0.jar:/home/miaro/.m2/repository/org/springframework/data/spring-data-jpa/3.2.2/spring-data-jpa-3.2.2.jar:/home/miaro/.m2/repository/org/springframework/data/spring-data-commons/3.2.2/spring-data-commons-3.2.2.jar:/home/miaro/.m2/repository/org/springframew
Launcher Type: SUN_STANDARD

[Global flags]
     intx CICompilerCount                          = 4                                         {product} {ergonomic}
     uint ConcGCThreads                            = 2                                         {product} {ergonomic}
     uint G1ConcRefinementThreads                  = 8                                         {product} {ergonomic}
   size_t G1HeapRegionSize                         = 2097152                                   {product} {ergonomic}
    uintx GCDrainStackTargetSize                   = 64                                        {product} {ergonomic}
   size_t InitialHeapSize                          = 262144000                                 {product} {ergonomic}
   size_t MarkStackSize                            = 4194304                                   {product} {ergonomic}
   size_t MaxHeapSize                              = 4162846720                                {product} {ergonomic}
   size_t MaxNewSize                               = 2497708032                                {product} {ergonomic}
   size_t MinHeapDeltaBytes                        = 2097152                                   {product} {ergonomic}
   size_t MinHeapSize                              = 8388608                                   {product} {ergonomic}
    uintx NonProfiledCodeHeapSize                  = 0                                      {pd product} {ergonomic}
     bool ProfileInterpreter                       = false                                  {pd product} {command line}
    uintx ProfiledCodeHeapSize                     = 0                                      {pd product} {ergonomic}
   size_t SoftMaxHeapSize                          = 4162846720                             {manageable} {ergonomic}
     intx TieredStopAtLevel                        = 1                                         {product} {command line}
     bool UseCompressedClassPointers               = true                           {product lp64_product} {ergonomic}
     bool UseCompressedOops                        = true                           {product lp64_product} {ergonomic}
     bool UseG1GC                                  = true                                      {product} {ergonomic}

Logging:
Log output configuration:
 #0: stdout all=warning uptime,level,tags
 #1: stderr all=off uptime,level,tags

Environment Variables:
_JAVA_OPTIONS=-Dawt.useSystemAAFontSettings=on -Dswing.aatext=true
CLASSPATH=/home/miaro/Documents/lib_jar/postgresql-42.5.0.jar:/home/miaro/Programs(Installed)/Komodo-Edit-12/bin
PATH=/home/miaro/.cache/activestate/bin:/home/miaro/.komodoide/12.0/XRE/state/bin:/home/miaro/.sdkman/candidates/springboot/current/bin:/usr/local/sbin:/usr/sbin:/sbin:/usr/local/bin:/usr/bin:/bin:/usr/local/games:/usr/games:/snap/bin:/home/miaro/.dotnet/tools
SHELL=/usr/bin/zsh
DISPLAY=:1
LANG=en_US.UTF-8
TERM=xterm-256color

Active Locale:
LC_ALL=en_US.UTF-8
LC_COLLATE=en_US.UTF-8
LC_CTYPE=en_US.UTF-8
LC_MESSAGES=en_US.UTF-8
LC_MONETARY=en_US.UTF-8
LC_NUMERIC=en_US.UTF-8
LC_TIME=en_US.UTF-8

Signal Handlers:
   SIGSEGV: crash_handler in libjvm.so, mask=11100100010111111101111111111110, flags=SA_RESTART|SA_SIGINFO, unblocked
    SIGBUS: crash_handler in libjvm.so, mask=11100100010111111101111111111110, flags=SA_RESTART|SA_SIGINFO, unblocked
    SIGFPE: crash_handler in libjvm.so, mask=11100100010111111101111111111110, flags=SA_RESTART|SA_SIGINFO, unblocked
   SIGPIPE: javaSignalHandler in libjvm.so, mask=11100100010111111101111111111110, flags=SA_RESTART|SA_SIGINFO, blocked
   SIGXFSZ: javaSignalHandler in libjvm.so, mask=11100100010111111101111111111110, flags=SA_RESTART|SA_SIGINFO, blocked
    SIGILL: crash_handler in libjvm.so, mask=11100100010111111101111111111110, flags=SA_RESTART|SA_SIGINFO, unblocked
   SIGUSR2: SR_handler in libjvm.so, mask=00100000000000000000000000000000, flags=SA_RESTART|SA_SIGINFO, blocked
    SIGHUP: UserHandler in libjvm.so, mask=11100100010111111101111111111110, flags=SA_RESTART|SA_SIGINFO, blocked
    SIGINT: UserHandler in libjvm.so, mask=11100100010111111101111111111110, flags=SA_RESTART|SA_SIGINFO, blocked
   SIGTERM: UserHandler in libjvm.so, mask=11100100010111111101111111111110, flags=SA_RESTART|SA_SIGINFO, blocked
   SIGQUIT: UserHandler in libjvm.so, mask=11100100010111111101111111111110, flags=SA_RESTART|SA_SIGINFO, blocked
   SIGTRAP: crash_handler in libjvm.so, mask=11100100010111111101111111111110, flags=SA_RESTART|SA_SIGINFO, unblocked


Periodic native trim disabled


---------------  S Y S T E M  ---------------

OS:
PRETTY_NAME="Kali GNU/Linux Rolling"
NAME="Kali GNU/Linux"
VERSION_ID="2023.3"
VERSION="2023.3"
VERSION_CODENAME=kali-rolling
ID=kali
ID_LIKE=debian
HOME_URL="https://www.kali.org/"
SUPPORT_URL="https://forums.kali.org/"
BUG_REPORT_URL="https://bugs.kali.org/"
ANSI_COLOR="1;31"
uname: Linux 6.5.0-kali3-amd64 #1 SMP PREEMPT_DYNAMIC Debian 6.5.6-1kali1 (2023-10-09) x86_64
OS uptime: 0 days 0:45 hours
libc: glibc 2.37 NPTL 2.37 
rlimit (soft/hard): STACK 8192k/infinity , CORE 0k/infinity , NPROC 63171/63171 , NOFILE 1048576/1048576 , AS infinity/infinity , CPU infinity/infinity , DATA infinity/infinity , FSIZE infinity/infinity , MEMLOCK 2031888k/2031888k
load average: 1.09 1.31 1.17

/proc/meminfo:
MemTotal:       16255112 kB
MemFree:         3843880 kB
MemAvailable:    6530172 kB
Buffers:          196880 kB
Cached:          5076252 kB
SwapCached:            0 kB
Active:          7855024 kB
Inactive:        2141308 kB
Active(anon):    6498500 kB
Inactive(anon):   627532 kB
Active(file):    1356524 kB
Inactive(file):  1513776 kB
Unevictable:     1814640 kB
Mlocked:              96 kB
SwapTotal:       6836220 kB
SwapFree:        6836220 kB
Zswap:                 0 kB
Zswapped:              0 kB
Dirty:               484 kB
Writeback:             0 kB
AnonPages:       6444024 kB
Mapped:          1377068 kB
Shmem:           2402564 kB
KReclaimable:     146036 kB
Slab:             311196 kB
SReclaimable:     146036 kB
SUnreclaim:       165160 kB
KernelStack:       26928 kB
PageTables:        76908 kB
SecPageTables:         0 kB
NFS_Unstable:          0 kB
Bounce:                0 kB
WritebackTmp:          0 kB
CommitLimit:    14963776 kB
Committed_AS:   22581820 kB
VmallocTotal:   34359738367 kB
VmallocUsed:       87276 kB
VmallocChunk:          0 kB
Percpu:             7072 kB
HardwareCorrupted:     0 kB
AnonHugePages:   2531328 kB
ShmemHugePages:  1589248 kB
ShmemPmdMapped:        0 kB
FileHugePages:         0 kB
FilePmdMapped:         0 kB
Unaccepted:            0 kB
HugePages_Total:       0
HugePages_Free:        0
HugePages_Rsvd:        0
HugePages_Surp:        0
Hugepagesize:       2048 kB
Hugetlb:               0 kB
DirectMap4k:      180884 kB
DirectMap2M:     5992448 kB
DirectMap1G:    10485760 kB

/sys/kernel/mm/transparent_hugepage/enabled: [always] madvise never
/sys/kernel/mm/transparent_hugepage/defrag (defrag/compaction efforts parameter): always defer defer+madvise [madvise] never

Process Memory:
Virtual Size: 8999632K (peak: 8999632K)
Resident Set Size: 344288K (peak: 349956K) (anon: 322104K, file: 22184K, shmem: 0K)
Swapped out: 0K
C-Heap outstanding allocations: 66668K, retained: 51456K
glibc malloc tunables: (default)

/proc/sys/kernel/threads-max (system-wide limit on the number of threads): 126342
/proc/sys/vm/max_map_count (maximum number of memory map areas a process may have): 65530
/proc/sys/kernel/pid_max (system-wide limit on number of process identifiers): 4194304

container (cgroup) information:
container_type: cgroupv2
cpu_cpuset_cpus: not supported
cpu_memory_nodes: not supported
active_processor_count: 8
cpu_quota: not supported
cpu_period: not supported
cpu_shares: not supported
memory_limit_in_bytes: unlimited
memory_and_swap_limit_in_bytes: unlimited
memory_soft_limit_in_bytes: unlimited
memory_usage_in_bytes: 792192 k
memory_max_usage_in_bytes: not supported
memory_swap_current_in_bytes: unlimited
memory_swap_max_limit_in_bytes: unlimited
maximum number of tasks: 18951
current number of tasks: 71

Steal ticks since vm start: 0
Steal ticks percentage since vm start:  0.000

CPU: total 8 (initial active 8) (4 cores per cpu, 2 threads per core) family 6 model 158 stepping 9 microcode 0xf4, cx8, cmov, fxsr, ht, mmx, 3dnowpref, sse, sse2, sse3, ssse3, sse4.1, sse4.2, popcnt, lzcnt, tsc, tscinvbit, avx, avx2, aes, erms, clmul, bmi1, bmi2, adx, fma, vzeroupper, clflush, clflushopt
CPU Model and flags from /proc/cpuinfo:
model name	: Intel(R) Core(TM) i7-7700HQ CPU @ 2.80GHz
flags		: fpu vme de pse tsc msr pae mce cx8 apic sep mtrr pge mca cmov pat pse36 clflush dts acpi mmx fxsr sse sse2 ss ht tm pbe syscall nx pdpe1gb rdtscp lm constant_tsc art arch_perfmon pebs bts rep_good nopl xtopology nonstop_tsc cpuid aperfmperf pni pclmulqdq dtes64 monitor ds_cpl vmx est tm2 ssse3 sdbg fma cx16 xtpr pdcm pcid sse4_1 sse4_2 x2apic movbe popcnt tsc_deadline_timer aes xsave avx f16c rdrand lahf_lm abm 3dnowprefetch cpuid_fault epb invpcid_single pti ssbd ibrs ibpb stibp tpr_shadow flexpriority ept vpid ept_ad fsgsbase tsc_adjust bmi1 avx2 smep bmi2 erms invpcid mpx rdseed adx smap clflushopt intel_pt xsaveopt xsavec xgetbv1 xsaves dtherm ida arat pln pts hwp hwp_notify hwp_act_window hwp_epp vnmi md_clear flush_l1d arch_capabilities

Online cpus: 0-7
Offline cpus: 
BIOS frequency limitation: <Not Available>
Frequency switch latency (ns): 0
Available cpu frequencies: <Not Available>
Current governor: powersave
Core performance/turbo boost: <Not Available>

Memory: 4k page, physical 16255112k(3843880k free), swap 6836220k(6836220k free)
Page Sizes: 4k

vm_info: OpenJDK 64-Bit Server VM (17.0.9+9-Debian-2) for linux-amd64 JRE (17.0.9+9-Debian-2), built on Nov  2 2023 16:48:51 by "buildd" with gcc 13.2.0

END.
