#
# A fatal error has been detected by the Java Runtime Environment:
#
#  Internal Error (relocInfo_x86.cpp:106), pid=16202, tid=16230
#  Error: ShouldNotReachHere()
#
# JRE version: OpenJDK Runtime Environment (17.0.9+9) (build 17.0.9+9-Debian-2)
# Java VM: OpenJDK 64-Bit Server VM (17.0.9+9-Debian-2, mixed mode, emulated-client, sharing, tiered, compressed oops, compressed class ptrs, g1 gc, linux-amd64)
# Problematic frame:
# V  [libjvm.so+0xcd7962]  Relocation::pd_call_destination(unsigned char*)+0xa2
#
# Core dump will be written. Default location: Core dumps may be processed with "/lib/systemd/systemd-coredump %P %u %g %s %t 9223372036854775808 %h" (or dumping to /home/miaro/Fianarana/ITU/S5/Mr_Rojo/autotrader/core.16202)
#
# If you would like to submit a bug report, please visit:
#   https://bugs.debian.org/openjdk-17
#

---------------  S U M M A R Y ------------

Command Line: -XX:TieredStopAtLevel=1 -Dawt.useSystemAAFontSettings=on -Dswing.aatext=true org.autotrader.AutotraderApplication

Host: Intel(R) Core(TM) i7-7700HQ CPU @ 2.80GHz, 8 cores, 15G, Kali GNU/Linux Rolling
Time: Fri Feb  9 13:14:19 2024 +0530 elapsed time: 3.454260 seconds (0d 0h 0m 3s)

---------------  T H R E A D  ---------------

Current thread (0x00007f1688191d30):  JavaThread "C1 CompilerThread2" daemon [_thread_in_vm, id=16230, stack(0x00007f16f15fb000,0x00007f16f16fb000)]


Current CompileTask:
C1:   3454 5585   !   1       org.springframework.util.ConcurrentReferenceHashMap$Segment::restructure (411 bytes)

Stack: [0x00007f16f15fb000,0x00007f16f16fb000],  sp=0x00007f16f16f8e20,  free space=1015k
Native frames: (J=compiled Java code, j=interpreted, Vv=VM code, C=native code)
V  [libjvm.so+0xcd7962]  Relocation::pd_call_destination(unsigned char*)+0xa2
V  [libjvm.so+0xcd46d6]  CallRelocation::fix_relocation_after_move(CodeBuffer const*, CodeBuffer*)+0x56
V  [libjvm.so+0x5aafda]  CodeBuffer::relocate_code_to(CodeBuffer*) const+0x22a
V  [libjvm.so+0x5aba9e]  CodeBuffer::copy_code_to(CodeBlob*)+0x17e
V  [libjvm.so+0xbfdbc5]  nmethod::nmethod(Method*, CompilerType, int, int, int, CodeOffsets*, int, DebugInformationRecorder*, Dependencies*, CodeBuffer*, int, OopMapSet*, ExceptionHandlerTable*, ImplicitExceptionTable*, AbstractCompiler*, int, GrowableArrayView<RuntimeStub*> const&, char*, int, int)+0x3a5
V  [libjvm.so+0xbfdf50]  nmethod::new_nmethod(methodHandle const&, int, int, CodeOffsets*, int, DebugInformationRecorder*, Dependencies*, CodeBuffer*, int, OopMapSet*, ExceptionHandlerTable*, ImplicitExceptionTable*, AbstractCompiler*, int, GrowableArrayView<RuntimeStub*> const&, char*, int, int, char const*, FailedSpeculation**)+0x1d0
V  [libjvm.so+0x54b211]  ciEnv::register_method(ciMethod*, int, CodeOffsets*, int, CodeBuffer*, int, OopMapSet*, ExceptionHandlerTable*, ImplicitExceptionTable*, AbstractCompiler*, bool, bool, RTMState, GrowableArrayView<RuntimeStub*> const&)+0x3f1
V  [libjvm.so+0x46736b]  Compilation::install_code(int)+0xab
V  [libjvm.so+0x46854d]  Compilation::compile_method()+0x27d
V  [libjvm.so+0x4687ae]  Compilation::Compilation(AbstractCompiler*, ciEnv*, ciMethod*, int, BufferBlob*, bool, DirectiveSet*)+0x20e
V  [libjvm.so+0x46933a]  Compiler::compile_method(ciEnv*, ciMethod*, int, bool, DirectiveSet*)+0xba
V  [libjvm.so+0x5e4c46]  CompileBroker::invoke_compiler_on_method(CompileTask*)+0xd96
V  [libjvm.so+0x5e59f0]  CompileBroker::compiler_thread_loop()+0x6a0
V  [libjvm.so+0xeb411d]  JavaThread::thread_main_inner()+0xdd
V  [libjvm.so+0xeb7dcf]  Thread::call_run()+0xbf
V  [libjvm.so+0xc3d269]  thread_native_entry(Thread*)+0xe9

Registers:
RAX=0x00007f171bf0a000, RBX=0xffffffffff7ca5a0, RCX=0x00007f171ba54570, RDX=0x00000000000000e0
RSP=0x00007f16f16f8e20, RBP=0x00007f16f16f8e30, RSI=0x000000000000006a, RDI=0x00007f171b833bd8
R8 =0x00007f1709f39ad0, R9 =0x0000000000001f87, R10=0x00007f168804b77c, R11=0x0000000000000000
R12=0x00007f16f16f8f10, R13=0x00007f16f16f9700, R14=0x00007f1709f39ade, R15=0x00007f16f16f8f80
RIP=0x00007f171b4d7962, EFLAGS=0x0000000000010282, CSGSFS=0x002b000000000033, ERR=0x0000000000000006
  TRAPNO=0x000000000000000e


Register to memory mapping:

RAX=0x00007f171bf0a000 points into unknown readable memory: 0x0000000000000058 | 58 00 00 00 00 00 00 00
RBX=0xffffffffff7ca5a0 is an unknown value
RCX=0x00007f171ba54570: <offset 0x0000000001254570> in /usr/lib/jvm/java-17-openjdk-amd64/lib/server/libjvm.so at 0x00007f171a800000
RDX=0x00000000000000e0 is an unknown value
RSP=0x00007f16f16f8e20 is pointing into the stack for thread: 0x00007f1688191d30
RBP=0x00007f16f16f8e30 is pointing into the stack for thread: 0x00007f1688191d30
RSI=0x000000000000006a is an unknown value
RDI=0x00007f171b833bd8: <offset 0x0000000001033bd8> in /usr/lib/jvm/java-17-openjdk-amd64/lib/server/libjvm.so at 0x00007f171a800000
R8 =0x00007f1709f39ad0 is at entry_point+3056 in (nmethod*)0x00007f1709f38b90
Compiled method (c1)    3456 5585   !   1       org.springframework.util.ConcurrentReferenceHashMap$Segment::restructure (411 bytes)
 total in heap  [0x00007f1709f38b90,0x00007f1709f3b070] = 9440
 relocation     [0x00007f1709f38cf0,0x00007f1709f38ee0] = 496
 main code      [0x00007f1709f38ee0,0x00007f1709f39e40] = 3936
 stub code      [0x00007f1709f39e40,0x00007f1709f39fd0] = 400
 oops           [0x00007f1709f39fd0,0x00007f1709f39fe0] = 16
 metadata       [0x00007f1709f39fe0,0x00007f1709f3a090] = 176
 scopes data    [0x00007f1709f3a090,0x00007f1709f3a7a0] = 1808
 scopes pcs     [0x00007f1709f3a7a0,0x00007f1709f3ab80] = 992
 dependencies   [0x00007f1709f3ab80,0x00007f1709f3ab98] = 24
 handler table  [0x00007f1709f3ab98,0x00007f1709f3afb8] = 1056
 nul chk table  [0x00007f1709f3afb8,0x00007f1709f3b070] = 184
R9 =0x0000000000001f87 is an unknown value
R10=0x00007f168804b77c points into unknown readable memory: 01 00 00 00
R11=0x0 is NULL
R12=0x00007f16f16f8f10 is pointing into the stack for thread: 0x00007f1688191d30
R13=0x00007f16f16f9700 is pointing into the stack for thread: 0x00007f1688191d30
R14=0x00007f1709f39ade is at entry_point+3070 in (nmethod*)0x00007f1709f38b90
Compiled method (c1)    3457 5585   !   1       org.springframework.util.ConcurrentReferenceHashMap$Segment::restructure (411 bytes)
 total in heap  [0x00007f1709f38b90,0x00007f1709f3b070] = 9440
 relocation     [0x00007f1709f38cf0,0x00007f1709f38ee0] = 496
 main code      [0x00007f1709f38ee0,0x00007f1709f39e40] = 3936
 stub code      [0x00007f1709f39e40,0x00007f1709f39fd0] = 400
 oops           [0x00007f1709f39fd0,0x00007f1709f39fe0] = 16
 metadata       [0x00007f1709f39fe0,0x00007f1709f3a090] = 176
 scopes data    [0x00007f1709f3a090,0x00007f1709f3a7a0] = 1808
 scopes pcs     [0x00007f1709f3a7a0,0x00007f1709f3ab80] = 992
 dependencies   [0x00007f1709f3ab80,0x00007f1709f3ab98] = 24
 handler table  [0x00007f1709f3ab98,0x00007f1709f3afb8] = 1056
 nul chk table  [0x00007f1709f3afb8,0x00007f1709f3b070] = 184
R15=0x00007f16f16f8f80 is pointing into the stack for thread: 0x00007f1688191d30


Top of Stack: (sp=0x00007f16f16f8e20)
0x00007f16f16f8e20:   00007f171b7c1f87 0000000000000001
0x00007f16f16f8e30:   00007f16f16f8e70 00007f171b4d46d6
0x00007f16f16f8e40:   00007f16f16f8e70 00007f16f16f8f80
0x00007f16f16f8e50:   00007f16f16f9700 0000000000000058
0x00007f16f16f8e60:   00007f16f16f8ea0 00007f1709f39fce
0x00007f16f16f8e70:   00007f16f16f8f70 00007f171adaafda
0x00007f16f16f8e80:   00007f164c040080 00007f16f16f9078
0x00007f16f16f8e90:   000010f0f16f92a0 00007f1709f38ee0
0x00007f16f16f8ea0:   0000000000000000 00007f168804b70a
0x00007f16f16f8eb0:   00007f168804b77c 0000000000000000
0x00007f16f16f8ec0:   00007f1709f39ade 000000000000000a
0x00007f16f16f8ed0:   00007f168804b702 00007f171bd70000
0x00007f16f16f8ee0:   00007f1709f38ee0 00007f1709f38ee0
0x00007f16f16f8ef0:   00007f1709f39e40 00007f1709f38ee0
0x00007f16f16f8f00:   00007f1709f39e35 00007f1709f39fce
0x00007f16f16f8f10:   00007f171ba54570 00007f16f16f8ea0
0x00007f16f16f8f20:   0000000000000006 00007f171b7c1f87
0x00007f16f16f8f30:   0000000000000000 00007f164c040080
0x00007f16f16f8f40:   00007f168804b670 00007f16f16f8f80
0x00007f16f16f8f50:   00007f16f16f9700 00007f1709f38b90
0x00007f16f16f8f60:   00007f16f16f96e0 00007f166c03d6a0
0x00007f16f16f8f70:   00007f16f16f9130 00007f171adaba9e
0x00007f16f16f8f80:   00007f171b7da10b 00007f1709f38ee0
0x00007f16f16f8f90:   0000000000000000 00007f1709f38ee0
0x00007f16f16f8fa0:   00007f1709f38ee0 0000000000000000
0x00007f16f16f8fb0:   0000000000000000 0000000000000000
0x00007f16f16f8fc0:   00007f1709f38ee0 00007f1688000000
0x00007f16f16f8fd0:   00007f16f16f8f80 00007f1709f38ee0
0x00007f16f16f8fe0:   0000000000000000 00007f1709f39e35
0x00007f16f16f8ff0:   00007f1709f39e40 00007f168804b680
0x00007f16f16f9000:   00007f168804b77c 00007f168804b77c
0x00007f16f16f9010:   00007f1709f39e30 00007f171a010000 

Instructions: (pc=0x00007f171b4d7962)
0x00007f171b4d7862:   00 e9 a8 fe ff ff 0f 1f 84 00 00 00 00 00 41 8b
0x00007f171b4d7872:   75 00 31 c0 48 85 db 74 13 48 8d 15 9e ea 61 00
0x00007f171b4d7882:   48 89 d8 8b 4a 08 48 2b 02 48 d3 e8 39 c6 0f 84
0x00007f171b4d7892:   7a fe ff ff 48 8d 05 ab ea 61 00 48 8d 0d c5 6e
0x00007f171b4d78a2:   30 00 be 3f 00 00 00 48 8d 15 80 c3 35 00 48 8b
0x00007f171b4d78b2:   00 c6 00 58 e9 e1 fe ff ff 90 0f 1f 40 00 f3 0f
0x00007f171b4d78c2:   1e fa 55 31 d2 48 89 e5 53 48 89 d3 48 83 ec 08
0x00007f171b4d78d2:   48 8b 47 08 48 8b 78 20 48 89 f0 48 29 f8 48 85
0x00007f171b4d78e2:   f6 48 0f 45 d8 0f b6 07 3c e8 0f 84 8e 00 00 00
0x00007f171b4d78f2:   89 c2 83 e2 fd 80 fa e9 75 24 48 63 47 01 48 c7
0x00007f171b4d7902:   c2 ff ff ff ff 48 8d 44 07 05 48 39 f8 48 0f 44
0x00007f171b4d7912:   c2 48 01 d8 48 8b 5d f8 c9 c3 0f 1f 40 00 8b 17
0x00007f171b4d7922:   81 e2 ff f0 00 00 81 fa 0f 80 00 00 74 60 89 c2
0x00007f171b4d7932:   83 e2 f0 80 fa 70 74 56 83 e8 48 3c 01 77 0b 0f
0x00007f171b4d7942:   b6 47 01 83 e0 f8 3c b8 74 54 48 8d 05 f5 e9 61
0x00007f171b4d7952:   00 be 6a 00 00 00 48 8d 3d 79 c2 35 00 48 8b 00
0x00007f171b4d7962:   c6 00 58 e8 c6 97 93 ff e8 a1 03 f6 ff 48 8b 5d
0x00007f171b4d7972:   f8 31 c0 c9 c3 66 0f 1f 84 00 00 00 00 00 e8 cb
0x00007f171b4d7982:   0b f2 ff 48 01 d8 48 8b 5d f8 c9 c3 66 90 e8 db
0x00007f171b4d7992:   1a f2 ff 48 01 d8 48 8b 5d f8 c9 c3 66 90 48 8b
0x00007f171b4d79a2:   47 02 e9 6d ff ff ff 90 66 0f 1f 44 00 00 f3 0f
0x00007f171b4d79b2:   1e fa 55 48 89 e5 41 55 41 54 49 89 f4 53 48 83
0x00007f171b4d79c2:   ec 08 48 8b 47 08 48 8b 58 20 0f b6 03 3c e8 0f
0x00007f171b4d79d2:   84 d9 00 00 00 89 c2 83 e2 fd 80 fa e9 75 4f 48
0x00007f171b4d79e2:   63 43 01 48 8d 44 03 05 48 83 f8 ff 0f 84 ac 00
0x00007f171b4d79f2:   00 00 48 39 c3 0f 84 a3 00 00 00 48 8d 53 05 48
0x00007f171b4d7a02:   89 f0 48 29 d0 49 83 fc ff 48 c7 c2 fb ff ff ff
0x00007f171b4d7a12:   be 01 00 00 00 48 0f 44 c2 89 43 01 48 83 c4 08
0x00007f171b4d7a22:   48 89 df 5b 41 5c 41 5d 5d e9 90 07 f2 ff 8b 13
0x00007f171b4d7a32:   49 89 fd 81 e2 ff f0 00 00 81 fa 0f 80 00 00 0f
0x00007f171b4d7a42:   84 c1 00 00 00 89 c2 83 e2 f0 80 fa 70 0f 84 b3
0x00007f171b4d7a52:   00 00 00 83 e8 48 3c 01 77 0f 0f b6 43 01 83 e0 


Stack slot to memory mapping:
stack at sp + 0 slots: 0x00007f171b7c1f87: <offset 0x0000000000fc1f87> in /usr/lib/jvm/java-17-openjdk-amd64/lib/server/libjvm.so at 0x00007f171a800000
stack at sp + 1 slots: 0x0000000000000001 is an unknown value
stack at sp + 2 slots: 0x00007f16f16f8e70 is pointing into the stack for thread: 0x00007f1688191d30
stack at sp + 3 slots: 0x00007f171b4d46d6: <offset 0x0000000000cd46d6> in /usr/lib/jvm/java-17-openjdk-amd64/lib/server/libjvm.so at 0x00007f171a800000
stack at sp + 4 slots: 0x00007f16f16f8e70 is pointing into the stack for thread: 0x00007f1688191d30
stack at sp + 5 slots: 0x00007f16f16f8f80 is pointing into the stack for thread: 0x00007f1688191d30
stack at sp + 6 slots: 0x00007f16f16f9700 is pointing into the stack for thread: 0x00007f1688191d30
stack at sp + 7 slots: 0x0000000000000058 is an unknown value


---------------  P R O C E S S  ---------------

Threads class SMR info:
_java_thread_list=0x00007f162c005b20, length=18, elements={
0x00007f1714016ed0, 0x00007f171417b850, 0x00007f171417cc40, 0x00007f17141821a0,
0x00007f1714183560, 0x00007f1714184980, 0x00007f1714185f00, 0x00007f1714187370,
0x00007f171418f510, 0x00007f1714193450, 0x00007f168805c670, 0x00007f17148c9100,
0x00007f1654002bf0, 0x00007f1688191d30, 0x00007f166c16bb00, 0x00007f1658c6a090,
0x00007f1658c6bc90, 0x00007f162c004b70
}

Java Threads: ( => current thread )
  0x00007f1714016ed0 JavaThread "main" [_thread_blocked, id=16203, stack(0x00007f171a700000,0x00007f171a800000)]
  0x00007f171417b850 JavaThread "Reference Handler" daemon [_thread_blocked, id=16211, stack(0x00007f1700c3a000,0x00007f1700d3a000)]
  0x00007f171417cc40 JavaThread "Finalizer" daemon [_thread_blocked, id=16212, stack(0x00007f1700b3a000,0x00007f1700c3a000)]
  0x00007f17141821a0 JavaThread "Signal Dispatcher" daemon [_thread_blocked, id=16213, stack(0x00007f1700700000,0x00007f1700800000)]
  0x00007f1714183560 JavaThread "Service Thread" daemon [_thread_blocked, id=16214, stack(0x00007f1700600000,0x00007f1700700000)]
  0x00007f1714184980 JavaThread "Monitor Deflation Thread" daemon [_thread_blocked, id=16215, stack(0x00007f1700500000,0x00007f1700600000)]
  0x00007f1714185f00 JavaThread "C1 CompilerThread0" daemon [_thread_blocked, id=16216, stack(0x00007f1700400000,0x00007f1700500000)]
  0x00007f1714187370 JavaThread "Sweeper thread" daemon [_thread_blocked, id=16217, stack(0x00007f1700300000,0x00007f1700400000)]
  0x00007f171418f510 JavaThread "Notification Thread" daemon [_thread_blocked, id=16218, stack(0x00007f1700200000,0x00007f1700300000)]
  0x00007f1714193450 JavaThread "Common-Cleaner" daemon [_thread_blocked, id=16220, stack(0x00007f16f1f00000,0x00007f16f2000000)]
  0x00007f168805c670 JavaThread "C1 CompilerThread1" daemon [_thread_blocked, id=16221, stack(0x00007f16f1e00000,0x00007f16f1f00000)]
  0x00007f17148c9100 JavaThread "Thread-0" [_thread_blocked, id=16228, stack(0x00007f16f17fb000,0x00007f16f18fb000)]
  0x00007f1654002bf0 JavaThread "restartedMain" [_thread_blocked, id=16229, stack(0x00007f16f16fb000,0x00007f16f17fb000)]
=>0x00007f1688191d30 JavaThread "C1 CompilerThread2" daemon [_thread_in_vm, id=16230, stack(0x00007f16f15fb000,0x00007f16f16fb000)]
  0x00007f166c16bb00 JavaThread "C1 CompilerThread3" daemon [_thread_blocked, id=16231, stack(0x00007f16f14fb000,0x00007f16f15fb000)]
  0x00007f1658c6a090 JavaThread "PostgreSQL-JDBC-Cleaner" daemon [_thread_blocked, id=16241, stack(0x00007f16f13fb000,0x00007f16f14fb000)]
  0x00007f1658c6bc90 JavaThread "HikariPool-1 housekeeper" daemon [_thread_blocked, id=16242, stack(0x00007f16f0df6000,0x00007f16f0ef6000)]
  0x00007f162c004b70 JavaThread "HikariPool-1 connection adder" daemon [_thread_blocked, id=16243, stack(0x00007f16f0cf6000,0x00007f16f0df6000)]

Other Threads:
  0x00007f17141778b0 VMThread "VM Thread" [stack: 0x00007f1700d3b000,0x00007f1700e3b000] [id=16210]
  0x00007f1714191260 WatcherThread [stack: 0x00007f1700100000,0x00007f1700200000] [id=16219]
  0x00007f1714081cf0 GCTaskThread "GC Thread#0" [stack: 0x00007f1718335000,0x00007f1718435000] [id=16204]
  0x00007f169c005e90 GCTaskThread "GC Thread#1" [stack: 0x00007f16f1d00000,0x00007f16f1e00000] [id=16223]
  0x00007f169c0068a0 GCTaskThread "GC Thread#2" [stack: 0x00007f16f1bff000,0x00007f16f1cff000] [id=16224]
  0x00007f169c0072b0 GCTaskThread "GC Thread#3" [stack: 0x00007f16f1afe000,0x00007f16f1bfe000] [id=16225]
  0x00007f169c007cc0 GCTaskThread "GC Thread#4" [stack: 0x00007f16f19fd000,0x00007f16f1afd000] [id=16226]
  0x00007f169c0086d0 GCTaskThread "GC Thread#5" [stack: 0x00007f16f18fc000,0x00007f16f19fc000] [id=16227]
  0x00007f169c00c440 GCTaskThread "GC Thread#6" [stack: 0x00007f16f12fb000,0x00007f16f13fb000] [id=16233]
  0x00007f169c00cb60 GCTaskThread "GC Thread#7" [stack: 0x00007f16f11fa000,0x00007f16f12fa000] [id=16234]
  0x00007f1714092b10 ConcurrentGCThread "G1 Main Marker" [stack: 0x00007f1718234000,0x00007f1718334000] [id=16205]
  0x00007f1714093a80 ConcurrentGCThread "G1 Conc#0" [stack: 0x00007f1718133000,0x00007f1718233000] [id=16206]
  0x00007f16f4000ea0 ConcurrentGCThread "G1 Conc#1" [stack: 0x00007f16f10f9000,0x00007f16f11f9000] [id=16237]
  0x00007f17141486c0 ConcurrentGCThread "G1 Refine#0" [stack: 0x00007f17010ea000,0x00007f17011ea000] [id=16208]
  0x00007f16ec000ea0 ConcurrentGCThread "G1 Refine#1" [stack: 0x00007f16f0ff8000,0x00007f16f10f8000] [id=16238]
  0x00007f1640000d60 ConcurrentGCThread "G1 Refine#2" [stack: 0x00007f16f0ef7000,0x00007f16f0ff7000] [id=16239]
  0x00007f17141495c0 ConcurrentGCThread "G1 Service" [stack: 0x00007f1700fe9000,0x00007f17010e9000] [id=16209]

Threads with active compile tasks:
C1 CompilerThread2     3461 5585   !   1       org.springframework.util.ConcurrentReferenceHashMap$Segment::restructure (411 bytes)

VM state: not at safepoint (normal execution)

VM Mutex/Monitor currently owned by a thread:  ([mutex/lock_event])
[0x00007f1714012d00] CodeCache_lock - owner thread: 0x00007f1688191d30
[0x00007f1714014fc0] Compile_lock - owner thread: 0x00007f1688191d30
[0x00007f17140151d0] MethodCompileQueue_lock - owner thread: 0x00007f1688191d30

Heap address: 0x0000000707e00000, size: 3970 MB, Compressed Oops mode: Zero based, Oop shift amount: 3

CDS archive(s) mapped at: [0x00007f16a3000000-0x00007f16a3bc6000-0x00007f16a3bc6000), size 12345344, SharedBaseAddress: 0x00007f16a3000000, ArchiveRelocationMode: 1.
Compressed class space mapped at: 0x00007f16a4000000-0x00007f16e4000000, reserved size: 1073741824
Narrow klass base: 0x00007f16a3000000, Narrow klass shift: 0, Narrow klass range: 0x100000000

GC Precious Log:
 CPUs: 8 total, 8 available
 Memory: 15874M
 Large Page Support: Disabled
 NUMA Support: Disabled
 Compressed Oops: Enabled (Zero based)
 Heap Region Size: 2M
 Heap Min Capacity: 8M
 Heap Initial Capacity: 250M
 Heap Max Capacity: 3970M
 Pre-touch: Disabled
 Parallel Workers: 8
 Concurrent Workers: 2
 Concurrent Refinement Workers: 8
 Periodic GC: Disabled

Heap:
 garbage-first heap   total 116736K, used 29580K [0x0000000707e00000, 0x0000000800000000)
  region size 2048K, 4 young (8192K), 2 survivors (4096K)
 Metaspace       used 55787K, committed 56256K, reserved 1114112K
  class space    used 8073K, committed 8320K, reserved 1048576K

Heap Regions: E=young(eden), S=young(survivor), O=old, HS=humongous(starts), HC=humongous(continues), CS=collection set, F=free, OA=open archive, CA=closed archive, TAMS=top-at-mark-start (previous, next)
|   0|0x0000000707e00000, 0x0000000708000000, 0x0000000708000000|100%| O|  |TAMS 0x0000000708000000, 0x0000000707e00000| Untracked 
|   1|0x0000000708000000, 0x0000000708200000, 0x0000000708200000|100%| O|  |TAMS 0x0000000708200000, 0x0000000708000000| Untracked 
|   2|0x0000000708200000, 0x0000000708400000, 0x0000000708400000|100%| O|  |TAMS 0x0000000708400000, 0x0000000708200000| Untracked 
|   3|0x0000000708400000, 0x00000007085db400, 0x0000000708600000| 92%| O|  |TAMS 0x00000007085db400, 0x0000000708400000| Untracked 
|   4|0x0000000708600000, 0x0000000708800000, 0x0000000708800000|100%| O|  |TAMS 0x0000000708800000, 0x0000000708600000| Untracked 
|   5|0x0000000708800000, 0x0000000708a00000, 0x0000000708a00000|100%| O|  |TAMS 0x0000000708a00000, 0x0000000708800000| Untracked 
|   6|0x0000000708a00000, 0x0000000708c00000, 0x0000000708c00000|100%| O|  |TAMS 0x0000000708c00000, 0x0000000708a00000| Untracked 
|   7|0x0000000708c00000, 0x0000000708e00000, 0x0000000708e00000|100%| O|  |TAMS 0x0000000708e00000, 0x0000000708c00000| Untracked 
|   8|0x0000000708e00000, 0x0000000709000000, 0x0000000709000000|100%| O|  |TAMS 0x0000000709000000, 0x0000000708e00000| Untracked 
|   9|0x0000000709000000, 0x0000000709200000, 0x0000000709200000|100%| O|  |TAMS 0x0000000709200000, 0x0000000709000000| Untracked 
|  10|0x0000000709200000, 0x0000000709200000, 0x0000000709400000|  0%| F|  |TAMS 0x0000000709200000, 0x0000000709200000| Untracked 
|  11|0x0000000709400000, 0x0000000709600000, 0x0000000709600000|100%| O|  |TAMS 0x0000000709600000, 0x0000000709400000| Untracked 
|  12|0x0000000709600000, 0x00000007096e4a00, 0x0000000709800000| 44%| O|  |TAMS 0x00000007096e4a00, 0x0000000709600000| Complete 
|  13|0x0000000709800000, 0x0000000709800000, 0x0000000709a00000|  0%| F|  |TAMS 0x0000000709800000, 0x0000000709800000| Untracked 
|  14|0x0000000709a00000, 0x0000000709a00000, 0x0000000709c00000|  0%| F|  |TAMS 0x0000000709a00000, 0x0000000709a00000| Untracked 
|  15|0x0000000709c00000, 0x0000000709c00000, 0x0000000709e00000|  0%| F|  |TAMS 0x0000000709c00000, 0x0000000709c00000| Untracked 
|  16|0x0000000709e00000, 0x0000000709e00000, 0x000000070a000000|  0%| F|  |TAMS 0x0000000709e00000, 0x0000000709e00000| Untracked 
|  17|0x000000070a000000, 0x000000070a000000, 0x000000070a200000|  0%| F|  |TAMS 0x000000070a000000, 0x000000070a000000| Untracked 
|  18|0x000000070a200000, 0x000000070a200000, 0x000000070a400000|  0%| F|  |TAMS 0x000000070a200000, 0x000000070a200000| Untracked 
|  19|0x000000070a400000, 0x000000070a400000, 0x000000070a600000|  0%| F|  |TAMS 0x000000070a400000, 0x000000070a400000| Untracked 
|  20|0x000000070a600000, 0x000000070a600000, 0x000000070a800000|  0%| F|  |TAMS 0x000000070a600000, 0x000000070a600000| Untracked 
|  21|0x000000070a800000, 0x000000070a800000, 0x000000070aa00000|  0%| F|  |TAMS 0x000000070a800000, 0x000000070a800000| Untracked 
|  22|0x000000070aa00000, 0x000000070aa37200, 0x000000070ac00000| 10%| S|CS|TAMS 0x000000070aa00000, 0x000000070aa00000| Complete 
|  23|0x000000070ac00000, 0x000000070ae00000, 0x000000070ae00000|100%| S|CS|TAMS 0x000000070ac00000, 0x000000070ac00000| Complete 
|  24|0x000000070ae00000, 0x000000070ae00000, 0x000000070b000000|  0%| F|  |TAMS 0x000000070ae00000, 0x000000070ae00000| Untracked 
|  25|0x000000070b000000, 0x000000070b000000, 0x000000070b200000|  0%| F|  |TAMS 0x000000070b000000, 0x000000070b000000| Untracked 
|  26|0x000000070b200000, 0x000000070b200000, 0x000000070b400000|  0%| F|  |TAMS 0x000000070b200000, 0x000000070b200000| Untracked 
|  27|0x000000070b400000, 0x000000070b400000, 0x000000070b600000|  0%| F|  |TAMS 0x000000070b400000, 0x000000070b400000| Untracked 
|  28|0x000000070b600000, 0x000000070b600000, 0x000000070b800000|  0%| F|  |TAMS 0x000000070b600000, 0x000000070b600000| Untracked 
|  29|0x000000070b800000, 0x000000070b800000, 0x000000070ba00000|  0%| F|  |TAMS 0x000000070b800000, 0x000000070b800000| Untracked 
|  30|0x000000070ba00000, 0x000000070ba00000, 0x000000070bc00000|  0%| F|  |TAMS 0x000000070ba00000, 0x000000070ba00000| Untracked 
|  31|0x000000070bc00000, 0x000000070bc00000, 0x000000070be00000|  0%| F|  |TAMS 0x000000070bc00000, 0x000000070bc00000| Untracked 
|  32|0x000000070be00000, 0x000000070be00000, 0x000000070c000000|  0%| F|  |TAMS 0x000000070be00000, 0x000000070be00000| Untracked 
|  33|0x000000070c000000, 0x000000070c000000, 0x000000070c200000|  0%| F|  |TAMS 0x000000070c000000, 0x000000070c000000| Untracked 
|  34|0x000000070c200000, 0x000000070c200000, 0x000000070c400000|  0%| F|  |TAMS 0x000000070c200000, 0x000000070c200000| Untracked 
|  35|0x000000070c400000, 0x000000070c400000, 0x000000070c600000|  0%| F|  |TAMS 0x000000070c400000, 0x000000070c400000| Untracked 
|  36|0x000000070c600000, 0x000000070c600000, 0x000000070c800000|  0%| F|  |TAMS 0x000000070c600000, 0x000000070c600000| Untracked 
|  37|0x000000070c800000, 0x000000070c800000, 0x000000070ca00000|  0%| F|  |TAMS 0x000000070c800000, 0x000000070c800000| Untracked 
|  38|0x000000070ca00000, 0x000000070ca00000, 0x000000070cc00000|  0%| F|  |TAMS 0x000000070ca00000, 0x000000070ca00000| Untracked 
|  39|0x000000070cc00000, 0x000000070cc00000, 0x000000070ce00000|  0%| F|  |TAMS 0x000000070cc00000, 0x000000070cc00000| Untracked 
|  40|0x000000070ce00000, 0x000000070ce00000, 0x000000070d000000|  0%| F|  |TAMS 0x000000070ce00000, 0x000000070ce00000| Untracked 
|  41|0x000000070d000000, 0x000000070d000000, 0x000000070d200000|  0%| F|  |TAMS 0x000000070d000000, 0x000000070d000000| Untracked 
|  42|0x000000070d200000, 0x000000070d200000, 0x000000070d400000|  0%| F|  |TAMS 0x000000070d200000, 0x000000070d200000| Untracked 
|  43|0x000000070d400000, 0x000000070d400000, 0x000000070d600000|  0%| F|  |TAMS 0x000000070d400000, 0x000000070d400000| Untracked 
|  44|0x000000070d600000, 0x000000070d600000, 0x000000070d800000|  0%| F|  |TAMS 0x000000070d600000, 0x000000070d600000| Untracked 
|  45|0x000000070d800000, 0x000000070d800000, 0x000000070da00000|  0%| F|  |TAMS 0x000000070d800000, 0x000000070d800000| Untracked 
|  46|0x000000070da00000, 0x000000070da00000, 0x000000070dc00000|  0%| F|  |TAMS 0x000000070da00000, 0x000000070da00000| Untracked 
|  47|0x000000070dc00000, 0x000000070dc00000, 0x000000070de00000|  0%| F|  |TAMS 0x000000070dc00000, 0x000000070dc00000| Untracked 
|  48|0x000000070de00000, 0x000000070de00000, 0x000000070e000000|  0%| F|  |TAMS 0x000000070de00000, 0x000000070de00000| Untracked 
|  49|0x000000070e000000, 0x000000070e000000, 0x000000070e200000|  0%| F|  |TAMS 0x000000070e000000, 0x000000070e000000| Untracked 
|  50|0x000000070e200000, 0x000000070e200000, 0x000000070e400000|  0%| F|  |TAMS 0x000000070e200000, 0x000000070e200000| Untracked 
|  51|0x000000070e400000, 0x000000070e400000, 0x000000070e600000|  0%| F|  |TAMS 0x000000070e400000, 0x000000070e400000| Untracked 
|  52|0x000000070e600000, 0x000000070e600000, 0x000000070e800000|  0%| F|  |TAMS 0x000000070e600000, 0x000000070e600000| Untracked 
|  53|0x000000070e800000, 0x000000070ea00000, 0x000000070ea00000|100%| E|  |TAMS 0x000000070e800000, 0x000000070e800000| Complete 
| 124|0x0000000717600000, 0x0000000717800000, 0x0000000717800000|100%| E|CS|TAMS 0x0000000717600000, 0x0000000717600000| Complete 
|1983|0x00000007ffc00000, 0x00000007ffd75000, 0x00000007ffe00000| 72%|OA|  |TAMS 0x00000007ffd75000, 0x00000007ffc00000| Untracked 
|1984|0x00000007ffe00000, 0x00000007ffe77000, 0x0000000800000000| 23%|CA|  |TAMS 0x00000007ffe77000, 0x00000007ffe00000| Untracked 

Card table byte_map: [0x00007f1718c76000,0x00007f1719437000] _byte_map_base: 0x00007f1715437000

Marking Bits (Prev, Next): (CMBitMap*) 0x00007f17140827c0, (CMBitMap*) 0x00007f1714082780
 Prev Bits: [0x00007f17017f0000, 0x00007f17055f8000)
 Next Bits: [0x00007f17055f8000, 0x00007f1709400000)

Polling page: 0x00007f171bf08000

Metaspace:

Usage:
  Non-class:     46.60 MB used.
      Class:      7.88 MB used.
       Both:     54.48 MB used.

Virtual space:
  Non-class space:       64.00 MB reserved,      46.81 MB ( 73%) committed,  1 nodes.
      Class space:        1.00 GB reserved,       8.12 MB ( <1%) committed,  1 nodes.
             Both:        1.06 GB reserved,      54.94 MB (  5%) committed. 

Chunk freelists:
   Non-Class:  1.00 MB
       Class:  7.81 MB
        Both:  8.81 MB

MaxMetaspaceSize: unlimited
CompressedClassSpaceSize: 1.00 GB
Initial GC threshold: 21.00 MB
Current GC threshold: 91.50 MB
CDS: on
MetaspaceReclaimPolicy: balanced
 - commit_granule_bytes: 65536.
 - commit_granule_words: 8192.
 - virtual_space_node_default_size: 8388608.
 - enlarge_chunks_in_place: 1.
 - new_chunks_are_fully_committed: 0.
 - uncommit_free_chunks: 1.
 - use_allocation_guard: 0.
 - handle_deallocations: 1.


Internal statistics:

num_allocs_failed_limit: 9.
num_arena_births: 646.
num_arena_deaths: 0.
num_vsnodes_births: 2.
num_vsnodes_deaths: 0.
num_space_committed: 879.
num_space_uncommitted: 0.
num_chunks_returned_to_freelist: 9.
num_chunks_taken_from_freelist: 2647.
num_chunk_merges: 9.
num_chunk_splits: 1912.
num_chunks_enlarged: 1470.
num_inconsistent_stats: 0.

CodeCache: size=49152Kb used=11500Kb max_used=11500Kb free=37651Kb
 bounds [0x00007f1709400000, 0x00007f1709f40000, 0x00007f170c400000]
 total_blobs=6245 nmethods=5591 adapters=577
 compilation: enabled
              stopped_count=0, restarted_count=0
 full_count=0

Compilation events (20 events):
Event: 3.450 Thread 0x00007f168805c670 5584       1       java.util.stream.FindOps$FindSink$OfRef::get (19 bytes)
Event: 3.450 Thread 0x00007f166c16bb00 nmethod 5582 0x00007f1709f36210 code [0x00007f1709f363a0, 0x00007f1709f36450]
Event: 3.450 Thread 0x00007f1688191d30 nmethod 5581 0x00007f1709f36510 code [0x00007f1709f366a0, 0x00007f1709f36750]
Event: 3.450 Thread 0x00007f1688191d30 5585   !   1       org.springframework.util.ConcurrentReferenceHashMap$Segment::restructure (411 bytes)
Event: 3.450 Thread 0x00007f1714185f00 nmethod 5583 0x00007f1709f36810 code [0x00007f1709f369c0, 0x00007f1709f36c20]
Event: 3.450 Thread 0x00007f168805c670 nmethod 5584 0x00007f1709f36d10 code [0x00007f1709f36ec0, 0x00007f1709f37120]
Event: 3.450 Thread 0x00007f166c16bb00 5586       1       java.util.stream.ReferencePipeline::findFirst (12 bytes)
Event: 3.450 Thread 0x00007f1714185f00 5587       1       java.util.stream.FindOps$FindSink$OfRef$$Lambda$38/0x800000049::get (8 bytes)
Event: 3.450 Thread 0x00007f1714185f00 nmethod 5587 0x00007f1709f37210 code [0x00007f1709f373a0, 0x00007f1709f374b0]
Event: 3.450 Thread 0x00007f166c16bb00 nmethod 5586 0x00007f1709f37510 code [0x00007f1709f376c0, 0x00007f1709f377e0]
Event: 3.450 Thread 0x00007f1714185f00 5588       1       org.springframework.data.repository.core.support.RepositoryComposition$RepositoryFragments$$Lambda$1190/0x00007f16a4828930::test (16 bytes)
Event: 3.450 Thread 0x00007f168805c670 5589       1       org.springframework.data.repository.core.support.RepositoryComposition$RepositoryFragments::lambda$findMethod$3 (9 bytes)
Event: 3.450 Thread 0x00007f166c16bb00 5590       1       org.springframework.data.repository.core.support.MethodLookup$InvokedMethod::getName (8 bytes)
Event: 3.450 Thread 0x00007f166c16bb00 nmethod 5590 0x00007f1709f37890 code [0x00007f1709f37a20, 0x00007f1709f37af0]
Event: 3.450 Thread 0x00007f168805c670 nmethod 5589 0x00007f1709f37b90 code [0x00007f1709f37d20, 0x00007f1709f37de0]
Event: 3.450 Thread 0x00007f1714185f00 nmethod 5588 0x00007f1709f37e90 code [0x00007f1709f38040, 0x00007f1709f38180]
Event: 3.450 Thread 0x00007f166c16bb00 5591       1       org.springframework.data.repository.core.support.MethodLookups$$Lambda$1171/0x00007f16a481fa10::test (6 bytes)
Event: 3.450 Thread 0x00007f1714185f00 5592       1       org.springframework.data.repository.core.support.MethodLookups::lambda$direct$0 (45 bytes)
Event: 3.450 Thread 0x00007f166c16bb00 nmethod 5591 0x00007f1709f38210 code [0x00007f1709f383a0, 0x00007f1709f38480]
Event: 3.451 Thread 0x00007f1714185f00 nmethod 5592 0x00007f1709f38510 code [0x00007f1709f386e0, 0x00007f1709f38930]

GC Heap History (20 events):
Event: 0.285 GC heap before
{Heap before GC invocations=0 (full 0):
 garbage-first heap   total 260096K, used 22448K [0x0000000707e00000, 0x0000000800000000)
  region size 2048K, 11 young (22528K), 0 survivors (0K)
 Metaspace       used 3793K, committed 3968K, reserved 1114112K
  class space    used 498K, committed 576K, reserved 1048576K
}
Event: 0.292 GC heap after
{Heap after GC invocations=1 (full 0):
 garbage-first heap   total 260096K, used 9595K [0x0000000707e00000, 0x0000000800000000)
  region size 2048K, 2 young (4096K), 2 survivors (4096K)
 Metaspace       used 3793K, committed 3968K, reserved 1114112K
  class space    used 498K, committed 576K, reserved 1048576K
}
Event: 0.545 GC heap before
{Heap before GC invocations=1 (full 0):
 garbage-first heap   total 260096K, used 30075K [0x0000000707e00000, 0x0000000800000000)
  region size 2048K, 12 young (24576K), 2 survivors (4096K)
 Metaspace       used 7627K, committed 7872K, reserved 1114112K
  class space    used 1097K, committed 1216K, reserved 1048576K
}
Event: 0.550 GC heap after
{Heap after GC invocations=2 (full 0):
 garbage-first heap   total 260096K, used 11531K [0x0000000707e00000, 0x0000000800000000)
  region size 2048K, 1 young (2048K), 1 survivors (2048K)
 Metaspace       used 7627K, committed 7872K, reserved 1114112K
  class space    used 1097K, committed 1216K, reserved 1048576K
}
Event: 0.838 GC heap before
{Heap before GC invocations=2 (full 0):
 garbage-first heap   total 260096K, used 50443K [0x0000000707e00000, 0x0000000800000000)
  region size 2048K, 21 young (43008K), 1 survivors (2048K)
 Metaspace       used 16047K, committed 16256K, reserved 1114112K
  class space    used 2161K, committed 2240K, reserved 1048576K
}
Event: 0.845 GC heap after
{Heap after GC invocations=3 (full 0):
 garbage-first heap   total 260096K, used 15180K [0x0000000707e00000, 0x0000000800000000)
  region size 2048K, 3 young (6144K), 3 survivors (6144K)
 Metaspace       used 16047K, committed 16256K, reserved 1114112K
  class space    used 2161K, committed 2240K, reserved 1048576K
}
Event: 1.454 GC heap before
{Heap before GC invocations=3 (full 0):
 garbage-first heap   total 260096K, used 66380K [0x0000000707e00000, 0x0000000800000000)
  region size 2048K, 29 young (59392K), 3 survivors (6144K)
 Metaspace       used 21145K, committed 21504K, reserved 1114112K
  class space    used 2962K, committed 3136K, reserved 1048576K
}
Event: 1.462 GC heap after
{Heap after GC invocations=4 (full 0):
 garbage-first heap   total 260096K, used 18652K [0x0000000707e00000, 0x0000000800000000)
  region size 2048K, 5 young (10240K), 5 survivors (10240K)
 Metaspace       used 21145K, committed 21504K, reserved 1114112K
  class space    used 2962K, committed 3136K, reserved 1048576K
}
Event: 1.867 GC heap before
{Heap before GC invocations=5 (full 0):
 garbage-first heap   total 81920K, used 57564K [0x0000000707e00000, 0x0000000800000000)
  region size 2048K, 24 young (49152K), 5 survivors (10240K)
 Metaspace       used 27078K, committed 27456K, reserved 1114112K
  class space    used 3795K, committed 3968K, reserved 1048576K
}
Event: 1.881 GC heap after
{Heap after GC invocations=6 (full 0):
 garbage-first heap   total 102400K, used 21962K [0x0000000707e00000, 0x0000000800000000)
  region size 2048K, 2 young (4096K), 2 survivors (4096K)
 Metaspace       used 27078K, committed 27456K, reserved 1114112K
  class space    used 3795K, committed 3968K, reserved 1048576K
}
Event: 1.895 GC heap before
{Heap before GC invocations=6 (full 0):
 garbage-first heap   total 102400K, used 24010K [0x0000000707e00000, 0x0000000800000000)
  region size 2048K, 3 young (6144K), 2 survivors (4096K)
 Metaspace       used 27110K, committed 27456K, reserved 1114112K
  class space    used 3801K, committed 3968K, reserved 1048576K
}
Event: 1.899 GC heap after
{Heap after GC invocations=7 (full 0):
 garbage-first heap   total 102400K, used 22407K [0x0000000707e00000, 0x0000000800000000)
  region size 2048K, 1 young (2048K), 1 survivors (2048K)
 Metaspace       used 27110K, committed 27456K, reserved 1114112K
  class space    used 3801K, committed 3968K, reserved 1048576K
}
Event: 2.299 GC heap before
{Heap before GC invocations=7 (full 0):
 garbage-first heap   total 102400K, used 44935K [0x0000000707e00000, 0x0000000800000000)
  region size 2048K, 13 young (26624K), 1 survivors (2048K)
 Metaspace       used 35624K, committed 35968K, reserved 1114112K
  class space    used 4878K, committed 5056K, reserved 1048576K
}
Event: 2.304 GC heap after
{Heap after GC invocations=8 (full 0):
 garbage-first heap   total 102400K, used 23393K [0x0000000707e00000, 0x0000000800000000)
  region size 2048K, 1 young (2048K), 1 survivors (2048K)
 Metaspace       used 35624K, committed 35968K, reserved 1114112K
  class space    used 4878K, committed 5056K, reserved 1048576K
}
Event: 2.857 GC heap before
{Heap before GC invocations=9 (full 0):
 garbage-first heap   total 102400K, used 70497K [0x0000000707e00000, 0x0000000800000000)
  region size 2048K, 25 young (51200K), 1 survivors (2048K)
 Metaspace       used 46318K, committed 46784K, reserved 1114112K
  class space    used 6584K, committed 6784K, reserved 1048576K
}
Event: 2.861 GC heap after
{Heap after GC invocations=10 (full 0):
 garbage-first heap   total 102400K, used 26054K [0x0000000707e00000, 0x0000000800000000)
  region size 2048K, 3 young (6144K), 3 survivors (6144K)
 Metaspace       used 46318K, committed 46784K, reserved 1114112K
  class space    used 6584K, committed 6784K, reserved 1048576K
}
Event: 2.880 GC heap before
{Heap before GC invocations=10 (full 0):
 garbage-first heap   total 102400K, used 26054K [0x0000000707e00000, 0x0000000800000000)
  region size 2048K, 4 young (8192K), 3 survivors (6144K)
 Metaspace       used 46743K, committed 47232K, reserved 1114112K
  class space    used 6631K, committed 6848K, reserved 1048576K
}
Event: 2.884 GC heap after
{Heap after GC invocations=11 (full 0):
 garbage-first heap   total 102400K, used 26083K [0x0000000707e00000, 0x0000000800000000)
  region size 2048K, 1 young (2048K), 1 survivors (2048K)
 Metaspace       used 46743K, committed 47232K, reserved 1114112K
  class space    used 6631K, committed 6848K, reserved 1048576K
}
Event: 3.400 GC heap before
{Heap before GC invocations=11 (full 0):
 garbage-first heap   total 102400K, used 73187K [0x0000000707e00000, 0x0000000800000000)
  region size 2048K, 24 young (49152K), 1 survivors (2048K)
 Metaspace       used 55314K, committed 55808K, reserved 1114112K
  class space    used 7949K, committed 8192K, reserved 1048576K
}
Event: 3.403 GC heap after
{Heap after GC invocations=12 (full 0):
 garbage-first heap   total 204800K, used 27532K [0x0000000707e00000, 0x0000000800000000)
  region size 2048K, 2 young (4096K), 2 survivors (4096K)
 Metaspace       used 55314K, committed 55808K, reserved 1114112K
  class space    used 7949K, committed 8192K, reserved 1048576K
}

Dll operation events (10 events):
Event: 0.002 Loaded shared library /usr/lib/jvm/java-17-openjdk-amd64/lib/libjava.so
Event: 0.021 Loaded shared library /usr/lib/jvm/java-17-openjdk-amd64/lib/libjsvml.so
Event: 0.040 Loaded shared library /usr/lib/jvm/java-17-openjdk-amd64/lib/libnio.so
Event: 0.042 Loaded shared library /usr/lib/jvm/java-17-openjdk-amd64/lib/libzip.so
Event: 0.116 Loaded shared library /usr/lib/jvm/java-17-openjdk-amd64/lib/libjimage.so
Event: 0.136 Loaded shared library /usr/lib/jvm/java-17-openjdk-amd64/lib/libnet.so
Event: 0.267 Loaded shared library /usr/lib/jvm/java-17-openjdk-amd64/lib/libmanagement.so
Event: 0.268 Loaded shared library /usr/lib/jvm/java-17-openjdk-amd64/lib/libmanagement_ext.so
Event: 1.961 Loaded shared library /usr/lib/jvm/java-17-openjdk-amd64/lib/libextnet.so
Event: 2.369 Loaded shared library /usr/lib/jvm/java-17-openjdk-amd64/lib/libverify.so

Deoptimization events (14 events):
Event: 0.619 Thread 0x00007f1654002bf0 DEOPT PACKING pc=0x00007f1709950611 sp=0x00007f16f17f7380
Event: 0.619 Thread 0x00007f1654002bf0 DEOPT UNPACKING pc=0x00007f1709456e2f sp=0x00007f16f17f6880 mode 3
Event: 0.730 Thread 0x00007f1654002bf0 DEOPT PACKING pc=0x00007f17099bf6d5 sp=0x00007f16f17f79a0
Event: 0.730 Thread 0x00007f1654002bf0 DEOPT UNPACKING pc=0x00007f1709456e2f sp=0x00007f16f17f6e68 mode 3
Event: 1.508 Thread 0x00007f1654002bf0 DEOPT PACKING pc=0x00007f1709b39e8c sp=0x00007f16f17f71b0
Event: 1.509 Thread 0x00007f1654002bf0 DEOPT UNPACKING pc=0x00007f1709456e2f sp=0x00007f16f17f6688 mode 0
Event: 2.138 Thread 0x00007f1654002bf0 DEOPT PACKING pc=0x00007f170996d901 sp=0x00007f16f17f39e0
Event: 2.138 Thread 0x00007f1654002bf0 DEOPT UNPACKING pc=0x00007f1709456e2f sp=0x00007f16f17f2e90 mode 3
Event: 2.138 Thread 0x00007f1658c6bc90 DEOPT PACKING pc=0x00007f1709968296 sp=0x00007f16f0ef4600
Event: 2.138 Thread 0x00007f1658c6bc90 DEOPT UNPACKING pc=0x00007f1709456e2f sp=0x00007f16f0ef3a78 mode 3
Event: 2.612 Thread 0x00007f1654002bf0 DEOPT PACKING pc=0x00007f1709dbb774 sp=0x00007f16f17f3ce0
Event: 2.612 Thread 0x00007f1654002bf0 DEOPT UNPACKING pc=0x00007f1709456e2f sp=0x00007f16f17f31b8 mode 0
Event: 3.416 Thread 0x00007f1654002bf0 DEOPT PACKING pc=0x00007f17099a37e4 sp=0x00007f16f17f5420
Event: 3.416 Thread 0x00007f1654002bf0 DEOPT UNPACKING pc=0x00007f1709456e2f sp=0x00007f16f17f4998 mode 0

Classes unloaded (0 events):
No events

Classes redefined (0 events):
No events

Internal exceptions (20 events):
Event: 3.206 Thread 0x00007f1654002bf0 Exception <a 'java/lang/NoSuchMethodError'{0x000000070c1e8268}: 'int java.lang.invoke.DirectMethodHandle$Holder.invokeStatic(java.lang.Object, java.lang.Object, java.lang.Object, java.lang.Object, java.lang.Object)'> (0x000000070c1e8268) 
thrown [./src/hotspot/share/interpreter/linkResolver.cpp, line 758]
Event: 3.215 Thread 0x00007f1654002bf0 Exception <a 'java/lang/NoSuchMethodError'{0x000000070bea0498}: 'void java.lang.invoke.DirectMethodHandle$Holder.invokeInterface(java.lang.Object, java.lang.Object, int, java.lang.Object)'> (0x000000070bea0498) 
thrown [./src/hotspot/share/interpreter/linkResolver.cpp, line 758]
Event: 3.217 Thread 0x00007f1654002bf0 Exception <a 'java/lang/NoSuchMethodError'{0x000000070bec8338}: 'java.lang.Object java.lang.invoke.DirectMethodHandle$Holder.newInvokeSpecial(java.lang.Object, java.lang.Object, int, java.lang.Object)'> (0x000000070bec8338) 
thrown [./src/hotspot/share/interpreter/linkResolver.cpp, line 758]
Event: 3.217 Thread 0x00007f1654002bf0 Exception <a 'java/lang/NoSuchMethodError'{0x000000070becc710}: 'java.lang.Object java.lang.invoke.Invokers$Holder.linkToTargetMethod(java.lang.Object, int, java.lang.Object, java.lang.Object)'> (0x000000070becc710) 
thrown [./src/hotspot/share/interpreter/linkResolver.cpp, line 758]
Event: 3.223 Thread 0x00007f1654002bf0 Exception <a 'java/lang/NoSuchMethodError'{0x000000070bf5f5f8}: 'java.lang.Object java.lang.invoke.DirectMethodHandle$Holder.newInvokeSpecial(java.lang.Object, java.lang.Object, int)'> (0x000000070bf5f5f8) 
thrown [./src/hotspot/share/interpreter/linkResolver.cpp, line 758]
Event: 3.237 Thread 0x00007f1654002bf0 Exception <a 'java/lang/NoSuchMethodError'{0x000000070bcb5560}: 'int java.lang.invoke.DirectMethodHandle$Holder.invokeStatic(java.lang.Object, int, java.lang.Object)'> (0x000000070bcb5560) 
thrown [./src/hotspot/share/interpreter/linkResolver.cpp, line 758]
Event: 3.238 Thread 0x00007f1654002bf0 Exception <a 'java/lang/NoSuchMethodError'{0x000000070bcd25f0}: 'java.lang.Object java.lang.invoke.DirectMethodHandle$Holder.newInvokeSpecial(java.lang.Object, java.lang.Object, java.lang.Object, java.lang.Object, java.lang.Object, int, java.lang.Object)'> (0x000000070bcd25f0) 
thrown [./src/hotspot/share/interpreter/linkResolver.cpp, line 758]
Event: 3.240 Thread 0x00007f1654002bf0 Exception <a 'java/lang/NoSuchMethodError'{0x000000070bd0ab58}: 'java.lang.Object java.lang.invoke.DirectMethodHandle$Holder.newInvokeSpecial(java.lang.Object, java.lang.Object, java.lang.Object, java.lang.Object, java.lang.Object, java.lang.Object, java.lang.Object, java.lang.Object, java.lang.Object, java.lang.Object, java.lang.Object, java.lang.Object)'> (0x000000070bd0ab58) 
thrown [./src/hotspot/share/interpreter/linkResolver.cpp, line 758]
Event: 3.240 Thread 0x00007f1654002bf0 Exception <a 'java/lang/NoSuchMethodError'{0x000000070bd0fde8}: 'java.lang.Object java.lang.invoke.DirectMethodHandle$Holder.invokeSpecial(java.lang.Object, java.lang.Object, java.lang.Object, java.lang.Object, java.lang.Object, java.lang.Object, java.lang.Object, java.lang.Object, java.lang.Object, java.lang.Object, java.lang.Object, java.lang.Object, java.lang.Object)'> (0x000000070bd0fde8) 
thrown [./src/hotspot/share/interpreter/linkResolver.cpp, line 758]
Event: 3.240 Thread 0x00007f1654002bf0 Exception <a 'java/lang/NoSuchMethodError'{0x000000070bd14cf8}: 'java.lang.Object java.lang.invoke.Invokers$Holder.linkToTargetMethod(java.lang.Object, java.lang.Object, java.lang.Object, java.lang.Object, java.lang.Object, java.lang.Object, java.lang.Object, java.lang.Object, java.lang.Object, java.lang.Object, java.lang.Object, java.lang.Object)'> (0x000000070bd14cf8) 
thrown [./src/hotspot/share/interpreter/linkResolver.cpp, line 758]
Event: 3.246 Thread 0x00007f1654002bf0 Exception <a 'java/lang/IncompatibleClassChangeError'{0x000000070bd9b190}: Found class java.lang.Object, but interface was expected> (0x000000070bd9b190) 
thrown [./src/hotspot/share/interpreter/linkResolver.cpp, line 826]
Event: 3.270 Thread 0x00007f1654002bf0 Exception <a 'java/lang/NoSuchMethodError'{0x000000070bb60290}: 'java.lang.Object java.lang.invoke.DirectMethodHandle$Holder.newInvokeSpecial(java.lang.Object, java.lang.Object, int, java.lang.Object, int, java.lang.Object, java.lang.Object)'> (0x000000070bb60290) 
thrown [./src/hotspot/share/interpreter/linkResolver.cpp, line 758]
Event: 3.276 Thread 0x00007f1654002bf0 Exception <a 'java/lang/NoSuchMethodError'{0x000000070bbdf158}: 'java.lang.Object java.lang.invoke.DirectMethodHandle$Holder.newInvokeSpecial(java.lang.Object, java.lang.Object, java.lang.Object, java.lang.Object, java.lang.Object, java.lang.Object, java.lang.Object, int)'> (0x000000070bbdf158) 
thrown [./src/hotspot/share/interpreter/linkResolver.cpp, line 758]
Event: 3.276 Thread 0x00007f1654002bf0 Exception <a 'java/lang/NoSuchMethodError'{0x000000070bbe4948}: 'java.lang.Object java.lang.invoke.DirectMethodHandle$Holder.invokeSpecial(java.lang.Object, java.lang.Object, java.lang.Object, java.lang.Object, java.lang.Object, java.lang.Object, java.lang.Object, java.lang.Object, int)'> (0x000000070bbe4948) 
thrown [./src/hotspot/share/interpreter/linkResolver.cpp, line 758]
Event: 3.276 Thread 0x00007f1654002bf0 Exception <a 'java/lang/NoSuchMethodError'{0x000000070bbe9c08}: 'java.lang.Object java.lang.invoke.Invokers$Holder.linkToTargetMethod(java.lang.Object, java.lang.Object, java.lang.Object, java.lang.Object, java.lang.Object, java.lang.Object, int, java.lang.Object)'> (0x000000070bbe9c08) 
thrown [./src/hotspot/share/interpreter/linkResolver.cpp, line 758]
Event: 3.292 Thread 0x00007f1654002bf0 Exception <a 'java/lang/NoSuchMethodError'{0x000000070b8c7da0}: 'void java.lang.invoke.DirectMethodHandle$Holder.invokeInterface(java.lang.Object, java.lang.Object)'> (0x000000070b8c7da0) 
thrown [./src/hotspot/share/interpreter/linkResolver.cpp, line 758]
Event: 3.341 Thread 0x00007f1654002bf0 Exception <a 'java/lang/IncompatibleClassChangeError'{0x000000070b2a8cf8}: Found class java.lang.Object, but interface was expected> (0x000000070b2a8cf8) 
thrown [./src/hotspot/share/interpreter/linkResolver.cpp, line 826]
Event: 3.347 Thread 0x00007f1654002bf0 Exception <a 'java/lang/IncompatibleClassChangeError'{0x000000070b331d20}: Found class java.lang.Object, but interface was expected> (0x000000070b331d20) 
thrown [./src/hotspot/share/interpreter/linkResolver.cpp, line 826]
Event: 3.368 Thread 0x00007f1654002bf0 Exception <a 'java/lang/IncompatibleClassChangeError'{0x000000070b0a8638}: Found class java.lang.Object, but interface was expected> (0x000000070b0a8638) 
thrown [./src/hotspot/share/interpreter/linkResolver.cpp, line 826]
Event: 3.444 Thread 0x00007f1654002bf0 Exception <a 'java/lang/IncompatibleClassChangeError'{0x000000070e91e3d0}: Found class java.lang.Object, but interface was expected> (0x000000070e91e3d0) 
thrown [./src/hotspot/share/interpreter/linkResolver.cpp, line 826]

VM Operations (20 events):
Event: 2.339 Executing VM operation: G1PauseCleanup
Event: 2.339 Executing VM operation: G1PauseCleanup done
Event: 2.612 Executing VM operation: HandshakeAllThreads
Event: 2.612 Executing VM operation: HandshakeAllThreads done
Event: 2.857 Executing VM operation: G1CollectForAllocation
Event: 2.861 Executing VM operation: G1CollectForAllocation done
Event: 2.880 Executing VM operation: G1CollectForAllocation
Event: 2.884 Executing VM operation: G1CollectForAllocation done
Event: 3.083 Executing VM operation: ICBufferFull
Event: 3.083 Executing VM operation: ICBufferFull done
Event: 3.167 Executing VM operation: ICBufferFull
Event: 3.167 Executing VM operation: ICBufferFull done
Event: 3.400 Executing VM operation: G1CollectForAllocation
Event: 3.403 Executing VM operation: G1CollectForAllocation done
Event: 3.416 Executing VM operation: HandshakeAllThreads
Event: 3.416 Executing VM operation: HandshakeAllThreads done
Event: 3.430 Executing VM operation: G1PauseRemark
Event: 3.433 Executing VM operation: G1PauseRemark done
Event: 3.443 Executing VM operation: G1PauseCleanup
Event: 3.443 Executing VM operation: G1PauseCleanup done

Events (20 events):
Event: 3.000 loading class java/lang/reflect/AnnotatedArrayType
Event: 3.000 loading class java/lang/reflect/AnnotatedArrayType done
Event: 3.074 loading class java/lang/reflect/AnnotatedParameterizedType
Event: 3.074 loading class java/lang/reflect/AnnotatedParameterizedType done
Event: 3.321 loading class javax/naming/Reference
Event: 3.321 loading class javax/naming/Reference done
Event: 3.341 loading class java/util/concurrent/ConcurrentHashMap$TreeNode
Event: 3.341 loading class java/util/concurrent/ConcurrentHashMap$TreeNode done
Event: 3.341 loading class java/util/concurrent/ConcurrentHashMap$TreeBin
Event: 3.341 loading class java/util/concurrent/ConcurrentHashMap$TreeBin done
Event: 3.422 loading class java/util/WeakHashMap$KeyIterator
Event: 3.422 loading class java/util/WeakHashMap$HashIterator
Event: 3.422 loading class java/util/WeakHashMap$HashIterator done
Event: 3.422 loading class java/util/WeakHashMap$KeyIterator done
Event: 3.422 loading class java/util/WeakHashMap$EntrySet
Event: 3.422 loading class java/util/WeakHashMap$EntrySet done
Event: 3.422 loading class java/util/WeakHashMap$EntryIterator
Event: 3.422 loading class java/util/WeakHashMap$EntryIterator done
Event: 3.447 loading class java/lang/Package$1PackageInfoProxy
Event: 3.447 loading class java/lang/Package$1PackageInfoProxy done


Dynamic libraries:
707e00000-714000000 rw-p 00000000 00:00 0 
714000000-717600000 ---p 00000000 00:00 0 
717600000-717800000 rw-p 00000000 00:00 0 
717800000-7ffc00000 ---p 00000000 00:00 0 
7ffc00000-7ffd00000 rw-p 00000000 00:00 0 
7ffd00000-7ffd75000 rw-p 00c75000 08:14 661322                           /usr/lib/jvm/java-17-openjdk-amd64/lib/server/classes.jsa
7ffd75000-7ffe00000 rw-p 00000000 00:00 0 
7ffe00000-7ffe77000 rw-p 00bfe000 08:14 661322                           /usr/lib/jvm/java-17-openjdk-amd64/lib/server/classes.jsa
7ffe77000-800000000 rw-p 00000000 00:00 0 
55e7c726b000-55e7c726c000 r--p 00000000 08:14 661251                     /usr/lib/jvm/java-17-openjdk-amd64/bin/java
55e7c726c000-55e7c726d000 r-xp 00001000 08:14 661251                     /usr/lib/jvm/java-17-openjdk-amd64/bin/java
55e7c726d000-55e7c726e000 r--p 00002000 08:14 661251                     /usr/lib/jvm/java-17-openjdk-amd64/bin/java
55e7c726e000-55e7c726f000 r--p 00002000 08:14 661251                     /usr/lib/jvm/java-17-openjdk-amd64/bin/java
55e7c726f000-55e7c7270000 rw-p 00003000 08:14 661251                     /usr/lib/jvm/java-17-openjdk-amd64/bin/java
55e7c8755000-55e7c879f000 rw-p 00000000 00:00 0                          [heap]
7f162c000000-7f162c021000 rw-p 00000000 00:00 0 
7f162c021000-7f1630000000 ---p 00000000 00:00 0 
7f1630000000-7f1630021000 rw-p 00000000 00:00 0 
7f1630021000-7f1634000000 ---p 00000000 00:00 0 
7f1634000000-7f1634021000 rw-p 00000000 00:00 0 
7f1634021000-7f1638000000 ---p 00000000 00:00 0 
7f1638000000-7f1638021000 rw-p 00000000 00:00 0 
7f1638021000-7f163c000000 ---p 00000000 00:00 0 
7f163c000000-7f163c021000 rw-p 00000000 00:00 0 
7f163c021000-7f1640000000 ---p 00000000 00:00 0 
7f1640000000-7f1640021000 rw-p 00000000 00:00 0 
7f1640021000-7f1644000000 ---p 00000000 00:00 0 
7f1644000000-7f164421d000 rw-p 00000000 00:00 0 
7f164421d000-7f1648000000 ---p 00000000 00:00 0 
7f1648000000-7f1648021000 rw-p 00000000 00:00 0 
7f1648021000-7f164c000000 ---p 00000000 00:00 0 
7f164c000000-7f164c048000 rw-p 00000000 00:00 0 
7f164c048000-7f1650000000 ---p 00000000 00:00 0 
7f1650000000-7f1650037000 rw-p 00000000 00:00 0 
7f1650037000-7f1654000000 ---p 00000000 00:00 0 
7f1654000000-7f1654021000 rw-p 00000000 00:00 0 
7f1654021000-7f1658000000 ---p 00000000 00:00 0 
7f1658000000-7f1659533000 rw-p 00000000 00:00 0 
7f1659533000-7f165c000000 ---p 00000000 00:00 0 
7f165c000000-7f165c021000 rw-p 00000000 00:00 0 
7f165c021000-7f1660000000 ---p 00000000 00:00 0 
7f1660000000-7f1660021000 rw-p 00000000 00:00 0 
7f1660021000-7f1664000000 ---p 00000000 00:00 0 
7f1664000000-7f1664021000 rw-p 00000000 00:00 0 
7f1664021000-7f1668000000 ---p 00000000 00:00 0 
7f1668000000-7f1668021000 rw-p 00000000 00:00 0 
7f1668021000-7f166c000000 ---p 00000000 00:00 0 
7f166c000000-7f166c1a2000 rw-p 00000000 00:00 0 
7f166c1a2000-7f1670000000 ---p 00000000 00:00 0 
7f1670000000-7f1670021000 rw-p 00000000 00:00 0 
7f1670021000-7f1674000000 ---p 00000000 00:00 0 
7f1674000000-7f1674021000 rw-p 00000000 00:00 0 
7f1674021000-7f1678000000 ---p 00000000 00:00 0 
7f1678000000-7f1678021000 rw-p 00000000 00:00 0 
7f1678021000-7f167c000000 ---p 00000000 00:00 0 
7f167c000000-7f167c021000 rw-p 00000000 00:00 0 
7f167c021000-7f1680000000 ---p 00000000 00:00 0 
7f1680000000-7f1680021000 rw-p 00000000 00:00 0 
7f1680021000-7f1684000000 ---p 00000000 00:00 0 
7f1684000000-7f1684021000 rw-p 00000000 00:00 0 
7f1684021000-7f1688000000 ---p 00000000 00:00 0 
7f1688000000-7f16881ce000 rw-p 00000000 00:00 0 
7f16881ce000-7f168c000000 ---p 00000000 00:00 0 
7f168c000000-7f168c021000 rw-p 00000000 00:00 0 
7f168c021000-7f1690000000 ---p 00000000 00:00 0 
7f1690000000-7f1690021000 rw-p 00000000 00:00 0 
7f1690021000-7f1694000000 ---p 00000000 00:00 0 
7f1694000000-7f1694021000 rw-p 00000000 00:00 0 
7f1694021000-7f1698000000 ---p 00000000 00:00 0 
7f1698000000-7f1698021000 rw-p 00000000 00:00 0 
7f1698021000-7f169c000000 ---p 00000000 00:00 0 
7f169c000000-7f169c021000 rw-p 00000000 00:00 0 
7f169c021000-7f16a0000000 ---p 00000000 00:00 0 
7f16a3000000-7f16a3bc6000 rw-p 00001000 08:14 661322                     /usr/lib/jvm/java-17-openjdk-amd64/lib/server/classes.jsa
7f16a3bc6000-7f16a4000000 ---p 00000000 00:00 0 
7f16a4000000-7f16a4030000 rw-p 00000000 00:00 0 
7f16a4030000-7f16a4070000 rw-p 00000000 00:00 0 
7f16a4070000-7f16a40b0000 rw-p 00000000 00:00 0 
7f16a40b0000-7f16a40f0000 rw-p 00000000 00:00 0 
7f16a40f0000-7f16a43b0000 rw-p 00000000 00:00 0 
7f16a43b0000-7f16a4430000 rw-p 00000000 00:00 0 
7f16a4430000-7f16a4750000 rw-p 00000000 00:00 0 
7f16a4750000-7f16a4770000 rw-p 00000000 00:00 0 
7f16a4770000-7f16a4780000 ---p 00000000 00:00 0 
7f16a4780000-7f16a4830000 rw-p 00000000 00:00 0 
7f16a4830000-7f16e4000000 ---p 00000000 00:00 0 
7f16e4000000-7f16e4021000 rw-p 00000000 00:00 0 
7f16e4021000-7f16e8000000 ---p 00000000 00:00 0 
7f16e8000000-7f16e83f0000 rw-p 00000000 00:00 0 
7f16e83f0000-7f16e94f0000 rw-p 00000000 00:00 0 
7f16e94f0000-7f16e95f0000 rw-p 00000000 00:00 0 
7f16e95f0000-7f16e96f0000 rw-p 00000000 00:00 0 
7f16e96f0000-7f16e97f0000 rw-p 00000000 00:00 0 
7f16e97f0000-7f16e98d0000 rw-p 00000000 00:00 0 
7f16e98d0000-7f16e98f0000 rw-p 00000000 00:00 0 
7f16e98f0000-7f16e9ad0000 rw-p 00000000 00:00 0 
7f16e9ad0000-7f16e9b00000 ---p 00000000 00:00 0 
7f16e9b00000-7f16eaf00000 rw-p 00000000 00:00 0 
7f16eaf00000-7f16ec000000 ---p 00000000 00:00 0 
7f16ec000000-7f16ec021000 rw-p 00000000 00:00 0 
7f16ec021000-7f16f0000000 ---p 00000000 00:00 0 
7f16f0917000-7f16f0cf6000 rw-p 00000000 00:00 0 
7f16f0cf6000-7f16f0cfa000 ---p 00000000 00:00 0 
7f16f0cfa000-7f16f0df6000 rw-p 00000000 00:00 0 
7f16f0df6000-7f16f0dfa000 ---p 00000000 00:00 0 
7f16f0dfa000-7f16f0ef6000 rw-p 00000000 00:00 0 
7f16f0ef6000-7f16f0ef7000 ---p 00000000 00:00 0 
7f16f0ef7000-7f16f0ff7000 rw-p 00000000 00:00 0 
7f16f0ff7000-7f16f0ff8000 ---p 00000000 00:00 0 
7f16f0ff8000-7f16f10f8000 rw-p 00000000 00:00 0 
7f16f10f8000-7f16f10f9000 ---p 00000000 00:00 0 
7f16f10f9000-7f16f11f9000 rw-p 00000000 00:00 0 
7f16f11f9000-7f16f11fa000 ---p 00000000 00:00 0 
7f16f11fa000-7f16f12fa000 rw-p 00000000 00:00 0 
7f16f12fa000-7f16f12fb000 ---p 00000000 00:00 0 
7f16f12fb000-7f16f13fb000 rw-p 00000000 00:00 0 
7f16f13fb000-7f16f13ff000 ---p 00000000 00:00 0 
7f16f13ff000-7f16f14fb000 rw-p 00000000 00:00 0 
7f16f14fb000-7f16f14ff000 ---p 00000000 00:00 0 
7f16f14ff000-7f16f15fb000 rw-p 00000000 00:00 0 
7f16f15fb000-7f16f15ff000 ---p 00000000 00:00 0 
7f16f15ff000-7f16f16fb000 rw-p 00000000 00:00 0 
7f16f16fb000-7f16f16ff000 ---p 00000000 00:00 0 
7f16f16ff000-7f16f17fb000 rw-p 00000000 00:00 0 
7f16f17fb000-7f16f17ff000 ---p 00000000 00:00 0 
7f16f17ff000-7f16f18fb000 rw-p 00000000 00:00 0 
7f16f18fb000-7f16f18fc000 ---p 00000000 00:00 0 
7f16f18fc000-7f16f19fc000 rw-p 00000000 00:00 0 
7f16f19fc000-7f16f19fd000 ---p 00000000 00:00 0 
7f16f19fd000-7f16f1afd000 rw-p 00000000 00:00 0 
7f16f1afd000-7f16f1afe000 ---p 00000000 00:00 0 
7f16f1afe000-7f16f1bfe000 rw-p 00000000 00:00 0 
7f16f1bfe000-7f16f1bff000 ---p 00000000 00:00 0 
7f16f1bff000-7f16f1cff000 rw-p 00000000 00:00 0 
7f16f1cff000-7f16f1d00000 ---p 00000000 00:00 0 
7f16f1d00000-7f16f1e00000 rw-p 00000000 00:00 0 
7f16f1e00000-7f16f1e04000 ---p 00000000 00:00 0 
7f16f1e04000-7f16f1f00000 rw-p 00000000 00:00 0 
7f16f1f00000-7f16f1f04000 ---p 00000000 00:00 0 
7f16f1f04000-7f16f4021000 rw-p 00000000 00:00 0 
7f16f4021000-7f16f8000000 ---p 00000000 00:00 0 
7f16f8000000-7f16f8021000 rw-p 00000000 00:00 0 
7f16f8021000-7f16fc000000 ---p 00000000 00:00 0 
7f16fc000000-7f16fc021000 rw-p 00000000 00:00 0 
7f16fc021000-7f1700000000 ---p 00000000 00:00 0 
7f17000ff000-7f1700100000 ---p 00000000 00:00 0 
7f1700100000-7f1700200000 rw-p 00000000 00:00 0 
7f1700200000-7f1700204000 ---p 00000000 00:00 0 
7f1700204000-7f1700300000 rw-p 00000000 00:00 0 
7f1700300000-7f1700304000 ---p 00000000 00:00 0 
7f1700304000-7f1700400000 rw-p 00000000 00:00 0 
7f1700400000-7f1700404000 ---p 00000000 00:00 0 
7f1700404000-7f1700500000 rw-p 00000000 00:00 0 
7f1700500000-7f1700504000 ---p 00000000 00:00 0 
7f1700504000-7f1700600000 rw-p 00000000 00:00 0 
7f1700600000-7f1700604000 ---p 00000000 00:00 0 
7f1700604000-7f1700700000 rw-p 00000000 00:00 0 
7f1700700000-7f1700704000 ---p 00000000 00:00 0 
7f1700704000-7f1700800000 rw-p 00000000 00:00 0 
7f1700800000-7f1700aea000 r--p 00000000 08:14 594350                     /usr/lib/locale/locale-archive
7f1700b3a000-7f1700b3e000 ---p 00000000 00:00 0 
7f1700b3e000-7f1700c3a000 rw-p 00000000 00:00 0 
7f1700c3a000-7f1700c3e000 ---p 00000000 00:00 0 
7f1700c3e000-7f1700d3a000 rw-p 00000000 00:00 0 
7f1700d3a000-7f1700d3b000 ---p 00000000 00:00 0 
7f1700d3b000-7f1700e3b000 rw-p 00000000 00:00 0 
7f1700e3b000-7f1700e40000 r--p 00000000 08:14 661306                     /usr/lib/jvm/java-17-openjdk-amd64/lib/libjsvml.so
7f1700e40000-7f1700e81000 r-xp 00005000 08:14 661306                     /usr/lib/jvm/java-17-openjdk-amd64/lib/libjsvml.so
7f1700e81000-7f1700f0a000 r--p 00046000 08:14 661306                     /usr/lib/jvm/java-17-openjdk-amd64/lib/libjsvml.so
7f1700f0a000-7f1700f0b000 r--p 000ce000 08:14 661306                     /usr/lib/jvm/java-17-openjdk-amd64/lib/libjsvml.so
7f1700f0b000-7f1700f0c000 rw-p 000cf000 08:14 661306                     /usr/lib/jvm/java-17-openjdk-amd64/lib/libjsvml.so
7f1700f0c000-7f1700fe8000 rw-p 00000000 00:00 0 
7f1700fe8000-7f1700fe9000 ---p 00000000 00:00 0 
7f1700fe9000-7f17010e9000 rw-p 00000000 00:00 0 
7f17010e9000-7f17010ea000 ---p 00000000 00:00 0 
7f17010ea000-7f1701af8000 rw-p 00000000 00:00 0 
7f1701af8000-7f1701bd0000 ---p 00000000 00:00 0 
7f1701bd0000-7f1701bd8000 rw-p 00000000 00:00 0 
7f1701bd8000-7f17055e8000 ---p 00000000 00:00 0 
7f17055e8000-7f1705900000 rw-p 00000000 00:00 0 
7f1705900000-7f17059d8000 ---p 00000000 00:00 0 
7f17059d8000-7f17059e0000 rw-p 00000000 00:00 0 
7f17059e0000-7f17093f0000 ---p 00000000 00:00 0 
7f17093f0000-7f1709400000 rw-p 00000000 00:00 0 
7f1709400000-7f1709f40000 rwxp 00000000 00:00 0 
7f1709f40000-7f170c400000 ---p 00000000 00:00 0 
7f170c400000-7f1713e66000 r--s 00000000 08:14 661321                     /usr/lib/jvm/java-17-openjdk-amd64/lib/modules
7f1713eae000-7f1713eb2000 r--p 00000000 08:14 661319                     /usr/lib/jvm/java-17-openjdk-amd64/lib/libverify.so
7f1713eb2000-7f1713eb9000 r-xp 00004000 08:14 661319                     /usr/lib/jvm/java-17-openjdk-amd64/lib/libverify.so
7f1713eb9000-7f1713ebb000 r--p 0000b000 08:14 661319                     /usr/lib/jvm/java-17-openjdk-amd64/lib/libverify.so
7f1713ebb000-7f1713ebd000 r--p 0000c000 08:14 661319                     /usr/lib/jvm/java-17-openjdk-amd64/lib/libverify.so
7f1713ebd000-7f1713ebe000 rw-p 0000e000 08:14 661319                     /usr/lib/jvm/java-17-openjdk-amd64/lib/libverify.so
7f1713ebe000-7f17148d6000 rw-p 00000000 00:00 0 
7f17148d6000-7f1718000000 ---p 00000000 00:00 0 
7f1718009000-7f1718132000 rw-p 00000000 00:00 0 
7f1718132000-7f1718133000 ---p 00000000 00:00 0 
7f1718133000-7f1718233000 rw-p 00000000 00:00 0 
7f1718233000-7f1718234000 ---p 00000000 00:00 0 
7f1718234000-7f1718334000 rw-p 00000000 00:00 0 
7f1718334000-7f1718335000 ---p 00000000 00:00 0 
7f1718335000-7f1718516000 rw-p 00000000 00:00 0 
7f1718516000-7f1718531000 ---p 00000000 00:00 0 
7f1718531000-7f1718532000 rw-p 00000000 00:00 0 
7f1718532000-7f1718c74000 ---p 00000000 00:00 0 
7f1718c74000-7f1718cd7000 rw-p 00000000 00:00 0 
7f1718cd7000-7f1718cf2000 ---p 00000000 00:00 0 
7f1718cf2000-7f1718cf3000 rw-p 00000000 00:00 0 
7f1718cf3000-7f1719435000 ---p 00000000 00:00 0 
7f1719435000-7f1719498000 rw-p 00000000 00:00 0 
7f1719498000-7f17194b3000 ---p 00000000 00:00 0 
7f17194b3000-7f17194b4000 rw-p 00000000 00:00 0 
7f17194b4000-7f1719bf6000 ---p 00000000 00:00 0 
7f1719bf6000-7f171a400000 rw-p 00000000 00:00 0 
7f171a400000-7f171a49c000 r--p 00000000 08:14 541066                     /usr/lib/x86_64-linux-gnu/libstdc++.so.6.0.32
7f171a49c000-7f171a5b7000 r-xp 0009c000 08:14 541066                     /usr/lib/x86_64-linux-gnu/libstdc++.so.6.0.32
7f171a5b7000-7f171a644000 r--p 001b7000 08:14 541066                     /usr/lib/x86_64-linux-gnu/libstdc++.so.6.0.32
7f171a644000-7f171a64f000 r--p 00244000 08:14 541066                     /usr/lib/x86_64-linux-gnu/libstdc++.so.6.0.32
7f171a64f000-7f171a652000 rw-p 0024f000 08:14 541066                     /usr/lib/x86_64-linux-gnu/libstdc++.so.6.0.32
7f171a652000-7f171a656000 rw-p 00000000 00:00 0 
7f171a65b000-7f171a662000 r--s 00000000 08:14 544941                     /usr/lib/x86_64-linux-gnu/gconv/gconv-modules.cache
7f171a662000-7f171a663000 r--p 00000000 08:14 661292                     /usr/lib/jvm/java-17-openjdk-amd64/lib/libextnet.so
7f171a663000-7f171a664000 r-xp 00001000 08:14 661292                     /usr/lib/jvm/java-17-openjdk-amd64/lib/libextnet.so
7f171a664000-7f171a665000 r--p 00002000 08:14 661292                     /usr/lib/jvm/java-17-openjdk-amd64/lib/libextnet.so
7f171a665000-7f171a666000 r--p 00002000 08:14 661292                     /usr/lib/jvm/java-17-openjdk-amd64/lib/libextnet.so
7f171a666000-7f171a667000 rw-p 00003000 08:14 661292                     /usr/lib/jvm/java-17-openjdk-amd64/lib/libextnet.so
7f171a667000-7f171a669000 r--p 00000000 08:14 661310                     /usr/lib/jvm/java-17-openjdk-amd64/lib/libmanagement_ext.so
7f171a669000-7f171a66c000 r-xp 00002000 08:14 661310                     /usr/lib/jvm/java-17-openjdk-amd64/lib/libmanagement_ext.so
7f171a66c000-7f171a66d000 r--p 00005000 08:14 661310                     /usr/lib/jvm/java-17-openjdk-amd64/lib/libmanagement_ext.so
7f171a66d000-7f171a66e000 r--p 00006000 08:14 661310                     /usr/lib/jvm/java-17-openjdk-amd64/lib/libmanagement_ext.so
7f171a66e000-7f171a66f000 rw-p 00007000 08:14 661310                     /usr/lib/jvm/java-17-openjdk-amd64/lib/libmanagement_ext.so
7f171a66f000-7f171a6b7000 rw-p 00000000 00:00 0 
7f171a6b7000-7f171a700000 ---p 00000000 00:00 0 
7f171a700000-7f171a704000 ---p 00000000 00:00 0 
7f171a704000-7f171a800000 rw-p 00000000 00:00 0 
7f171a800000-7f171aa51000 r--p 00000000 08:14 661325                     /usr/lib/jvm/java-17-openjdk-amd64/lib/server/libjvm.so
7f171aa51000-7f171b7ba000 r-xp 00251000 08:14 661325                     /usr/lib/jvm/java-17-openjdk-amd64/lib/server/libjvm.so
7f171b7ba000-7f171ba3a000 r--p 00fba000 08:14 661325                     /usr/lib/jvm/java-17-openjdk-amd64/lib/server/libjvm.so
7f171ba3a000-7f171baf2000 r--p 0123a000 08:14 661325                     /usr/lib/jvm/java-17-openjdk-amd64/lib/server/libjvm.so
7f171baf2000-7f171bb27000 rw-p 012f2000 08:14 661325                     /usr/lib/jvm/java-17-openjdk-amd64/lib/server/libjvm.so
7f171bb27000-7f171bb81000 rw-p 00000000 00:00 0 
7f171bb85000-7f171bb87000 r--p 00000000 08:14 661308                     /usr/lib/jvm/java-17-openjdk-amd64/lib/libmanagement.so
7f171bb87000-7f171bb88000 r-xp 00002000 08:14 661308                     /usr/lib/jvm/java-17-openjdk-amd64/lib/libmanagement.so
7f171bb88000-7f171bb89000 r--p 00003000 08:14 661308                     /usr/lib/jvm/java-17-openjdk-amd64/lib/libmanagement.so
7f171bb89000-7f171bb8a000 r--p 00003000 08:14 661308                     /usr/lib/jvm/java-17-openjdk-amd64/lib/libmanagement.so
7f171bb8a000-7f171bb8b000 rw-p 00004000 08:14 661308                     /usr/lib/jvm/java-17-openjdk-amd64/lib/libmanagement.so
7f171bb8b000-7f171bb8f000 r--p 00000000 08:14 661312                     /usr/lib/jvm/java-17-openjdk-amd64/lib/libnet.so
7f171bb8f000-7f171bb9d000 r-xp 00004000 08:14 661312                     /usr/lib/jvm/java-17-openjdk-amd64/lib/libnet.so
7f171bb9d000-7f171bba1000 r--p 00012000 08:14 661312                     /usr/lib/jvm/java-17-openjdk-amd64/lib/libnet.so
7f171bba1000-7f171bba2000 r--p 00015000 08:14 661312                     /usr/lib/jvm/java-17-openjdk-amd64/lib/libnet.so
7f171bba2000-7f171bba3000 rw-p 00016000 08:14 661312                     /usr/lib/jvm/java-17-openjdk-amd64/lib/libnet.so
7f171bba3000-7f171bba9000 r--p 00000000 08:14 661313                     /usr/lib/jvm/java-17-openjdk-amd64/lib/libnio.so
7f171bba9000-7f171bbb1000 r-xp 00006000 08:14 661313                     /usr/lib/jvm/java-17-openjdk-amd64/lib/libnio.so
7f171bbb1000-7f171bbb5000 r--p 0000e000 08:14 661313                     /usr/lib/jvm/java-17-openjdk-amd64/lib/libnio.so
7f171bbb5000-7f171bbb6000 r--p 00012000 08:14 661313                     /usr/lib/jvm/java-17-openjdk-amd64/lib/libnio.so
7f171bbb6000-7f171bbb7000 rw-p 00013000 08:14 661313                     /usr/lib/jvm/java-17-openjdk-amd64/lib/libnio.so
7f171bbb7000-7f171bbc3000 r--p 00000000 08:14 661299                     /usr/lib/jvm/java-17-openjdk-amd64/lib/libjava.so
7f171bbc3000-7f171bbd5000 r-xp 0000c000 08:14 661299                     /usr/lib/jvm/java-17-openjdk-amd64/lib/libjava.so
7f171bbd5000-7f171bbdb000 r--p 0001e000 08:14 661299                     /usr/lib/jvm/java-17-openjdk-amd64/lib/libjava.so
7f171bbdb000-7f171bbdc000 r--p 00023000 08:14 661299                     /usr/lib/jvm/java-17-openjdk-amd64/lib/libjava.so
7f171bbdc000-7f171bbdd000 rw-p 00024000 08:14 661299                     /usr/lib/jvm/java-17-openjdk-amd64/lib/libjava.so
7f171bbdd000-7f171bbde000 rw-p 00000000 00:00 0 
7f171bbde000-7f171bbe1000 r--p 00000000 08:14 532729                     /usr/lib/x86_64-linux-gnu/libgcc_s.so.1
7f171bbe1000-7f171bbfc000 r-xp 00003000 08:14 532729                     /usr/lib/x86_64-linux-gnu/libgcc_s.so.1
7f171bbfc000-7f171bc00000 r--p 0001e000 08:14 532729                     /usr/lib/x86_64-linux-gnu/libgcc_s.so.1
7f171bc00000-7f171bc01000 r--p 00021000 08:14 532729                     /usr/lib/x86_64-linux-gnu/libgcc_s.so.1
7f171bc01000-7f171bc02000 rw-p 00022000 08:14 532729                     /usr/lib/x86_64-linux-gnu/libgcc_s.so.1
7f171bc02000-7f171bc12000 r--p 00000000 08:14 531118                     /usr/lib/x86_64-linux-gnu/libm.so.6
7f171bc12000-7f171bc85000 r-xp 00010000 08:14 531118                     /usr/lib/x86_64-linux-gnu/libm.so.6
7f171bc85000-7f171bcdf000 r--p 00083000 08:14 531118                     /usr/lib/x86_64-linux-gnu/libm.so.6
7f171bcdf000-7f171bce0000 r--p 000dc000 08:14 531118                     /usr/lib/x86_64-linux-gnu/libm.so.6
7f171bce0000-7f171bce1000 rw-p 000dd000 08:14 531118                     /usr/lib/x86_64-linux-gnu/libm.so.6
7f171bce1000-7f171bce4000 rw-p 00000000 00:00 0 
7f171bce4000-7f171bd0a000 r--p 00000000 08:14 531106                     /usr/lib/x86_64-linux-gnu/libc.so.6
7f171bd0a000-7f171be5f000 r-xp 00026000 08:14 531106                     /usr/lib/x86_64-linux-gnu/libc.so.6
7f171be5f000-7f171beb3000 r--p 0017b000 08:14 531106                     /usr/lib/x86_64-linux-gnu/libc.so.6
7f171beb3000-7f171beb7000 r--p 001cf000 08:14 531106                     /usr/lib/x86_64-linux-gnu/libc.so.6
7f171beb7000-7f171beb9000 rw-p 001d3000 08:14 531106                     /usr/lib/x86_64-linux-gnu/libc.so.6
7f171beb9000-7f171bec6000 rw-p 00000000 00:00 0 
7f171bec6000-7f171bec8000 r--p 00000000 08:14 661303                     /usr/lib/jvm/java-17-openjdk-amd64/lib/libjli.so
7f171bec8000-7f171bed2000 r-xp 00002000 08:14 661303                     /usr/lib/jvm/java-17-openjdk-amd64/lib/libjli.so
7f171bed2000-7f171bed5000 r--p 0000c000 08:14 661303                     /usr/lib/jvm/java-17-openjdk-amd64/lib/libjli.so
7f171bed5000-7f171bed6000 r--p 0000e000 08:14 661303                     /usr/lib/jvm/java-17-openjdk-amd64/lib/libjli.so
7f171bed6000-7f171bed7000 rw-p 0000f000 08:14 661303                     /usr/lib/jvm/java-17-openjdk-amd64/lib/libjli.so
7f171bed7000-7f171beda000 r--p 00000000 08:14 529246                     /usr/lib/x86_64-linux-gnu/libz.so.1.2.13
7f171beda000-7f171beed000 r-xp 00003000 08:14 529246                     /usr/lib/x86_64-linux-gnu/libz.so.1.2.13
7f171beed000-7f171bef4000 r--p 00016000 08:14 529246                     /usr/lib/x86_64-linux-gnu/libz.so.1.2.13
7f171bef4000-7f171bef5000 r--p 0001c000 08:14 529246                     /usr/lib/x86_64-linux-gnu/libz.so.1.2.13
7f171bef5000-7f171bef6000 rw-p 0001d000 08:14 529246                     /usr/lib/x86_64-linux-gnu/libz.so.1.2.13
7f171bef6000-7f171bef8000 r--p 00000000 08:14 661320                     /usr/lib/jvm/java-17-openjdk-amd64/lib/libzip.so
7f171bef8000-7f171befc000 r-xp 00002000 08:14 661320                     /usr/lib/jvm/java-17-openjdk-amd64/lib/libzip.so
7f171befc000-7f171befe000 r--p 00006000 08:14 661320                     /usr/lib/jvm/java-17-openjdk-amd64/lib/libzip.so
7f171befe000-7f171beff000 r--p 00007000 08:14 661320                     /usr/lib/jvm/java-17-openjdk-amd64/lib/libzip.so
7f171beff000-7f171bf00000 rw-p 00008000 08:14 661320                     /usr/lib/jvm/java-17-openjdk-amd64/lib/libzip.so
7f171bf00000-7f171bf08000 rw-s 00000000 08:14 6630949                    /tmp/hsperfdata_miaro/16202
7f171bf08000-7f171bf09000 ---p 00000000 00:00 0 
7f171bf09000-7f171bf0a000 r--p 00000000 00:00 0 
7f171bf0a000-7f171bf0b000 rwxp 00000000 00:00 0 
7f171bf0b000-7f171bf0d000 r--p 00000000 08:14 661302                     /usr/lib/jvm/java-17-openjdk-amd64/lib/libjimage.so
7f171bf0d000-7f171bf10000 r-xp 00002000 08:14 661302                     /usr/lib/jvm/java-17-openjdk-amd64/lib/libjimage.so
7f171bf10000-7f171bf11000 r--p 00005000 08:14 661302                     /usr/lib/jvm/java-17-openjdk-amd64/lib/libjimage.so
7f171bf11000-7f171bf12000 r--p 00006000 08:14 661302                     /usr/lib/jvm/java-17-openjdk-amd64/lib/libjimage.so
7f171bf12000-7f171bf13000 rw-p 00007000 08:14 661302                     /usr/lib/jvm/java-17-openjdk-amd64/lib/libjimage.so
7f171bf13000-7f171bf15000 rw-p 00000000 00:00 0 
7f171bf15000-7f171bf16000 r--p 00000000 08:14 531094                     /usr/lib/x86_64-linux-gnu/ld-linux-x86-64.so.2
7f171bf16000-7f171bf3b000 r-xp 00001000 08:14 531094                     /usr/lib/x86_64-linux-gnu/ld-linux-x86-64.so.2
7f171bf3b000-7f171bf45000 r--p 00026000 08:14 531094                     /usr/lib/x86_64-linux-gnu/ld-linux-x86-64.so.2
7f171bf45000-7f171bf47000 r--p 00030000 08:14 531094                     /usr/lib/x86_64-linux-gnu/ld-linux-x86-64.so.2
7f171bf47000-7f171bf49000 rw-p 00032000 08:14 531094                     /usr/lib/x86_64-linux-gnu/ld-linux-x86-64.so.2
7ffe34681000-7ffe346a6000 rw-p 00000000 00:00 0                          [stack]
7ffe347d6000-7ffe347da000 r--p 00000000 00:00 0                          [vvar]
7ffe347da000-7ffe347dc000 r-xp 00000000 00:00 0                          [vdso]


VM Arguments:
jvm_args: -XX:TieredStopAtLevel=1 -Dawt.useSystemAAFontSettings=on -Dswing.aatext=true 
java_command: org.autotrader.AutotraderApplication
java_class_path (initial): /home/miaro/Fianarana/ITU/S5/Mr_Rojo/autotrader/target/classes:/home/miaro/.m2/repository/org/aspectj/aspectjweaver/1.9.21/aspectjweaver-1.9.21.jar:/home/miaro/.m2/repository/com/zaxxer/HikariCP/5.0.1/HikariCP-5.0.1.jar:/home/miaro/.m2/repository/org/springframework/spring-jdbc/6.1.3/spring-jdbc-6.1.3.jar:/home/miaro/.m2/repository/org/hibernate/orm/hibernate-core/6.4.1.Final/hibernate-core-6.4.1.Final.jar:/home/miaro/.m2/repository/jakarta/persistence/jakarta.persistence-api/3.1.0/jakarta.persistence-api-3.1.0.jar:/home/miaro/.m2/repository/jakarta/transaction/jakarta.transaction-api/2.0.1/jakarta.transaction-api-2.0.1.jar:/home/miaro/.m2/repository/org/jboss/logging/jboss-logging/3.5.3.Final/jboss-logging-3.5.3.Final.jar:/home/miaro/.m2/repository/org/hibernate/common/hibernate-commons-annotations/6.0.6.Final/hibernate-commons-annotations-6.0.6.Final.jar:/home/miaro/.m2/repository/io/smallrye/jandex/3.1.2/jandex-3.1.2.jar:/home/miaro/.m2/repository/com/fasterxml/classmate/1.6.0/classmate-1.6.0.jar:/home/miaro/.m2/repository/net/bytebuddy/byte-buddy/1.14.11/byte-buddy-1.14.11.jar:/home/miaro/.m2/repository/org/glassfish/jaxb/jaxb-runtime/4.0.4/jaxb-runtime-4.0.4.jar:/home/miaro/.m2/repository/org/glassfish/jaxb/jaxb-core/4.0.4/jaxb-core-4.0.4.jar:/home/miaro/.m2/repository/org/eclipse/angus/angus-activation/2.0.1/angus-activation-2.0.1.jar:/home/miaro/.m2/repository/org/glassfish/jaxb/txw2/4.0.4/txw2-4.0.4.jar:/home/miaro/.m2/repository/com/sun/istack/istack-commons-runtime/4.1.2/istack-commons-runtime-4.1.2.jar:/home/miaro/.m2/repository/jakarta/inject/jakarta.inject-api/2.0.1/jakarta.inject-api-2.0.1.jar:/home/miaro/.m2/repository/org/antlr/antlr4-runtime/4.13.0/antlr4-runtime-4.13.0.jar:/home/miaro/.m2/repository/org/springframework/data/spring-data-jpa/3.2.2/spring-data-jpa-3.2.2.jar:/home/miaro/.m2/repository/org/springframework/data/spring-data-commons/3.2.2/spring-data-commons-3.2.2.jar:/home/miaro/.m2/repository/org/springframew
Launcher Type: SUN_STANDARD

[Global flags]
     intx CICompilerCount                          = 4                                         {product} {ergonomic}
     uint ConcGCThreads                            = 2                                         {product} {ergonomic}
     uint G1ConcRefinementThreads                  = 8                                         {product} {ergonomic}
   size_t G1HeapRegionSize                         = 2097152                                   {product} {ergonomic}
    uintx GCDrainStackTargetSize                   = 64                                        {product} {ergonomic}
   size_t InitialHeapSize                          = 262144000                                 {product} {ergonomic}
   size_t MarkStackSize                            = 4194304                                   {product} {ergonomic}
   size_t MaxHeapSize                              = 4162846720                                {product} {ergonomic}
   size_t MaxNewSize                               = 2497708032                                {product} {ergonomic}
   size_t MinHeapDeltaBytes                        = 2097152                                   {product} {ergonomic}
   size_t MinHeapSize                              = 8388608                                   {product} {ergonomic}
    uintx NonProfiledCodeHeapSize                  = 0                                      {pd product} {ergonomic}
     bool ProfileInterpreter                       = false                                  {pd product} {command line}
    uintx ProfiledCodeHeapSize                     = 0                                      {pd product} {ergonomic}
   size_t SoftMaxHeapSize                          = 4162846720                             {manageable} {ergonomic}
     intx TieredStopAtLevel                        = 1                                         {product} {command line}
     bool UseCompressedClassPointers               = true                           {product lp64_product} {ergonomic}
     bool UseCompressedOops                        = true                           {product lp64_product} {ergonomic}
     bool UseG1GC                                  = true                                      {product} {ergonomic}

Logging:
Log output configuration:
 #0: stdout all=warning uptime,level,tags
 #1: stderr all=off uptime,level,tags

Environment Variables:
_JAVA_OPTIONS=-Dawt.useSystemAAFontSettings=on -Dswing.aatext=true
CLASSPATH=/home/miaro/Documents/lib_jar/postgresql-42.5.0.jar:/home/miaro/Programs(Installed)/Komodo-Edit-12/bin
PATH=/home/miaro/.cache/activestate/bin:/home/miaro/.komodoide/12.0/XRE/state/bin:/home/miaro/.sdkman/candidates/springboot/current/bin:/usr/local/sbin:/usr/sbin:/sbin:/usr/local/bin:/usr/bin:/bin:/usr/local/games:/usr/games:/snap/bin:/home/miaro/.dotnet/tools
SHELL=/usr/bin/zsh
DISPLAY=:1
LANG=en_US.UTF-8
TERM=xterm-256color

Active Locale:
LC_ALL=en_US.UTF-8
LC_COLLATE=en_US.UTF-8
LC_CTYPE=en_US.UTF-8
LC_MESSAGES=en_US.UTF-8
LC_MONETARY=en_US.UTF-8
LC_NUMERIC=en_US.UTF-8
LC_TIME=en_US.UTF-8

Signal Handlers:
   SIGSEGV: crash_handler in libjvm.so, mask=11100100010111111101111111111110, flags=SA_RESTART|SA_SIGINFO, unblocked
    SIGBUS: crash_handler in libjvm.so, mask=11100100010111111101111111111110, flags=SA_RESTART|SA_SIGINFO, unblocked
    SIGFPE: crash_handler in libjvm.so, mask=11100100010111111101111111111110, flags=SA_RESTART|SA_SIGINFO, unblocked
   SIGPIPE: javaSignalHandler in libjvm.so, mask=11100100010111111101111111111110, flags=SA_RESTART|SA_SIGINFO, unblocked
   SIGXFSZ: javaSignalHandler in libjvm.so, mask=11100100010111111101111111111110, flags=SA_RESTART|SA_SIGINFO, unblocked
    SIGILL: crash_handler in libjvm.so, mask=11100100010111111101111111111110, flags=SA_RESTART|SA_SIGINFO, unblocked
   SIGUSR2: SR_handler in libjvm.so, mask=00100000000000000000000000000000, flags=SA_RESTART|SA_SIGINFO, unblocked
    SIGHUP: UserHandler in libjvm.so, mask=11100100010111111101111111111110, flags=SA_RESTART|SA_SIGINFO, unblocked
    SIGINT: UserHandler in libjvm.so, mask=11100100010111111101111111111110, flags=SA_RESTART|SA_SIGINFO, unblocked
   SIGTERM: UserHandler in libjvm.so, mask=11100100010111111101111111111110, flags=SA_RESTART|SA_SIGINFO, unblocked
   SIGQUIT: UserHandler in libjvm.so, mask=11100100010111111101111111111110, flags=SA_RESTART|SA_SIGINFO, blocked
   SIGTRAP: crash_handler in libjvm.so, mask=11100100010111111101111111111110, flags=SA_RESTART|SA_SIGINFO, unblocked


Periodic native trim disabled


---------------  S Y S T E M  ---------------

OS:
PRETTY_NAME="Kali GNU/Linux Rolling"
NAME="Kali GNU/Linux"
VERSION_ID="2023.3"
VERSION="2023.3"
VERSION_CODENAME=kali-rolling
ID=kali
ID_LIKE=debian
HOME_URL="https://www.kali.org/"
SUPPORT_URL="https://forums.kali.org/"
BUG_REPORT_URL="https://bugs.kali.org/"
ANSI_COLOR="1;31"
uname: Linux 6.5.0-kali3-amd64 #1 SMP PREEMPT_DYNAMIC Debian 6.5.6-1kali1 (2023-10-09) x86_64
OS uptime: 0 days 1:47 hours
libc: glibc 2.37 NPTL 2.37 
rlimit (soft/hard): STACK 8192k/infinity , CORE 0k/infinity , NPROC 63171/63171 , NOFILE 1048576/1048576 , AS infinity/infinity , CPU infinity/infinity , DATA infinity/infinity , FSIZE infinity/infinity , MEMLOCK 2031888k/2031888k
load average: 2.66 1.64 1.44

/proc/meminfo:
MemTotal:       16255112 kB
MemFree:         6453412 kB
MemAvailable:    8310024 kB
Buffers:           86792 kB
Cached:          3459480 kB
SwapCached:       497320 kB
Active:          3991084 kB
Inactive:        4785716 kB
Active(anon):    2890724 kB
Inactive(anon):  3709640 kB
Active(file):    1100360 kB
Inactive(file):  1076076 kB
Unevictable:      399668 kB
Mlocked:             192 kB
SwapTotal:       6836220 kB
SwapFree:        5183048 kB
Zswap:                 0 kB
Zswapped:              0 kB
Dirty:              1008 kB
Writeback:             0 kB
AnonPages:       5531388 kB
Mapped:          1272944 kB
Shmem:           1369836 kB
KReclaimable:     127264 kB
Slab:             295628 kB
SReclaimable:     127264 kB
SUnreclaim:       168364 kB
KernelStack:       28528 kB
PageTables:        78836 kB
SecPageTables:         0 kB
NFS_Unstable:          0 kB
Bounce:                0 kB
WritebackTmp:          0 kB
CommitLimit:    14963776 kB
Committed_AS:   22875816 kB
VmallocTotal:   34359738367 kB
VmallocUsed:       88872 kB
VmallocChunk:          0 kB
Percpu:             7072 kB
HardwareCorrupted:     0 kB
AnonHugePages:   1902592 kB
ShmemHugePages:   294912 kB
ShmemPmdMapped:        0 kB
FileHugePages:         0 kB
FilePmdMapped:         0 kB
Unaccepted:            0 kB
HugePages_Total:       0
HugePages_Free:        0
HugePages_Rsvd:        0
HugePages_Surp:        0
Hugepagesize:       2048 kB
Hugetlb:               0 kB
DirectMap4k:      191124 kB
DirectMap2M:     5982208 kB
DirectMap1G:    10485760 kB

/sys/kernel/mm/transparent_hugepage/enabled: [always] madvise never
/sys/kernel/mm/transparent_hugepage/defrag (defrag/compaction efforts parameter): always defer defer+madvise [madvise] never

Process Memory:
Virtual Size: 7937036K (peak: 7937036K)
Resident Set Size: 244552K (peak: 244552K) (anon: 222468K, file: 22084K, shmem: 0K)
Swapped out: 0K
C-Heap outstanding allocations: 59481K, retained: 3386K
glibc malloc tunables: (default)

/proc/sys/kernel/threads-max (system-wide limit on the number of threads): 126342
/proc/sys/vm/max_map_count (maximum number of memory map areas a process may have): 65530
/proc/sys/kernel/pid_max (system-wide limit on number of process identifiers): 4194304

container (cgroup) information:
container_type: cgroupv2
cpu_cpuset_cpus: not supported
cpu_memory_nodes: not supported
active_processor_count: 8
cpu_quota: not supported
cpu_period: not supported
cpu_shares: not supported
memory_limit_in_bytes: unlimited
memory_and_swap_limit_in_bytes: unlimited
memory_soft_limit_in_bytes: unlimited
memory_usage_in_bytes: 963360 k
memory_max_usage_in_bytes: not supported
memory_swap_current_in_bytes: 36008 k
memory_swap_max_limit_in_bytes: unlimited
maximum number of tasks: 18951
current number of tasks: 81

Steal ticks since vm start: 0
Steal ticks percentage since vm start:  0.000

CPU: total 8 (initial active 8) (4 cores per cpu, 2 threads per core) family 6 model 158 stepping 9 microcode 0xf4, cx8, cmov, fxsr, ht, mmx, 3dnowpref, sse, sse2, sse3, ssse3, sse4.1, sse4.2, popcnt, lzcnt, tsc, tscinvbit, avx, avx2, aes, erms, clmul, bmi1, bmi2, adx, fma, vzeroupper, clflush, clflushopt
CPU Model and flags from /proc/cpuinfo:
model name	: Intel(R) Core(TM) i7-7700HQ CPU @ 2.80GHz
flags		: fpu vme de pse tsc msr pae mce cx8 apic sep mtrr pge mca cmov pat pse36 clflush dts acpi mmx fxsr sse sse2 ss ht tm pbe syscall nx pdpe1gb rdtscp lm constant_tsc art arch_perfmon pebs bts rep_good nopl xtopology nonstop_tsc cpuid aperfmperf pni pclmulqdq dtes64 monitor ds_cpl vmx est tm2 ssse3 sdbg fma cx16 xtpr pdcm pcid sse4_1 sse4_2 x2apic movbe popcnt tsc_deadline_timer aes xsave avx f16c rdrand lahf_lm abm 3dnowprefetch cpuid_fault epb invpcid_single pti ssbd ibrs ibpb stibp tpr_shadow flexpriority ept vpid ept_ad fsgsbase tsc_adjust bmi1 avx2 smep bmi2 erms invpcid mpx rdseed adx smap clflushopt intel_pt xsaveopt xsavec xgetbv1 xsaves dtherm ida arat pln pts hwp hwp_notify hwp_act_window hwp_epp vnmi md_clear flush_l1d arch_capabilities

Online cpus: 0-7
Offline cpus: 
BIOS frequency limitation: <Not Available>
Frequency switch latency (ns): 0
Available cpu frequencies: <Not Available>
Current governor: powersave
Core performance/turbo boost: <Not Available>

Memory: 4k page, physical 16255112k(6453412k free), swap 6836220k(5183048k free)
Page Sizes: 4k

vm_info: OpenJDK 64-Bit Server VM (17.0.9+9-Debian-2) for linux-amd64 JRE (17.0.9+9-Debian-2), built on Nov  2 2023 16:48:51 by "buildd" with gcc 13.2.0

END.
