#
# A fatal error has been detected by the Java Runtime Environment:
#
#  SIGSEGV (0xb) at pc=0x00007f9eaebed383, pid=55569, tid=55594
#
# JRE version: OpenJDK Runtime Environment (17.0.9+9) (build 17.0.9+9-Debian-2)
# Java VM: OpenJDK 64-Bit Server VM (17.0.9+9-Debian-2, mixed mode, emulated-client, sharing, tiered, compressed oops, compressed class ptrs, g1 gc, linux-amd64)
# Problematic frame:
# V  [libjvm.so+0x5ed383]  CompiledMethod::cleanup_inline_caches_impl(bool, bool)+0x5d3
#
# Core dump will be written. Default location: Core dumps may be processed with "/lib/systemd/systemd-coredump %P %u %g %s %t 9223372036854775808 %h" (or dumping to /home/miaro/Fianarana/ITU/S5/Mr_Rojo/autotrader/core.55569)
#
# If you would like to submit a bug report, please visit:
#   https://bugs.debian.org/openjdk-17
#

---------------  S U M M A R Y ------------

Command Line: -XX:TieredStopAtLevel=1 -Dawt.useSystemAAFontSettings=on -Dswing.aatext=true org.autotrader.AutotraderApplication

Host: Intel(R) Core(TM) i7-7700HQ CPU @ 2.80GHz, 8 cores, 15G, Kali GNU/Linux Rolling
Time: Mon Jan 29 15:30:16 2024 +0530 elapsed time: 1.264311 seconds (0d 0h 0m 1s)

---------------  T H R E A D  ---------------

Current thread (0x00007f9e30007cc0):  GCTaskThread "GC Thread#4" [stack: 0x00007f9e855fc000,0x00007f9e856fc000] [id=55594]

Stack: [0x00007f9e855fc000,0x00007f9e856fc000],  sp=0x00007f9e856faae0,  free space=1018k
Native frames: (J=compiled Java code, j=interpreted, Vv=VM code, C=native code)
V  [libjvm.so+0x5ed383]  CompiledMethod::cleanup_inline_caches_impl(bool, bool)+0x5d3
V  [libjvm.so+0x5ed67d]  CompiledMethod::unload_nmethod_caches(bool)+0x6d
V  [libjvm.so+0xbfee3e]  nmethod::do_unloading(bool)+0x8e
V  [libjvm.so+0xc594fe]  CodeCacheUnloadingTask::work(unsigned int)+0x8e
V  [libjvm.so+0x74e18b]  G1ParallelCleaningTask::work(unsigned int)+0x2b
V  [libjvm.so+0xf6bb51]  GangWorker::loop()+0x61
V  [libjvm.so+0xf6bbb2]
V  [libjvm.so+0xeb7dcf]  Thread::call_run()+0xbf
V  [libjvm.so+0xc3d269]  thread_native_entry(Thread*)+0xe9


siginfo: si_signo: 11 (SIGSEGV), si_code: 128 (SI_KERNEL), si_addr: 0x0000000000000000

Registers:
RAX=0x0200000000000000, RBX=0x00007f9e9da21f10, RCX=0x0200000000000000, RDX=0x00007f9e9da22395
RSP=0x00007f9e856faae0, RBP=0x00007f9e856fac10, RSI=0x0000000000000001, RDI=0x00007f9e9da22395
R8 =0x00007f9e9d451010, R9 =0x00007f9e9d451000, R10=0x00007f9eae476000, R11=0x0000000000000246
R12=0x00007f9eaf65fd08, R13=0x00007f9e856fabb0, R14=0x0000000000000001, R15=0x00007f9e30007f80
RIP=0x00007f9eaebed383, EFLAGS=0x0000000000010206, CSGSFS=0x002b000000000033, ERR=0x0000000000000000
  TRAPNO=0x000000000000000d


Register to memory mapping:

RAX=0x0200000000000000 is an unknown value
RBX=0x00007f9e9da21f10 is at entry_point+-496 in (nmethod*)0x00007f9e9da21f10
Compiled method (c1)    1268 2940       1       java.lang.invoke.MemberName::asConstructor (58 bytes)
 total in heap  [0x00007f9e9da21f10,0x00007f9e9da22580] = 1648
 relocation     [0x00007f9e9da22070,0x00007f9e9da220e8] = 120
 main code      [0x00007f9e9da22100,0x00007f9e9da22380] = 640
 stub code      [0x00007f9e9da22380,0x00007f9e9da22400] = 128
 metadata       [0x00007f9e9da22400,0x00007f9e9da22418] = 24
 scopes data    [0x00007f9e9da22418,0x00007f9e9da22470] = 88
 scopes pcs     [0x00007f9e9da22470,0x00007f9e9da22530] = 192
 dependencies   [0x00007f9e9da22530,0x00007f9e9da22538] = 8
 handler table  [0x00007f9e9da22538,0x00007f9e9da22568] = 48
 nul chk table  [0x00007f9e9da22568,0x00007f9e9da22580] = 24
RCX=0x0200000000000000 is an unknown value
RDX=0x00007f9e9da22395 is at entry_point+661 in (nmethod*)0x00007f9e9da21f10
Compiled method (c1)    1268 2940       1       java.lang.invoke.MemberName::asConstructor (58 bytes)
 total in heap  [0x00007f9e9da21f10,0x00007f9e9da22580] = 1648
 relocation     [0x00007f9e9da22070,0x00007f9e9da220e8] = 120
 main code      [0x00007f9e9da22100,0x00007f9e9da22380] = 640
 stub code      [0x00007f9e9da22380,0x00007f9e9da22400] = 128
 metadata       [0x00007f9e9da22400,0x00007f9e9da22418] = 24
 scopes data    [0x00007f9e9da22418,0x00007f9e9da22470] = 88
 scopes pcs     [0x00007f9e9da22470,0x00007f9e9da22530] = 192
 dependencies   [0x00007f9e9da22530,0x00007f9e9da22538] = 8
 handler table  [0x00007f9e9da22538,0x00007f9e9da22568] = 48
 nul chk table  [0x00007f9e9da22568,0x00007f9e9da22580] = 24
RSP=0x00007f9e856faae0 points into unknown readable memory: 0x00007f9eafa0e5a0 | a0 e5 a0 af 9e 7f 00 00
RBP=0x00007f9e856fac10 points into unknown readable memory: 0x00007f9e856fac90 | 90 ac 6f 85 9e 7f 00 00
RSI=0x0000000000000001 is an unknown value
RDI=0x00007f9e9da22395 is at entry_point+661 in (nmethod*)0x00007f9e9da21f10
Compiled method (c1)    1269 2940       1       java.lang.invoke.MemberName::asConstructor (58 bytes)
 total in heap  [0x00007f9e9da21f10,0x00007f9e9da22580] = 1648
 relocation     [0x00007f9e9da22070,0x00007f9e9da220e8] = 120
 main code      [0x00007f9e9da22100,0x00007f9e9da22380] = 640
 stub code      [0x00007f9e9da22380,0x00007f9e9da22400] = 128
 metadata       [0x00007f9e9da22400,0x00007f9e9da22418] = 24
 scopes data    [0x00007f9e9da22418,0x00007f9e9da22470] = 88
 scopes pcs     [0x00007f9e9da22470,0x00007f9e9da22530] = 192
 dependencies   [0x00007f9e9da22530,0x00007f9e9da22538] = 8
 handler table  [0x00007f9e9da22538,0x00007f9e9da22568] = 48
 nul chk table  [0x00007f9e9da22568,0x00007f9e9da22580] = 24
R8 =0x00007f9e9d451010 is at code_begin+-112 in 
[CodeBlob (0x00007f9e9d451010)]
Framesize: 356
Runtime Stub (0x00007f9e9d451010): resolve_opt_virtual_call
--------------------------------------------------------------------------------
Decoding CodeBlob, name: resolve_opt_virtual_call, at  [0x00007f9e9d451080, 0x00007f9e9d451228]  424 bytes
[MachCode]
  0x00007f9e9d451080: 5548 8bec | 9c48 83ec | 0848 81ec | 8000 0000 | 4889 4424 | 7848 894c | 2470 4889 | 5424 6848 
  0x00007f9e9d4510a0: 895c 2460 | 4889 6c24 | 5048 8974 | 2448 4889 | 7c24 404c | 8944 2438 | 4c89 4c24 | 304c 8954 
  0x00007f9e9d4510c0: 2428 4c89 | 5c24 204c | 8964 2418 | 4c89 6c24 | 104c 8974 | 2408 4c89 | 3c24 4881 | ec80 0a00 
  0x00007f9e9d4510e0: 0048 0fae | 0424 c5f8 | 77c5 f877 | 4989 a790 | 0200 0049 | 8bff e885 | 9eea 1149 | c787 9002 
  0x00007f9e9d451100: 0000 0000 | 0000 49c7 | 8798 0200 | 0000 0000 | 00c5 f877 | 4981 7f08 | 0000 0000 | 0f85 8a00 
  0x00007f9e9d451120: 0000 498b | 9ff0 0200 | 0049 c787 | f002 0000 | 0000 0000 | 4889 9c24 | e00a 0000 | 4889 8424 
  0x00007f9e9d451140: f80a 0000 | c5f8 7748 | 0fae 0c24 | 4881 c480 | 0a00 004c | 8b3c 244c | 8b74 2408 | 4c8b 6c24 
  0x00007f9e9d451160: 104c 8b64 | 2418 4c8b | 5c24 204c | 8b54 2428 | 4c8b 4c24 | 304c 8b44 | 2438 488b | 7c24 4048 
  0x00007f9e9d451180: 8b74 2448 | 488b 6c24 | 5048 8b5c | 2460 488b | 5424 6848 | 8b4c 2470 | 488b 4424 | 7848 81c4 
  0x00007f9e9d4511a0: 8000 0000 | 4883 c408 | 9d5d ffe0 | c5f8 7748 | 0fae 0c24 | 4881 c480 | 0a00 004c | 8b3c 244c 
  0x00007f9e9d4511c0: 8b74 2408 | 4c8b 6c24 | 104c 8b64 | 2418 4c8b | 5c24 204c | 8b54 2428 | 4c8b 4c24 | 304c 8b44 
  0x00007f9e9d4511e0: 2438 488b | 7c24 4048 | 8b74 2448 | 488b 6c24 | 5048 8b5c | 2460 488b | 5424 6848 | 8b4c 2470 
  0x00007f9e9d451200: 488b 4424 | 7848 81c4 | 8000 0000 | 4883 c408 | 9d5d 49c7 | 87e8 0200 | 0000 0000 | 0049 8b47 
  0x00007f9e9d451220: 08e9 daf9 | faff f4f4 
[/MachCode]
--------------------------------------------------------------------------------
R9 =0x00007f9e9d451000 points into unknown readable memory: 0x0000000000000006 | 06 00 00 00 00 00 00 00
R10=0x00007f9eae476000 points into unknown readable memory: 0x0100050403020100 | 00 01 02 03 04 05 00 01
R11=0x0000000000000246 is an unknown value
R12=0x00007f9eaf65fd08: <offset 0x000000000105fd08> in /usr/lib/jvm/java-17-openjdk-amd64/lib/server/libjvm.so at 0x00007f9eae600000
R13=0x00007f9e856fabb0 points into unknown readable memory: 0x00007f9eaf84f4b8 | b8 f4 84 af 9e 7f 00 00
R14=0x0000000000000001 is an unknown value
R15=0x00007f9e30007f80 points into unknown readable memory: 0x0000000000000002 | 02 00 00 00 00 00 00 00


Top of Stack: (sp=0x00007f9e856faae0)
0x00007f9e856faae0:   00007f9eafa0e5a0 00000000000003d8
0x00007f9e856faaf0:   00007f9e30007fc0 00007f9e30007fd0
0x00007f9e856fab00:   00007f9e300083a8 00007f9e30007fd0
0x00007f9e856fab10:   00007f9eaf84f4b8 00007f9e856fab40
0x00007f9e856fab20:   00007f9e30007fc0 00007f9e9d451610
0x00007f9e856fab30:   00007f9e9da21810 00007f9e856fab40
0x00007f9e856fab40:   0000000000000000 00007f9e9da220b0
0x00007f9e856fab50:   00007f9e9da220e8 00007f9e9da21f10
0x00007f9e856fab60:   00007f9e9da22395 00007f9eaf1f0151
0x00007f9e856fab70:   00007f9e9da220ac 00007f9e856f0000
0x00007f9e856fab80:   00007f9e9da22100 00007f9e9da22100
0x00007f9e856fab90:   00007f9e9da22380 00007f9e9da22100
0x00007f9e856faba0:   00007f9e9da22380 00007f9e9da22400
0x00007f9e856fabb0:   00007f9eaf84f4b8 00007f9e856fab40
0x00007f9e856fabc0:   000000000000000c 00007f9e00000000
0x00007f9e856fabd0:   00007f9e00000000 00007f9e9da21a00
0x00007f9e856fabe0:   00007f9e9da21ca0 00007f9e9da21f10
0x00007f9e856fabf0:   0000000000000000 00007f9e30007f80
0x00007f9e856fac00:   00007f9e856facf0 00007f9e856facec
0x00007f9e856fac10:   00007f9e856fac90 00007f9eaebed67d
0x00007f9e856fac20:   000000000000001c 00000000000003d8
0x00007f9e856fac30:   00007f9e30007fc0 00007f9e30007fd0
0x00007f9e856fac40:   00007f9e300083a8 00007f9e30007fd0
0x00007f9e856fac50:   00007f9e30007fc0 00007f9e9da21f10
0x00007f9e856fac60:   00007f9eaf847608 00007f9e9da21f10
0x00007f9e856fac70:   0000000000000000 0000000000000002
0x00007f9e856fac80:   00007f9e856facf0 00007f9e856facec
0x00007f9e856fac90:   00007f9e856facd0 00007f9eaf1fee3e
0x00007f9e856faca0:   00007f9e94b36620 00007f9e856fad48
0x00007f9e856facb0:   00007f9e94b36398 00007f9e856fad70
0x00007f9e856facc0:   00007f9e856facf0 00007f9e856facec
0x00007f9e856facd0:   00007f9e856fada0 00007f9eaf2594fe 

Instructions: (pc=0x00007f9eaebed383)
0x00007f9eaebed283:   89 95 18 ff ff ff 48 89 d7 ff 90 20 02 00 00 84
0x00007f9eaebed293:   c0 0f 84 f3 02 00 00 66 0f 1f 44 00 00 48 8b 03
0x00007f9eaebed2a3:   48 89 df ff 90 20 02 00 00 4c 89 f7 83 f0 01 0f
0x00007f9eaebed2b3:   b6 f0 e8 16 ca ff ff 84 c0 0f 85 49 fe ff ff 31
0x00007f9eaebed2c3:   db e9 a5 fc ff ff 0f 1f 80 00 00 00 00 44 0f b6
0x00007f9eaebed2d3:   ad 26 ff ff ff 48 89 c2 e9 8b fd ff ff 31 f6 bf
0x00007f9eaebed2e3:   20 00 00 00 e8 74 17 6f 00 49 89 c5 48 85 c0 74
0x00007f9eaebed2f3:   0f 48 8b b5 28 ff ff ff 48 89 c7 e8 cd c1 ff ff
0x00007f9eaebed303:   4c 89 ef e8 05 bf ff ff 0f b6 8d 27 ff ff ff 48
0x00007f9eaebed313:   89 da 4c 89 ef 48 89 c6 e8 b0 d5 ff ff 84 c0 74
0x00007f9eaebed323:   9e 48 8b 95 38 ff ff ff e9 13 fc ff ff 48 89 c2
0x00007f9eaebed333:   45 84 f6 0f 84 07 fc ff ff 48 8b 03 48 89 df ff
0x00007f9eaebed343:   90 20 02 00 00 84 c0 0f 85 10 02 00 00 66 0f 6f
0x00007f9eaebed353:   a5 00 ff ff ff 4c 8d 6d a0 c7 45 b0 0c 00 00 00
0x00007f9eaebed363:   4c 89 ef 0f 29 65 a0 e8 91 74 6e 00 4c 89 ef e8
0x00007f9eaebed373:   79 98 6e 00 48 89 c1 48 85 c0 0f 84 dd 01 00 00
0x00007f9eaebed383:   48 8b 00 48 89 8d 18 ff ff ff 48 89 cf ff 50 10
0x00007f9eaebed393:   48 8b 95 38 ff ff ff 48 8b 8d 18 ff ff ff 84 c0
0x00007f9eaebed3a3:   41 89 c6 0f 84 97 fb ff ff 48 8b 41 08 48 8b 40
0x00007f9eaebed3b3:   08 48 8b 40 18 48 8b b8 98 00 00 00 e8 9c 50 fa
0x00007f9eaebed3c3:   ff 41 89 c6 84 c0 0f 85 91 01 00 00 4c 89 ef e8
0x00007f9eaebed3d3:   c9 97 6e 00 48 c7 00 00 00 00 00 8b 75 b4 48 8b
0x00007f9eaebed3e3:   95 38 ff ff ff 85 f6 0f 84 53 fb ff ff 4c 89 ef
0x00007f9eaebed3f3:   e8 78 98 6e 00 48 8b 95 38 ff ff ff e9 3f fb ff
0x00007f9eaebed403:   ff 0f 1f 40 00 48 8b 03 48 8b bd 28 ff ff ff 4c
0x00007f9eaebed413:   8b a8 00 02 00 00 e8 82 87 6e 00 48 89 df 48 89
0x00007f9eaebed423:   c6 41 ff d5 48 8d 3d 42 d0 ff ff 49 89 c5 48 8b
0x00007f9eaebed433:   00 48 8b 00 48 39 f8 0f 85 30 01 00 00 49 8b 7d
0x00007f9eaebed443:   08 e8 07 b1 60 00 48 89 c7 e8 1f 07 fc ff 48 89
0x00007f9eaebed453:   c2 48 85 c0 0f 84 c7 fe ff ff 48 8b 00 48 89 95
0x00007f9eaebed463:   18 ff ff ff 48 89 d7 ff 50 58 84 c0 0f 84 af fe
0x00007f9eaebed473:   ff ff 80 bd 27 ff ff ff 00 48 8b 95 18 ff ff ff 


Stack slot to memory mapping:
stack at sp + 0 slots: 0x00007f9eafa0e5a0: <offset 0x00000000000875a0> in /lib/x86_64-linux-gnu/libc.so.6 at 0x00007f9eaf987000
stack at sp + 1 slots: 0x00000000000003d8 is an unknown value
stack at sp + 2 slots: 0x00007f9e30007fc0 points into unknown readable memory: 0x0000000000000000 | 00 00 00 00 00 00 00 00
stack at sp + 3 slots: 0x00007f9e30007fd0 points into unknown readable memory: 0x00007f9e30007ff0 | f0 7f 00 30 9e 7f 00 00
stack at sp + 4 slots: 0x00007f9e300083a8 points into unknown readable memory: 0x0000000000000045 | 45 00 00 00 00 00 00 00
stack at sp + 5 slots: 0x00007f9e30007fd0 points into unknown readable memory: 0x00007f9e30007ff0 | f0 7f 00 30 9e 7f 00 00
stack at sp + 6 slots: 0x00007f9eaf84f4b8: <offset 0x000000000124f4b8> in /usr/lib/jvm/java-17-openjdk-amd64/lib/server/libjvm.so at 0x00007f9eae600000
stack at sp + 7 slots: 0x00007f9e856fab40 points into unknown readable memory: 0x0000000000000000 | 00 00 00 00 00 00 00 00


---------------  P R O C E S S  ---------------

Threads class SMR info:
_java_thread_list=0x00007f9de0229ed0, length=13, elements={
0x00007f9ea80153e0, 0x00007f9ea8179d60, 0x00007f9ea817b150, 0x00007f9ea81806b0,
0x00007f9ea8181a70, 0x00007f9ea8182e90, 0x00007f9ea8184410, 0x00007f9ea8185880,
0x00007f9ea818d5c0, 0x00007f9ea8191110, 0x00007f9e1c05bdb0, 0x00007f9ea8622b80,
0x00007f9e040024f0
}

Java Threads: ( => current thread )
  0x00007f9ea80153e0 JavaThread "main" [_thread_blocked, id=55570, stack(0x00007f9eae100000,0x00007f9eae200000)]
  0x00007f9ea8179d60 JavaThread "Reference Handler" daemon [_thread_blocked, id=55578, stack(0x00007f9e94937000,0x00007f9e94a37000)]
  0x00007f9ea817b150 JavaThread "Finalizer" daemon [_thread_blocked, id=55579, stack(0x00007f9e94837000,0x00007f9e94937000)]
  0x00007f9ea81806b0 JavaThread "Signal Dispatcher" daemon [_thread_blocked, id=55580, stack(0x00007f9e94737000,0x00007f9e94837000)]
  0x00007f9ea8181a70 JavaThread "Service Thread" daemon [_thread_blocked, id=55581, stack(0x00007f9e94300000,0x00007f9e94400000)]
  0x00007f9ea8182e90 JavaThread "Monitor Deflation Thread" daemon [_thread_blocked, id=55582, stack(0x00007f9e94200000,0x00007f9e94300000)]
  0x00007f9ea8184410 JavaThread "C1 CompilerThread0" daemon [_thread_blocked, id=55583, stack(0x00007f9e94100000,0x00007f9e94200000)]
  0x00007f9ea8185880 JavaThread "Sweeper thread" daemon [_thread_blocked, id=55584, stack(0x00007f9e94000000,0x00007f9e94100000)]
  0x00007f9ea818d5c0 JavaThread "Notification Thread" daemon [_thread_blocked, id=55585, stack(0x00007f9e85f00000,0x00007f9e86000000)]
  0x00007f9ea8191110 JavaThread "Common-Cleaner" daemon [_thread_blocked, id=55587, stack(0x00007f9e85cff000,0x00007f9e85dff000)]
  0x00007f9e1c05bdb0 JavaThread "C1 CompilerThread1" daemon [_thread_blocked, id=55588, stack(0x00007f9e85bff000,0x00007f9e85cff000)]
  0x00007f9ea8622b80 JavaThread "Thread-0" [_thread_blocked, id=55589, stack(0x00007f9e85aff000,0x00007f9e85bff000)]
  0x00007f9e040024f0 JavaThread "restartedMain" [_thread_blocked, id=55590, stack(0x00007f9e859ff000,0x00007f9e85aff000)]

Other Threads:
  0x00007f9ea8175dc0 VMThread "VM Thread" [stack: 0x00007f9e94a38000,0x00007f9e94b38000] [id=55577]
  0x00007f9ea818ef20 WatcherThread [stack: 0x00007f9e85e00000,0x00007f9e85f00000] [id=55586]
  0x00007f9ea8080200 GCTaskThread "GC Thread#0" [stack: 0x00007f9eac035000,0x00007f9eac135000] [id=55572]
  0x00007f9e30005e90 GCTaskThread "GC Thread#1" [stack: 0x00007f9e858ff000,0x00007f9e859ff000] [id=55591]
  0x00007f9e300068a0 GCTaskThread "GC Thread#2" [stack: 0x00007f9e857fe000,0x00007f9e858fe000] [id=55592]
  0x00007f9e300072b0 GCTaskThread "GC Thread#3" [stack: 0x00007f9e856fd000,0x00007f9e857fd000] [id=55593]
=>0x00007f9e30007cc0 GCTaskThread "GC Thread#4" [stack: 0x00007f9e855fc000,0x00007f9e856fc000] [id=55594]
  0x00007f9e30008ac0 GCTaskThread "GC Thread#5" [stack: 0x00007f9e854fb000,0x00007f9e855fb000] [id=55595]
  0x00007f9e3000ec00 GCTaskThread "GC Thread#6" [stack: 0x00007f9e852fa000,0x00007f9e853fa000] [id=55597]
  0x00007f9e3000ccd0 GCTaskThread "GC Thread#7" [stack: 0x00007f9e851f9000,0x00007f9e852f9000] [id=55598]
  0x00007f9ea8091020 ConcurrentGCThread "G1 Main Marker" [stack: 0x00007f9ea7f00000,0x00007f9ea8000000] [id=55573]
  0x00007f9ea8091f90 ConcurrentGCThread "G1 Conc#0" [stack: 0x00007f9e956f0000,0x00007f9e957f0000] [id=55574]
  0x00007f9e88000ea0 ConcurrentGCThread "G1 Conc#1" [stack: 0x00007f9e850f8000,0x00007f9e851f8000] [id=55600]
  0x00007f9ea8146bd0 ConcurrentGCThread "G1 Refine#0" [stack: 0x00007f9e94de7000,0x00007f9e94ee7000] [id=55575]
  0x00007f9ea8147ad0 ConcurrentGCThread "G1 Service" [stack: 0x00007f9e94ce6000,0x00007f9e94de6000] [id=55576]

Threads with active compile tasks:
C1 CompilerThread0     1291 3282       1       org.springframework.core.AttributeAccessorSupport::setAttribute (32 bytes)
C1 CompilerThread1     1291 3281       1       org.springframework.beans.PropertyValue::<init> (90 bytes)

VM state: at safepoint (normal execution)

VM Mutex/Monitor currently owned by a thread:  ([mutex/lock_event])
[0x00007f9ea8012500] Threads_lock - owner thread: 0x00007f9ea8175dc0
[0x00007f9ea8012cb0] Heap_lock - owner thread: 0x00007f9ea8091020

Heap address: 0x0000000707e00000, size: 3970 MB, Compressed Oops mode: Zero based, Oop shift amount: 3

CDS archive(s) mapped at: [0x00007f9e37000000-0x00007f9e37bc6000-0x00007f9e37bc6000), size 12345344, SharedBaseAddress: 0x00007f9e37000000, ArchiveRelocationMode: 1.
Compressed class space mapped at: 0x00007f9e38000000-0x00007f9e78000000, reserved size: 1073741824
Narrow klass base: 0x00007f9e37000000, Narrow klass shift: 0, Narrow klass range: 0x100000000

GC Precious Log:
 CPUs: 8 total, 8 available
 Memory: 15874M
 Large Page Support: Disabled
 NUMA Support: Disabled
 Compressed Oops: Enabled (Zero based)
 Heap Region Size: 2M
 Heap Min Capacity: 8M
 Heap Initial Capacity: 250M
 Heap Max Capacity: 3970M
 Pre-touch: Disabled
 Parallel Workers: 8
 Concurrent Workers: 2
 Concurrent Refinement Workers: 8
 Periodic GC: Disabled

Heap:
 garbage-first heap   total 260096K, used 16157K [0x0000000707e00000, 0x0000000800000000)
  region size 2048K, 5 young (10240K), 4 survivors (8192K)
 Metaspace       used 21228K, committed 21632K, reserved 1114112K
  class space    used 2981K, committed 3136K, reserved 1048576K

Heap Regions: E=young(eden), S=young(survivor), O=old, HS=humongous(starts), HC=humongous(continues), CS=collection set, F=free, OA=open archive, CA=closed archive, TAMS=top-at-mark-start (previous, next)
|   0|0x0000000707e00000, 0x0000000708000000, 0x0000000708000000|100%| O|  |TAMS 0x0000000707e00000, 0x0000000708000000| Untracked 
|   1|0x0000000708000000, 0x0000000708200000, 0x0000000708200000|100%| O|  |TAMS 0x0000000708000000, 0x0000000708200000| Untracked 
|   2|0x0000000708200000, 0x00000007083f2200, 0x0000000708400000| 97%| O|  |TAMS 0x0000000708200000, 0x00000007083f2200| Untracked 
|   3|0x0000000708400000, 0x0000000708400000, 0x0000000708600000|  0%| F|  |TAMS 0x0000000708400000, 0x0000000708400000| Untracked 
|   4|0x0000000708600000, 0x0000000708600000, 0x0000000708800000|  0%| F|  |TAMS 0x0000000708600000, 0x0000000708600000| Untracked 
|   5|0x0000000708800000, 0x0000000708800000, 0x0000000708a00000|  0%| F|  |TAMS 0x0000000708800000, 0x0000000708800000| Untracked 
|   6|0x0000000708a00000, 0x0000000708a00000, 0x0000000708c00000|  0%| F|  |TAMS 0x0000000708a00000, 0x0000000708a00000| Untracked 
|   7|0x0000000708c00000, 0x0000000708c00000, 0x0000000708e00000|  0%| F|  |TAMS 0x0000000708c00000, 0x0000000708c00000| Untracked 
|   8|0x0000000708e00000, 0x0000000708e00000, 0x0000000709000000|  0%| F|  |TAMS 0x0000000708e00000, 0x0000000708e00000| Untracked 
|   9|0x0000000709000000, 0x0000000709000000, 0x0000000709200000|  0%| F|  |TAMS 0x0000000709000000, 0x0000000709000000| Untracked 
|  10|0x0000000709200000, 0x0000000709200000, 0x0000000709400000|  0%| F|  |TAMS 0x0000000709200000, 0x0000000709200000| Untracked 
|  11|0x0000000709400000, 0x0000000709400000, 0x0000000709600000|  0%| F|  |TAMS 0x0000000709400000, 0x0000000709400000| Untracked 
|  12|0x0000000709600000, 0x0000000709600000, 0x0000000709800000|  0%| F|  |TAMS 0x0000000709600000, 0x0000000709600000| Untracked 
|  13|0x0000000709800000, 0x0000000709800000, 0x0000000709a00000|  0%| F|  |TAMS 0x0000000709800000, 0x0000000709800000| Untracked 
|  14|0x0000000709a00000, 0x0000000709a00000, 0x0000000709c00000|  0%| F|  |TAMS 0x0000000709a00000, 0x0000000709a00000| Untracked 
|  15|0x0000000709c00000, 0x0000000709c00000, 0x0000000709e00000|  0%| F|  |TAMS 0x0000000709c00000, 0x0000000709c00000| Untracked 
|  16|0x0000000709e00000, 0x0000000709e00000, 0x000000070a000000|  0%| F|  |TAMS 0x0000000709e00000, 0x0000000709e00000| Untracked 
|  17|0x000000070a000000, 0x000000070a000000, 0x000000070a200000|  0%| F|  |TAMS 0x000000070a000000, 0x000000070a000000| Untracked 
|  18|0x000000070a200000, 0x000000070a200000, 0x000000070a400000|  0%| F|  |TAMS 0x000000070a200000, 0x000000070a200000| Untracked 
|  19|0x000000070a400000, 0x000000070a400000, 0x000000070a600000|  0%| F|  |TAMS 0x000000070a400000, 0x000000070a400000| Untracked 
|  20|0x000000070a600000, 0x000000070a600000, 0x000000070a800000|  0%| F|  |TAMS 0x000000070a600000, 0x000000070a600000| Untracked 
|  21|0x000000070a800000, 0x000000070a800000, 0x000000070aa00000|  0%| F|  |TAMS 0x000000070a800000, 0x000000070a800000| Untracked 
|  22|0x000000070aa00000, 0x000000070aa00000, 0x000000070ac00000|  0%| F|  |TAMS 0x000000070aa00000, 0x000000070aa00000| Untracked 
|  23|0x000000070ac00000, 0x000000070ac00000, 0x000000070ae00000|  0%| F|  |TAMS 0x000000070ac00000, 0x000000070ac00000| Untracked 
|  24|0x000000070ae00000, 0x000000070ae00000, 0x000000070b000000|  0%| F|  |TAMS 0x000000070ae00000, 0x000000070ae00000| Untracked 
|  25|0x000000070b000000, 0x000000070b000000, 0x000000070b200000|  0%| F|  |TAMS 0x000000070b000000, 0x000000070b000000| Untracked 
|  26|0x000000070b200000, 0x000000070b200000, 0x000000070b400000|  0%| F|  |TAMS 0x000000070b200000, 0x000000070b200000| Untracked 
|  27|0x000000070b400000, 0x000000070b400000, 0x000000070b600000|  0%| F|  |TAMS 0x000000070b400000, 0x000000070b400000| Untracked 
|  28|0x000000070b600000, 0x000000070b600000, 0x000000070b800000|  0%| F|  |TAMS 0x000000070b600000, 0x000000070b600000| Untracked 
|  29|0x000000070b800000, 0x000000070b800000, 0x000000070ba00000|  0%| F|  |TAMS 0x000000070b800000, 0x000000070b800000| Untracked 
|  30|0x000000070ba00000, 0x000000070ba00000, 0x000000070bc00000|  0%| F|  |TAMS 0x000000070ba00000, 0x000000070ba00000| Untracked 
|  31|0x000000070bc00000, 0x000000070bc00000, 0x000000070be00000|  0%| F|  |TAMS 0x000000070bc00000, 0x000000070bc00000| Untracked 
|  32|0x000000070be00000, 0x000000070be00000, 0x000000070c000000|  0%| F|  |TAMS 0x000000070be00000, 0x000000070be00000| Untracked 
|  33|0x000000070c000000, 0x000000070c000000, 0x000000070c200000|  0%| F|  |TAMS 0x000000070c000000, 0x000000070c000000| Untracked 
|  34|0x000000070c200000, 0x000000070c200000, 0x000000070c400000|  0%| F|  |TAMS 0x000000070c200000, 0x000000070c200000| Untracked 
|  35|0x000000070c400000, 0x000000070c400000, 0x000000070c600000|  0%| F|  |TAMS 0x000000070c400000, 0x000000070c400000| Untracked 
|  36|0x000000070c600000, 0x000000070c600000, 0x000000070c800000|  0%| F|  |TAMS 0x000000070c600000, 0x000000070c600000| Untracked 
|  37|0x000000070c800000, 0x000000070c800000, 0x000000070ca00000|  0%| F|  |TAMS 0x000000070c800000, 0x000000070c800000| Untracked 
|  38|0x000000070ca00000, 0x000000070ca00000, 0x000000070cc00000|  0%| F|  |TAMS 0x000000070ca00000, 0x000000070ca00000| Untracked 
|  39|0x000000070cc00000, 0x000000070cc00000, 0x000000070ce00000|  0%| F|  |TAMS 0x000000070cc00000, 0x000000070cc00000| Untracked 
|  40|0x000000070ce00000, 0x000000070ce00000, 0x000000070d000000|  0%| F|  |TAMS 0x000000070ce00000, 0x000000070ce00000| Untracked 
|  41|0x000000070d000000, 0x000000070d000000, 0x000000070d200000|  0%| F|  |TAMS 0x000000070d000000, 0x000000070d000000| Untracked 
|  42|0x000000070d200000, 0x000000070d200000, 0x000000070d400000|  0%| F|  |TAMS 0x000000070d200000, 0x000000070d200000| Untracked 
|  43|0x000000070d400000, 0x000000070d400000, 0x000000070d600000|  0%| F|  |TAMS 0x000000070d400000, 0x000000070d400000| Untracked 
|  44|0x000000070d600000, 0x000000070d600000, 0x000000070d800000|  0%| F|  |TAMS 0x000000070d600000, 0x000000070d600000| Untracked 
|  45|0x000000070d800000, 0x000000070d800000, 0x000000070da00000|  0%| F|  |TAMS 0x000000070d800000, 0x000000070d800000| Untracked 
|  46|0x000000070da00000, 0x000000070da00000, 0x000000070dc00000|  0%| F|  |TAMS 0x000000070da00000, 0x000000070da00000| Untracked 
|  47|0x000000070dc00000, 0x000000070dc00000, 0x000000070de00000|  0%| F|  |TAMS 0x000000070dc00000, 0x000000070dc00000| Untracked 
|  48|0x000000070de00000, 0x000000070de00000, 0x000000070e000000|  0%| F|  |TAMS 0x000000070de00000, 0x000000070de00000| Untracked 
|  49|0x000000070e000000, 0x000000070e000000, 0x000000070e200000|  0%| F|  |TAMS 0x000000070e000000, 0x000000070e000000| Untracked 
|  50|0x000000070e200000, 0x000000070e200000, 0x000000070e400000|  0%| F|  |TAMS 0x000000070e200000, 0x000000070e200000| Untracked 
|  51|0x000000070e400000, 0x000000070e400000, 0x000000070e600000|  0%| F|  |TAMS 0x000000070e400000, 0x000000070e400000| Untracked 
|  52|0x000000070e600000, 0x000000070e600000, 0x000000070e800000|  0%| F|  |TAMS 0x000000070e600000, 0x000000070e600000| Untracked 
|  53|0x000000070e800000, 0x000000070e800000, 0x000000070ea00000|  0%| F|  |TAMS 0x000000070e800000, 0x000000070e800000| Untracked 
|  54|0x000000070ea00000, 0x000000070ea00000, 0x000000070ec00000|  0%| F|  |TAMS 0x000000070ea00000, 0x000000070ea00000| Untracked 
|  55|0x000000070ec00000, 0x000000070ec00000, 0x000000070ee00000|  0%| F|  |TAMS 0x000000070ec00000, 0x000000070ec00000| Untracked 
|  56|0x000000070ee00000, 0x000000070ee00000, 0x000000070f000000|  0%| F|  |TAMS 0x000000070ee00000, 0x000000070ee00000| Untracked 
|  57|0x000000070f000000, 0x000000070f000000, 0x000000070f200000|  0%| F|  |TAMS 0x000000070f000000, 0x000000070f000000| Untracked 
|  58|0x000000070f200000, 0x000000070f200000, 0x000000070f400000|  0%| F|  |TAMS 0x000000070f200000, 0x000000070f200000| Untracked 
|  59|0x000000070f400000, 0x000000070f400000, 0x000000070f600000|  0%| F|  |TAMS 0x000000070f400000, 0x000000070f400000| Untracked 
|  60|0x000000070f600000, 0x000000070f600000, 0x000000070f800000|  0%| F|  |TAMS 0x000000070f600000, 0x000000070f600000| Untracked 
|  61|0x000000070f800000, 0x000000070f800000, 0x000000070fa00000|  0%| F|  |TAMS 0x000000070f800000, 0x000000070f800000| Untracked 
|  62|0x000000070fa00000, 0x000000070fa00000, 0x000000070fc00000|  0%| F|  |TAMS 0x000000070fa00000, 0x000000070fa00000| Untracked 
|  63|0x000000070fc00000, 0x000000070fc00000, 0x000000070fe00000|  0%| F|  |TAMS 0x000000070fc00000, 0x000000070fc00000| Untracked 
|  64|0x000000070fe00000, 0x000000070fe00000, 0x0000000710000000|  0%| F|  |TAMS 0x000000070fe00000, 0x000000070fe00000| Untracked 
|  65|0x0000000710000000, 0x0000000710000000, 0x0000000710200000|  0%| F|  |TAMS 0x0000000710000000, 0x0000000710000000| Untracked 
|  66|0x0000000710200000, 0x0000000710200000, 0x0000000710400000|  0%| F|  |TAMS 0x0000000710200000, 0x0000000710200000| Untracked 
|  67|0x0000000710400000, 0x0000000710400000, 0x0000000710600000|  0%| F|  |TAMS 0x0000000710400000, 0x0000000710400000| Untracked 
|  68|0x0000000710600000, 0x0000000710600000, 0x0000000710800000|  0%| F|  |TAMS 0x0000000710600000, 0x0000000710600000| Untracked 
|  69|0x0000000710800000, 0x0000000710800000, 0x0000000710a00000|  0%| F|  |TAMS 0x0000000710800000, 0x0000000710800000| Untracked 
|  70|0x0000000710a00000, 0x0000000710a00000, 0x0000000710c00000|  0%| F|  |TAMS 0x0000000710a00000, 0x0000000710a00000| Untracked 
|  71|0x0000000710c00000, 0x0000000710c00000, 0x0000000710e00000|  0%| F|  |TAMS 0x0000000710c00000, 0x0000000710c00000| Untracked 
|  72|0x0000000710e00000, 0x0000000710e00000, 0x0000000711000000|  0%| F|  |TAMS 0x0000000710e00000, 0x0000000710e00000| Untracked 
|  73|0x0000000711000000, 0x0000000711000000, 0x0000000711200000|  0%| F|  |TAMS 0x0000000711000000, 0x0000000711000000| Untracked 
|  74|0x0000000711200000, 0x0000000711200000, 0x0000000711400000|  0%| F|  |TAMS 0x0000000711200000, 0x0000000711200000| Untracked 
|  75|0x0000000711400000, 0x0000000711400000, 0x0000000711600000|  0%| F|  |TAMS 0x0000000711400000, 0x0000000711400000| Untracked 
|  76|0x0000000711600000, 0x0000000711600000, 0x0000000711800000|  0%| F|  |TAMS 0x0000000711600000, 0x0000000711600000| Untracked 
|  77|0x0000000711800000, 0x0000000711800000, 0x0000000711a00000|  0%| F|  |TAMS 0x0000000711800000, 0x0000000711800000| Untracked 
|  78|0x0000000711a00000, 0x0000000711a00000, 0x0000000711c00000|  0%| F|  |TAMS 0x0000000711a00000, 0x0000000711a00000| Untracked 
|  79|0x0000000711c00000, 0x0000000711c00000, 0x0000000711e00000|  0%| F|  |TAMS 0x0000000711c00000, 0x0000000711c00000| Untracked 
|  80|0x0000000711e00000, 0x0000000711fe94a8, 0x0000000712000000| 95%| S|CS|TAMS 0x0000000711e00000, 0x0000000711e00000| Complete 
|  81|0x0000000712000000, 0x0000000712200000, 0x0000000712200000|100%| S|CS|TAMS 0x0000000712000000, 0x0000000712000000| Complete 
|  82|0x0000000712200000, 0x0000000712400000, 0x0000000712400000|100%| S|CS|TAMS 0x0000000712200000, 0x0000000712200000| Complete 
|  83|0x0000000712400000, 0x0000000712600000, 0x0000000712600000|100%| S|CS|TAMS 0x0000000712400000, 0x0000000712400000| Complete 
|  84|0x0000000712600000, 0x0000000712600000, 0x0000000712800000|  0%| F|  |TAMS 0x0000000712600000, 0x0000000712600000| Untracked 
|  85|0x0000000712800000, 0x0000000712800000, 0x0000000712a00000|  0%| F|  |TAMS 0x0000000712800000, 0x0000000712800000| Untracked 
|  86|0x0000000712a00000, 0x0000000712a00000, 0x0000000712c00000|  0%| F|  |TAMS 0x0000000712a00000, 0x0000000712a00000| Untracked 
|  87|0x0000000712c00000, 0x0000000712c00000, 0x0000000712e00000|  0%| F|  |TAMS 0x0000000712c00000, 0x0000000712c00000| Untracked 
|  88|0x0000000712e00000, 0x0000000712e00000, 0x0000000713000000|  0%| F|  |TAMS 0x0000000712e00000, 0x0000000712e00000| Untracked 
|  89|0x0000000713000000, 0x0000000713000000, 0x0000000713200000|  0%| F|  |TAMS 0x0000000713000000, 0x0000000713000000| Untracked 
|  90|0x0000000713200000, 0x0000000713200000, 0x0000000713400000|  0%| F|  |TAMS 0x0000000713200000, 0x0000000713200000| Untracked 
|  91|0x0000000713400000, 0x0000000713400000, 0x0000000713600000|  0%| F|  |TAMS 0x0000000713400000, 0x0000000713400000| Untracked 
|  92|0x0000000713600000, 0x0000000713600000, 0x0000000713800000|  0%| F|  |TAMS 0x0000000713600000, 0x0000000713600000| Untracked 
|  93|0x0000000713800000, 0x0000000713800000, 0x0000000713a00000|  0%| F|  |TAMS 0x0000000713800000, 0x0000000713800000| Untracked 
|  94|0x0000000713a00000, 0x0000000713a00000, 0x0000000713c00000|  0%| F|  |TAMS 0x0000000713a00000, 0x0000000713a00000| Untracked 
|  95|0x0000000713c00000, 0x0000000713c00000, 0x0000000713e00000|  0%| F|  |TAMS 0x0000000713c00000, 0x0000000713c00000| Untracked 
|  96|0x0000000713e00000, 0x0000000713e00000, 0x0000000714000000|  0%| F|  |TAMS 0x0000000713e00000, 0x0000000713e00000| Untracked 
|  97|0x0000000714000000, 0x0000000714000000, 0x0000000714200000|  0%| F|  |TAMS 0x0000000714000000, 0x0000000714000000| Untracked 
|  98|0x0000000714200000, 0x0000000714200000, 0x0000000714400000|  0%| F|  |TAMS 0x0000000714200000, 0x0000000714200000| Untracked 
|  99|0x0000000714400000, 0x0000000714400000, 0x0000000714600000|  0%| F|  |TAMS 0x0000000714400000, 0x0000000714400000| Untracked 
| 100|0x0000000714600000, 0x0000000714600000, 0x0000000714800000|  0%| F|  |TAMS 0x0000000714600000, 0x0000000714600000| Untracked 
| 101|0x0000000714800000, 0x0000000714800000, 0x0000000714a00000|  0%| F|  |TAMS 0x0000000714800000, 0x0000000714800000| Untracked 
| 102|0x0000000714a00000, 0x0000000714a00000, 0x0000000714c00000|  0%| F|  |TAMS 0x0000000714a00000, 0x0000000714a00000| Untracked 
| 103|0x0000000714c00000, 0x0000000714c00000, 0x0000000714e00000|  0%| F|  |TAMS 0x0000000714c00000, 0x0000000714c00000| Untracked 
| 104|0x0000000714e00000, 0x0000000714e00000, 0x0000000715000000|  0%| F|  |TAMS 0x0000000714e00000, 0x0000000714e00000| Untracked 
| 105|0x0000000715000000, 0x0000000715000000, 0x0000000715200000|  0%| F|  |TAMS 0x0000000715000000, 0x0000000715000000| Untracked 
| 106|0x0000000715200000, 0x0000000715200000, 0x0000000715400000|  0%| F|  |TAMS 0x0000000715200000, 0x0000000715200000| Untracked 
| 107|0x0000000715400000, 0x0000000715400000, 0x0000000715600000|  0%| F|  |TAMS 0x0000000715400000, 0x0000000715400000| Untracked 
| 108|0x0000000715600000, 0x0000000715600000, 0x0000000715800000|  0%| F|  |TAMS 0x0000000715600000, 0x0000000715600000| Untracked 
| 109|0x0000000715800000, 0x0000000715800000, 0x0000000715a00000|  0%| F|  |TAMS 0x0000000715800000, 0x0000000715800000| Untracked 
| 110|0x0000000715a00000, 0x0000000715a00000, 0x0000000715c00000|  0%| F|  |TAMS 0x0000000715a00000, 0x0000000715a00000| Untracked 
| 111|0x0000000715c00000, 0x0000000715c00000, 0x0000000715e00000|  0%| F|  |TAMS 0x0000000715c00000, 0x0000000715c00000| Untracked 
| 112|0x0000000715e00000, 0x0000000715e00000, 0x0000000716000000|  0%| F|  |TAMS 0x0000000715e00000, 0x0000000715e00000| Untracked 
| 113|0x0000000716000000, 0x0000000716000000, 0x0000000716200000|  0%| F|  |TAMS 0x0000000716000000, 0x0000000716000000| Untracked 
| 114|0x0000000716200000, 0x0000000716200000, 0x0000000716400000|  0%| F|  |TAMS 0x0000000716200000, 0x0000000716200000| Untracked 
| 115|0x0000000716400000, 0x0000000716400000, 0x0000000716600000|  0%| F|  |TAMS 0x0000000716400000, 0x0000000716400000| Untracked 
| 116|0x0000000716600000, 0x0000000716600000, 0x0000000716800000|  0%| F|  |TAMS 0x0000000716600000, 0x0000000716600000| Untracked 
| 117|0x0000000716800000, 0x0000000716800000, 0x0000000716a00000|  0%| F|  |TAMS 0x0000000716800000, 0x0000000716800000| Untracked 
| 118|0x0000000716a00000, 0x0000000716a00000, 0x0000000716c00000|  0%| F|  |TAMS 0x0000000716a00000, 0x0000000716a00000| Untracked 
| 119|0x0000000716c00000, 0x0000000716c00000, 0x0000000716e00000|  0%| F|  |TAMS 0x0000000716c00000, 0x0000000716c00000| Untracked 
| 120|0x0000000716e00000, 0x0000000716e00000, 0x0000000717000000|  0%| F|  |TAMS 0x0000000716e00000, 0x0000000716e00000| Untracked 
| 121|0x0000000717000000, 0x0000000717000000, 0x0000000717200000|  0%| F|  |TAMS 0x0000000717000000, 0x0000000717000000| Untracked 
| 122|0x0000000717200000, 0x0000000717200000, 0x0000000717400000|  0%| F|  |TAMS 0x0000000717200000, 0x0000000717200000| Untracked 
| 123|0x0000000717400000, 0x0000000717400000, 0x0000000717600000|  0%| F|  |TAMS 0x0000000717400000, 0x0000000717400000| Untracked 
| 124|0x0000000717600000, 0x000000071776a008, 0x0000000717800000| 70%| E|  |TAMS 0x0000000717600000, 0x0000000717600000| Complete 
|1983|0x00000007ffc00000, 0x00000007ffd75000, 0x00000007ffe00000| 72%|OA|  |TAMS 0x00000007ffc00000, 0x00000007ffd75000| Untracked 
|1984|0x00000007ffe00000, 0x00000007ffe77000, 0x0000000800000000| 23%|CA|  |TAMS 0x00000007ffe00000, 0x00000007ffe77000| Untracked 

Card table byte_map: [0x00007f9eac976000,0x00007f9ead137000] _byte_map_base: 0x00007f9ea9137000

Marking Bits (Prev, Next): (CMBitMap*) 0x00007f9ea8080c90, (CMBitMap*) 0x00007f9ea8080cd0
 Prev Bits: [0x00007f9e995f8000, 0x00007f9e9d400000)
 Next Bits: [0x00007f9e957f0000, 0x00007f9e995f8000)

Polling page: 0x00007f9eafbab000

Metaspace:

Usage:
  Non-class:     17.82 MB used.
      Class:      2.91 MB used.
       Both:     20.73 MB used.

Virtual space:
  Non-class space:       64.00 MB reserved,      18.06 MB ( 28%) committed,  1 nodes.
      Class space:        1.00 GB reserved,       3.06 MB ( <1%) committed,  1 nodes.
             Both:        1.06 GB reserved,      21.12 MB (  2%) committed. 

Chunk freelists:
   Non-Class:  13.59 MB
       Class:  12.94 MB
        Both:  26.54 MB

MaxMetaspaceSize: unlimited
CompressedClassSpaceSize: 1.00 GB
Initial GC threshold: 21.00 MB
Current GC threshold: 21.31 MB
CDS: on
MetaspaceReclaimPolicy: balanced
 - commit_granule_bytes: 65536.
 - commit_granule_words: 8192.
 - virtual_space_node_default_size: 8388608.
 - enlarge_chunks_in_place: 1.
 - new_chunks_are_fully_committed: 0.
 - uncommit_free_chunks: 1.
 - use_allocation_guard: 0.
 - handle_deallocations: 1.


Internal statistics:

num_allocs_failed_limit: 3.
num_arena_births: 404.
num_arena_deaths: 0.
num_vsnodes_births: 2.
num_vsnodes_deaths: 0.
num_space_committed: 338.
num_space_uncommitted: 0.
num_chunks_returned_to_freelist: 3.
num_chunks_taken_from_freelist: 1218.
num_chunk_merges: 0.
num_chunk_splits: 824.
num_chunks_enlarged: 599.
num_inconsistent_stats: 0.

CodeCache: size=49152Kb used=6896Kb max_used=6896Kb free=42255Kb
 bounds [0x00007f9e9d400000, 0x00007f9e9dac0000, 0x00007f9ea0400000]
 total_blobs=3767 nmethods=3280 adapters=413
 compilation: enabled
              stopped_count=0, restarted_count=0
 full_count=0

Compilation events (20 events):
Event: 1.246 Thread 0x00007f9e1c05bdb0 nmethod 3271 0x00007f9e9dab8a10 code [0x00007f9e9dab8be0, 0x00007f9e9dab8d80]
Event: 1.246 Thread 0x00007f9e1c05bdb0 3273       1       org.springframework.beans.factory.support.AbstractBeanFactory::isSingleton (170 bytes)
Event: 1.246 Thread 0x00007f9ea8184410 nmethod 3272 0x00007f9e9dab8e90 code [0x00007f9e9dab9040, 0x00007f9e9dab9190]
Event: 1.246 Thread 0x00007f9ea8184410 3274       1       java.beans.PropertyEditorSupport::setSource (6 bytes)
Event: 1.246 Thread 0x00007f9ea8184410 nmethod 3274 0x00007f9e9dab9210 code [0x00007f9e9dab93a0, 0x00007f9e9dab94b0]
Event: 1.247 Thread 0x00007f9e1c05bdb0 nmethod 3273 0x00007f9e9dab9510 code [0x00007f9e9dab9820, 0x00007f9e9daba210]
Event: 1.247 Thread 0x00007f9e1c05bdb0 3275       1       org.springframework.beans.factory.support.DefaultListableBeanFactory::isBeanEligibleForMetadataCaching (21 bytes)
Event: 1.247 Thread 0x00007f9ea8184410 3276       1       org.springframework.beans.factory.support.AbstractBeanFactory::isBeanEligibleForMetadataCaching (11 bytes)
Event: 1.247 Thread 0x00007f9ea8184410 nmethod 3276 0x00007f9e9daba810 code [0x00007f9e9daba9c0, 0x00007f9e9dabaaa0]
Event: 1.247 Thread 0x00007f9ea8184410 3277       1       org.springframework.beans.factory.support.AbstractBeanFactory$$Lambda$518/0x00007f9e3830e780::accept (16 bytes)
Event: 1.247 Thread 0x00007f9e1c05bdb0 nmethod 3275 0x00007f9e9dabab10 code [0x00007f9e9dabacc0, 0x00007f9e9dabade0]
Event: 1.247 Thread 0x00007f9e1c05bdb0 3278       1       org.springframework.beans.factory.support.AbstractBeanFactory::lambda$clearMetadataCache$3 (14 bytes)
Event: 1.247 Thread 0x00007f9e1c05bdb0 nmethod 3278 0x00007f9e9dabae90 code [0x00007f9e9dabb040, 0x00007f9e9dabb180]
Event: 1.247 Thread 0x00007f9e1c05bdb0 3279       1       org.springframework.beans.factory.support.RootBeanDefinition::<init> (91 bytes)
Event: 1.247 Thread 0x00007f9ea8184410 nmethod 3277 0x00007f9e9dabb290 code [0x00007f9e9dabb440, 0x00007f9e9dabb600]
Event: 1.248 Thread 0x00007f9e1c05bdb0 nmethod 3279 0x00007f9e9dabb710 code [0x00007f9e9dabb8e0, 0x00007f9e9dabbd40]
Event: 1.248 Thread 0x00007f9e1c05bdb0 3280       1       java.util.stream.ForEachOps$ForEachOp::get (2 bytes)
Event: 1.248 Thread 0x00007f9e1c05bdb0 nmethod 3280 0x00007f9e9dabbe10 code [0x00007f9e9dabbfa0, 0x00007f9e9dabc070]
Event: 1.248 Thread 0x00007f9e1c05bdb0 3281       1       org.springframework.beans.PropertyValue::<init> (90 bytes)
Event: 1.248 Thread 0x00007f9ea8184410 3282       1       org.springframework.core.AttributeAccessorSupport::setAttribute (32 bytes)

GC Heap History (6 events):
Event: 0.293 GC heap before
{Heap before GC invocations=0 (full 0):
 garbage-first heap   total 260096K, used 24496K [0x0000000707e00000, 0x0000000800000000)
  region size 2048K, 11 young (22528K), 0 survivors (0K)
 Metaspace       used 4544K, committed 4736K, reserved 1114112K
  class space    used 603K, committed 704K, reserved 1048576K
}
Event: 0.297 GC heap after
{Heap after GC invocations=1 (full 0):
 garbage-first heap   total 260096K, used 7495K [0x0000000707e00000, 0x0000000800000000)
  region size 2048K, 2 young (4096K), 2 survivors (4096K)
 Metaspace       used 4544K, committed 4736K, reserved 1114112K
  class space    used 603K, committed 704K, reserved 1048576K
}
Event: 0.512 GC heap before
{Heap before GC invocations=1 (full 0):
 garbage-first heap   total 260096K, used 30023K [0x0000000707e00000, 0x0000000800000000)
  region size 2048K, 14 young (28672K), 2 survivors (4096K)
 Metaspace       used 9992K, committed 10240K, reserved 1114112K
  class space    used 1352K, committed 1472K, reserved 1048576K
}
Event: 0.514 GC heap after
{Heap after GC invocations=2 (full 0):
 garbage-first heap   total 260096K, used 9721K [0x0000000707e00000, 0x0000000800000000)
  region size 2048K, 1 young (2048K), 1 survivors (2048K)
 Metaspace       used 9992K, committed 10240K, reserved 1114112K
  class space    used 1352K, committed 1472K, reserved 1048576K
}
Event: 1.235 GC heap before
{Heap before GC invocations=2 (full 0):
 garbage-first heap   total 260096K, used 89593K [0x0000000707e00000, 0x0000000800000000)
  region size 2048K, 41 young (83968K), 1 survivors (2048K)
 Metaspace       used 21130K, committed 21504K, reserved 1114112K
  class space    used 2966K, committed 3136K, reserved 1048576K
}
Event: 1.241 GC heap after
{Heap after GC invocations=3 (full 0):
 garbage-first heap   total 260096K, used 16157K [0x0000000707e00000, 0x0000000800000000)
  region size 2048K, 4 young (8192K), 4 survivors (8192K)
 Metaspace       used 21130K, committed 21504K, reserved 1114112K
  class space    used 2966K, committed 3136K, reserved 1048576K
}

Dll operation events (8 events):
Event: 0.002 Loaded shared library /usr/lib/jvm/java-17-openjdk-amd64/lib/libjava.so
Event: 0.022 Loaded shared library /usr/lib/jvm/java-17-openjdk-amd64/lib/libjsvml.so
Event: 0.041 Loaded shared library /usr/lib/jvm/java-17-openjdk-amd64/lib/libnio.so
Event: 0.044 Loaded shared library /usr/lib/jvm/java-17-openjdk-amd64/lib/libzip.so
Event: 0.102 Loaded shared library /usr/lib/jvm/java-17-openjdk-amd64/lib/libjimage.so
Event: 0.119 Loaded shared library /usr/lib/jvm/java-17-openjdk-amd64/lib/libnet.so
Event: 0.236 Loaded shared library /usr/lib/jvm/java-17-openjdk-amd64/lib/libmanagement.so
Event: 0.237 Loaded shared library /usr/lib/jvm/java-17-openjdk-amd64/lib/libmanagement_ext.so

Deoptimization events (4 events):
Event: 0.541 Thread 0x00007f9e040024f0 DEOPT PACKING pc=0x00007f9e9d7fa191 sp=0x00007f9e85afb380
Event: 0.541 Thread 0x00007f9e040024f0 DEOPT UNPACKING pc=0x00007f9e9d456e2f sp=0x00007f9e85afa880 mode 3
Event: 0.661 Thread 0x00007f9e040024f0 DEOPT PACKING pc=0x00007f9e9d86c955 sp=0x00007f9e85afbf60
Event: 0.661 Thread 0x00007f9e040024f0 DEOPT UNPACKING pc=0x00007f9e9d456e2f sp=0x00007f9e85afb428 mode 3

Classes unloaded (0 events):
No events

Classes redefined (0 events):
No events

Internal exceptions (20 events):
Event: 1.167 Thread 0x00007f9e040024f0 Exception <a 'java/lang/NoSuchMethodError'{0x0000000712a0f018}: 'int java.lang.invoke.DirectMethodHandle$Holder.invokeVirtual(java.lang.Object, java.lang.Object, java.lang.Object)'> (0x0000000712a0f018) 
thrown [./src/hotspot/share/interpreter/linkResolver.cpp, line 758]
Event: 1.167 Thread 0x00007f9e040024f0 Exception <a 'java/lang/NoSuchMethodError'{0x0000000712a128d0}: 'int java.lang.invoke.DirectMethodHandle$Holder.invokeVirtual(java.lang.Object, java.lang.Object)'> (0x0000000712a128d0) 
thrown [./src/hotspot/share/interpreter/linkResolver.cpp, line 758]
Event: 1.167 Thread 0x00007f9e040024f0 Exception <a 'java/lang/NoSuchMethodError'{0x0000000712a16ad0}: 'int java.lang.invoke.DirectMethodHandle$Holder.invokeStaticInit(java.lang.Object, int, int)'> (0x0000000712a16ad0) 
thrown [./src/hotspot/share/interpreter/linkResolver.cpp, line 758]
Event: 1.168 Thread 0x00007f9e040024f0 Exception <a 'java/lang/NoSuchMethodError'{0x0000000712a242c8}: 'int java.lang.invoke.DirectMethodHandle$Holder.invokeStaticInit(java.lang.Object, long, long)'> (0x0000000712a242c8) 
thrown [./src/hotspot/share/interpreter/linkResolver.cpp, line 758]
Event: 1.168 Thread 0x00007f9e040024f0 Exception <a 'java/lang/NoSuchMethodError'{0x0000000712a2b118}: 'int java.lang.invoke.DirectMethodHandle$Holder.invokeStaticInit(java.lang.Object, float, float)'> (0x0000000712a2b118) 
thrown [./src/hotspot/share/interpreter/linkResolver.cpp, line 758]
Event: 1.168 Thread 0x00007f9e040024f0 Exception <a 'java/lang/NoSuchMethodError'{0x0000000712a31f70}: 'int java.lang.invoke.DirectMethodHandle$Holder.invokeStaticInit(java.lang.Object, double, double)'> (0x0000000712a31f70) 
thrown [./src/hotspot/share/interpreter/linkResolver.cpp, line 758]
Event: 1.169 Thread 0x00007f9e040024f0 Exception <a 'java/lang/NoSuchMethodError'{0x0000000712a36540}: 'int java.lang.invoke.DirectMethodHandle$Holder.invokeStatic(java.lang.Object, long)'> (0x0000000712a36540) 
thrown [./src/hotspot/share/interpreter/linkResolver.cpp, line 758]
Event: 1.170 Thread 0x00007f9e040024f0 Exception <a 'java/lang/NoSuchMethodError'{0x0000000712a5b068}: 'int java.lang.invoke.DirectMethodHandle$Holder.invokeSpecial(java.lang.Object, java.lang.Object, int)'> (0x0000000712a5b068) 
thrown [./src/hotspot/share/interpreter/linkResolver.cpp, line 758]
Event: 1.170 Thread 0x00007f9e040024f0 Exception <a 'java/lang/NoSuchMethodError'{0x0000000712a629c8}: 'int java.lang.invoke.Invokers$Holder.linkToTargetMethod(java.lang.Object, java.lang.Object)'> (0x0000000712a629c8) 
thrown [./src/hotspot/share/interpreter/linkResolver.cpp, line 758]
Event: 1.181 Thread 0x00007f9e040024f0 Exception <a 'java/lang/NoSuchMethodError'{0x0000000712b09578}: 'java.lang.Object java.lang.invoke.DirectMethodHandle$Holder.invokeSpecial(java.lang.Object, java.lang.Object, java.lang.Object, java.lang.Object, java.lang.Object, java.lang.Object, java.lang.Object, java.lang.Object, java.lang.Object, java.lang.Object)'> (0x0000000712b09578) 
thrown [./src/hotspot/share/interpreter/linkResolver.cpp, line 758]
Event: 1.181 Thread 0x00007f9e040024f0 Exception <a 'java/lang/NoSuchMethodError'{0x0000000712b0de08}: 'java.lang.Object java.lang.invoke.Invokers$Holder.invoke_MT(java.lang.Object, java.lang.Object, java.lang.Object, java.lang.Object, java.lang.Object, java.lang.Object, java.lang.Object, java.lang.Object, java.lang.Object, java.lang.Object)'> (0x0000000712b0de08) 
thrown [./src/hotspot/share/interpreter/linkResolver.cpp, line 758]
Event: 1.184 Thread 0x00007f9e040024f0 Exception <a 'java/lang/NoSuchMethodError'{0x0000000712b4e1e0}: 'java.lang.Object java.lang.invoke.DirectMethodHandle$Holder.invokeSpecial(java.lang.Object, java.lang.Object, int, java.lang.Object, java.lang.Object)'> (0x0000000712b4e1e0) 
thrown [./src/hotspot/share/interpreter/linkResolver.cpp, line 758]
Event: 1.185 Thread 0x00007f9e040024f0 Exception <a 'java/lang/NoSuchMethodError'{0x0000000712b51e88}: 'java.lang.Object java.lang.invoke.DelegatingMethodHandle$Holder.delegate(java.lang.Object, int, java.lang.Object, java.lang.Object)'> (0x0000000712b51e88) 
thrown [./src/hotspot/share/interpreter/linkResolver.cpp, line 758]
Event: 1.185 Thread 0x00007f9e040024f0 Exception <a 'java/lang/NoSuchMethodError'{0x0000000712b62d10}: 'int java.lang.invoke.Invokers$Holder.linkToTargetMethod(java.lang.Object, java.lang.Object, java.lang.Object)'> (0x0000000712b62d10) 
thrown [./src/hotspot/share/interpreter/linkResolver.cpp, line 758]
Event: 1.213 Thread 0x00007f9e040024f0 Exception <a 'java/lang/NoClassDefFoundError'{0x000000071295a5d8}: org/flywaydb/core/Flyway> (0x000000071295a5d8) 
thrown [./src/hotspot/share/classfile/systemDictionary.cpp, line 245]
Event: 1.213 Thread 0x00007f9e040024f0 Exception <a 'java/lang/NoClassDefFoundError'{0x000000071295c590}: liquibase/integration/spring/SpringLiquibase> (0x000000071295c590) 
thrown [./src/hotspot/share/classfile/systemDictionary.cpp, line 245]
Event: 1.231 Thread 0x00007f9e040024f0 Exception <a 'java/lang/NoClassDefFoundError'{0x000000071279fc58}: org/jooq/DSLContext> (0x000000071279fc58) 
thrown [./src/hotspot/share/classfile/systemDictionary.cpp, line 245]
Event: 1.231 Thread 0x00007f9e040024f0 Exception <a 'java/lang/NoClassDefFoundError'{0x00000007127b50b0}: org/springframework/batch/core/repository/JobRepository> (0x00000007127b50b0) 
thrown [./src/hotspot/share/classfile/systemDictionary.cpp, line 245]
Event: 1.231 Thread 0x00007f9e040024f0 Exception <a 'java/lang/NoClassDefFoundError'{0x00000007127b6e20}: org/quartz/Scheduler> (0x00000007127b6e20) 
thrown [./src/hotspot/share/classfile/systemDictionary.cpp, line 245]
Event: 1.231 Thread 0x00007f9e040024f0 Exception <a 'java/lang/NoClassDefFoundError'{0x00000007127b9100}: org/springframework/session/jdbc/JdbcIndexedSessionRepository> (0x00000007127b9100) 
thrown [./src/hotspot/share/classfile/systemDictionary.cpp, line 245]

VM Operations (20 events):
Event: 1.012 Executing VM operation: HandshakeAllThreads done
Event: 1.012 Executing VM operation: HandshakeAllThreads
Event: 1.012 Executing VM operation: HandshakeAllThreads done
Event: 1.015 Executing VM operation: HandshakeAllThreads
Event: 1.015 Executing VM operation: HandshakeAllThreads done
Event: 1.016 Executing VM operation: HandshakeAllThreads
Event: 1.016 Executing VM operation: HandshakeAllThreads done
Event: 1.016 Executing VM operation: HandshakeAllThreads
Event: 1.016 Executing VM operation: HandshakeAllThreads done
Event: 1.062 Executing VM operation: HandshakeAllThreads
Event: 1.062 Executing VM operation: HandshakeAllThreads done
Event: 1.163 Executing VM operation: HandshakeAllThreads
Event: 1.163 Executing VM operation: HandshakeAllThreads done
Event: 1.174 Executing VM operation: HandshakeAllThreads
Event: 1.174 Executing VM operation: HandshakeAllThreads done
Event: 1.178 Executing VM operation: HandshakeAllThreads
Event: 1.178 Executing VM operation: HandshakeAllThreads done
Event: 1.235 Executing VM operation: CollectForMetadataAllocation
Event: 1.241 Executing VM operation: CollectForMetadataAllocation done
Event: 1.248 Executing VM operation: G1PauseRemark

Events (20 events):
Event: 1.244 loading class sun/security/util/Cache
Event: 1.244 loading class sun/security/util/Cache done
Event: 1.244 loading class sun/security/util/MemoryCache
Event: 1.244 loading class sun/security/util/MemoryCache done
Event: 1.244 loading class sun/security/jca/GetInstance$Instance
Event: 1.244 loading class sun/security/jca/GetInstance$Instance done
Event: 1.245 loading class java/security/interfaces/RSAPublicKey
Event: 1.245 loading class java/security/PublicKey
Event: 1.245 loading class java/security/Key
Event: 1.245 loading class java/security/Key done
Event: 1.245 loading class java/security/PublicKey done
Event: 1.245 loading class java/security/interfaces/RSAKey
Event: 1.245 loading class java/security/interfaces/RSAKey done
Event: 1.245 loading class java/security/interfaces/RSAPublicKey done
Event: 1.245 loading class java/security/interfaces/RSAPrivateKey
Event: 1.245 loading class java/security/PrivateKey
Event: 1.245 loading class javax/security/auth/Destroyable
Event: 1.245 loading class javax/security/auth/Destroyable done
Event: 1.245 loading class java/security/PrivateKey done
Event: 1.245 loading class java/security/interfaces/RSAPrivateKey done


Dynamic libraries:
707e00000-717800000 rw-p 00000000 00:00 0 
717800000-7ffc00000 ---p 00000000 00:00 0 
7ffc00000-7ffd00000 rw-p 00000000 00:00 0 
7ffd00000-7ffd75000 rw-p 00c75000 08:04 661322                           /usr/lib/jvm/java-17-openjdk-amd64/lib/server/classes.jsa
7ffd75000-7ffe00000 rw-p 00000000 00:00 0 
7ffe00000-7ffe77000 rw-p 00bfe000 08:04 661322                           /usr/lib/jvm/java-17-openjdk-amd64/lib/server/classes.jsa
7ffe77000-800000000 rw-p 00000000 00:00 0 
5644513ab000-5644513ac000 r--p 00000000 08:04 661251                     /usr/lib/jvm/java-17-openjdk-amd64/bin/java
5644513ac000-5644513ad000 r-xp 00001000 08:04 661251                     /usr/lib/jvm/java-17-openjdk-amd64/bin/java
5644513ad000-5644513ae000 r--p 00002000 08:04 661251                     /usr/lib/jvm/java-17-openjdk-amd64/bin/java
5644513ae000-5644513af000 r--p 00002000 08:04 661251                     /usr/lib/jvm/java-17-openjdk-amd64/bin/java
5644513af000-5644513b0000 rw-p 00003000 08:04 661251                     /usr/lib/jvm/java-17-openjdk-amd64/bin/java
564451458000-5644514a1000 rw-p 00000000 00:00 0                          [heap]
7f9dd8000000-7f9dd8021000 rw-p 00000000 00:00 0 
7f9dd8021000-7f9ddc000000 ---p 00000000 00:00 0 
7f9de0000000-7f9de022f000 rw-p 00000000 00:00 0 
7f9de022f000-7f9de4000000 ---p 00000000 00:00 0 
7f9de4000000-7f9de4021000 rw-p 00000000 00:00 0 
7f9de4021000-7f9de8000000 ---p 00000000 00:00 0 
7f9de8000000-7f9de8021000 rw-p 00000000 00:00 0 
7f9de8021000-7f9dec000000 ---p 00000000 00:00 0 
7f9dec000000-7f9dec021000 rw-p 00000000 00:00 0 
7f9dec021000-7f9df0000000 ---p 00000000 00:00 0 
7f9df0000000-7f9df0021000 rw-p 00000000 00:00 0 
7f9df0021000-7f9df4000000 ---p 00000000 00:00 0 
7f9df4000000-7f9df4021000 rw-p 00000000 00:00 0 
7f9df4021000-7f9df8000000 ---p 00000000 00:00 0 
7f9df8000000-7f9df8524000 rw-p 00000000 00:00 0 
7f9df8524000-7f9dfc000000 ---p 00000000 00:00 0 
7f9dfc000000-7f9dfc021000 rw-p 00000000 00:00 0 
7f9dfc021000-7f9e00000000 ---p 00000000 00:00 0 
7f9e00000000-7f9e001b1000 rw-p 00000000 00:00 0 
7f9e001b1000-7f9e04000000 ---p 00000000 00:00 0 
7f9e04000000-7f9e04021000 rw-p 00000000 00:00 0 
7f9e04021000-7f9e08000000 ---p 00000000 00:00 0 
7f9e08000000-7f9e08021000 rw-p 00000000 00:00 0 
7f9e08021000-7f9e0c000000 ---p 00000000 00:00 0 
7f9e0c000000-7f9e0c021000 rw-p 00000000 00:00 0 
7f9e0c021000-7f9e10000000 ---p 00000000 00:00 0 
7f9e10000000-7f9e10021000 rw-p 00000000 00:00 0 
7f9e10021000-7f9e14000000 ---p 00000000 00:00 0 
7f9e14000000-7f9e14021000 rw-p 00000000 00:00 0 
7f9e14021000-7f9e18000000 ---p 00000000 00:00 0 
7f9e18000000-7f9e18021000 rw-p 00000000 00:00 0 
7f9e18021000-7f9e1c000000 ---p 00000000 00:00 0 
7f9e1c000000-7f9e1c256000 rw-p 00000000 00:00 0 
7f9e1c256000-7f9e20000000 ---p 00000000 00:00 0 
7f9e20000000-7f9e20021000 rw-p 00000000 00:00 0 
7f9e20021000-7f9e24000000 ---p 00000000 00:00 0 
7f9e24000000-7f9e24021000 rw-p 00000000 00:00 0 
7f9e24021000-7f9e28000000 ---p 00000000 00:00 0 
7f9e28000000-7f9e28021000 rw-p 00000000 00:00 0 
7f9e28021000-7f9e2c000000 ---p 00000000 00:00 0 
7f9e2c000000-7f9e2c021000 rw-p 00000000 00:00 0 
7f9e2c021000-7f9e30000000 ---p 00000000 00:00 0 
7f9e30000000-7f9e30021000 rw-p 00000000 00:00 0 
7f9e30021000-7f9e34000000 ---p 00000000 00:00 0 
7f9e37000000-7f9e37bc6000 rw-p 00001000 08:04 661322                     /usr/lib/jvm/java-17-openjdk-amd64/lib/server/classes.jsa
7f9e37bc6000-7f9e38000000 ---p 00000000 00:00 0 
7f9e38000000-7f9e38030000 rw-p 00000000 00:00 0 
7f9e38030000-7f9e38070000 rw-p 00000000 00:00 0 
7f9e38070000-7f9e380b0000 rw-p 00000000 00:00 0 
7f9e380b0000-7f9e380f0000 rw-p 00000000 00:00 0 
7f9e380f0000-7f9e38310000 rw-p 00000000 00:00 0 
7f9e38310000-7f9e78000000 ---p 00000000 00:00 0 
7f9e78000000-7f9e78021000 rw-p 00000000 00:00 0 
7f9e78021000-7f9e7c000000 ---p 00000000 00:00 0 
7f9e7c000000-7f9e7c3a0000 rw-p 00000000 00:00 0 
7f9e7c3a0000-7f9e7c400000 ---p 00000000 00:00 0 
7f9e7c400000-7f9e7d270000 rw-p 00000000 00:00 0 
7f9e7d270000-7f9e80000000 ---p 00000000 00:00 0 
7f9e80000000-7f9e80021000 rw-p 00000000 00:00 0 
7f9e80021000-7f9e84000000 ---p 00000000 00:00 0 
7f9e84d18000-7f9e850f7000 rw-p 00000000 00:00 0 
7f9e850f7000-7f9e850f8000 ---p 00000000 00:00 0 
7f9e850f8000-7f9e851f8000 rw-p 00000000 00:00 0 
7f9e851f8000-7f9e851f9000 ---p 00000000 00:00 0 
7f9e851f9000-7f9e852f9000 rw-p 00000000 00:00 0 
7f9e852f9000-7f9e852fa000 ---p 00000000 00:00 0 
7f9e852fa000-7f9e853fa000 rw-p 00000000 00:00 0 
7f9e853fa000-7f9e853fe000 ---p 00000000 00:00 0 
7f9e853fe000-7f9e854fa000 rw-p 00000000 00:00 0 
7f9e854fa000-7f9e854fb000 ---p 00000000 00:00 0 
7f9e854fb000-7f9e855fb000 rw-p 00000000 00:00 0 
7f9e855fb000-7f9e855fc000 ---p 00000000 00:00 0 
7f9e855fc000-7f9e856fc000 rw-p 00000000 00:00 0 
7f9e856fc000-7f9e856fd000 ---p 00000000 00:00 0 
7f9e856fd000-7f9e857fd000 rw-p 00000000 00:00 0 
7f9e857fd000-7f9e857fe000 ---p 00000000 00:00 0 
7f9e857fe000-7f9e858fe000 rw-p 00000000 00:00 0 
7f9e858fe000-7f9e858ff000 ---p 00000000 00:00 0 
7f9e858ff000-7f9e859ff000 rw-p 00000000 00:00 0 
7f9e859ff000-7f9e85a03000 ---p 00000000 00:00 0 
7f9e85a03000-7f9e85aff000 rw-p 00000000 00:00 0 
7f9e85aff000-7f9e85b03000 ---p 00000000 00:00 0 
7f9e85b03000-7f9e85bff000 rw-p 00000000 00:00 0 
7f9e85bff000-7f9e85c03000 ---p 00000000 00:00 0 
7f9e85c03000-7f9e85cff000 rw-p 00000000 00:00 0 
7f9e85cff000-7f9e85d03000 ---p 00000000 00:00 0 
7f9e85d03000-7f9e85dff000 rw-p 00000000 00:00 0 
7f9e85dff000-7f9e85e00000 ---p 00000000 00:00 0 
7f9e85e00000-7f9e85f00000 rw-p 00000000 00:00 0 
7f9e85f00000-7f9e85f04000 ---p 00000000 00:00 0 
7f9e85f04000-7f9e88021000 rw-p 00000000 00:00 0 
7f9e88021000-7f9e8c000000 ---p 00000000 00:00 0 
7f9e8c000000-7f9e8c021000 rw-p 00000000 00:00 0 
7f9e8c021000-7f9e90000000 ---p 00000000 00:00 0 
7f9e90000000-7f9e90021000 rw-p 00000000 00:00 0 
7f9e90021000-7f9e94000000 ---p 00000000 00:00 0 
7f9e94000000-7f9e94004000 ---p 00000000 00:00 0 
7f9e94004000-7f9e94100000 rw-p 00000000 00:00 0 
7f9e94100000-7f9e94104000 ---p 00000000 00:00 0 
7f9e94104000-7f9e94200000 rw-p 00000000 00:00 0 
7f9e94200000-7f9e94204000 ---p 00000000 00:00 0 
7f9e94204000-7f9e94300000 rw-p 00000000 00:00 0 
7f9e94300000-7f9e94304000 ---p 00000000 00:00 0 
7f9e94304000-7f9e94400000 rw-p 00000000 00:00 0 
7f9e94400000-7f9e946ea000 r--p 00000000 08:04 594350                     /usr/lib/locale/locale-archive
7f9e94737000-7f9e9473b000 ---p 00000000 00:00 0 
7f9e9473b000-7f9e94837000 rw-p 00000000 00:00 0 
7f9e94837000-7f9e9483b000 ---p 00000000 00:00 0 
7f9e9483b000-7f9e94937000 rw-p 00000000 00:00 0 
7f9e94937000-7f9e9493b000 ---p 00000000 00:00 0 
7f9e9493b000-7f9e94a37000 rw-p 00000000 00:00 0 
7f9e94a37000-7f9e94a38000 ---p 00000000 00:00 0 
7f9e94a38000-7f9e94b38000 rw-p 00000000 00:00 0 
7f9e94b38000-7f9e94b3d000 r--p 00000000 08:04 661306                     /usr/lib/jvm/java-17-openjdk-amd64/lib/libjsvml.so
7f9e94b3d000-7f9e94b7e000 r-xp 00005000 08:04 661306                     /usr/lib/jvm/java-17-openjdk-amd64/lib/libjsvml.so
7f9e94b7e000-7f9e94c07000 r--p 00046000 08:04 661306                     /usr/lib/jvm/java-17-openjdk-amd64/lib/libjsvml.so
7f9e94c07000-7f9e94c08000 r--p 000ce000 08:04 661306                     /usr/lib/jvm/java-17-openjdk-amd64/lib/libjsvml.so
7f9e94c08000-7f9e94c09000 rw-p 000cf000 08:04 661306                     /usr/lib/jvm/java-17-openjdk-amd64/lib/libjsvml.so
7f9e94c09000-7f9e94ce5000 rw-p 00000000 00:00 0 
7f9e94ce5000-7f9e94ce6000 ---p 00000000 00:00 0 
7f9e94ce6000-7f9e94de6000 rw-p 00000000 00:00 0 
7f9e94de6000-7f9e94de7000 ---p 00000000 00:00 0 
7f9e94de7000-7f9e956ef000 rw-p 00000000 00:00 0 
7f9e956ef000-7f9e956f0000 ---p 00000000 00:00 0 
7f9e956f0000-7f9e95bd8000 rw-p 00000000 00:00 0 
7f9e95bd8000-7f9e995e8000 ---p 00000000 00:00 0 
7f9e995e8000-7f9e999e0000 rw-p 00000000 00:00 0 
7f9e999e0000-7f9e9d3f0000 ---p 00000000 00:00 0 
7f9e9d3f0000-7f9e9d400000 rw-p 00000000 00:00 0 
7f9e9d400000-7f9e9dac0000 rwxp 00000000 00:00 0 
7f9e9dac0000-7f9ea0400000 ---p 00000000 00:00 0 
7f9ea0400000-7f9ea7e66000 r--s 00000000 08:04 661321                     /usr/lib/jvm/java-17-openjdk-amd64/lib/modules
7f9ea7e87000-7f9ea7ec8000 rw-p 00000000 00:00 0 
7f9ea7ece000-7f9ea7eff000 rw-p 00000000 00:00 0 
7f9ea7eff000-7f9ea7f00000 ---p 00000000 00:00 0 
7f9ea7f00000-7f9ea8631000 rw-p 00000000 00:00 0 
7f9ea8631000-7f9eac000000 ---p 00000000 00:00 0 
7f9eac00d000-7f9eac014000 r--s 00000000 08:04 544941                     /usr/lib/x86_64-linux-gnu/gconv/gconv-modules.cache
7f9eac014000-7f9eac016000 r--p 00000000 08:04 661310                     /usr/lib/jvm/java-17-openjdk-amd64/lib/libmanagement_ext.so
7f9eac016000-7f9eac019000 r-xp 00002000 08:04 661310                     /usr/lib/jvm/java-17-openjdk-amd64/lib/libmanagement_ext.so
7f9eac019000-7f9eac01a000 r--p 00005000 08:04 661310                     /usr/lib/jvm/java-17-openjdk-amd64/lib/libmanagement_ext.so
7f9eac01a000-7f9eac01b000 r--p 00006000 08:04 661310                     /usr/lib/jvm/java-17-openjdk-amd64/lib/libmanagement_ext.so
7f9eac01b000-7f9eac01c000 rw-p 00007000 08:04 661310                     /usr/lib/jvm/java-17-openjdk-amd64/lib/libmanagement_ext.so
7f9eac01c000-7f9eac020000 r--p 00000000 08:04 661312                     /usr/lib/jvm/java-17-openjdk-amd64/lib/libnet.so
7f9eac020000-7f9eac02e000 r-xp 00004000 08:04 661312                     /usr/lib/jvm/java-17-openjdk-amd64/lib/libnet.so
7f9eac02e000-7f9eac032000 r--p 00012000 08:04 661312                     /usr/lib/jvm/java-17-openjdk-amd64/lib/libnet.so
7f9eac032000-7f9eac033000 r--p 00015000 08:04 661312                     /usr/lib/jvm/java-17-openjdk-amd64/lib/libnet.so
7f9eac033000-7f9eac034000 rw-p 00016000 08:04 661312                     /usr/lib/jvm/java-17-openjdk-amd64/lib/libnet.so
7f9eac034000-7f9eac035000 ---p 00000000 00:00 0 
7f9eac035000-7f9eac232000 rw-p 00000000 00:00 0 
7f9eac232000-7f9eac974000 ---p 00000000 00:00 0 
7f9eac974000-7f9eac9f3000 rw-p 00000000 00:00 0 
7f9eac9f3000-7f9ead135000 ---p 00000000 00:00 0 
7f9ead135000-7f9ead1b4000 rw-p 00000000 00:00 0 
7f9ead1b4000-7f9ead8f6000 ---p 00000000 00:00 0 
7f9ead8f6000-7f9eae100000 rw-p 00000000 00:00 0 
7f9eae100000-7f9eae104000 ---p 00000000 00:00 0 
7f9eae104000-7f9eae200000 rw-p 00000000 00:00 0 
7f9eae200000-7f9eae29c000 r--p 00000000 08:04 541066                     /usr/lib/x86_64-linux-gnu/libstdc++.so.6.0.32
7f9eae29c000-7f9eae3b7000 r-xp 0009c000 08:04 541066                     /usr/lib/x86_64-linux-gnu/libstdc++.so.6.0.32
7f9eae3b7000-7f9eae444000 r--p 001b7000 08:04 541066                     /usr/lib/x86_64-linux-gnu/libstdc++.so.6.0.32
7f9eae444000-7f9eae44f000 r--p 00244000 08:04 541066                     /usr/lib/x86_64-linux-gnu/libstdc++.so.6.0.32
7f9eae44f000-7f9eae452000 rw-p 0024f000 08:04 541066                     /usr/lib/x86_64-linux-gnu/libstdc++.so.6.0.32
7f9eae452000-7f9eae456000 rw-p 00000000 00:00 0 
7f9eae45c000-7f9eae45e000 r--p 00000000 08:04 661308                     /usr/lib/jvm/java-17-openjdk-amd64/lib/libmanagement.so
7f9eae45e000-7f9eae45f000 r-xp 00002000 08:04 661308                     /usr/lib/jvm/java-17-openjdk-amd64/lib/libmanagement.so
7f9eae45f000-7f9eae460000 r--p 00003000 08:04 661308                     /usr/lib/jvm/java-17-openjdk-amd64/lib/libmanagement.so
7f9eae460000-7f9eae461000 r--p 00003000 08:04 661308                     /usr/lib/jvm/java-17-openjdk-amd64/lib/libmanagement.so
7f9eae461000-7f9eae462000 rw-p 00004000 08:04 661308                     /usr/lib/jvm/java-17-openjdk-amd64/lib/libmanagement.so
7f9eae462000-7f9eae468000 r--p 00000000 08:04 661313                     /usr/lib/jvm/java-17-openjdk-amd64/lib/libnio.so
7f9eae468000-7f9eae470000 r-xp 00006000 08:04 661313                     /usr/lib/jvm/java-17-openjdk-amd64/lib/libnio.so
7f9eae470000-7f9eae474000 r--p 0000e000 08:04 661313                     /usr/lib/jvm/java-17-openjdk-amd64/lib/libnio.so
7f9eae474000-7f9eae475000 r--p 00012000 08:04 661313                     /usr/lib/jvm/java-17-openjdk-amd64/lib/libnio.so
7f9eae475000-7f9eae476000 rw-p 00013000 08:04 661313                     /usr/lib/jvm/java-17-openjdk-amd64/lib/libnio.so
7f9eae476000-7f9eae484000 rw-p 00000000 00:00 0 
7f9eae484000-7f9eae4d6000 ---p 00000000 00:00 0 
7f9eae4d6000-7f9eae4e2000 r--p 00000000 08:04 661299                     /usr/lib/jvm/java-17-openjdk-amd64/lib/libjava.so
7f9eae4e2000-7f9eae4f4000 r-xp 0000c000 08:04 661299                     /usr/lib/jvm/java-17-openjdk-amd64/lib/libjava.so
7f9eae4f4000-7f9eae4fa000 r--p 0001e000 08:04 661299                     /usr/lib/jvm/java-17-openjdk-amd64/lib/libjava.so
7f9eae4fa000-7f9eae4fb000 r--p 00023000 08:04 661299                     /usr/lib/jvm/java-17-openjdk-amd64/lib/libjava.so
7f9eae4fb000-7f9eae4fc000 rw-p 00024000 08:04 661299                     /usr/lib/jvm/java-17-openjdk-amd64/lib/libjava.so
7f9eae4fc000-7f9eae4fd000 rw-p 00000000 00:00 0 
7f9eae4fd000-7f9eae500000 r--p 00000000 08:04 532729                     /usr/lib/x86_64-linux-gnu/libgcc_s.so.1
7f9eae500000-7f9eae51b000 r-xp 00003000 08:04 532729                     /usr/lib/x86_64-linux-gnu/libgcc_s.so.1
7f9eae51b000-7f9eae51f000 r--p 0001e000 08:04 532729                     /usr/lib/x86_64-linux-gnu/libgcc_s.so.1
7f9eae51f000-7f9eae520000 r--p 00021000 08:04 532729                     /usr/lib/x86_64-linux-gnu/libgcc_s.so.1
7f9eae520000-7f9eae521000 rw-p 00022000 08:04 532729                     /usr/lib/x86_64-linux-gnu/libgcc_s.so.1
7f9eae521000-7f9eae531000 r--p 00000000 08:04 531118                     /usr/lib/x86_64-linux-gnu/libm.so.6
7f9eae531000-7f9eae5a4000 r-xp 00010000 08:04 531118                     /usr/lib/x86_64-linux-gnu/libm.so.6
7f9eae5a4000-7f9eae5fe000 r--p 00083000 08:04 531118                     /usr/lib/x86_64-linux-gnu/libm.so.6
7f9eae5fe000-7f9eae5ff000 r--p 000dc000 08:04 531118                     /usr/lib/x86_64-linux-gnu/libm.so.6
7f9eae5ff000-7f9eae600000 rw-p 000dd000 08:04 531118                     /usr/lib/x86_64-linux-gnu/libm.so.6
7f9eae600000-7f9eae851000 r--p 00000000 08:04 661325                     /usr/lib/jvm/java-17-openjdk-amd64/lib/server/libjvm.so
7f9eae851000-7f9eaf5ba000 r-xp 00251000 08:04 661325                     /usr/lib/jvm/java-17-openjdk-amd64/lib/server/libjvm.so
7f9eaf5ba000-7f9eaf83a000 r--p 00fba000 08:04 661325                     /usr/lib/jvm/java-17-openjdk-amd64/lib/server/libjvm.so
7f9eaf83a000-7f9eaf8f2000 r--p 0123a000 08:04 661325                     /usr/lib/jvm/java-17-openjdk-amd64/lib/server/libjvm.so
7f9eaf8f2000-7f9eaf927000 rw-p 012f2000 08:04 661325                     /usr/lib/jvm/java-17-openjdk-amd64/lib/server/libjvm.so
7f9eaf927000-7f9eaf981000 rw-p 00000000 00:00 0 
7f9eaf984000-7f9eaf987000 rw-p 00000000 00:00 0 
7f9eaf987000-7f9eaf9ad000 r--p 00000000 08:04 531106                     /usr/lib/x86_64-linux-gnu/libc.so.6
7f9eaf9ad000-7f9eafb02000 r-xp 00026000 08:04 531106                     /usr/lib/x86_64-linux-gnu/libc.so.6
7f9eafb02000-7f9eafb56000 r--p 0017b000 08:04 531106                     /usr/lib/x86_64-linux-gnu/libc.so.6
7f9eafb56000-7f9eafb5a000 r--p 001cf000 08:04 531106                     /usr/lib/x86_64-linux-gnu/libc.so.6
7f9eafb5a000-7f9eafb5c000 rw-p 001d3000 08:04 531106                     /usr/lib/x86_64-linux-gnu/libc.so.6
7f9eafb5c000-7f9eafb69000 rw-p 00000000 00:00 0 
7f9eafb69000-7f9eafb6b000 r--p 00000000 08:04 661303                     /usr/lib/jvm/java-17-openjdk-amd64/lib/libjli.so
7f9eafb6b000-7f9eafb75000 r-xp 00002000 08:04 661303                     /usr/lib/jvm/java-17-openjdk-amd64/lib/libjli.so
7f9eafb75000-7f9eafb78000 r--p 0000c000 08:04 661303                     /usr/lib/jvm/java-17-openjdk-amd64/lib/libjli.so
7f9eafb78000-7f9eafb79000 r--p 0000e000 08:04 661303                     /usr/lib/jvm/java-17-openjdk-amd64/lib/libjli.so
7f9eafb79000-7f9eafb7a000 rw-p 0000f000 08:04 661303                     /usr/lib/jvm/java-17-openjdk-amd64/lib/libjli.so
7f9eafb7a000-7f9eafb7d000 r--p 00000000 08:04 529246                     /usr/lib/x86_64-linux-gnu/libz.so.1.2.13
7f9eafb7d000-7f9eafb90000 r-xp 00003000 08:04 529246                     /usr/lib/x86_64-linux-gnu/libz.so.1.2.13
7f9eafb90000-7f9eafb97000 r--p 00016000 08:04 529246                     /usr/lib/x86_64-linux-gnu/libz.so.1.2.13
7f9eafb97000-7f9eafb98000 r--p 0001c000 08:04 529246                     /usr/lib/x86_64-linux-gnu/libz.so.1.2.13
7f9eafb98000-7f9eafb99000 rw-p 0001d000 08:04 529246                     /usr/lib/x86_64-linux-gnu/libz.so.1.2.13
7f9eafb99000-7f9eafb9b000 r--p 00000000 08:04 661320                     /usr/lib/jvm/java-17-openjdk-amd64/lib/libzip.so
7f9eafb9b000-7f9eafb9f000 r-xp 00002000 08:04 661320                     /usr/lib/jvm/java-17-openjdk-amd64/lib/libzip.so
7f9eafb9f000-7f9eafba1000 r--p 00006000 08:04 661320                     /usr/lib/jvm/java-17-openjdk-amd64/lib/libzip.so
7f9eafba1000-7f9eafba2000 r--p 00007000 08:04 661320                     /usr/lib/jvm/java-17-openjdk-amd64/lib/libzip.so
7f9eafba2000-7f9eafba3000 rw-p 00008000 08:04 661320                     /usr/lib/jvm/java-17-openjdk-amd64/lib/libzip.so
7f9eafba3000-7f9eafbab000 rw-s 00000000 08:04 6630585                    /tmp/hsperfdata_miaro/55569
7f9eafbab000-7f9eafbac000 ---p 00000000 00:00 0 
7f9eafbac000-7f9eafbad000 r--p 00000000 00:00 0 
7f9eafbad000-7f9eafbae000 ---p 00000000 00:00 0 
7f9eafbae000-7f9eafbb0000 r--p 00000000 08:04 661302                     /usr/lib/jvm/java-17-openjdk-amd64/lib/libjimage.so
7f9eafbb0000-7f9eafbb3000 r-xp 00002000 08:04 661302                     /usr/lib/jvm/java-17-openjdk-amd64/lib/libjimage.so
7f9eafbb3000-7f9eafbb4000 r--p 00005000 08:04 661302                     /usr/lib/jvm/java-17-openjdk-amd64/lib/libjimage.so
7f9eafbb4000-7f9eafbb5000 r--p 00006000 08:04 661302                     /usr/lib/jvm/java-17-openjdk-amd64/lib/libjimage.so
7f9eafbb5000-7f9eafbb6000 rw-p 00007000 08:04 661302                     /usr/lib/jvm/java-17-openjdk-amd64/lib/libjimage.so
7f9eafbb6000-7f9eafbb8000 rw-p 00000000 00:00 0 
7f9eafbb8000-7f9eafbb9000 r--p 00000000 08:04 531094                     /usr/lib/x86_64-linux-gnu/ld-linux-x86-64.so.2
7f9eafbb9000-7f9eafbde000 r-xp 00001000 08:04 531094                     /usr/lib/x86_64-linux-gnu/ld-linux-x86-64.so.2
7f9eafbde000-7f9eafbe8000 r--p 00026000 08:04 531094                     /usr/lib/x86_64-linux-gnu/ld-linux-x86-64.so.2
7f9eafbe8000-7f9eafbea000 r--p 00030000 08:04 531094                     /usr/lib/x86_64-linux-gnu/ld-linux-x86-64.so.2
7f9eafbea000-7f9eafbec000 rw-p 00032000 08:04 531094                     /usr/lib/x86_64-linux-gnu/ld-linux-x86-64.so.2
7ffc19b5f000-7ffc19b82000 rw-p 00000000 00:00 0                          [stack]
7ffc19bb0000-7ffc19bb4000 r--p 00000000 00:00 0                          [vvar]
7ffc19bb4000-7ffc19bb6000 r-xp 00000000 00:00 0                          [vdso]


VM Arguments:
jvm_args: -XX:TieredStopAtLevel=1 -Dawt.useSystemAAFontSettings=on -Dswing.aatext=true 
java_command: org.autotrader.AutotraderApplication
java_class_path (initial): /home/miaro/Fianarana/ITU/S5/Mr_Rojo/autotrader/target/classes:/home/miaro/.m2/repository/org/aspectj/aspectjweaver/1.9.21/aspectjweaver-1.9.21.jar:/home/miaro/.m2/repository/com/zaxxer/HikariCP/5.0.1/HikariCP-5.0.1.jar:/home/miaro/.m2/repository/org/springframework/spring-jdbc/6.1.3/spring-jdbc-6.1.3.jar:/home/miaro/.m2/repository/org/hibernate/orm/hibernate-core/6.4.1.Final/hibernate-core-6.4.1.Final.jar:/home/miaro/.m2/repository/jakarta/persistence/jakarta.persistence-api/3.1.0/jakarta.persistence-api-3.1.0.jar:/home/miaro/.m2/repository/jakarta/transaction/jakarta.transaction-api/2.0.1/jakarta.transaction-api-2.0.1.jar:/home/miaro/.m2/repository/org/jboss/logging/jboss-logging/3.5.3.Final/jboss-logging-3.5.3.Final.jar:/home/miaro/.m2/repository/org/hibernate/common/hibernate-commons-annotations/6.0.6.Final/hibernate-commons-annotations-6.0.6.Final.jar:/home/miaro/.m2/repository/io/smallrye/jandex/3.1.2/jandex-3.1.2.jar:/home/miaro/.m2/repository/com/fasterxml/classmate/1.6.0/classmate-1.6.0.jar:/home/miaro/.m2/repository/net/bytebuddy/byte-buddy/1.14.11/byte-buddy-1.14.11.jar:/home/miaro/.m2/repository/org/glassfish/jaxb/jaxb-runtime/4.0.4/jaxb-runtime-4.0.4.jar:/home/miaro/.m2/repository/org/glassfish/jaxb/jaxb-core/4.0.4/jaxb-core-4.0.4.jar:/home/miaro/.m2/repository/org/eclipse/angus/angus-activation/2.0.1/angus-activation-2.0.1.jar:/home/miaro/.m2/repository/org/glassfish/jaxb/txw2/4.0.4/txw2-4.0.4.jar:/home/miaro/.m2/repository/com/sun/istack/istack-commons-runtime/4.1.2/istack-commons-runtime-4.1.2.jar:/home/miaro/.m2/repository/jakarta/inject/jakarta.inject-api/2.0.1/jakarta.inject-api-2.0.1.jar:/home/miaro/.m2/repository/org/antlr/antlr4-runtime/4.13.0/antlr4-runtime-4.13.0.jar:/home/miaro/.m2/repository/org/springframework/data/spring-data-jpa/3.2.2/spring-data-jpa-3.2.2.jar:/home/miaro/.m2/repository/org/springframework/data/spring-data-commons/3.2.2/spring-data-commons-3.2.2.jar:/home/miaro/.m2/repository/org/springframew
Launcher Type: SUN_STANDARD

[Global flags]
     intx CICompilerCount                          = 4                                         {product} {ergonomic}
     uint ConcGCThreads                            = 2                                         {product} {ergonomic}
     uint G1ConcRefinementThreads                  = 8                                         {product} {ergonomic}
   size_t G1HeapRegionSize                         = 2097152                                   {product} {ergonomic}
    uintx GCDrainStackTargetSize                   = 64                                        {product} {ergonomic}
   size_t InitialHeapSize                          = 262144000                                 {product} {ergonomic}
   size_t MarkStackSize                            = 4194304                                   {product} {ergonomic}
   size_t MaxHeapSize                              = 4162846720                                {product} {ergonomic}
   size_t MaxNewSize                               = 2497708032                                {product} {ergonomic}
   size_t MinHeapDeltaBytes                        = 2097152                                   {product} {ergonomic}
   size_t MinHeapSize                              = 8388608                                   {product} {ergonomic}
    uintx NonProfiledCodeHeapSize                  = 0                                      {pd product} {ergonomic}
     bool ProfileInterpreter                       = false                                  {pd product} {command line}
    uintx ProfiledCodeHeapSize                     = 0                                      {pd product} {ergonomic}
   size_t SoftMaxHeapSize                          = 4162846720                             {manageable} {ergonomic}
     intx TieredStopAtLevel                        = 1                                         {product} {command line}
     bool UseCompressedClassPointers               = true                           {product lp64_product} {ergonomic}
     bool UseCompressedOops                        = true                           {product lp64_product} {ergonomic}
     bool UseG1GC                                  = true                                      {product} {ergonomic}

Logging:
Log output configuration:
 #0: stdout all=warning uptime,level,tags
 #1: stderr all=off uptime,level,tags

Environment Variables:
_JAVA_OPTIONS=-Dawt.useSystemAAFontSettings=on -Dswing.aatext=true
CLASSPATH=/home/miaro/Documents/lib_jar/postgresql-42.5.0.jar
PATH=/home/miaro/.sdkman/candidates/springboot/current/bin:/usr/local/sbin:/usr/sbin:/sbin:/usr/local/bin:/usr/bin:/bin:/usr/local/games:/usr/games:/snap/bin:/home/miaro/.dotnet/tools
SHELL=/usr/bin/zsh
DISPLAY=:1
LANG=en_US.UTF-8
TERM=xterm-256color

Active Locale:
LC_ALL=en_US.UTF-8
LC_COLLATE=en_US.UTF-8
LC_CTYPE=en_US.UTF-8
LC_MESSAGES=en_US.UTF-8
LC_MONETARY=en_US.UTF-8
LC_NUMERIC=en_US.UTF-8
LC_TIME=en_US.UTF-8

Signal Handlers:
   SIGSEGV: crash_handler in libjvm.so, mask=11100100010111111101111111111110, flags=SA_RESTART|SA_SIGINFO, unblocked
    SIGBUS: crash_handler in libjvm.so, mask=11100100010111111101111111111110, flags=SA_RESTART|SA_SIGINFO, unblocked
    SIGFPE: crash_handler in libjvm.so, mask=11100100010111111101111111111110, flags=SA_RESTART|SA_SIGINFO, unblocked
   SIGPIPE: javaSignalHandler in libjvm.so, mask=11100100010111111101111111111110, flags=SA_RESTART|SA_SIGINFO, blocked
   SIGXFSZ: javaSignalHandler in libjvm.so, mask=11100100010111111101111111111110, flags=SA_RESTART|SA_SIGINFO, blocked
    SIGILL: crash_handler in libjvm.so, mask=11100100010111111101111111111110, flags=SA_RESTART|SA_SIGINFO, unblocked
   SIGUSR2: SR_handler in libjvm.so, mask=00100000000000000000000000000000, flags=SA_RESTART|SA_SIGINFO, blocked
    SIGHUP: UserHandler in libjvm.so, mask=11100100010111111101111111111110, flags=SA_RESTART|SA_SIGINFO, blocked
    SIGINT: UserHandler in libjvm.so, mask=11100100010111111101111111111110, flags=SA_RESTART|SA_SIGINFO, blocked
   SIGTERM: UserHandler in libjvm.so, mask=11100100010111111101111111111110, flags=SA_RESTART|SA_SIGINFO, blocked
   SIGQUIT: UserHandler in libjvm.so, mask=11100100010111111101111111111110, flags=SA_RESTART|SA_SIGINFO, blocked
   SIGTRAP: crash_handler in libjvm.so, mask=11100100010111111101111111111110, flags=SA_RESTART|SA_SIGINFO, unblocked


Periodic native trim disabled


---------------  S Y S T E M  ---------------

OS:
PRETTY_NAME="Kali GNU/Linux Rolling"
NAME="Kali GNU/Linux"
VERSION_ID="2023.3"
VERSION="2023.3"
VERSION_CODENAME=kali-rolling
ID=kali
ID_LIKE=debian
HOME_URL="https://www.kali.org/"
SUPPORT_URL="https://forums.kali.org/"
BUG_REPORT_URL="https://bugs.kali.org/"
ANSI_COLOR="1;31"
uname: Linux 6.5.0-kali3-amd64 #1 SMP PREEMPT_DYNAMIC Debian 6.5.6-1kali1 (2023-10-09) x86_64
OS uptime: 0 days 6:36 hours
libc: glibc 2.37 NPTL 2.37 
rlimit (soft/hard): STACK 8192k/infinity , CORE 0k/infinity , NPROC 63171/63171 , NOFILE 1048576/1048576 , AS infinity/infinity , CPU infinity/infinity , DATA infinity/infinity , FSIZE infinity/infinity , MEMLOCK 2031888k/2031888k
load average: 2.05 1.31 1.02

/proc/meminfo:
MemTotal:       16255112 kB
MemFree:          180240 kB
MemAvailable:    2460540 kB
Buffers:           90828 kB
Cached:          5847072 kB
SwapCached:        48448 kB
Active:          6707900 kB
Inactive:        6340720 kB
Active(anon):    6079824 kB
Inactive(anon):  4533212 kB
Active(file):     628076 kB
Inactive(file):  1807508 kB
Unevictable:     2301884 kB
Mlocked:              64 kB
SwapTotal:       6836220 kB
SwapFree:        5952960 kB
Zswap:                 0 kB
Zswapped:              0 kB
Dirty:               684 kB
Writeback:             0 kB
AnonPages:       9065780 kB
Mapped:          1692036 kB
Shmem:           3502412 kB
KReclaimable:     186216 kB
Slab:             392720 kB
SReclaimable:     186216 kB
SUnreclaim:       206504 kB
KernelStack:       38784 kB
PageTables:       106420 kB
SecPageTables:         0 kB
NFS_Unstable:          0 kB
Bounce:                0 kB
WritebackTmp:          0 kB
CommitLimit:    14963776 kB
Committed_AS:   32168288 kB
VmallocTotal:   34359738367 kB
VmallocUsed:      101148 kB
VmallocChunk:          0 kB
Percpu:             7168 kB
HardwareCorrupted:     0 kB
AnonHugePages:   3944448 kB
ShmemHugePages:  2316288 kB
ShmemPmdMapped:        0 kB
FileHugePages:         0 kB
FilePmdMapped:         0 kB
Unaccepted:            0 kB
HugePages_Total:       0
HugePages_Free:        0
HugePages_Rsvd:        0
HugePages_Surp:        0
Hugepagesize:       2048 kB
Hugetlb:               0 kB
DirectMap4k:      193172 kB
DirectMap2M:     5980160 kB
DirectMap1G:    10485760 kB

/sys/kernel/mm/transparent_hugepage/enabled: [always] madvise never
/sys/kernel/mm/transparent_hugepage/defrag (defrag/compaction efforts parameter): always defer defer+madvise [madvise] never

Process Memory:
Virtual Size: 7471876K (peak: 7532392K)
Resident Set Size: 183296K (peak: 183296K) (anon: 161936K, file: 21360K, shmem: 0K)
Swapped out: 0K
C-Heap outstanding allocations: 40096K, retained: 2943K
glibc malloc tunables: (default)

/proc/sys/kernel/threads-max (system-wide limit on the number of threads): 126342
/proc/sys/vm/max_map_count (maximum number of memory map areas a process may have): 65530
/proc/sys/kernel/pid_max (system-wide limit on number of process identifiers): 4194304

container (cgroup) information:
container_type: cgroupv2
cpu_cpuset_cpus: not supported
cpu_memory_nodes: not supported
active_processor_count: 8
cpu_quota: not supported
cpu_period: not supported
cpu_shares: not supported
memory_limit_in_bytes: unlimited
memory_and_swap_limit_in_bytes: unlimited
memory_soft_limit_in_bytes: unlimited
memory_usage_in_bytes: 772056 k
memory_max_usage_in_bytes: not supported
memory_swap_current_in_bytes: 5104 k
memory_swap_max_limit_in_bytes: unlimited
maximum number of tasks: 18951
current number of tasks: 137

Steal ticks since vm start: 0
Steal ticks percentage since vm start:  0.000

CPU: total 8 (initial active 8) (4 cores per cpu, 2 threads per core) family 6 model 158 stepping 9 microcode 0xf4, cx8, cmov, fxsr, ht, mmx, 3dnowpref, sse, sse2, sse3, ssse3, sse4.1, sse4.2, popcnt, lzcnt, tsc, tscinvbit, avx, avx2, aes, erms, clmul, bmi1, bmi2, adx, fma, vzeroupper, clflush, clflushopt
CPU Model and flags from /proc/cpuinfo:
model name	: Intel(R) Core(TM) i7-7700HQ CPU @ 2.80GHz
flags		: fpu vme de pse tsc msr pae mce cx8 apic sep mtrr pge mca cmov pat pse36 clflush dts acpi mmx fxsr sse sse2 ss ht tm pbe syscall nx pdpe1gb rdtscp lm constant_tsc art arch_perfmon pebs bts rep_good nopl xtopology nonstop_tsc cpuid aperfmperf pni pclmulqdq dtes64 monitor ds_cpl vmx est tm2 ssse3 sdbg fma cx16 xtpr pdcm pcid sse4_1 sse4_2 x2apic movbe popcnt tsc_deadline_timer aes xsave avx f16c rdrand lahf_lm abm 3dnowprefetch cpuid_fault epb invpcid_single pti ssbd ibrs ibpb stibp tpr_shadow flexpriority ept vpid ept_ad fsgsbase tsc_adjust bmi1 avx2 smep bmi2 erms invpcid mpx rdseed adx smap clflushopt intel_pt xsaveopt xsavec xgetbv1 xsaves dtherm ida arat pln pts hwp hwp_notify hwp_act_window hwp_epp vnmi md_clear flush_l1d arch_capabilities

Online cpus: 0-7
Offline cpus: 
BIOS frequency limitation: <Not Available>
Frequency switch latency (ns): 0
Available cpu frequencies: <Not Available>
Current governor: powersave
Core performance/turbo boost: <Not Available>

Memory: 4k page, physical 16255112k(180240k free), swap 6836220k(5952960k free)
Page Sizes: 4k

vm_info: OpenJDK 64-Bit Server VM (17.0.9+9-Debian-2) for linux-amd64 JRE (17.0.9+9-Debian-2), built on Nov  2 2023 16:48:51 by "buildd" with gcc 13.2.0

END.
