#
# A fatal error has been detected by the Java Runtime Environment:
#
#  SIGSEGV (0xb) at pc=0x00007f65ee6284da, pid=18737, tid=18751
#
# JRE version: OpenJDK Runtime Environment Temurin-17.0.10+7 (17.0.10+7) (build 17.0.10+7)
# Java VM: OpenJDK 64-Bit Server VM Temurin-17.0.10+7 (17.0.10+7, mixed mode, tiered, compressed oops, compressed class ptrs, g1 gc, linux-amd64)
# Problematic frame:
# V  [libjvm.so+0x6284da]  Dependencies::DepStream::next()+0x3a
#
# Core dump will be written. Default location: Core dumps may be processed with "/lib/systemd/systemd-coredump %P %u %g %s %t 9223372036854775808 %h" (or dumping to /home/miaro/Fianarana/ITU/S5/Mr_Rojo/autotrader/core.18737)
#
# If you would like to submit a bug report, please visit:
#   https://github.com/adoptium/adoptium-support/issues
#

---------------  S U M M A R Y ------------

Command Line: -Denv.class.path=/home/miaro/Documents/lib_jar/postgresql-42.5.0.jar:/home/miaro/Programs(Installed)/Komodo-Edit-12/bin -Dapplication.home=/home/miaro/.vscode/extensions/redhat.java-1.27.0-linux-x64/jre/17.0.10-linux-x86_64 -Xms8m -Djdk.module.main=jdk.jcmd -Dawt.useSystemAAFontSettings=on -Dswing.aatext=true jdk.jcmd/sun.tools.jcmd.JCmd 13442 VM.uptime

Host: Intel(R) Core(TM) i7-7700HQ CPU @ 2.80GHz, 8 cores, 15G, Kali GNU/Linux Rolling
Time: Fri Feb  2 21:04:26 2024 +0530 elapsed time: 0.151826 seconds (0d 0h 0m 0s)

---------------  T H R E A D  ---------------

Current thread (0x00007f65e817dc90):  JavaThread "C1 CompilerThread0" daemon [_thread_in_vm, id=18751, stack(0x00007f65ccafc000,0x00007f65ccbfc000)]


Current CompileTask:
C1:    152  319       3       java.util.Arrays::equals (57 bytes)

Stack: [0x00007f65ccafc000,0x00007f65ccbfc000],  sp=0x00007f65ccbfa150,  free space=1016k
Native frames: (J=compiled Java code, j=interpreted, Vv=VM code, C=native code)
V  [libjvm.so+0x6284da]  Dependencies::DepStream::next()+0x3a
V  [libjvm.so+0x62ec38]  Dependencies::validate_dependencies(CompileTask*, char**)+0x78
V  [libjvm.so+0x547c63]  ciEnv::register_method(ciMethod*, int, CodeOffsets*, int, CodeBuffer*, int, OopMapSet*, ExceptionHandlerTable*, ImplicitExceptionTable*, AbstractCompiler*, bool, bool, RTMState, GrowableArrayView<RuntimeStub*> const&)+0x2e3
V  [libjvm.so+0x4692b9]  Compilation::install_code(int)+0xa9
V  [libjvm.so+0x46a45a]  Compilation::compile_method()+0x27a
V  [libjvm.so+0x46a6c3]  Compilation::Compilation(AbstractCompiler*, ciEnv*, ciMethod*, int, BufferBlob*, bool, DirectiveSet*)+0x203
V  [libjvm.so+0x46b11c]  Compiler::compile_method(ciEnv*, ciMethod*, int, bool, DirectiveSet*)+0xac
V  [libjvm.so+0x5df273]  CompileBroker::invoke_compiler_on_method(CompileTask*)+0xf23
V  [libjvm.so+0x5e00d8]  CompileBroker::compiler_thread_loop()+0x6a8
V  [libjvm.so+0xe5fa16]  JavaThread::thread_main_inner()+0x196
V  [libjvm.so+0xe633b8]  Thread::call_run()+0xa8
V  [libjvm.so+0xc24791]  thread_native_entry(Thread*)+0xe1


siginfo: si_signo: 11 (SIGSEGV), si_code: 1 (SEGV_MAPERR), si_addr: 0x00007f657ad06f2c

Registers:
RAX=0xffffffffeecc390c, RBX=0x00007f65ccbfa1a0, RCX=0x00000000eecc390d, RDX=0x00007f658c043620
RSP=0x00007f65ccbfa150, RBP=0x00007f65ccbfa170, RSI=0x00007f65e81c59f0, RDI=0x00007f65ccbfa1a0
R8 =0x0000000000000050, R9 =0x00007f65ccbfa600, R10=0x0000000000000000, R11=0x0000000000000087
R12=0x00007f65ccbfa950, R13=0x00007f65eefa8fb1, R14=0x0000000000000000, R15=0x00007f65e8023da0
RIP=0x00007f65ee6284da, EFLAGS=0x0000000000010286, CSGSFS=0x002b000000000033, ERR=0x0000000000000004
  TRAPNO=0x000000000000000e


Register to memory mapping:

RAX=0xffffffffeecc390c is an unknown value
RBX=0x00007f65ccbfa1a0 is pointing into the stack for thread: 0x00007f65e817dc90
RCX=0x00000000eecc390d is an unknown value
RDX=0x00007f658c043620 points into unknown readable memory: 0x0000000000000000 | 00 00 00 00 00 00 00 00
RSP=0x00007f65ccbfa150 is pointing into the stack for thread: 0x00007f65e817dc90
RBP=0x00007f65ccbfa170 is pointing into the stack for thread: 0x00007f65e817dc90
RSI=0x00007f65e81c59f0 points into unknown readable memory: 0x00007f65e81c5a90 | 90 5a 1c e8 65 7f 00 00
RDI=0x00007f65ccbfa1a0 is pointing into the stack for thread: 0x00007f65e817dc90
R8 =0x0000000000000050 is an unknown value
R9 =0x00007f65ccbfa600 is pointing into the stack for thread: 0x00007f65e817dc90
R10=0x0 is NULL
R11=0x0000000000000087 is an unknown value
R12=0x00007f65ccbfa950 is pointing into the stack for thread: 0x00007f65e817dc90
R13=0x00007f65eefa8fb1: <offset 0x0000000000fa8fb1> in /home/miaro/.vscode/extensions/redhat.java-1.27.0-linux-x64/jre/17.0.10-linux-x86_64/lib/server/libjvm.so at 0x00007f65ee000000
R14=0x0 is NULL
R15=0x00007f65e8023da0 points into unknown readable memory: 0x00007f65e817dc90 | 90 dc 17 e8 65 7f 00 00


Top of Stack: (sp=0x00007f65ccbfa150)
0x00007f65ccbfa150:   00007f65ccbfa1a0 00007f65ccbfa950
0x00007f65ccbfa160:   00007f65eefa8fb1 0000000000000000
0x00007f65ccbfa170:   00007f65ccbfa2a0 00007f65ee62ec38
0x00007f65ccbfa180:   00007f65dd81bb0d 00007f65ee49e100
0x00007f65ccbfa190:   0000000000000000 00000000ee49e506
0x00007f65ccbfa1a0:   0000000000000000 00007f658c0e5be0
0x00007f65ccbfa1b0:   00007f658c043620 00007f65eecc390d
0x00007f65ccbfa1c0:   00007f65ef21a410 0000000000000064
0x00007f65ccbfa1d0:   00007f65980e6970 00007f65e8023fb0
0x00007f65ccbfa1e0:   00007f65ccbfa200 00007f65ee5f6425
0x00007f65ccbfa1f0:   00007f658c0e5be0 00007f65ccbfa950
0x00007f65ccbfa200:   00007f65ccbfa2a0 00007f65ee627841
0x00007f65ccbfa210:   00007f658c043580 00007f658c0435d0
0x00007f65ccbfa220:   00007f65ccbfa290 0000000000000009
0x00007f65ccbfa230:   00007f65ccbfa5a8 00007f658c0433a0
0x00007f65ccbfa240:   00007f658c0e5be0 00007f65980e7df0
0x00007f65ccbfa250:   00007f65ffffffff 0000000000000005
0x00007f65ccbfa260:   00007f658c043620 525d6c60cd13ea00
0x00007f65ccbfa270:   00007f65e817dc90 00007f65e817dc90
0x00007f65ccbfa280:   00007f65ccbfa950 00007f65980e6970
0x00007f65ccbfa290:   00007f65e8023fb0 00007f65e8023da0
0x00007f65ccbfa2a0:   00007f65ccbfa330 00007f65ee547c63
0x00007f65ccbfa2b0:   00007f65e80426b0 00007f65ccbfa530
0x00007f65ccbfa2c0:   00007f6500000000 0000000000000000
0x00007f65ccbfa2d0:   0000000000000050 00007f65ccbfa5e0
0x00007f65ccbfa2e0:   00000002ffffffff 00007f65ccbfa600
0x00007f65ccbfa2f0:   00007f65b4185338 00007f65e817dc90
0x00007f65ccbfa300:   00007f658c03cd00 00007f65ccbfa530
0x00007f65ccbfa310:   000000000000000e 0000000000000000
0x00007f65ccbfa320:   00007f65ccbfa950 00007f658c0e5b80
0x00007f65ccbfa330:   00007f65ccbfa3d0 00007f65ee4692b9
0x00007f65ccbfa340:   000000000000000e 00007f658c0e5b80 

Instructions: (pc=0x00007f65ee6284da)
0x00007f65ee6283da:   00 e9 ff fe ff ff 49 8b 06 4c 89 f7 ff 50 08 48
0x00007f65ee6283ea:   8d 15 dd 0b 98 00 48 8d 0d a5 39 9c 00 4c 89 e7
0x00007f65ee6283fa:   84 c0 48 8d 05 d2 0b 98 00 48 8d 35 d3 0b 98 00
0x00007f65ee62840a:   48 0f 45 d0 31 c0 e8 eb 94 60 00 e9 98 fe ff ff
0x00007f65ee62841a:   66 0f 1f 44 00 00 4c 8b 75 a0 e9 57 fd ff ff 0f
0x00007f65ee62842a:   1f 80 00 00 00 00 48 8d 0d 37 0b 98 00 48 8d 15
0x00007f65ee62843a:   ba 0b 98 00 4c 89 e7 31 c0 48 8d 35 b9 0b 98 00
0x00007f65ee62844a:   e8 31 96 60 00 b8 ff ff ff ff e9 12 fd ff ff 0f
0x00007f65ee62845a:   1f 80 00 00 00 00 e8 3b 2c 43 00 48 8d 15 c9 91
0x00007f65ee62846a:   95 00 48 89 c1 e9 36 fd ff ff 0f 1f 40 00 48 8d
0x00007f65ee62847a:   15 79 0b 98 00 48 8d 35 7d 0b 98 00 4c 89 e7 31
0x00007f65ee62848a:   c0 e8 f0 95 60 00 e9 c6 fc ff ff 90 66 2e 0f 1f
0x00007f65ee62849a:   84 00 00 00 00 00 55 48 89 e5 41 56 41 55 41 54
0x00007f65ee6284aa:   53 48 63 47 18 48 89 fb 85 c0 75 1a 48 8b 17 48
0x00007f65ee6284ba:   85 d2 74 12 8b 8a 10 01 00 00 39 8a 14 01 00 00
0x00007f65ee6284ca:   0f 84 10 01 00 00 48 8b 53 10 8d 48 01 89 4b 18
0x00007f65ee6284da:   44 0f b6 04 02 44 89 c0 45 85 c0 0f 84 f5 00 00
0x00007f65ee6284ea:   00 83 e0 10 45 89 c6 41 29 c0 41 83 e6 10 41 8d
0x00007f65ee6284fa:   40 ff 44 89 43 20 45 89 c4 83 f8 07 0f 87 e4 00
0x00007f65ee62850a:   00 00 4d 63 c4 48 8d 05 8a 3f c9 00 45 31 e4 45
0x00007f65ee62851a:   84 f6 46 8b 2c 80 41 0f 94 c4 45 31 c9 41 f7 dc
0x00007f65ee62852a:   45 85 ed 0f 8e 95 00 00 00 0f 1f 44 00 00 31 d2
0x00007f65ee62853a:   45 39 cc 74 77 48 63 43 18 48 8b 4b 10 44 8d 40
0x00007f65ee62854a:   01 4c 8d 14 01 49 89 c3 44 89 43 18 41 0f b6 12
0x00007f65ee62855a:   81 fa bf 00 00 00 7e 54 0f b6 74 01 01 b9 06 00
0x00007f65ee62856a:   00 00 89 f0 c1 e0 06 01 c2 b8 02 00 00 00 81 fe
0x00007f65ee62857a:   bf 00 00 00 7e 2e 41 0f b6 34 02 83 c1 06 41 89
0x00007f65ee62858a:   c0 89 f7 d3 e7 01 fa 81 fe bf 00 00 00 40 0f 9e
0x00007f65ee62859a:   c7 83 f8 04 40 0f 94 c6 48 83 c0 01 40 08 f7 74
0x00007f65ee6285aa:   d5 45 01 d8 41 83 c0 01 44 89 43 18 42 89 54 8b
0x00007f65ee6285ba:   24 49 83 c1 01 45 39 cd 0f 8f 70 ff ff ff 5b b8
0x00007f65ee6285ca:   01 00 00 00 41 5c 41 5d 41 5e 5d c3 66 2e 0f 1f 


Stack slot to memory mapping:
stack at sp + 0 slots: 0x00007f65ccbfa1a0 is pointing into the stack for thread: 0x00007f65e817dc90
stack at sp + 1 slots: 0x00007f65ccbfa950 is pointing into the stack for thread: 0x00007f65e817dc90
stack at sp + 2 slots: 0x00007f65eefa8fb1: <offset 0x0000000000fa8fb1> in /home/miaro/.vscode/extensions/redhat.java-1.27.0-linux-x64/jre/17.0.10-linux-x86_64/lib/server/libjvm.so at 0x00007f65ee000000
stack at sp + 3 slots: 0x0 is NULL
stack at sp + 4 slots: 0x00007f65ccbfa2a0 is pointing into the stack for thread: 0x00007f65e817dc90
stack at sp + 5 slots: 0x00007f65ee62ec38: <offset 0x000000000062ec38> in /home/miaro/.vscode/extensions/redhat.java-1.27.0-linux-x64/jre/17.0.10-linux-x86_64/lib/server/libjvm.so at 0x00007f65ee000000
stack at sp + 6 slots: 0x00007f65dd81bb0d is at code_begin+524045 in 
[CodeBlob (0x00007f65dd79bb90)]
Framesize: 0
BufferBlob (0x00007f65dd79bb90) used for C1 temporary CodeBuffer
stack at sp + 7 slots: 0x00007f65ee49e100: <offset 0x000000000049e100> in /home/miaro/.vscode/extensions/redhat.java-1.27.0-linux-x64/jre/17.0.10-linux-x86_64/lib/server/libjvm.so at 0x00007f65ee000000


---------------  P R O C E S S  ---------------

Threads class SMR info:
_java_thread_list=0x00007f65e821f270, length=11, elements={
0x00007f65e8025cd0, 0x00007f65e8153f40, 0x00007f65e81554f0, 0x00007f65e8176810,
0x00007f65e817a120, 0x00007f65e817b0f0, 0x00007f65e817c7a0, 0x00007f65e817dc90,
0x00007f65e8187100, 0x00007f65e81f3140, 0x00007f65e821e2e0
}

Java Threads: ( => current thread )
  0x00007f65e8025cd0 JavaThread "main" [_thread_blocked, id=18738, stack(0x00007f65edf00000,0x00007f65ee000000)]
  0x00007f65e8153f40 JavaThread "Reference Handler" daemon [_thread_blocked, id=18745, stack(0x00007f65cd4a6000,0x00007f65cd5a6000)]
  0x00007f65e81554f0 JavaThread "Finalizer" daemon [_thread_blocked, id=18746, stack(0x00007f65cd3a5000,0x00007f65cd4a5000)]
  0x00007f65e8176810 JavaThread "Signal Dispatcher" daemon [_thread_blocked, id=18747, stack(0x00007f65ccf00000,0x00007f65cd000000)]
  0x00007f65e817a120 JavaThread "Service Thread" daemon [_thread_blocked, id=18748, stack(0x00007f65ccdff000,0x00007f65cceff000)]
  0x00007f65e817b0f0 JavaThread "Monitor Deflation Thread" daemon [_thread_blocked, id=18749, stack(0x00007f65cccfe000,0x00007f65ccdfe000)]
  0x00007f65e817c7a0 JavaThread "C2 CompilerThread0" daemon [_thread_blocked, id=18750, stack(0x00007f65ccbfd000,0x00007f65cccfd000)]
=>0x00007f65e817dc90 JavaThread "C1 CompilerThread0" daemon [_thread_in_vm, id=18751, stack(0x00007f65ccafc000,0x00007f65ccbfc000)]
  0x00007f65e8187100 JavaThread "Sweeper thread" daemon [_thread_blocked, id=18752, stack(0x00007f65cc9fb000,0x00007f65ccafb000)]
  0x00007f65e81f3140 JavaThread "Notification Thread" daemon [_thread_blocked, id=18753, stack(0x00007f65cc8fa000,0x00007f65cc9fa000)]
  0x00007f65e821e2e0 JavaThread "Common-Cleaner" daemon [_thread_blocked, id=18755, stack(0x00007f65cc6f8000,0x00007f65cc7f8000)]

Other Threads:
  0x00007f65e80ffd90 VMThread "VM Thread" [stack: 0x00007f65cd5a7000,0x00007f65cd6a7000] [id=18744]
  0x00007f65e81f4810 WatcherThread [stack: 0x00007f65cc7f9000,0x00007f65cc8f9000] [id=18754]
  0x00007f65e8091010 GCTaskThread "GC Thread#0" [stack: 0x00007f65ec420000,0x00007f65ec520000] [id=18739]
  0x00007f65ac005ba0 GCTaskThread "GC Thread#1" [stack: 0x00007f65cc5f7000,0x00007f65cc6f7000] [id=18756]
  0x00007f65ac00b630 GCTaskThread "GC Thread#2" [stack: 0x00007f65cc4f6000,0x00007f65cc5f6000] [id=18757]
  0x00007f65e80a1e30 ConcurrentGCThread "G1 Main Marker" [stack: 0x00007f65ec31f000,0x00007f65ec41f000] [id=18740]
  0x00007f65e80a2da0 ConcurrentGCThread "G1 Conc#0" [stack: 0x00007f65ec21e000,0x00007f65ec31e000] [id=18741]
  0x00007f65e80cac40 ConcurrentGCThread "G1 Refine#0" [stack: 0x00007f65cd82a000,0x00007f65cd92a000] [id=18742]
  0x00007f65e80cbb40 ConcurrentGCThread "G1 Service" [stack: 0x00007f65cd729000,0x00007f65cd829000] [id=18743]

Threads with active compile tasks:
C2 CompilerThread0      166  298       4       java.io.StreamTokenizer::nextToken (1266 bytes)
C1 CompilerThread0      166  319       3       java.util.Arrays::equals (57 bytes)

VM state: not at safepoint (normal execution)

VM Mutex/Monitor currently owned by a thread:  ([mutex/lock_event])
[0x00007f65e8023da0] Compile_lock - owner thread: 0x00007f65e817dc90
[0x00007f65e8023fb0] MethodCompileQueue_lock - owner thread: 0x00007f65e817dc90

Heap address: 0x0000000707e00000, size: 3970 MB, Compressed Oops mode: Zero based, Oop shift amount: 3

CDS archive(s) not mapped
Compressed class space mapped at: 0x0000000800000000-0x0000000840000000, reserved size: 1073741824
Narrow klass base: 0x0000000800000000, Narrow klass shift: 0, Narrow klass range: 0x40000000

GC Precious Log:
 CPUs: 8 total, 8 available
 Memory: 15874M
 Large Page Support: Disabled
 NUMA Support: Disabled
 Compressed Oops: Enabled (Zero based)
 Heap Region Size: 2M
 Heap Min Capacity: 8M
 Heap Initial Capacity: 8M
 Heap Max Capacity: 3970M
 Pre-touch: Disabled
 Parallel Workers: 8
 Concurrent Workers: 2
 Concurrent Refinement Workers: 8
 Periodic GC: Disabled

Heap:
 garbage-first heap   total 8192K, used 896K [0x0000000707e00000, 0x0000000800000000)
  region size 2048K, 2 young (4096K), 1 survivors (2048K)
 Metaspace       used 6120K, committed 6208K, reserved 1114112K
  class space    used 595K, committed 640K, reserved 1048576K

Heap Regions: E=young(eden), S=young(survivor), O=old, HS=humongous(starts), HC=humongous(continues), CS=collection set, F=free, OA=open archive, CA=closed archive, TAMS=top-at-mark-start (previous, next)
|   0|0x0000000707e00000, 0x0000000707e00000, 0x0000000708000000|  0%| F|  |TAMS 0x0000000707e00000, 0x0000000707e00000| Untracked 
|   1|0x0000000708000000, 0x0000000708000000, 0x0000000708200000|  0%| F|  |TAMS 0x0000000708000000, 0x0000000708000000| Untracked 
|   2|0x0000000708200000, 0x00000007082e0000, 0x0000000708400000| 43%| S|CS|TAMS 0x0000000708200000, 0x0000000708200000| Complete 
|   3|0x0000000708400000, 0x0000000708484198, 0x0000000708600000| 25%| E|  |TAMS 0x0000000708400000, 0x0000000708400000| Complete 

Card table byte_map: [0x00007f65ec5a0000,0x00007f65ecd61000] _byte_map_base: 0x00007f65e8d61000

Marking Bits (Prev, Next): (CMBitMap*) 0x00007f65e8091aa0, (CMBitMap*) 0x00007f65e8091ae0
 Prev Bits: [0x00007f65d1c37000, 0x00007f65d5a3f000)
 Next Bits: [0x00007f65cde2f000, 0x00007f65d1c37000)

Polling page: 0x00007f65ef69d000

Metaspace:

Usage:
  Non-class:      5.40 MB used.
      Class:    595.60 KB used.
       Both:      5.98 MB used.

Virtual space:
  Non-class space:       64.00 MB reserved,       5.44 MB (  8%) committed,  1 nodes.
      Class space:        1.00 GB reserved,     640.00 KB ( <1%) committed,  1 nodes.
             Both:        1.06 GB reserved,       6.06 MB ( <1%) committed. 

Chunk freelists:
   Non-Class:  10.26 MB
       Class:  15.22 MB
        Both:  25.47 MB

MaxMetaspaceSize: unlimited
CompressedClassSpaceSize: 1.00 GB
Initial GC threshold: 21.00 MB
Current GC threshold: 21.00 MB
CDS: off
MetaspaceReclaimPolicy: balanced
 - commit_granule_bytes: 65536.
 - commit_granule_words: 8192.
 - virtual_space_node_default_size: 8388608.
 - enlarge_chunks_in_place: 1.
 - new_chunks_are_fully_committed: 0.
 - uncommit_free_chunks: 1.
 - use_allocation_guard: 0.
 - handle_deallocations: 1.


Internal statistics:

num_allocs_failed_limit: 0.
num_arena_births: 38.
num_arena_deaths: 0.
num_vsnodes_births: 2.
num_vsnodes_deaths: 0.
num_space_committed: 97.
num_space_uncommitted: 0.
num_chunks_returned_to_freelist: 0.
num_chunks_taken_from_freelist: 72.
num_chunk_merges: 0.
num_chunk_splits: 38.
num_chunks_enlarged: 21.
num_inconsistent_stats: 0.

CodeHeap 'non-profiled nmethods': size=120028Kb used=95Kb max_used=95Kb free=119932Kb
 bounds [0x00007f65ddcc9000, 0x00007f65ddf39000, 0x00007f65e5200000]
CodeHeap 'profiled nmethods': size=120028Kb used=420Kb max_used=420Kb free=119607Kb
 bounds [0x00007f65d6200000, 0x00007f65d6470000, 0x00007f65dd737000]
CodeHeap 'non-nmethods': size=5704Kb used=1149Kb max_used=1149Kb free=4555Kb
 bounds [0x00007f65dd737000, 0x00007f65dd9a7000, 0x00007f65ddcc9000]
 total_blobs=717 nmethods=314 adapters=315
 compilation: enabled
              stopped_count=0, restarted_count=0
 full_count=0

Compilation events (20 events):
Event: 0.126 Thread 0x00007f65e817dc90 nmethod 305 0x00007f65ddce0190 code [0x00007f65ddce0320, 0x00007f65ddce03f0]
Event: 0.126 Thread 0x00007f65e817dc90  307       3       java.lang.invoke.LambdaForm$Name::<init> (54 bytes)
Event: 0.126 Thread 0x00007f65e817dc90 nmethod 307 0x00007f65d6264e90 code [0x00007f65d6265040, 0x00007f65d6265310]
Event: 0.127 Thread 0x00007f65e817dc90  309       3       java.lang.invoke.MemberName::isResolved (13 bytes)
Event: 0.127 Thread 0x00007f65e817dc90 nmethod 309 0x00007f65d6265410 code [0x00007f65d62655a0, 0x00007f65d6265710]
Event: 0.127 Thread 0x00007f65e817dc90  310       3       java.lang.StringLatin1::replace (198 bytes)
Event: 0.127 Thread 0x00007f65e817dc90 nmethod 310 0x00007f65d6265790 code [0x00007f65d6265a40, 0x00007f65d62668f0]
Event: 0.129 Thread 0x00007f65e817dc90  312       3       java.lang.invoke.LambdaForm$NamedFunction::methodType (23 bytes)
Event: 0.129 Thread 0x00007f65e817dc90 nmethod 312 0x00007f65d6266e10 code [0x00007f65d6266fc0, 0x00007f65d6267220]
Event: 0.129 Thread 0x00007f65e817dc90  314       3       jdk.internal.org.objectweb.asm.SymbolTable::addConstantClass (8 bytes)
Event: 0.129 Thread 0x00007f65e817dc90 nmethod 314 0x00007f65d6267310 code [0x00007f65d62674c0, 0x00007f65d6267600]
Event: 0.129 Thread 0x00007f65e817dc90  313       3       java.lang.invoke.LambdaForm::parameter (38 bytes)
Event: 0.129 Thread 0x00007f65e817dc90 nmethod 313 0x00007f65d6267690 code [0x00007f65d6267820, 0x00007f65d6267970]
Event: 0.129 Thread 0x00007f65e817dc90  315       3       jdk.internal.util.ArraysSupport::newLength (27 bytes)
Event: 0.129 Thread 0x00007f65e817dc90 nmethod 315 0x00007f65d6267a10 code [0x00007f65d6267bc0, 0x00007f65d6267e20]
Event: 0.129 Thread 0x00007f65e817dc90  316       3       jdk.internal.org.objectweb.asm.ByteVector::put122 (93 bytes)
Event: 0.129 Thread 0x00007f65e817dc90 nmethod 316 0x00007f65d6267f10 code [0x00007f65d62680c0, 0x00007f65d6268340]
Event: 0.129 Thread 0x00007f65e817dc90  318       3       jdk.internal.org.objectweb.asm.MethodWriter::visitVarInsn (302 bytes)
Event: 0.130 Thread 0x00007f65e817dc90 nmethod 318 0x00007f65d6268510 code [0x00007f65d6268760, 0x00007f65d62690e0]
Event: 0.132 Thread 0x00007f65e817dc90  319       3       java.util.Arrays::equals (57 bytes)

GC Heap History (2 events):
Event: 0.112 GC heap before
{Heap before GC invocations=0 (full 0):
 garbage-first heap   total 8192K, used 2048K [0x0000000707e00000, 0x0000000800000000)
  region size 2048K, 1 young (2048K), 0 survivors (0K)
 Metaspace       used 5569K, committed 5760K, reserved 1114112K
  class space    used 543K, committed 640K, reserved 1048576K
}
Event: 0.114 GC heap after
{Heap after GC invocations=1 (full 0):
 garbage-first heap   total 8192K, used 896K [0x0000000707e00000, 0x0000000800000000)
  region size 2048K, 1 young (2048K), 1 survivors (2048K)
 Metaspace       used 5569K, committed 5760K, reserved 1114112K
  class space    used 543K, committed 640K, reserved 1048576K
}

Dll operation events (4 events):
Event: 0.001 Loaded shared library /home/miaro/.vscode/extensions/redhat.java-1.27.0-linux-x64/jre/17.0.10-linux-x86_64/lib/libjava.so
Event: 0.055 Loaded shared library /home/miaro/.vscode/extensions/redhat.java-1.27.0-linux-x64/jre/17.0.10-linux-x86_64/lib/libnio.so
Event: 0.056 Loaded shared library /home/miaro/.vscode/extensions/redhat.java-1.27.0-linux-x64/jre/17.0.10-linux-x86_64/lib/libjimage.so
Event: 0.070 Loaded shared library /home/miaro/.vscode/extensions/redhat.java-1.27.0-linux-x64/jre/17.0.10-linux-x86_64/lib/libzip.so

Deoptimization events (8 events):
Event: 0.071 Thread 0x00007f65e8025cd0 Uncommon trap: trap_request=0xffffff45 fr.pc=0x00007f65ddccc144 relative=0x00000000000001a4
Event: 0.071 Thread 0x00007f65e8025cd0 Uncommon trap: reason=unstable_if action=reinterpret pc=0x00007f65ddccc144 method=java.lang.String.hashCode()I @ 42 c2
Event: 0.071 Thread 0x00007f65e8025cd0 DEOPT PACKING pc=0x00007f65ddccc144 sp=0x00007f65edffdb40
Event: 0.071 Thread 0x00007f65e8025cd0 DEOPT UNPACKING pc=0x00007f65dd78d699 sp=0x00007f65edffdaf8 mode 2
Event: 0.124 Thread 0x00007f65e8025cd0 Uncommon trap: trap_request=0xffffff45 fr.pc=0x00007f65ddcdf724 relative=0x0000000000000284
Event: 0.124 Thread 0x00007f65e8025cd0 Uncommon trap: reason=unstable_if action=reinterpret pc=0x00007f65ddcdf724 method=java.io.BufferedReader.read()I @ 19 c2
Event: 0.124 Thread 0x00007f65e8025cd0 DEOPT PACKING pc=0x00007f65ddcdf724 sp=0x00007f65edffe290
Event: 0.124 Thread 0x00007f65e8025cd0 DEOPT UNPACKING pc=0x00007f65dd78d699 sp=0x00007f65edffe1d0 mode 2

Classes unloaded (0 events):
No events

Classes redefined (0 events):
No events

Internal exceptions (4 events):
Event: 0.126 Thread 0x00007f65e8025cd0 Exception <a 'java/lang/NoSuchMethodError'{0x0000000708466a68}: 'java.lang.Object java.lang.invoke.DirectMethodHandle$Holder.invokeStaticInit(java.lang.Object)'> (0x0000000708466a68) 
thrown [src/hotspot/share/interpreter/linkResolver.cpp, line 758]
Event: 0.129 Thread 0x00007f65e8025cd0 Exception <a 'java/lang/NoSuchMethodError'{0x00000007084738b0}: 'java.lang.Object java.lang.invoke.DirectMethodHandle$Holder.invokeStaticInit(java.lang.Object, java.lang.Object, long, java.lang.Object)'> (0x00000007084738b0) 
thrown [src/hotspot/share/interpreter/linkResolver.cpp, line 758]
Event: 0.129 Thread 0x00007f65e8025cd0 Exception <a 'java/lang/NoSuchMethodError'{0x0000000708479d70}: 'java.lang.Object java.lang.invoke.DirectMethodHandle$Holder.newInvokeSpecial(java.lang.Object, java.lang.Object, long)'> (0x0000000708479d70) 
thrown [src/hotspot/share/interpreter/linkResolver.cpp, line 758]
Event: 0.130 Thread 0x00007f65e8025cd0 Exception <a 'java/lang/NoSuchMethodError'{0x000000070847d8f8}: 'java.lang.Object java.lang.invoke.Invokers$Holder.linkToTargetMethod(java.lang.Object, long, java.lang.Object)'> (0x000000070847d8f8) 
thrown [src/hotspot/share/interpreter/linkResolver.cpp, line 758]

VM Operations (2 events):
Event: 0.112 Executing VM operation: G1CollectForAllocation
Event: 0.114 Executing VM operation: G1CollectForAllocation done

Events (20 events):
Event: 0.132 loading class java/lang/invoke/VarHandleReferences$FieldInstanceReadWrite
Event: 0.132 loading class java/lang/invoke/VarHandleReferences$FieldInstanceReadOnly
Event: 0.132 loading class java/lang/invoke/VarHandleReferences$FieldInstanceReadOnly done
Event: 0.132 loading class java/lang/invoke/VarHandleReferences$FieldInstanceReadWrite done
Event: 0.132 loading class java/lang/invoke/VarHandle$1
Event: 0.132 loading class java/lang/invoke/VarHandle$1 done
Event: 0.132 loading class jdk/internal/util/Preconditions$1
Event: 0.132 loading class java/util/function/BiFunction
Event: 0.132 loading class java/util/function/BiFunction done
Event: 0.132 loading class jdk/internal/util/Preconditions$1 done
Event: 0.132 loading class java/lang/invoke/VarHandleGuards
Event: 0.132 loading class java/lang/invoke/VarHandleGuards done
Event: 0.132 loading class java/lang/invoke/VarForm
Event: 0.132 loading class java/lang/invoke/VarForm done
Event: 0.132 loading class java/util/concurrent/locks/ReentrantLock$NonfairSync
Event: 0.133 loading class java/util/concurrent/locks/ReentrantLock$Sync
Event: 0.133 loading class java/util/concurrent/locks/AbstractQueuedSynchronizer
Event: 0.133 loading class java/util/concurrent/locks/AbstractQueuedSynchronizer done
Event: 0.133 loading class java/util/concurrent/locks/ReentrantLock$Sync done
Event: 0.133 loading class java/util/concurrent/locks/ReentrantLock$NonfairSync done


Dynamic libraries:
707e00000-708600000 rw-p 00000000 00:00 0 
708600000-800000000 ---p 00000000 00:00 0 
800000000-800030000 rw-p 00000000 00:00 0 
800030000-800090000 rw-p 00000000 00:00 0 
800090000-8000c0000 ---p 00000000 00:00 0 
8000c0000-8000d0000 rw-p 00000000 00:00 0 
8000d0000-840000000 ---p 00000000 00:00 0 
557d46bde000-557d46bdf000 r--p 00000000 08:04 6043781                    /home/miaro/.vscode/extensions/redhat.java-1.27.0-linux-x64/jre/17.0.10-linux-x86_64/bin/jcmd
557d46bdf000-557d46be0000 r-xp 00001000 08:04 6043781                    /home/miaro/.vscode/extensions/redhat.java-1.27.0-linux-x64/jre/17.0.10-linux-x86_64/bin/jcmd
557d46be0000-557d46be1000 r--p 00002000 08:04 6043781                    /home/miaro/.vscode/extensions/redhat.java-1.27.0-linux-x64/jre/17.0.10-linux-x86_64/bin/jcmd
557d46be1000-557d46be2000 r--p 00002000 08:04 6043781                    /home/miaro/.vscode/extensions/redhat.java-1.27.0-linux-x64/jre/17.0.10-linux-x86_64/bin/jcmd
557d46be2000-557d46be3000 rw-p 00003000 08:04 6043781                    /home/miaro/.vscode/extensions/redhat.java-1.27.0-linux-x64/jre/17.0.10-linux-x86_64/bin/jcmd
557d47938000-557d47980000 rw-p 00000000 00:00 0                          [heap]
7f6574000000-7f6574021000 rw-p 00000000 00:00 0 
7f6574021000-7f6578000000 ---p 00000000 00:00 0 
7f657c000000-7f657c021000 rw-p 00000000 00:00 0 
7f657c021000-7f6580000000 ---p 00000000 00:00 0 
7f6580000000-7f6580021000 rw-p 00000000 00:00 0 
7f6580021000-7f6584000000 ---p 00000000 00:00 0 
7f6584000000-7f6584021000 rw-p 00000000 00:00 0 
7f6584021000-7f6588000000 ---p 00000000 00:00 0 
7f6588000000-7f6588021000 rw-p 00000000 00:00 0 
7f6588021000-7f658c000000 ---p 00000000 00:00 0 
7f658c000000-7f658c11f000 rw-p 00000000 00:00 0 
7f658c11f000-7f6590000000 ---p 00000000 00:00 0 
7f6590000000-7f6590021000 rw-p 00000000 00:00 0 
7f6590021000-7f6594000000 ---p 00000000 00:00 0 
7f6594000000-7f6594021000 rw-p 00000000 00:00 0 
7f6594021000-7f6598000000 ---p 00000000 00:00 0 
7f6598000000-7f6598385000 rw-p 00000000 00:00 0 
7f6598385000-7f659c000000 ---p 00000000 00:00 0 
7f659c000000-7f659c021000 rw-p 00000000 00:00 0 
7f659c021000-7f65a0000000 ---p 00000000 00:00 0 
7f65a0000000-7f65a0021000 rw-p 00000000 00:00 0 
7f65a0021000-7f65a4000000 ---p 00000000 00:00 0 
7f65a4000000-7f65a4021000 rw-p 00000000 00:00 0 
7f65a4021000-7f65a8000000 ---p 00000000 00:00 0 
7f65a8000000-7f65a8021000 rw-p 00000000 00:00 0 
7f65a8021000-7f65ac000000 ---p 00000000 00:00 0 
7f65ac000000-7f65ac021000 rw-p 00000000 00:00 0 
7f65ac021000-7f65b0000000 ---p 00000000 00:00 0 
7f65b0000000-7f65b0021000 rw-p 00000000 00:00 0 
7f65b0021000-7f65b4000000 ---p 00000000 00:00 0 
7f65b4000000-7f65b43f0000 rw-p 00000000 00:00 0 
7f65b43f0000-7f65b4440000 rw-p 00000000 00:00 0 
7f65b4440000-7f65b4480000 ---p 00000000 00:00 0 
7f65b4480000-7f65b44b0000 rw-p 00000000 00:00 0 
7f65b44b0000-7f65b4500000 ---p 00000000 00:00 0 
7f65b4500000-7f65b4600000 rw-p 00000000 00:00 0 
7f65b4600000-7f65b8000000 ---p 00000000 00:00 0 
7f65b8000000-7f65b8021000 rw-p 00000000 00:00 0 
7f65b8021000-7f65bc000000 ---p 00000000 00:00 0 
7f65be000000-7f65c0021000 rw-p 00000000 00:00 0 
7f65c0021000-7f65c4000000 ---p 00000000 00:00 0 
7f65c4000000-7f65c4021000 rw-p 00000000 00:00 0 
7f65c4021000-7f65c8000000 ---p 00000000 00:00 0 
7f65c8000000-7f65c8021000 rw-p 00000000 00:00 0 
7f65c8021000-7f65cc000000 ---p 00000000 00:00 0 
7f65cc10e000-7f65cc4f5000 rw-p 00000000 00:00 0 
7f65cc4f5000-7f65cc4f6000 ---p 00000000 00:00 0 
7f65cc4f6000-7f65cc5f6000 rw-p 00000000 00:00 0 
7f65cc5f6000-7f65cc5f7000 ---p 00000000 00:00 0 
7f65cc5f7000-7f65cc6f7000 rw-p 00000000 00:00 0 
7f65cc6f7000-7f65cc6f8000 ---p 00000000 00:00 0 
7f65cc6f8000-7f65cc6fc000 ---p 00000000 00:00 0 
7f65cc6fc000-7f65cc7f8000 rw-p 00000000 00:00 0 
7f65cc7f8000-7f65cc7f9000 ---p 00000000 00:00 0 
7f65cc7f9000-7f65cc8f9000 rw-p 00000000 00:00 0 
7f65cc8f9000-7f65cc8fa000 ---p 00000000 00:00 0 
7f65cc8fa000-7f65cc8fe000 ---p 00000000 00:00 0 
7f65cc8fe000-7f65cc9fa000 rw-p 00000000 00:00 0 
7f65cc9fa000-7f65cc9fb000 ---p 00000000 00:00 0 
7f65cc9fb000-7f65cc9ff000 ---p 00000000 00:00 0 
7f65cc9ff000-7f65ccafb000 rw-p 00000000 00:00 0 
7f65ccafb000-7f65ccafc000 ---p 00000000 00:00 0 
7f65ccafc000-7f65ccb00000 ---p 00000000 00:00 0 
7f65ccb00000-7f65ccbfc000 rw-p 00000000 00:00 0 
7f65ccbfc000-7f65ccbfd000 ---p 00000000 00:00 0 
7f65ccbfd000-7f65ccc01000 ---p 00000000 00:00 0 
7f65ccc01000-7f65cccfd000 rw-p 00000000 00:00 0 
7f65cccfd000-7f65cccfe000 ---p 00000000 00:00 0 
7f65cccfe000-7f65ccd02000 ---p 00000000 00:00 0 
7f65ccd02000-7f65ccdfe000 rw-p 00000000 00:00 0 
7f65ccdfe000-7f65ccdff000 ---p 00000000 00:00 0 
7f65ccdff000-7f65cce03000 ---p 00000000 00:00 0 
7f65cce03000-7f65cceff000 rw-p 00000000 00:00 0 
7f65cceff000-7f65ccf00000 ---p 00000000 00:00 0 
7f65ccf00000-7f65ccf04000 ---p 00000000 00:00 0 
7f65ccf04000-7f65cd000000 rw-p 00000000 00:00 0 
7f65cd000000-7f65cd2ea000 r--p 00000000 08:04 594350                     /usr/lib/locale/locale-archive
7f65cd373000-7f65cd3a4000 rw-p 00000000 00:00 0 
7f65cd3a4000-7f65cd3a5000 ---p 00000000 00:00 0 
7f65cd3a5000-7f65cd3a9000 ---p 00000000 00:00 0 
7f65cd3a9000-7f65cd4a5000 rw-p 00000000 00:00 0 
7f65cd4a5000-7f65cd4a6000 ---p 00000000 00:00 0 
7f65cd4a6000-7f65cd4aa000 ---p 00000000 00:00 0 
7f65cd4aa000-7f65cd5a6000 rw-p 00000000 00:00 0 
7f65cd5a6000-7f65cd5a7000 ---p 00000000 00:00 0 
7f65cd5a7000-7f65cd728000 rw-p 00000000 00:00 0 
7f65cd728000-7f65cd729000 ---p 00000000 00:00 0 
7f65cd729000-7f65cd829000 rw-p 00000000 00:00 0 
7f65cd829000-7f65cd82a000 ---p 00000000 00:00 0 
7f65cd82a000-7f65cde4f000 rw-p 00000000 00:00 0 
7f65cde4f000-7f65d1c37000 ---p 00000000 00:00 0 
7f65d1c37000-7f65d1c57000 rw-p 00000000 00:00 0 
7f65d1c57000-7f65d5a3f000 ---p 00000000 00:00 0 
7f65d5a3f000-7f65d5a43000 rw-p 00000000 00:00 0 
7f65d5a43000-7f65d6200000 ---p 00000000 00:00 0 
7f65d6200000-7f65d6470000 rwxp 00000000 00:00 0 
7f65d6470000-7f65dd737000 ---p 00000000 00:00 0 
7f65dd737000-7f65dd9a7000 rwxp 00000000 00:00 0 
7f65dd9a7000-7f65ddcc9000 ---p 00000000 00:00 0 
7f65ddcc9000-7f65ddf39000 rwxp 00000000 00:00 0 
7f65ddf39000-7f65e5200000 ---p 00000000 00:00 0 
7f65e5200000-7f65e7e27000 r--s 00000000 08:04 6238219                    /home/miaro/.vscode/extensions/redhat.java-1.27.0-linux-x64/jre/17.0.10-linux-x86_64/lib/modules
7f65e7e3c000-7f65e7e43000 r--s 00000000 08:04 544941                     /usr/lib/x86_64-linux-gnu/gconv/gconv-modules.cache
7f65e7e43000-7f65e7e4b000 r--s 00000000 08:04 6631690                    /tmp/hsperfdata_miaro/13442
7f65e7e4b000-7f65e7e4f000 r--p 00000000 08:04 6238210                    /home/miaro/.vscode/extensions/redhat.java-1.27.0-linux-x64/jre/17.0.10-linux-x86_64/lib/libnet.so
7f65e7e4f000-7f65e7e5d000 r-xp 00004000 08:04 6238210                    /home/miaro/.vscode/extensions/redhat.java-1.27.0-linux-x64/jre/17.0.10-linux-x86_64/lib/libnet.so
7f65e7e5d000-7f65e7e61000 r--p 00012000 08:04 6238210                    /home/miaro/.vscode/extensions/redhat.java-1.27.0-linux-x64/jre/17.0.10-linux-x86_64/lib/libnet.so
7f65e7e61000-7f65e7e62000 r--p 00015000 08:04 6238210                    /home/miaro/.vscode/extensions/redhat.java-1.27.0-linux-x64/jre/17.0.10-linux-x86_64/lib/libnet.so
7f65e7e62000-7f65e7e63000 rw-p 00016000 08:04 6238210                    /home/miaro/.vscode/extensions/redhat.java-1.27.0-linux-x64/jre/17.0.10-linux-x86_64/lib/libnet.so
7f65e7e63000-7f65e829a000 rw-p 00000000 00:00 0 
7f65e829a000-7f65ec000000 ---p 00000000 00:00 0 
7f65ec004000-7f65ec00b000 r--p 00000000 08:04 6238211                    /home/miaro/.vscode/extensions/redhat.java-1.27.0-linux-x64/jre/17.0.10-linux-x86_64/lib/libnio.so
7f65ec00b000-7f65ec014000 r-xp 00007000 08:04 6238211                    /home/miaro/.vscode/extensions/redhat.java-1.27.0-linux-x64/jre/17.0.10-linux-x86_64/lib/libnio.so
7f65ec014000-7f65ec018000 r--p 00010000 08:04 6238211                    /home/miaro/.vscode/extensions/redhat.java-1.27.0-linux-x64/jre/17.0.10-linux-x86_64/lib/libnio.so
7f65ec018000-7f65ec019000 ---p 00014000 08:04 6238211                    /home/miaro/.vscode/extensions/redhat.java-1.27.0-linux-x64/jre/17.0.10-linux-x86_64/lib/libnio.so
7f65ec019000-7f65ec01a000 r--p 00014000 08:04 6238211                    /home/miaro/.vscode/extensions/redhat.java-1.27.0-linux-x64/jre/17.0.10-linux-x86_64/lib/libnio.so
7f65ec01a000-7f65ec01b000 rw-p 00015000 08:04 6238211                    /home/miaro/.vscode/extensions/redhat.java-1.27.0-linux-x64/jre/17.0.10-linux-x86_64/lib/libnio.so
7f65ec01b000-7f65ec21d000 rw-p 00000000 00:00 0 
7f65ec21d000-7f65ec21e000 ---p 00000000 00:00 0 
7f65ec21e000-7f65ec31e000 rw-p 00000000 00:00 0 
7f65ec31e000-7f65ec31f000 ---p 00000000 00:00 0 
7f65ec31f000-7f65ec41f000 rw-p 00000000 00:00 0 
7f65ec41f000-7f65ec420000 ---p 00000000 00:00 0 
7f65ec420000-7f65ec5a4000 rw-p 00000000 00:00 0 
7f65ec5a4000-7f65ecd61000 ---p 00000000 00:00 0 
7f65ecd61000-7f65ecd65000 rw-p 00000000 00:00 0 
7f65ecd65000-7f65ed522000 ---p 00000000 00:00 0 
7f65ed522000-7f65edd2f000 rw-p 00000000 00:00 0 
7f65edd2f000-7f65ede15000 ---p 00000000 00:00 0 
7f65ede15000-7f65ede1a000 rw-p 00000000 00:00 0 
7f65ede1a000-7f65edf00000 ---p 00000000 00:00 0 
7f65edf00000-7f65edf04000 ---p 00000000 00:00 0 
7f65edf04000-7f65ee000000 rw-p 00000000 00:00 0 
7f65ee000000-7f65ee253000 r--p 00000000 08:04 309036                     /home/miaro/.vscode/extensions/redhat.java-1.27.0-linux-x64/jre/17.0.10-linux-x86_64/lib/server/libjvm.so
7f65ee253000-7f65eef72000 r-xp 00253000 08:04 309036                     /home/miaro/.vscode/extensions/redhat.java-1.27.0-linux-x64/jre/17.0.10-linux-x86_64/lib/server/libjvm.so
7f65eef72000-7f65ef1fe000 r--p 00f72000 08:04 309036                     /home/miaro/.vscode/extensions/redhat.java-1.27.0-linux-x64/jre/17.0.10-linux-x86_64/lib/server/libjvm.so
7f65ef1fe000-7f65ef1ff000 ---p 011fe000 08:04 309036                     /home/miaro/.vscode/extensions/redhat.java-1.27.0-linux-x64/jre/17.0.10-linux-x86_64/lib/server/libjvm.so
7f65ef1ff000-7f65ef2b8000 r--p 011fe000 08:04 309036                     /home/miaro/.vscode/extensions/redhat.java-1.27.0-linux-x64/jre/17.0.10-linux-x86_64/lib/server/libjvm.so
7f65ef2b8000-7f65ef2ed000 rw-p 012b7000 08:04 309036                     /home/miaro/.vscode/extensions/redhat.java-1.27.0-linux-x64/jre/17.0.10-linux-x86_64/lib/server/libjvm.so
7f65ef2ed000-7f65ef347000 rw-p 00000000 00:00 0 
7f65ef349000-7f65ef34b000 r--p 00000000 08:04 6238218                    /home/miaro/.vscode/extensions/redhat.java-1.27.0-linux-x64/jre/17.0.10-linux-x86_64/lib/libzip.so
7f65ef34b000-7f65ef35d000 r-xp 00002000 08:04 6238218                    /home/miaro/.vscode/extensions/redhat.java-1.27.0-linux-x64/jre/17.0.10-linux-x86_64/lib/libzip.so
7f65ef35d000-7f65ef365000 r--p 00014000 08:04 6238218                    /home/miaro/.vscode/extensions/redhat.java-1.27.0-linux-x64/jre/17.0.10-linux-x86_64/lib/libzip.so
7f65ef365000-7f65ef366000 r--p 0001b000 08:04 6238218                    /home/miaro/.vscode/extensions/redhat.java-1.27.0-linux-x64/jre/17.0.10-linux-x86_64/lib/libzip.so
7f65ef366000-7f65ef367000 rw-p 0001c000 08:04 6238218                    /home/miaro/.vscode/extensions/redhat.java-1.27.0-linux-x64/jre/17.0.10-linux-x86_64/lib/libzip.so
7f65ef367000-7f65ef375000 r--p 00000000 08:04 6238197                    /home/miaro/.vscode/extensions/redhat.java-1.27.0-linux-x64/jre/17.0.10-linux-x86_64/lib/libjava.so
7f65ef375000-7f65ef387000 r-xp 0000e000 08:04 6238197                    /home/miaro/.vscode/extensions/redhat.java-1.27.0-linux-x64/jre/17.0.10-linux-x86_64/lib/libjava.so
7f65ef387000-7f65ef38d000 r--p 00020000 08:04 6238197                    /home/miaro/.vscode/extensions/redhat.java-1.27.0-linux-x64/jre/17.0.10-linux-x86_64/lib/libjava.so
7f65ef38d000-7f65ef38e000 ---p 00026000 08:04 6238197                    /home/miaro/.vscode/extensions/redhat.java-1.27.0-linux-x64/jre/17.0.10-linux-x86_64/lib/libjava.so
7f65ef38e000-7f65ef38f000 r--p 00026000 08:04 6238197                    /home/miaro/.vscode/extensions/redhat.java-1.27.0-linux-x64/jre/17.0.10-linux-x86_64/lib/libjava.so
7f65ef38f000-7f65ef390000 rw-p 00027000 08:04 6238197                    /home/miaro/.vscode/extensions/redhat.java-1.27.0-linux-x64/jre/17.0.10-linux-x86_64/lib/libjava.so
7f65ef390000-7f65ef391000 rw-p 00000000 00:00 0 
7f65ef391000-7f65ef395000 r--p 00000000 08:04 6238201                    /home/miaro/.vscode/extensions/redhat.java-1.27.0-linux-x64/jre/17.0.10-linux-x86_64/lib/libjimage.so
7f65ef395000-7f65ef3a8000 r-xp 00004000 08:04 6238201                    /home/miaro/.vscode/extensions/redhat.java-1.27.0-linux-x64/jre/17.0.10-linux-x86_64/lib/libjimage.so
7f65ef3a8000-7f65ef3ae000 r--p 00017000 08:04 6238201                    /home/miaro/.vscode/extensions/redhat.java-1.27.0-linux-x64/jre/17.0.10-linux-x86_64/lib/libjimage.so
7f65ef3ae000-7f65ef3b0000 r--p 0001c000 08:04 6238201                    /home/miaro/.vscode/extensions/redhat.java-1.27.0-linux-x64/jre/17.0.10-linux-x86_64/lib/libjimage.so
7f65ef3b0000-7f65ef3b1000 rw-p 0001e000 08:04 6238201                    /home/miaro/.vscode/extensions/redhat.java-1.27.0-linux-x64/jre/17.0.10-linux-x86_64/lib/libjimage.so
7f65ef3b1000-7f65ef3c1000 r--p 00000000 08:04 531118                     /usr/lib/x86_64-linux-gnu/libm.so.6
7f65ef3c1000-7f65ef434000 r-xp 00010000 08:04 531118                     /usr/lib/x86_64-linux-gnu/libm.so.6
7f65ef434000-7f65ef48e000 r--p 00083000 08:04 531118                     /usr/lib/x86_64-linux-gnu/libm.so.6
7f65ef48e000-7f65ef48f000 r--p 000dc000 08:04 531118                     /usr/lib/x86_64-linux-gnu/libm.so.6
7f65ef48f000-7f65ef490000 rw-p 000dd000 08:04 531118                     /usr/lib/x86_64-linux-gnu/libm.so.6
7f65ef490000-7f65ef491000 r--p 00000000 08:04 531168                     /usr/lib/x86_64-linux-gnu/librt.so.1
7f65ef491000-7f65ef492000 r-xp 00001000 08:04 531168                     /usr/lib/x86_64-linux-gnu/librt.so.1
7f65ef492000-7f65ef493000 r--p 00002000 08:04 531168                     /usr/lib/x86_64-linux-gnu/librt.so.1
7f65ef493000-7f65ef494000 r--p 00002000 08:04 531168                     /usr/lib/x86_64-linux-gnu/librt.so.1
7f65ef494000-7f65ef495000 rw-p 00003000 08:04 531168                     /usr/lib/x86_64-linux-gnu/librt.so.1
7f65ef495000-7f65ef497000 rw-p 00000000 00:00 0 
7f65ef497000-7f65ef4bd000 r--p 00000000 08:04 531106                     /usr/lib/x86_64-linux-gnu/libc.so.6
7f65ef4bd000-7f65ef612000 r-xp 00026000 08:04 531106                     /usr/lib/x86_64-linux-gnu/libc.so.6
7f65ef612000-7f65ef666000 r--p 0017b000 08:04 531106                     /usr/lib/x86_64-linux-gnu/libc.so.6
7f65ef666000-7f65ef66a000 r--p 001cf000 08:04 531106                     /usr/lib/x86_64-linux-gnu/libc.so.6
7f65ef66a000-7f65ef66c000 rw-p 001d3000 08:04 531106                     /usr/lib/x86_64-linux-gnu/libc.so.6
7f65ef66c000-7f65ef679000 rw-p 00000000 00:00 0 
7f65ef679000-7f65ef67a000 r--p 00000000 08:04 531114                     /usr/lib/x86_64-linux-gnu/libdl.so.2
7f65ef67a000-7f65ef67b000 r-xp 00001000 08:04 531114                     /usr/lib/x86_64-linux-gnu/libdl.so.2
7f65ef67b000-7f65ef67c000 r--p 00002000 08:04 531114                     /usr/lib/x86_64-linux-gnu/libdl.so.2
7f65ef67c000-7f65ef67d000 r--p 00002000 08:04 531114                     /usr/lib/x86_64-linux-gnu/libdl.so.2
7f65ef67d000-7f65ef67e000 rw-p 00003000 08:04 531114                     /usr/lib/x86_64-linux-gnu/libdl.so.2
7f65ef67e000-7f65ef67f000 r--p 00000000 08:04 531160                     /usr/lib/x86_64-linux-gnu/libpthread.so.0
7f65ef67f000-7f65ef680000 r-xp 00001000 08:04 531160                     /usr/lib/x86_64-linux-gnu/libpthread.so.0
7f65ef680000-7f65ef681000 r--p 00002000 08:04 531160                     /usr/lib/x86_64-linux-gnu/libpthread.so.0
7f65ef681000-7f65ef682000 r--p 00002000 08:04 531160                     /usr/lib/x86_64-linux-gnu/libpthread.so.0
7f65ef682000-7f65ef683000 rw-p 00003000 08:04 531160                     /usr/lib/x86_64-linux-gnu/libpthread.so.0
7f65ef689000-7f65ef68e000 rw-p 00000000 00:00 0 
7f65ef68e000-7f65ef695000 ---p 00000000 00:00 0 
7f65ef695000-7f65ef69d000 rw-s 00000000 08:04 6631716                    /tmp/hsperfdata_miaro/18737
7f65ef69d000-7f65ef69e000 ---p 00000000 00:00 0 
7f65ef69e000-7f65ef69f000 r--p 00000000 00:00 0 
7f65ef69f000-7f65ef6a0000 ---p 00000000 00:00 0 
7f65ef6a0000-7f65ef6a3000 r--p 00000000 08:04 6238202                    /home/miaro/.vscode/extensions/redhat.java-1.27.0-linux-x64/jre/17.0.10-linux-x86_64/lib/libjli.so
7f65ef6a3000-7f65ef6b3000 r-xp 00003000 08:04 6238202                    /home/miaro/.vscode/extensions/redhat.java-1.27.0-linux-x64/jre/17.0.10-linux-x86_64/lib/libjli.so
7f65ef6b3000-7f65ef6ba000 r--p 00013000 08:04 6238202                    /home/miaro/.vscode/extensions/redhat.java-1.27.0-linux-x64/jre/17.0.10-linux-x86_64/lib/libjli.so
7f65ef6ba000-7f65ef6bb000 r--p 00019000 08:04 6238202                    /home/miaro/.vscode/extensions/redhat.java-1.27.0-linux-x64/jre/17.0.10-linux-x86_64/lib/libjli.so
7f65ef6bb000-7f65ef6bc000 rw-p 0001a000 08:04 6238202                    /home/miaro/.vscode/extensions/redhat.java-1.27.0-linux-x64/jre/17.0.10-linux-x86_64/lib/libjli.so
7f65ef6bc000-7f65ef6be000 rw-p 00000000 00:00 0 
7f65ef6be000-7f65ef6bf000 r--p 00000000 08:04 531094                     /usr/lib/x86_64-linux-gnu/ld-linux-x86-64.so.2
7f65ef6bf000-7f65ef6e4000 r-xp 00001000 08:04 531094                     /usr/lib/x86_64-linux-gnu/ld-linux-x86-64.so.2
7f65ef6e4000-7f65ef6ee000 r--p 00026000 08:04 531094                     /usr/lib/x86_64-linux-gnu/ld-linux-x86-64.so.2
7f65ef6ee000-7f65ef6f0000 r--p 00030000 08:04 531094                     /usr/lib/x86_64-linux-gnu/ld-linux-x86-64.so.2
7f65ef6f0000-7f65ef6f2000 rw-p 00032000 08:04 531094                     /usr/lib/x86_64-linux-gnu/ld-linux-x86-64.so.2
7ffea21dc000-7ffea21fe000 rw-p 00000000 00:00 0                          [stack]
7ffea2257000-7ffea225b000 r--p 00000000 00:00 0                          [vvar]
7ffea225b000-7ffea225d000 r-xp 00000000 00:00 0                          [vdso]


VM Arguments:
jvm_args: -Denv.class.path=/home/miaro/Documents/lib_jar/postgresql-42.5.0.jar:/home/miaro/Programs(Installed)/Komodo-Edit-12/bin -Dapplication.home=/home/miaro/.vscode/extensions/redhat.java-1.27.0-linux-x64/jre/17.0.10-linux-x86_64 -Xms8m -Djdk.module.main=jdk.jcmd -Dawt.useSystemAAFontSettings=on -Dswing.aatext=true 
java_command: jdk.jcmd/sun.tools.jcmd.JCmd 13442 VM.uptime
java_class_path (initial): <not set>
Launcher Type: SUN_STANDARD

[Global flags]
     intx CICompilerCount                          = 4                                         {product} {ergonomic}
     uint ConcGCThreads                            = 2                                         {product} {ergonomic}
     uint G1ConcRefinementThreads                  = 8                                         {product} {ergonomic}
   size_t G1HeapRegionSize                         = 2097152                                   {product} {ergonomic}
    uintx GCDrainStackTargetSize                   = 64                                        {product} {ergonomic}
   size_t InitialHeapSize                          = 8388608                                   {product} {command line}
   size_t MarkStackSize                            = 4194304                                   {product} {ergonomic}
   size_t MaxHeapSize                              = 4162846720                                {product} {ergonomic}
   size_t MaxNewSize                               = 2497708032                                {product} {ergonomic}
   size_t MinHeapDeltaBytes                        = 2097152                                   {product} {ergonomic}
   size_t MinHeapSize                              = 8388608                                   {product} {command line}
    uintx NonNMethodCodeHeapSize                   = 5839372                                {pd product} {ergonomic}
    uintx NonProfiledCodeHeapSize                  = 122909434                              {pd product} {ergonomic}
    uintx ProfiledCodeHeapSize                     = 122909434                              {pd product} {ergonomic}
    uintx ReservedCodeCacheSize                    = 251658240                              {pd product} {ergonomic}
     bool SegmentedCodeCache                       = true                                      {product} {ergonomic}
   size_t SoftMaxHeapSize                          = 4162846720                             {manageable} {ergonomic}
     bool UseCompressedClassPointers               = true                           {product lp64_product} {ergonomic}
     bool UseCompressedOops                        = true                           {product lp64_product} {ergonomic}
     bool UseG1GC                                  = true                                      {product} {ergonomic}

Logging:
Log output configuration:
 #0: stdout all=warning uptime,level,tags
 #1: stderr all=off uptime,level,tags

Environment Variables:
_JAVA_OPTIONS=-Dawt.useSystemAAFontSettings=on -Dswing.aatext=true
CLASSPATH=/home/miaro/Documents/lib_jar/postgresql-42.5.0.jar:/home/miaro/Programs(Installed)/Komodo-Edit-12/bin
PATH=/home/miaro/.cache/activestate/bin:/home/miaro/.komodoide/12.0/XRE/state/bin:/home/miaro/.sdkman/candidates/springboot/current/bin:/usr/local/sbin:/usr/sbin:/sbin:/usr/local/bin:/usr/bin:/bin:/usr/local/games:/usr/games:/snap/bin:/home/miaro/.dotnet/tools
SHELL=/usr/bin/zsh
DISPLAY=:1
LANG=en_US.UTF-8
TERM=xterm-256color

Active Locale:
LC_ALL=en_US.UTF-8
LC_COLLATE=en_US.UTF-8
LC_CTYPE=en_US.UTF-8
LC_MESSAGES=en_US.UTF-8
LC_MONETARY=en_US.UTF-8
LC_NUMERIC=en_US.UTF-8
LC_TIME=en_US.UTF-8

Signal Handlers:
   SIGSEGV: crash_handler in libjvm.so, mask=11100100010111111101111111111110, flags=SA_RESTART|SA_SIGINFO, unblocked
    SIGBUS: crash_handler in libjvm.so, mask=11100100010111111101111111111110, flags=SA_RESTART|SA_SIGINFO, unblocked
    SIGFPE: crash_handler in libjvm.so, mask=11100100010111111101111111111110, flags=SA_RESTART|SA_SIGINFO, unblocked
   SIGPIPE: javaSignalHandler in libjvm.so, mask=11100100010111111101111111111110, flags=SA_RESTART|SA_SIGINFO, blocked
   SIGXFSZ: javaSignalHandler in libjvm.so, mask=11100100010111111101111111111110, flags=SA_RESTART|SA_SIGINFO, blocked
    SIGILL: crash_handler in libjvm.so, mask=11100100010111111101111111111110, flags=SA_RESTART|SA_SIGINFO, unblocked
   SIGUSR2: SR_handler in libjvm.so, mask=00000000000000000000000000000000, flags=SA_RESTART|SA_SIGINFO, blocked
    SIGHUP: UserHandler in libjvm.so, mask=11100100010111111101111111111110, flags=SA_RESTART|SA_SIGINFO, blocked
    SIGINT: UserHandler in libjvm.so, mask=11100100010111111101111111111110, flags=SA_RESTART|SA_SIGINFO, blocked
   SIGTERM: UserHandler in libjvm.so, mask=11100100010111111101111111111110, flags=SA_RESTART|SA_SIGINFO, blocked
   SIGQUIT: UserHandler in libjvm.so, mask=11100100010111111101111111111110, flags=SA_RESTART|SA_SIGINFO, blocked
   SIGTRAP: crash_handler in libjvm.so, mask=11100100010111111101111111111110, flags=SA_RESTART|SA_SIGINFO, unblocked


Periodic native trim disabled


---------------  S Y S T E M  ---------------

OS:
PRETTY_NAME="Kali GNU/Linux Rolling"
NAME="Kali GNU/Linux"
VERSION_ID="2023.3"
VERSION="2023.3"
VERSION_CODENAME=kali-rolling
ID=kali
ID_LIKE=debian
HOME_URL="https://www.kali.org/"
SUPPORT_URL="https://forums.kali.org/"
BUG_REPORT_URL="https://bugs.kali.org/"
ANSI_COLOR="1;31"
uname: Linux 6.5.0-kali3-amd64 #1 SMP PREEMPT_DYNAMIC Debian 6.5.6-1kali1 (2023-10-09) x86_64
OS uptime: 0 days 3:22 hours
libc: glibc 2.37 NPTL 2.37 
rlimit (soft/hard): STACK 8192k/infinity , CORE 0k/infinity , NPROC 63171/63171 , NOFILE 1048576/1048576 , AS infinity/infinity , CPU infinity/infinity , DATA infinity/infinity , FSIZE infinity/infinity , MEMLOCK 2031888k/2031888k
load average: 0.67 0.95 1.20

/proc/meminfo:
MemTotal:       16255112 kB
MemFree:         1348192 kB
MemAvailable:    5383288 kB
Buffers:          251320 kB
Cached:          5847380 kB
SwapCached:            0 kB
Active:          9660028 kB
Inactive:        3463628 kB
Active(anon):    7859640 kB
Inactive(anon):  1085724 kB
Active(file):    1800388 kB
Inactive(file):  2377904 kB
Unevictable:     1083428 kB
Mlocked:              64 kB
SwapTotal:       6836220 kB
SwapFree:        6836220 kB
Zswap:                 0 kB
Zswapped:              0 kB
Dirty:              1996 kB
Writeback:             0 kB
AnonPages:       7947128 kB
Mapped:          1387276 kB
Shmem:           1920520 kB
KReclaimable:     198304 kB
Slab:             376060 kB
SReclaimable:     198304 kB
SUnreclaim:       177756 kB
KernelStack:       33152 kB
PageTables:        85104 kB
SecPageTables:         0 kB
NFS_Unstable:          0 kB
Bounce:                0 kB
WritebackTmp:          0 kB
CommitLimit:    14963776 kB
Committed_AS:   23905960 kB
VmallocTotal:   34359738367 kB
VmallocUsed:       93408 kB
VmallocChunk:          0 kB
Percpu:             7360 kB
HardwareCorrupted:     0 kB
AnonHugePages:   3719168 kB
ShmemHugePages:  1316864 kB
ShmemPmdMapped:        0 kB
FileHugePages:         0 kB
FilePmdMapped:         0 kB
Unaccepted:            0 kB
HugePages_Total:       0
HugePages_Free:        0
HugePages_Rsvd:        0
HugePages_Surp:        0
Hugepagesize:       2048 kB
Hugetlb:               0 kB
DirectMap4k:      203412 kB
DirectMap2M:     5969920 kB
DirectMap1G:    10485760 kB

/sys/kernel/mm/transparent_hugepage/enabled: [always] madvise never
/sys/kernel/mm/transparent_hugepage/defrag (defrag/compaction efforts parameter): always defer defer+madvise [madvise] never

Process Memory:
Virtual Size: 7036604K (peak: 7098116K)
Resident Set Size: 51912K (peak: 51912K) (anon: 27464K, file: 24448K, shmem: 0K)
Swapped out: 0K
C-Heap outstanding allocations: 28993K, retained: 2750K
glibc malloc tunables: (default)

/proc/sys/kernel/threads-max (system-wide limit on the number of threads): 126342
/proc/sys/vm/max_map_count (maximum number of memory map areas a process may have): 65530
/proc/sys/kernel/pid_max (system-wide limit on number of process identifiers): 4194304

container (cgroup) information:
container_type: cgroupv2
cpu_cpuset_cpus: not supported
cpu_memory_nodes: not supported
active_processor_count: 8
cpu_quota: not supported
cpu_period: not supported
cpu_shares: not supported
memory_limit_in_bytes: unlimited
memory_and_swap_limit_in_bytes: unlimited
memory_soft_limit_in_bytes: unlimited
memory_usage_in_bytes: 3990548 k
memory_max_usage_in_bytes: not supported
memory_swap_current_in_bytes: unlimited
memory_swap_max_limit_in_bytes: unlimited
maximum number of tasks: 18951
current number of tasks: 581

Steal ticks since vm start: 0
Steal ticks percentage since vm start:  0.000

CPU: total 8 (initial active 8) (4 cores per cpu, 2 threads per core) family 6 model 158 stepping 9 microcode 0xf4, cx8, cmov, fxsr, ht, mmx, 3dnowpref, sse, sse2, sse3, ssse3, sse4.1, sse4.2, popcnt, lzcnt, tsc, tscinvbit, avx, avx2, aes, erms, clmul, bmi1, bmi2, adx, fma, vzeroupper, clflush, clflushopt
CPU Model and flags from /proc/cpuinfo:
model name	: Intel(R) Core(TM) i7-7700HQ CPU @ 2.80GHz
flags		: fpu vme de pse tsc msr pae mce cx8 apic sep mtrr pge mca cmov pat pse36 clflush dts acpi mmx fxsr sse sse2 ss ht tm pbe syscall nx pdpe1gb rdtscp lm constant_tsc art arch_perfmon pebs bts rep_good nopl xtopology nonstop_tsc cpuid aperfmperf pni pclmulqdq dtes64 monitor ds_cpl vmx est tm2 ssse3 sdbg fma cx16 xtpr pdcm pcid sse4_1 sse4_2 x2apic movbe popcnt tsc_deadline_timer aes xsave avx f16c rdrand lahf_lm abm 3dnowprefetch cpuid_fault epb invpcid_single pti ssbd ibrs ibpb stibp tpr_shadow flexpriority ept vpid ept_ad fsgsbase tsc_adjust bmi1 avx2 smep bmi2 erms invpcid mpx rdseed adx smap clflushopt intel_pt xsaveopt xsavec xgetbv1 xsaves dtherm ida arat pln pts hwp hwp_notify hwp_act_window hwp_epp vnmi md_clear flush_l1d arch_capabilities

Online cpus: 0-7
Offline cpus: 
BIOS frequency limitation: <Not Available>
Frequency switch latency (ns): 0
Available cpu frequencies: <Not Available>
Current governor: powersave
Core performance/turbo boost: <Not Available>

Memory: 4k page, physical 16255112k(1348684k free), swap 6836220k(6836220k free)
Page Sizes: 4k

vm_info: OpenJDK 64-Bit Server VM (17.0.10+7) for linux-amd64 JRE (17.0.10+7), built on Jan 16 2024 00:00:00 by "admin" with gcc 10.3.0

END.
