#
# A fatal error has been detected by the Java Runtime Environment:
#
#  Internal Error (c1_LinearScan.cpp:138), pid=22820, tid=22835
#  Error: ShouldNotReachHere()
#
# JRE version: OpenJDK Runtime Environment (17.0.9+9) (build 17.0.9+9-Debian-2)
# Java VM: OpenJDK 64-Bit Server VM (17.0.9+9-Debian-2, mixed mode, sharing, tiered, compressed oops, compressed class ptrs, g1 gc, linux-amd64)
# Problematic frame:
# V  [libjvm.so+0x4d7641]  LinearScan::reg_num(LIR_OprDesc*)+0xc1
#
# Core dump will be written. Default location: Core dumps may be processed with "/lib/systemd/systemd-coredump %P %u %g %s %t 9223372036854775808 %h" (or dumping to /home/miaro/Fianarana/ITU/S5/Mr_Rojo/autotrader/core.22820)
#
# If you would like to submit a bug report, please visit:
#   https://bugs.debian.org/openjdk-17
#

---------------  S U M M A R Y ------------

Command Line: -Dnet.bytebuddy.agent.attacher.dump= -Dawt.useSystemAAFontSettings=on -Dswing.aatext=true net.bytebuddy.agent.Attacher com.sun.tools.attach.VirtualMachine 22720 /home/miaro/.m2/repository/net/bytebuddy/byte-buddy-agent/1.14.11/byte-buddy-agent-1.14.11.jar false 

Host: Intel(R) Core(TM) i7-7700HQ CPU @ 2.80GHz, 8 cores, 15G, Kali GNU/Linux Rolling
Time: Fri Feb  2 21:38:01 2024 +0530 elapsed time: 0.037081 seconds (0d 0h 0m 0s)

---------------  T H R E A D  ---------------

Current thread (0x00007f8424184e80):  JavaThread "C1 CompilerThread0" daemon [_thread_in_native, id=22835, stack(0x00007f84056f0000,0x00007f84057f0000)]


Current CompileTask:
C1:     37    2       3       java.lang.String::hashCode (60 bytes)

Stack: [0x00007f84056f0000,0x00007f84057f0000],  sp=0x00007f84057ede10,  free space=1015k
Native frames: (J=compiled Java code, j=interpreted, Vv=VM code, C=native code)
V  [libjvm.so+0x4d7641]  LinearScan::reg_num(LIR_OprDesc*)+0xc1
V  [libjvm.so+0x4df088]  LinearScan::add_temp(LIR_OprDesc*, int, IntervalUseKind)+0x58
V  [libjvm.so+0x4e0e3c]  LinearScan::build_intervals()+0x159c
V  [libjvm.so+0x4e8888]  LinearScan::do_linear_scan()+0x48
V  [libjvm.so+0x467046]  Compilation::emit_lir()+0x596
V  [libjvm.so+0x468126]  Compilation::compile_java_method()+0x236
V  [libjvm.so+0x4683e2]  Compilation::compile_method()+0x112
V  [libjvm.so+0x4687ae]  Compilation::Compilation(AbstractCompiler*, ciEnv*, ciMethod*, int, BufferBlob*, bool, DirectiveSet*)+0x20e
V  [libjvm.so+0x46933a]  Compiler::compile_method(ciEnv*, ciMethod*, int, bool, DirectiveSet*)+0xba
V  [libjvm.so+0x5e4c46]  CompileBroker::invoke_compiler_on_method(CompileTask*)+0xd96
V  [libjvm.so+0x5e59f0]  CompileBroker::compiler_thread_loop()+0x6a0
V  [libjvm.so+0xeb411d]  JavaThread::thread_main_inner()+0xdd
V  [libjvm.so+0xeb7dcf]  Thread::call_run()+0xbf
V  [libjvm.so+0xc3d269]  thread_native_entry(Thread*)+0xe9

Registers:
RAX=0x00007f842d533000, RBX=0x00000000000000d8, RCX=0x0000000000000000, RDX=0x0000000000000080
RSP=0x00007f84057ede10, RBP=0x00007f84057ede10, RSI=0x000000000000008a, RDI=0x00007f842cdf3f88
R8 =0x0000000000000011, R9 =0x00000000000000dc, R10=0x0000000000000001, R11=0x00007f838c028e30
R12=0x00007f838c026fc0, R13=0x00000000000000d4, R14=0x00007f84057edff0, R15=0x0000000000000000
RIP=0x00007f842c2d7641, EFLAGS=0x0000000000010293, CSGSFS=0x002b000000000033, ERR=0x0000000000000006
  TRAPNO=0x000000000000000e


Register to memory mapping:

RAX=0x00007f842d533000 points into unknown readable memory: 0x0000000000000058 | 58 00 00 00 00 00 00 00
RBX=0x00000000000000d8 is an unknown value
RCX=0x0 is NULL
RDX=0x0000000000000080 is an unknown value
RSP=0x00007f84057ede10 is pointing into the stack for thread: 0x00007f8424184e80
RBP=0x00007f84057ede10 is pointing into the stack for thread: 0x00007f8424184e80
RSI=0x000000000000008a is an unknown value
RDI=0x00007f842cdf3f88: <offset 0x0000000000ff3f88> in /usr/lib/jvm/java-17-openjdk-amd64/lib/server/libjvm.so at 0x00007f842be00000
R8 =0x0000000000000011 is an unknown value
R9 =0x00000000000000dc is an unknown value
R10=0x0000000000000001 is an unknown value
R11=0x00007f838c028e30 points into unknown readable memory: 0x0000000000000000 | 00 00 00 00 00 00 00 00
R12=0x00007f838c026fc0 points into unknown readable memory: 0x00007f84057ee630 | 30 e6 7e 05 84 7f 00 00
R13=0x00000000000000d4 is an unknown value
R14=0x00007f84057edff0 is pointing into the stack for thread: 0x00007f8424184e80
R15=0x0 is NULL


Top of Stack: (sp=0x00007f84057ede10)
0x00007f84057ede10:   00007f84057ede60 00007f842c2df088
0x00007f84057ede20:   0000000000000003 000000cc0000000b
0x00007f84057ede30:   00007f84057ede60 00007f84057edff0
0x00007f84057ede40:   00007f838c0265f0 00007f838c026fc0
0x00007f84057ede50:   00007f84057edff0 00007f838c026620
0x00007f84057ede60:   00007f84057ee250 00007f842c2e0e3c
0x00007f84057ede70:   00007f842c262bb0 00007f838c01a4f0
0x00007f84057ede80:   fffffffffffffff8 00007f842cdc1ec8
0x00007f84057ede90:   00007f84057eded0 0000000000000000
0x00007f84057edea0:   0000000000000070 00007f838c0263a0
0x00007f84057edeb0:   00007f84057ee210 00007f84057edf00
0x00007f84057edec0:   00007f84057edf2c 0000000000000020
0x00007f84057eded0:   00007f84057edfe0 00007f838c047400
0x00007f84057edee0:   00007f84000000de 00007f83000000d4
0x00007f84057edef0:   00007f838c026fc0 00000000000000cc
0x00007f84057edf00:   0000000100000000 0000000300000002
0x00007f84057edf10:   0000000500000004 0000000700000006
0x00007f84057edf20:   0000000900000008 000000000000000a
0x00007f84057edf30:   000000028c0491e0 0000000000000280
0x00007f84057edf40:   0000000000000018 00007f838c047200
0x00007f84057edf50:   00007f838c025f70 0000000000000018
0x00007f84057edf60:   0000000000000090 00007f838c026fc0
0x00007f84057edf70:   00007f84057edfe8 00007f84057edfe0
0x00007f84057edf80:   00007f84057edfe0 00007f842d12b900
0x00007f84057edf90:   00007f838c028de0 0000000000000280
0x00007f84057edfa0:   00007f838c028e30 0000000000000280
0x00007f84057edfb0:   00007f838c028ed0 0000000000000280
0x00007f84057edfc0:   0000000000000000 0000000000000000
0x00007f84057edfd0:   0000000000000000 00007f838c002b40
0x00007f84057edfe0:   00007f838c026620 0000000000000002
0x00007f84057edff0:   00007f8400000001 00007f838c0265f8
0x00007f84057ee000:   00007f838c026600 00007f838c026600 

Instructions: (pc=0x00007f842c2d7641)
0x00007f842c2d7541:   48 c7 83 d0 00 00 00 00 00 00 00 0f 11 83 d8 00
0x00007f842c2d7551:   00 00 e8 a8 ee 2e 00 48 c7 83 e8 00 00 00 00 00
0x00007f842c2d7561:   00 00 48 89 83 f0 00 00 00 48 c7 83 f8 00 00 00
0x00007f842c2d7571:   00 00 00 00 48 8b 5d f8 c9 c3 90 0f 1f 40 00 f3
0x00007f842c2d7581:   0f 1e fa f7 c7 00 10 00 00 75 54 48 89 f8 25 87
0x00007f842c2d7591:   01 00 00 48 83 f8 03 74 46 48 3d 83 00 00 00 74
0x00007f842c2d75a1:   5e 48 89 fa 81 e2 87 21 00 00 48 81 fa 05 20 00
0x00007f842c2d75b1:   00 74 3c 48 81 fa 85 20 00 00 74 53 48 83 f8 05
0x00007f842c2d75c1:   74 5d 48 3d 85 00 00 00 75 5c c1 ef 0e 81 e7 ff
0x00007f842c2d75d1:   01 00 00 8d 47 10 c3 0f 1f 84 00 00 00 00 00 89
0x00007f842c2d75e1:   f8 c1 e8 0e c3 66 2e 0f 1f 84 00 00 00 00 00 c1
0x00007f842c2d75f1:   ef 0e 8d 47 18 c3 66 0f 1f 84 00 00 00 00 00 c1
0x00007f842c2d7601:   ef 0e 89 f8 25 ff 01 00 00 c3 0f 1f 44 00 00 c1
0x00007f842c2d7611:   ef 0e 81 e7 ff 01 00 00 8d 47 18 c3 0f 1f 00 c1
0x00007f842c2d7621:   ef 0e 8d 47 10 c3 48 8d 05 1a ed e1 00 55 be 8a
0x00007f842c2d7631:   00 00 00 48 8d 3d 4d c9 b1 00 48 8b 00 48 89 e5
0x00007f842c2d7641:   c6 00 58 e8 e7 9a 13 00 e8 c2 06 76 00 83 c8 ff
0x00007f842c2d7651:   5d c3 90 66 66 2e 0f 1f 84 00 00 00 00 00 90 f3
0x00007f842c2d7661:   0f 1e fa f7 c7 00 10 00 00 75 7c 48 89 f8 25 87
0x00007f842c2d7671:   01 00 00 48 83 f8 03 74 6e 48 3d 83 00 00 00 74
0x00007f842c2d7681:   2e 48 89 fa 81 e2 07 21 00 00 48 81 fa 05 20 00
0x00007f842c2d7691:   00 74 54 48 83 f8 05 74 4e 48 3d 85 00 00 00 75
0x00007f842c2d76a1:   14 c1 ef 17 8d 47 10 c3 0f 1f 80 00 00 00 00 89
0x00007f842c2d76b1:   f8 c1 e8 17 c3 48 8d 05 8b ec e1 00 55 be a3 00
0x00007f842c2d76c1:   00 00 48 8d 3d be c8 b1 00 48 8b 00 48 89 e5 c6
0x00007f842c2d76d1:   00 58 e8 58 9a 13 00 e8 33 06 76 00 b8 ff ff ff
0x00007f842c2d76e1:   ff 5d c3 0f 1f 40 00 b8 ff ff ff ff c3 66 90 f3
0x00007f842c2d76f1:   0f 1e fa 83 3f 37 0f 9e c0 c3 90 0f 1f 40 00 f3
0x00007f842c2d7701:   0f 1e fa 81 3f 40 02 00 00 0f 9f c0 c3 66 90 f3
0x00007f842c2d7711:   0f 1e fa 83 3f 0f 0f 9e c0 c3 90 0f 1f 40 00 f3
0x00007f842c2d7721:   0f 1e fa 8b 07 83 e8 10 83 f8 27 0f 96 c0 c3 f3
0x00007f842c2d7731:   0f 1e fa 31 c0 83 3f 37 7e 0c 8b 47 3c 83 e8 10 


Stack slot to memory mapping:
stack at sp + 0 slots: 0x00007f84057ede60 is pointing into the stack for thread: 0x00007f8424184e80
stack at sp + 1 slots: 0x00007f842c2df088: <offset 0x00000000004df088> in /usr/lib/jvm/java-17-openjdk-amd64/lib/server/libjvm.so at 0x00007f842be00000
stack at sp + 2 slots: 0x0000000000000003 is an unknown value
stack at sp + 3 slots: 0x000000cc0000000b is an unknown value
stack at sp + 4 slots: 0x00007f84057ede60 is pointing into the stack for thread: 0x00007f8424184e80
stack at sp + 5 slots: 0x00007f84057edff0 is pointing into the stack for thread: 0x00007f8424184e80
stack at sp + 6 slots: 0x00007f838c0265f0 points into unknown readable memory: 0x00007f842d03c258 | 58 c2 03 2d 84 7f 00 00
stack at sp + 7 slots: 0x00007f838c026fc0 points into unknown readable memory: 0x00007f84057ee630 | 30 e6 7e 05 84 7f 00 00


---------------  P R O C E S S  ---------------

Threads class SMR info:
_java_thread_list=0x00007f842419a390, length=11, elements={
0x00007f8424013db0, 0x00007f8424178e20, 0x00007f842417a210, 0x00007f842417f7a0,
0x00007f8424180b60, 0x00007f8424181f80, 0x00007f8424183940, 0x00007f8424184e80,
0x00007f842418e2f0, 0x00007f84241959f0, 0x00007f8424199460
}

Java Threads: ( => current thread )
  0x00007f8424013db0 JavaThread "main" [_thread_blocked, id=22822, stack(0x00007f842bd00000,0x00007f842be00000)]
  0x00007f8424178e20 JavaThread "Reference Handler" daemon [_thread_blocked, id=22829, stack(0x00007f84287e3000,0x00007f84288e3000)]
  0x00007f842417a210 JavaThread "Finalizer" daemon [_thread_blocked, id=22830, stack(0x00007f84286e3000,0x00007f84287e3000)]
  0x00007f842417f7a0 JavaThread "Signal Dispatcher" daemon [_thread_blocked, id=22831, stack(0x00007f84285e3000,0x00007f84286e3000)]
  0x00007f8424180b60 JavaThread "Service Thread" daemon [_thread_blocked, id=22832, stack(0x00007f8428100000,0x00007f8428200000)]
  0x00007f8424181f80 JavaThread "Monitor Deflation Thread" daemon [_thread_blocked, id=22833, stack(0x00007f8428000000,0x00007f8428100000)]
  0x00007f8424183940 JavaThread "C2 CompilerThread0" daemon [_thread_blocked, id=22834, stack(0x00007f8423f00000,0x00007f8424000000)]
=>0x00007f8424184e80 JavaThread "C1 CompilerThread0" daemon [_thread_in_native, id=22835, stack(0x00007f84056f0000,0x00007f84057f0000)]
  0x00007f842418e2f0 JavaThread "Sweeper thread" daemon [_thread_blocked, id=22836, stack(0x00007f84055f0000,0x00007f84056f0000)]
  0x00007f84241959f0 JavaThread "Notification Thread" daemon [_thread_blocked, id=22837, stack(0x00007f84054f0000,0x00007f84055f0000)]
  0x00007f8424199460 JavaThread "Common-Cleaner" daemon [_thread_blocked, id=22839, stack(0x00007f8404f10000,0x00007f8405010000)]

Other Threads:
  0x00007f8424174e90 VMThread "VM Thread" [stack: 0x00007f84288e4000,0x00007f84289e4000] [id=22828]
  0x00007f8424197340 WatcherThread [stack: 0x00007f84053f0000,0x00007f84054f0000] [id=22838]
  0x00007f842407f0d0 GCTaskThread "GC Thread#0" [stack: 0x00007f84297df000,0x00007f84298df000] [id=22823]
  0x00007f842408fef0 ConcurrentGCThread "G1 Main Marker" [stack: 0x00007f84296de000,0x00007f84297de000] [id=22824]
  0x00007f8424090e60 ConcurrentGCThread "G1 Conc#0" [stack: 0x00007f84295dd000,0x00007f84296dd000] [id=22825]
  0x00007f8424145aa0 ConcurrentGCThread "G1 Refine#0" [stack: 0x00007f8428cd4000,0x00007f8428dd4000] [id=22826]
  0x00007f84241469a0 ConcurrentGCThread "G1 Service" [stack: 0x00007f8428bd3000,0x00007f8428cd3000] [id=22827]

Threads with active compile tasks:
C1 CompilerThread0       58    2       3       java.lang.String::hashCode (60 bytes)

VM state: not at safepoint (normal execution)

VM Mutex/Monitor currently owned by a thread:  ([mutex/lock_event])
[0x00007f84240103b0] SystemDictionary_lock - owner thread: 0x00007f8424013db0
[0x00007f8424011e20] Compile_lock - owner thread: 0x00007f8424013db0

Heap address: 0x0000000707e00000, size: 3970 MB, Compressed Oops mode: Zero based, Oop shift amount: 3

CDS archive(s) mapped at: [0x00007f83a7000000-0x00007f83a7bc6000-0x00007f83a7bc6000), size 12345344, SharedBaseAddress: 0x00007f83a7000000, ArchiveRelocationMode: 1.
Compressed class space mapped at: 0x00007f83a8000000-0x00007f83e8000000, reserved size: 1073741824
Narrow klass base: 0x00007f83a7000000, Narrow klass shift: 0, Narrow klass range: 0x100000000

GC Precious Log:
 CPUs: 8 total, 8 available
 Memory: 15874M
 Large Page Support: Disabled
 NUMA Support: Disabled
 Compressed Oops: Enabled (Zero based)
 Heap Region Size: 2M
 Heap Min Capacity: 8M
 Heap Initial Capacity: 250M
 Heap Max Capacity: 3970M
 Pre-touch: Disabled
 Parallel Workers: 8
 Concurrent Workers: 2
 Concurrent Refinement Workers: 8
 Periodic GC: Disabled

Heap:
 garbage-first heap   total 260096K, used 1968K [0x0000000707e00000, 0x0000000800000000)
  region size 2048K, 1 young (2048K), 0 survivors (0K)
 Metaspace       used 163K, committed 384K, reserved 1114112K
  class space    used 13K, committed 128K, reserved 1048576K

Heap Regions: E=young(eden), S=young(survivor), O=old, HS=humongous(starts), HC=humongous(continues), CS=collection set, F=free, OA=open archive, CA=closed archive, TAMS=top-at-mark-start (previous, next)
|   0|0x0000000707e00000, 0x0000000707e00000, 0x0000000708000000|  0%| F|  |TAMS 0x0000000707e00000, 0x0000000707e00000| Untracked 
|   1|0x0000000708000000, 0x0000000708000000, 0x0000000708200000|  0%| F|  |TAMS 0x0000000708000000, 0x0000000708000000| Untracked 
|   2|0x0000000708200000, 0x0000000708200000, 0x0000000708400000|  0%| F|  |TAMS 0x0000000708200000, 0x0000000708200000| Untracked 
|   3|0x0000000708400000, 0x0000000708400000, 0x0000000708600000|  0%| F|  |TAMS 0x0000000708400000, 0x0000000708400000| Untracked 
|   4|0x0000000708600000, 0x0000000708600000, 0x0000000708800000|  0%| F|  |TAMS 0x0000000708600000, 0x0000000708600000| Untracked 
|   5|0x0000000708800000, 0x0000000708800000, 0x0000000708a00000|  0%| F|  |TAMS 0x0000000708800000, 0x0000000708800000| Untracked 
|   6|0x0000000708a00000, 0x0000000708a00000, 0x0000000708c00000|  0%| F|  |TAMS 0x0000000708a00000, 0x0000000708a00000| Untracked 
|   7|0x0000000708c00000, 0x0000000708c00000, 0x0000000708e00000|  0%| F|  |TAMS 0x0000000708c00000, 0x0000000708c00000| Untracked 
|   8|0x0000000708e00000, 0x0000000708e00000, 0x0000000709000000|  0%| F|  |TAMS 0x0000000708e00000, 0x0000000708e00000| Untracked 
|   9|0x0000000709000000, 0x0000000709000000, 0x0000000709200000|  0%| F|  |TAMS 0x0000000709000000, 0x0000000709000000| Untracked 
|  10|0x0000000709200000, 0x0000000709200000, 0x0000000709400000|  0%| F|  |TAMS 0x0000000709200000, 0x0000000709200000| Untracked 
|  11|0x0000000709400000, 0x0000000709400000, 0x0000000709600000|  0%| F|  |TAMS 0x0000000709400000, 0x0000000709400000| Untracked 
|  12|0x0000000709600000, 0x0000000709600000, 0x0000000709800000|  0%| F|  |TAMS 0x0000000709600000, 0x0000000709600000| Untracked 
|  13|0x0000000709800000, 0x0000000709800000, 0x0000000709a00000|  0%| F|  |TAMS 0x0000000709800000, 0x0000000709800000| Untracked 
|  14|0x0000000709a00000, 0x0000000709a00000, 0x0000000709c00000|  0%| F|  |TAMS 0x0000000709a00000, 0x0000000709a00000| Untracked 
|  15|0x0000000709c00000, 0x0000000709c00000, 0x0000000709e00000|  0%| F|  |TAMS 0x0000000709c00000, 0x0000000709c00000| Untracked 
|  16|0x0000000709e00000, 0x0000000709e00000, 0x000000070a000000|  0%| F|  |TAMS 0x0000000709e00000, 0x0000000709e00000| Untracked 
|  17|0x000000070a000000, 0x000000070a000000, 0x000000070a200000|  0%| F|  |TAMS 0x000000070a000000, 0x000000070a000000| Untracked 
|  18|0x000000070a200000, 0x000000070a200000, 0x000000070a400000|  0%| F|  |TAMS 0x000000070a200000, 0x000000070a200000| Untracked 
|  19|0x000000070a400000, 0x000000070a400000, 0x000000070a600000|  0%| F|  |TAMS 0x000000070a400000, 0x000000070a400000| Untracked 
|  20|0x000000070a600000, 0x000000070a600000, 0x000000070a800000|  0%| F|  |TAMS 0x000000070a600000, 0x000000070a600000| Untracked 
|  21|0x000000070a800000, 0x000000070a800000, 0x000000070aa00000|  0%| F|  |TAMS 0x000000070a800000, 0x000000070a800000| Untracked 
|  22|0x000000070aa00000, 0x000000070aa00000, 0x000000070ac00000|  0%| F|  |TAMS 0x000000070aa00000, 0x000000070aa00000| Untracked 
|  23|0x000000070ac00000, 0x000000070ac00000, 0x000000070ae00000|  0%| F|  |TAMS 0x000000070ac00000, 0x000000070ac00000| Untracked 
|  24|0x000000070ae00000, 0x000000070ae00000, 0x000000070b000000|  0%| F|  |TAMS 0x000000070ae00000, 0x000000070ae00000| Untracked 
|  25|0x000000070b000000, 0x000000070b000000, 0x000000070b200000|  0%| F|  |TAMS 0x000000070b000000, 0x000000070b000000| Untracked 
|  26|0x000000070b200000, 0x000000070b200000, 0x000000070b400000|  0%| F|  |TAMS 0x000000070b200000, 0x000000070b200000| Untracked 
|  27|0x000000070b400000, 0x000000070b400000, 0x000000070b600000|  0%| F|  |TAMS 0x000000070b400000, 0x000000070b400000| Untracked 
|  28|0x000000070b600000, 0x000000070b600000, 0x000000070b800000|  0%| F|  |TAMS 0x000000070b600000, 0x000000070b600000| Untracked 
|  29|0x000000070b800000, 0x000000070b800000, 0x000000070ba00000|  0%| F|  |TAMS 0x000000070b800000, 0x000000070b800000| Untracked 
|  30|0x000000070ba00000, 0x000000070ba00000, 0x000000070bc00000|  0%| F|  |TAMS 0x000000070ba00000, 0x000000070ba00000| Untracked 
|  31|0x000000070bc00000, 0x000000070bc00000, 0x000000070be00000|  0%| F|  |TAMS 0x000000070bc00000, 0x000000070bc00000| Untracked 
|  32|0x000000070be00000, 0x000000070be00000, 0x000000070c000000|  0%| F|  |TAMS 0x000000070be00000, 0x000000070be00000| Untracked 
|  33|0x000000070c000000, 0x000000070c000000, 0x000000070c200000|  0%| F|  |TAMS 0x000000070c000000, 0x000000070c000000| Untracked 
|  34|0x000000070c200000, 0x000000070c200000, 0x000000070c400000|  0%| F|  |TAMS 0x000000070c200000, 0x000000070c200000| Untracked 
|  35|0x000000070c400000, 0x000000070c400000, 0x000000070c600000|  0%| F|  |TAMS 0x000000070c400000, 0x000000070c400000| Untracked 
|  36|0x000000070c600000, 0x000000070c600000, 0x000000070c800000|  0%| F|  |TAMS 0x000000070c600000, 0x000000070c600000| Untracked 
|  37|0x000000070c800000, 0x000000070c800000, 0x000000070ca00000|  0%| F|  |TAMS 0x000000070c800000, 0x000000070c800000| Untracked 
|  38|0x000000070ca00000, 0x000000070ca00000, 0x000000070cc00000|  0%| F|  |TAMS 0x000000070ca00000, 0x000000070ca00000| Untracked 
|  39|0x000000070cc00000, 0x000000070cc00000, 0x000000070ce00000|  0%| F|  |TAMS 0x000000070cc00000, 0x000000070cc00000| Untracked 
|  40|0x000000070ce00000, 0x000000070ce00000, 0x000000070d000000|  0%| F|  |TAMS 0x000000070ce00000, 0x000000070ce00000| Untracked 
|  41|0x000000070d000000, 0x000000070d000000, 0x000000070d200000|  0%| F|  |TAMS 0x000000070d000000, 0x000000070d000000| Untracked 
|  42|0x000000070d200000, 0x000000070d200000, 0x000000070d400000|  0%| F|  |TAMS 0x000000070d200000, 0x000000070d200000| Untracked 
|  43|0x000000070d400000, 0x000000070d400000, 0x000000070d600000|  0%| F|  |TAMS 0x000000070d400000, 0x000000070d400000| Untracked 
|  44|0x000000070d600000, 0x000000070d600000, 0x000000070d800000|  0%| F|  |TAMS 0x000000070d600000, 0x000000070d600000| Untracked 
|  45|0x000000070d800000, 0x000000070d800000, 0x000000070da00000|  0%| F|  |TAMS 0x000000070d800000, 0x000000070d800000| Untracked 
|  46|0x000000070da00000, 0x000000070da00000, 0x000000070dc00000|  0%| F|  |TAMS 0x000000070da00000, 0x000000070da00000| Untracked 
|  47|0x000000070dc00000, 0x000000070dc00000, 0x000000070de00000|  0%| F|  |TAMS 0x000000070dc00000, 0x000000070dc00000| Untracked 
|  48|0x000000070de00000, 0x000000070de00000, 0x000000070e000000|  0%| F|  |TAMS 0x000000070de00000, 0x000000070de00000| Untracked 
|  49|0x000000070e000000, 0x000000070e000000, 0x000000070e200000|  0%| F|  |TAMS 0x000000070e000000, 0x000000070e000000| Untracked 
|  50|0x000000070e200000, 0x000000070e200000, 0x000000070e400000|  0%| F|  |TAMS 0x000000070e200000, 0x000000070e200000| Untracked 
|  51|0x000000070e400000, 0x000000070e400000, 0x000000070e600000|  0%| F|  |TAMS 0x000000070e400000, 0x000000070e400000| Untracked 
|  52|0x000000070e600000, 0x000000070e600000, 0x000000070e800000|  0%| F|  |TAMS 0x000000070e600000, 0x000000070e600000| Untracked 
|  53|0x000000070e800000, 0x000000070e800000, 0x000000070ea00000|  0%| F|  |TAMS 0x000000070e800000, 0x000000070e800000| Untracked 
|  54|0x000000070ea00000, 0x000000070ea00000, 0x000000070ec00000|  0%| F|  |TAMS 0x000000070ea00000, 0x000000070ea00000| Untracked 
|  55|0x000000070ec00000, 0x000000070ec00000, 0x000000070ee00000|  0%| F|  |TAMS 0x000000070ec00000, 0x000000070ec00000| Untracked 
|  56|0x000000070ee00000, 0x000000070ee00000, 0x000000070f000000|  0%| F|  |TAMS 0x000000070ee00000, 0x000000070ee00000| Untracked 
|  57|0x000000070f000000, 0x000000070f000000, 0x000000070f200000|  0%| F|  |TAMS 0x000000070f000000, 0x000000070f000000| Untracked 
|  58|0x000000070f200000, 0x000000070f200000, 0x000000070f400000|  0%| F|  |TAMS 0x000000070f200000, 0x000000070f200000| Untracked 
|  59|0x000000070f400000, 0x000000070f400000, 0x000000070f600000|  0%| F|  |TAMS 0x000000070f400000, 0x000000070f400000| Untracked 
|  60|0x000000070f600000, 0x000000070f600000, 0x000000070f800000|  0%| F|  |TAMS 0x000000070f600000, 0x000000070f600000| Untracked 
|  61|0x000000070f800000, 0x000000070f800000, 0x000000070fa00000|  0%| F|  |TAMS 0x000000070f800000, 0x000000070f800000| Untracked 
|  62|0x000000070fa00000, 0x000000070fa00000, 0x000000070fc00000|  0%| F|  |TAMS 0x000000070fa00000, 0x000000070fa00000| Untracked 
|  63|0x000000070fc00000, 0x000000070fc00000, 0x000000070fe00000|  0%| F|  |TAMS 0x000000070fc00000, 0x000000070fc00000| Untracked 
|  64|0x000000070fe00000, 0x000000070fe00000, 0x0000000710000000|  0%| F|  |TAMS 0x000000070fe00000, 0x000000070fe00000| Untracked 
|  65|0x0000000710000000, 0x0000000710000000, 0x0000000710200000|  0%| F|  |TAMS 0x0000000710000000, 0x0000000710000000| Untracked 
|  66|0x0000000710200000, 0x0000000710200000, 0x0000000710400000|  0%| F|  |TAMS 0x0000000710200000, 0x0000000710200000| Untracked 
|  67|0x0000000710400000, 0x0000000710400000, 0x0000000710600000|  0%| F|  |TAMS 0x0000000710400000, 0x0000000710400000| Untracked 
|  68|0x0000000710600000, 0x0000000710600000, 0x0000000710800000|  0%| F|  |TAMS 0x0000000710600000, 0x0000000710600000| Untracked 
|  69|0x0000000710800000, 0x0000000710800000, 0x0000000710a00000|  0%| F|  |TAMS 0x0000000710800000, 0x0000000710800000| Untracked 
|  70|0x0000000710a00000, 0x0000000710a00000, 0x0000000710c00000|  0%| F|  |TAMS 0x0000000710a00000, 0x0000000710a00000| Untracked 
|  71|0x0000000710c00000, 0x0000000710c00000, 0x0000000710e00000|  0%| F|  |TAMS 0x0000000710c00000, 0x0000000710c00000| Untracked 
|  72|0x0000000710e00000, 0x0000000710e00000, 0x0000000711000000|  0%| F|  |TAMS 0x0000000710e00000, 0x0000000710e00000| Untracked 
|  73|0x0000000711000000, 0x0000000711000000, 0x0000000711200000|  0%| F|  |TAMS 0x0000000711000000, 0x0000000711000000| Untracked 
|  74|0x0000000711200000, 0x0000000711200000, 0x0000000711400000|  0%| F|  |TAMS 0x0000000711200000, 0x0000000711200000| Untracked 
|  75|0x0000000711400000, 0x0000000711400000, 0x0000000711600000|  0%| F|  |TAMS 0x0000000711400000, 0x0000000711400000| Untracked 
|  76|0x0000000711600000, 0x0000000711600000, 0x0000000711800000|  0%| F|  |TAMS 0x0000000711600000, 0x0000000711600000| Untracked 
|  77|0x0000000711800000, 0x0000000711800000, 0x0000000711a00000|  0%| F|  |TAMS 0x0000000711800000, 0x0000000711800000| Untracked 
|  78|0x0000000711a00000, 0x0000000711a00000, 0x0000000711c00000|  0%| F|  |TAMS 0x0000000711a00000, 0x0000000711a00000| Untracked 
|  79|0x0000000711c00000, 0x0000000711c00000, 0x0000000711e00000|  0%| F|  |TAMS 0x0000000711c00000, 0x0000000711c00000| Untracked 
|  80|0x0000000711e00000, 0x0000000711e00000, 0x0000000712000000|  0%| F|  |TAMS 0x0000000711e00000, 0x0000000711e00000| Untracked 
|  81|0x0000000712000000, 0x0000000712000000, 0x0000000712200000|  0%| F|  |TAMS 0x0000000712000000, 0x0000000712000000| Untracked 
|  82|0x0000000712200000, 0x0000000712200000, 0x0000000712400000|  0%| F|  |TAMS 0x0000000712200000, 0x0000000712200000| Untracked 
|  83|0x0000000712400000, 0x0000000712400000, 0x0000000712600000|  0%| F|  |TAMS 0x0000000712400000, 0x0000000712400000| Untracked 
|  84|0x0000000712600000, 0x0000000712600000, 0x0000000712800000|  0%| F|  |TAMS 0x0000000712600000, 0x0000000712600000| Untracked 
|  85|0x0000000712800000, 0x0000000712800000, 0x0000000712a00000|  0%| F|  |TAMS 0x0000000712800000, 0x0000000712800000| Untracked 
|  86|0x0000000712a00000, 0x0000000712a00000, 0x0000000712c00000|  0%| F|  |TAMS 0x0000000712a00000, 0x0000000712a00000| Untracked 
|  87|0x0000000712c00000, 0x0000000712c00000, 0x0000000712e00000|  0%| F|  |TAMS 0x0000000712c00000, 0x0000000712c00000| Untracked 
|  88|0x0000000712e00000, 0x0000000712e00000, 0x0000000713000000|  0%| F|  |TAMS 0x0000000712e00000, 0x0000000712e00000| Untracked 
|  89|0x0000000713000000, 0x0000000713000000, 0x0000000713200000|  0%| F|  |TAMS 0x0000000713000000, 0x0000000713000000| Untracked 
|  90|0x0000000713200000, 0x0000000713200000, 0x0000000713400000|  0%| F|  |TAMS 0x0000000713200000, 0x0000000713200000| Untracked 
|  91|0x0000000713400000, 0x0000000713400000, 0x0000000713600000|  0%| F|  |TAMS 0x0000000713400000, 0x0000000713400000| Untracked 
|  92|0x0000000713600000, 0x0000000713600000, 0x0000000713800000|  0%| F|  |TAMS 0x0000000713600000, 0x0000000713600000| Untracked 
|  93|0x0000000713800000, 0x0000000713800000, 0x0000000713a00000|  0%| F|  |TAMS 0x0000000713800000, 0x0000000713800000| Untracked 
|  94|0x0000000713a00000, 0x0000000713a00000, 0x0000000713c00000|  0%| F|  |TAMS 0x0000000713a00000, 0x0000000713a00000| Untracked 
|  95|0x0000000713c00000, 0x0000000713c00000, 0x0000000713e00000|  0%| F|  |TAMS 0x0000000713c00000, 0x0000000713c00000| Untracked 
|  96|0x0000000713e00000, 0x0000000713e00000, 0x0000000714000000|  0%| F|  |TAMS 0x0000000713e00000, 0x0000000713e00000| Untracked 
|  97|0x0000000714000000, 0x0000000714000000, 0x0000000714200000|  0%| F|  |TAMS 0x0000000714000000, 0x0000000714000000| Untracked 
|  98|0x0000000714200000, 0x0000000714200000, 0x0000000714400000|  0%| F|  |TAMS 0x0000000714200000, 0x0000000714200000| Untracked 
|  99|0x0000000714400000, 0x0000000714400000, 0x0000000714600000|  0%| F|  |TAMS 0x0000000714400000, 0x0000000714400000| Untracked 
| 100|0x0000000714600000, 0x0000000714600000, 0x0000000714800000|  0%| F|  |TAMS 0x0000000714600000, 0x0000000714600000| Untracked 
| 101|0x0000000714800000, 0x0000000714800000, 0x0000000714a00000|  0%| F|  |TAMS 0x0000000714800000, 0x0000000714800000| Untracked 
| 102|0x0000000714a00000, 0x0000000714a00000, 0x0000000714c00000|  0%| F|  |TAMS 0x0000000714a00000, 0x0000000714a00000| Untracked 
| 103|0x0000000714c00000, 0x0000000714c00000, 0x0000000714e00000|  0%| F|  |TAMS 0x0000000714c00000, 0x0000000714c00000| Untracked 
| 104|0x0000000714e00000, 0x0000000714e00000, 0x0000000715000000|  0%| F|  |TAMS 0x0000000714e00000, 0x0000000714e00000| Untracked 
| 105|0x0000000715000000, 0x0000000715000000, 0x0000000715200000|  0%| F|  |TAMS 0x0000000715000000, 0x0000000715000000| Untracked 
| 106|0x0000000715200000, 0x0000000715200000, 0x0000000715400000|  0%| F|  |TAMS 0x0000000715200000, 0x0000000715200000| Untracked 
| 107|0x0000000715400000, 0x0000000715400000, 0x0000000715600000|  0%| F|  |TAMS 0x0000000715400000, 0x0000000715400000| Untracked 
| 108|0x0000000715600000, 0x0000000715600000, 0x0000000715800000|  0%| F|  |TAMS 0x0000000715600000, 0x0000000715600000| Untracked 
| 109|0x0000000715800000, 0x0000000715800000, 0x0000000715a00000|  0%| F|  |TAMS 0x0000000715800000, 0x0000000715800000| Untracked 
| 110|0x0000000715a00000, 0x0000000715a00000, 0x0000000715c00000|  0%| F|  |TAMS 0x0000000715a00000, 0x0000000715a00000| Untracked 
| 111|0x0000000715c00000, 0x0000000715c00000, 0x0000000715e00000|  0%| F|  |TAMS 0x0000000715c00000, 0x0000000715c00000| Untracked 
| 112|0x0000000715e00000, 0x0000000715e00000, 0x0000000716000000|  0%| F|  |TAMS 0x0000000715e00000, 0x0000000715e00000| Untracked 
| 113|0x0000000716000000, 0x0000000716000000, 0x0000000716200000|  0%| F|  |TAMS 0x0000000716000000, 0x0000000716000000| Untracked 
| 114|0x0000000716200000, 0x0000000716200000, 0x0000000716400000|  0%| F|  |TAMS 0x0000000716200000, 0x0000000716200000| Untracked 
| 115|0x0000000716400000, 0x0000000716400000, 0x0000000716600000|  0%| F|  |TAMS 0x0000000716400000, 0x0000000716400000| Untracked 
| 116|0x0000000716600000, 0x0000000716600000, 0x0000000716800000|  0%| F|  |TAMS 0x0000000716600000, 0x0000000716600000| Untracked 
| 117|0x0000000716800000, 0x0000000716800000, 0x0000000716a00000|  0%| F|  |TAMS 0x0000000716800000, 0x0000000716800000| Untracked 
| 118|0x0000000716a00000, 0x0000000716a00000, 0x0000000716c00000|  0%| F|  |TAMS 0x0000000716a00000, 0x0000000716a00000| Untracked 
| 119|0x0000000716c00000, 0x0000000716c00000, 0x0000000716e00000|  0%| F|  |TAMS 0x0000000716c00000, 0x0000000716c00000| Untracked 
| 120|0x0000000716e00000, 0x0000000716e00000, 0x0000000717000000|  0%| F|  |TAMS 0x0000000716e00000, 0x0000000716e00000| Untracked 
| 121|0x0000000717000000, 0x0000000717000000, 0x0000000717200000|  0%| F|  |TAMS 0x0000000717000000, 0x0000000717000000| Untracked 
| 122|0x0000000717200000, 0x0000000717200000, 0x0000000717400000|  0%| F|  |TAMS 0x0000000717200000, 0x0000000717200000| Untracked 
| 123|0x0000000717400000, 0x0000000717400000, 0x0000000717600000|  0%| F|  |TAMS 0x0000000717400000, 0x0000000717400000| Untracked 
| 124|0x0000000717600000, 0x00000007176e1490, 0x0000000717800000| 44%| E|  |TAMS 0x0000000717600000, 0x0000000717600000| Complete 
|1983|0x00000007ffc00000, 0x00000007ffd75000, 0x00000007ffe00000| 72%|OA|  |TAMS 0x00000007ffc00000, 0x00000007ffc00000| Untracked 
|1984|0x00000007ffe00000, 0x00000007ffe77000, 0x0000000800000000| 23%|CA|  |TAMS 0x00000007ffe00000, 0x00000007ffe00000| Untracked 

Card table byte_map: [0x00007f842a0a0000,0x00007f842a861000] _byte_map_base: 0x00007f8426861000

Marking Bits (Prev, Next): (CMBitMap*) 0x00007f842407fb60, (CMBitMap*) 0x00007f842407fba0
 Prev Bits: [0x00007f84095f8000, 0x00007f840d400000)
 Next Bits: [0x00007f84057f0000, 0x00007f84095f8000)

Polling page: 0x00007f842d531000

Metaspace:

Usage:
  Non-class:    188.01 KB used.
      Class:     17.48 KB used.
       Both:    205.49 KB used.

Virtual space:
  Non-class space:       64.00 MB reserved,     256.00 KB ( <1%) committed,  1 nodes.
      Class space:        1.00 GB reserved,     128.00 KB ( <1%) committed,  1 nodes.
             Both:        1.06 GB reserved,     384.00 KB ( <1%) committed. 

Chunk freelists:
   Non-Class:  11.94 MB
       Class:  15.73 MB
        Both:  27.67 MB

MaxMetaspaceSize: unlimited
CompressedClassSpaceSize: 1.00 GB
Initial GC threshold: 21.00 MB
Current GC threshold: 21.00 MB
CDS: on
MetaspaceReclaimPolicy: balanced
 - commit_granule_bytes: 65536.
 - commit_granule_words: 8192.
 - virtual_space_node_default_size: 8388608.
 - enlarge_chunks_in_place: 1.
 - new_chunks_are_fully_committed: 0.
 - uncommit_free_chunks: 1.
 - use_allocation_guard: 0.
 - handle_deallocations: 1.


Internal statistics:

num_allocs_failed_limit: 0.
num_arena_births: 4.
num_arena_deaths: 0.
num_vsnodes_births: 2.
num_vsnodes_deaths: 0.
num_space_committed: 6.
num_space_uncommitted: 0.
num_chunks_returned_to_freelist: 0.
num_chunks_taken_from_freelist: 11.
num_chunk_merges: 0.
num_chunk_splits: 6.
num_chunks_enlarged: 6.
num_inconsistent_stats: 0.

CodeHeap 'non-profiled nmethods': size=120028Kb used=1Kb max_used=1Kb free=120026Kb
 bounds [0x00007f8414ec9000, 0x00007f8415139000, 0x00007f841c400000]
CodeHeap 'profiled nmethods': size=120028Kb used=0Kb max_used=0Kb free=120027Kb
 bounds [0x00007f840d400000, 0x00007f840d670000, 0x00007f8414937000]
CodeHeap 'non-nmethods': size=5704Kb used=1047Kb max_used=1060Kb free=4656Kb
 bounds [0x00007f8414937000, 0x00007f8414ba7000, 0x00007f8414ec9000]
 total_blobs=315 nmethods=3 adapters=227
 compilation: enabled
              stopped_count=0, restarted_count=0
 full_count=0

Compilation events (3 events):
Event: 0.026 Thread 0x00007f8424184e80    1       3       java.lang.Object::<init> (1 bytes)
Event: 0.027 Thread 0x00007f8424184e80 nmethod 1 0x00007f840d400010 code [0x00007f840d4001a0, 0x00007f840d4002b0]
Event: 0.030 Thread 0x00007f8424184e80    2       3       java.lang.String::hashCode (60 bytes)

GC Heap History (0 events):
No events

Dll operation events (2 events):
Event: 0.002 Loaded shared library /usr/lib/jvm/java-17-openjdk-amd64/lib/libjava.so
Event: 0.019 Loaded shared library /usr/lib/jvm/java-17-openjdk-amd64/lib/libjsvml.so

Deoptimization events (0 events):
No events

Classes unloaded (0 events):
No events

Classes redefined (0 events):
No events

Internal exceptions (0 events):
No events

VM Operations (0 events):
No events

Events (20 events):
Event: 0.021 Thread 0x00007f842417a210 Thread added: 0x00007f842417a210
Event: 0.021 Protecting memory [0x00007f84286e3000,0x00007f84286e7000] with protection modes 0
Event: 0.023 loading class sun/nio/cs/UTF_8$Encoder
Event: 0.023 loading class sun/nio/cs/UTF_8$Encoder done
Event: 0.024 Thread 0x00007f842417f7a0 Thread added: 0x00007f842417f7a0
Event: 0.025 Protecting memory [0x00007f84285e3000,0x00007f84285e7000] with protection modes 0
Event: 0.025 Thread 0x00007f8424180b60 Thread added: 0x00007f8424180b60
Event: 0.025 Protecting memory [0x00007f8428100000,0x00007f8428104000] with protection modes 0
Event: 0.025 Thread 0x00007f8424181f80 Thread added: 0x00007f8424181f80
Event: 0.025 Protecting memory [0x00007f8428000000,0x00007f8428004000] with protection modes 0
Event: 0.025 Thread 0x00007f8424183940 Thread added: 0x00007f8424183940
Event: 0.025 Protecting memory [0x00007f8423f00000,0x00007f8423f04000] with protection modes 0
Event: 0.025 Thread 0x00007f8424184e80 Thread added: 0x00007f8424184e80
Event: 0.025 Protecting memory [0x00007f84056f0000,0x00007f84056f4000] with protection modes 0
Event: 0.026 Thread 0x00007f842418e2f0 Thread added: 0x00007f842418e2f0
Event: 0.026 Protecting memory [0x00007f84055f0000,0x00007f84055f4000] with protection modes 0
Event: 0.029 Thread 0x00007f84241959f0 Thread added: 0x00007f84241959f0
Event: 0.029 loading class jdk/internal/vm/PostVMInitHook
Event: 0.029 Protecting memory [0x00007f84054f0000,0x00007f84054f4000] with protection modes 0
Event: 0.029 loading class jdk/internal/vm/PostVMInitHook done


Dynamic libraries:
707e00000-717800000 rw-p 00000000 00:00 0 
717800000-7ffc00000 ---p 00000000 00:00 0 
7ffc00000-7ffd00000 rw-p 00000000 00:00 0 
7ffd00000-7ffd75000 rw-p 00c75000 08:04 661322                           /usr/lib/jvm/java-17-openjdk-amd64/lib/server/classes.jsa
7ffd75000-7ffe00000 rw-p 00000000 00:00 0 
7ffe00000-7ffe77000 rw-p 00bfe000 08:04 661322                           /usr/lib/jvm/java-17-openjdk-amd64/lib/server/classes.jsa
7ffe77000-800000000 rw-p 00000000 00:00 0 
55dd49fa1000-55dd49fa2000 r--p 00000000 08:04 661251                     /usr/lib/jvm/java-17-openjdk-amd64/bin/java
55dd49fa2000-55dd49fa3000 r-xp 00001000 08:04 661251                     /usr/lib/jvm/java-17-openjdk-amd64/bin/java
55dd49fa3000-55dd49fa4000 r--p 00002000 08:04 661251                     /usr/lib/jvm/java-17-openjdk-amd64/bin/java
55dd49fa4000-55dd49fa5000 r--p 00002000 08:04 661251                     /usr/lib/jvm/java-17-openjdk-amd64/bin/java
55dd49fa5000-55dd49fa6000 rw-p 00003000 08:04 661251                     /usr/lib/jvm/java-17-openjdk-amd64/bin/java
55dd4ac55000-55dd4ac9c000 rw-p 00000000 00:00 0                          [heap]
7f8370000000-7f8370021000 rw-p 00000000 00:00 0 
7f8370021000-7f8374000000 ---p 00000000 00:00 0 
7f8378000000-7f8378021000 rw-p 00000000 00:00 0 
7f8378021000-7f837c000000 ---p 00000000 00:00 0 
7f837c000000-7f837c021000 rw-p 00000000 00:00 0 
7f837c021000-7f8380000000 ---p 00000000 00:00 0 
7f8380000000-7f838002b000 rw-p 00000000 00:00 0 
7f838002b000-7f8384000000 ---p 00000000 00:00 0 
7f8384000000-7f8384021000 rw-p 00000000 00:00 0 
7f8384021000-7f8388000000 ---p 00000000 00:00 0 
7f8388000000-7f8388021000 rw-p 00000000 00:00 0 
7f8388021000-7f838c000000 ---p 00000000 00:00 0 
7f838c000000-7f838c058000 rw-p 00000000 00:00 0 
7f838c058000-7f8390000000 ---p 00000000 00:00 0 
7f8390000000-7f8390021000 rw-p 00000000 00:00 0 
7f8390021000-7f8394000000 ---p 00000000 00:00 0 
7f8394000000-7f8394021000 rw-p 00000000 00:00 0 
7f8394021000-7f8398000000 ---p 00000000 00:00 0 
7f8398000000-7f8398021000 rw-p 00000000 00:00 0 
7f8398021000-7f839c000000 ---p 00000000 00:00 0 
7f839c000000-7f839c021000 rw-p 00000000 00:00 0 
7f839c021000-7f83a0000000 ---p 00000000 00:00 0 
7f83a0000000-7f83a0021000 rw-p 00000000 00:00 0 
7f83a0021000-7f83a4000000 ---p 00000000 00:00 0 
7f83a7000000-7f83a7bc6000 rw-p 00001000 08:04 661322                     /usr/lib/jvm/java-17-openjdk-amd64/lib/server/classes.jsa
7f83a7bc6000-7f83a8000000 ---p 00000000 00:00 0 
7f83a8000000-7f83a8010000 rw-p 00000000 00:00 0 
7f83a8010000-7f83a8040000 ---p 00000000 00:00 0 
7f83a8040000-7f83a8050000 rw-p 00000000 00:00 0 
7f83a8050000-7f83e8000000 ---p 00000000 00:00 0 
7f83e8000000-7f83e8021000 rw-p 00000000 00:00 0 
7f83e8021000-7f83ec000000 ---p 00000000 00:00 0 
7f83ec000000-7f83ec030000 rw-p 00000000 00:00 0 
7f83ec030000-7f83ec400000 ---p 00000000 00:00 0 
7f83ec400000-7f83ec410000 rw-p 00000000 00:00 0 
7f83ec410000-7f83f0000000 ---p 00000000 00:00 0 
7f83f0000000-7f83f0021000 rw-p 00000000 00:00 0 
7f83f0021000-7f83f4000000 ---p 00000000 00:00 0 
7f83f6000000-7f83f8021000 rw-p 00000000 00:00 0 
7f83f8021000-7f83fc000000 ---p 00000000 00:00 0 
7f83fc000000-7f83fc021000 rw-p 00000000 00:00 0 
7f83fc021000-7f8400000000 ---p 00000000 00:00 0 
7f8400000000-7f8400021000 rw-p 00000000 00:00 0 
7f8400021000-7f8404000000 ---p 00000000 00:00 0 
7f8404f10000-7f8404f14000 ---p 00000000 00:00 0 
7f8404f14000-7f84053ef000 rw-p 00000000 00:00 0 
7f84053ef000-7f84053f0000 ---p 00000000 00:00 0 
7f84053f0000-7f84054f0000 rw-p 00000000 00:00 0 
7f84054f0000-7f84054f4000 ---p 00000000 00:00 0 
7f84054f4000-7f84055f0000 rw-p 00000000 00:00 0 
7f84055f0000-7f84055f4000 ---p 00000000 00:00 0 
7f84055f4000-7f84056f0000 rw-p 00000000 00:00 0 
7f84056f0000-7f84056f4000 ---p 00000000 00:00 0 
7f84056f4000-7f8405bd8000 rw-p 00000000 00:00 0 
7f8405bd8000-7f84095e8000 ---p 00000000 00:00 0 
7f84095e8000-7f84099e0000 rw-p 00000000 00:00 0 
7f84099e0000-7f840d3f0000 ---p 00000000 00:00 0 
7f840d3f0000-7f840d400000 rw-p 00000000 00:00 0 
7f840d400000-7f840d670000 rwxp 00000000 00:00 0 
7f840d670000-7f8414937000 ---p 00000000 00:00 0 
7f8414937000-7f8414ba7000 rwxp 00000000 00:00 0 
7f8414ba7000-7f8414ec9000 ---p 00000000 00:00 0 
7f8414ec9000-7f8415139000 rwxp 00000000 00:00 0 
7f8415139000-7f841c400000 ---p 00000000 00:00 0 
7f841c400000-7f8423e66000 r--s 00000000 08:04 661321                     /usr/lib/jvm/java-17-openjdk-amd64/lib/modules
7f8423f00000-7f8423f04000 ---p 00000000 00:00 0 
7f8423f04000-7f84241b3000 rw-p 00000000 00:00 0 
7f84241b3000-7f8428000000 ---p 00000000 00:00 0 
7f8428000000-7f8428004000 ---p 00000000 00:00 0 
7f8428004000-7f8428100000 rw-p 00000000 00:00 0 
7f8428100000-7f8428104000 ---p 00000000 00:00 0 
7f8428104000-7f8428200000 rw-p 00000000 00:00 0 
7f8428200000-7f84284ea000 r--p 00000000 08:04 594350                     /usr/lib/locale/locale-archive
7f84285b2000-7f84285e3000 rw-p 00000000 00:00 0 
7f84285e3000-7f84285e7000 ---p 00000000 00:00 0 
7f84285e7000-7f84286e3000 rw-p 00000000 00:00 0 
7f84286e3000-7f84286e7000 ---p 00000000 00:00 0 
7f84286e7000-7f84287e3000 rw-p 00000000 00:00 0 
7f84287e3000-7f84287e7000 ---p 00000000 00:00 0 
7f84287e7000-7f84288e3000 rw-p 00000000 00:00 0 
7f84288e3000-7f84288e4000 ---p 00000000 00:00 0 
7f84288e4000-7f84289e4000 rw-p 00000000 00:00 0 
7f84289e4000-7f84289e9000 r--p 00000000 08:04 661306                     /usr/lib/jvm/java-17-openjdk-amd64/lib/libjsvml.so
7f84289e9000-7f8428a2a000 r-xp 00005000 08:04 661306                     /usr/lib/jvm/java-17-openjdk-amd64/lib/libjsvml.so
7f8428a2a000-7f8428ab3000 r--p 00046000 08:04 661306                     /usr/lib/jvm/java-17-openjdk-amd64/lib/libjsvml.so
7f8428ab3000-7f8428ab4000 r--p 000ce000 08:04 661306                     /usr/lib/jvm/java-17-openjdk-amd64/lib/libjsvml.so
7f8428ab4000-7f8428ab5000 rw-p 000cf000 08:04 661306                     /usr/lib/jvm/java-17-openjdk-amd64/lib/libjsvml.so
7f8428ab5000-7f8428bd2000 rw-p 00000000 00:00 0 
7f8428bd2000-7f8428bd3000 ---p 00000000 00:00 0 
7f8428bd3000-7f8428cd3000 rw-p 00000000 00:00 0 
7f8428cd3000-7f8428cd4000 ---p 00000000 00:00 0 
7f8428cd4000-7f84295dc000 rw-p 00000000 00:00 0 
7f84295dc000-7f84295dd000 ---p 00000000 00:00 0 
7f84295dd000-7f84296dd000 rw-p 00000000 00:00 0 
7f84296dd000-7f84296de000 ---p 00000000 00:00 0 
7f84296de000-7f84297de000 rw-p 00000000 00:00 0 
7f84297de000-7f84297df000 ---p 00000000 00:00 0 
7f84297df000-7f842995c000 rw-p 00000000 00:00 0 
7f842995c000-7f842a09e000 ---p 00000000 00:00 0 
7f842a09e000-7f842a11d000 rw-p 00000000 00:00 0 
7f842a11d000-7f842a85f000 ---p 00000000 00:00 0 
7f842a85f000-7f842a8de000 rw-p 00000000 00:00 0 
7f842a8de000-7f842b020000 ---p 00000000 00:00 0 
7f842b020000-7f842b82f000 rw-p 00000000 00:00 0 
7f842b82f000-7f842b915000 ---p 00000000 00:00 0 
7f842b915000-7f842b91a000 rw-p 00000000 00:00 0 
7f842b91a000-7f842ba00000 ---p 00000000 00:00 0 
7f842ba00000-7f842ba9c000 r--p 00000000 08:04 541066                     /usr/lib/x86_64-linux-gnu/libstdc++.so.6.0.32
7f842ba9c000-7f842bbb7000 r-xp 0009c000 08:04 541066                     /usr/lib/x86_64-linux-gnu/libstdc++.so.6.0.32
7f842bbb7000-7f842bc44000 r--p 001b7000 08:04 541066                     /usr/lib/x86_64-linux-gnu/libstdc++.so.6.0.32
7f842bc44000-7f842bc4f000 r--p 00244000 08:04 541066                     /usr/lib/x86_64-linux-gnu/libstdc++.so.6.0.32
7f842bc4f000-7f842bc52000 rw-p 0024f000 08:04 541066                     /usr/lib/x86_64-linux-gnu/libstdc++.so.6.0.32
7f842bc52000-7f842bc56000 rw-p 00000000 00:00 0 
7f842bc80000-7f842bd00000 rw-p 00000000 00:00 0 
7f842bd00000-7f842bd04000 ---p 00000000 00:00 0 
7f842bd04000-7f842be00000 rw-p 00000000 00:00 0 
7f842be00000-7f842c051000 r--p 00000000 08:04 661325                     /usr/lib/jvm/java-17-openjdk-amd64/lib/server/libjvm.so
7f842c051000-7f842cdba000 r-xp 00251000 08:04 661325                     /usr/lib/jvm/java-17-openjdk-amd64/lib/server/libjvm.so
7f842cdba000-7f842d03a000 r--p 00fba000 08:04 661325                     /usr/lib/jvm/java-17-openjdk-amd64/lib/server/libjvm.so
7f842d03a000-7f842d0f2000 r--p 0123a000 08:04 661325                     /usr/lib/jvm/java-17-openjdk-amd64/lib/server/libjvm.so
7f842d0f2000-7f842d127000 rw-p 012f2000 08:04 661325                     /usr/lib/jvm/java-17-openjdk-amd64/lib/server/libjvm.so
7f842d127000-7f842d181000 rw-p 00000000 00:00 0 
7f842d18e000-7f842d192000 r--p 00000000 08:04 661319                     /usr/lib/jvm/java-17-openjdk-amd64/lib/libverify.so
7f842d192000-7f842d199000 r-xp 00004000 08:04 661319                     /usr/lib/jvm/java-17-openjdk-amd64/lib/libverify.so
7f842d199000-7f842d19b000 r--p 0000b000 08:04 661319                     /usr/lib/jvm/java-17-openjdk-amd64/lib/libverify.so
7f842d19b000-7f842d19d000 r--p 0000c000 08:04 661319                     /usr/lib/jvm/java-17-openjdk-amd64/lib/libverify.so
7f842d19d000-7f842d19e000 rw-p 0000e000 08:04 661319                     /usr/lib/jvm/java-17-openjdk-amd64/lib/libverify.so
7f842d19e000-7f842d1a0000 r--p 00000000 08:04 661320                     /usr/lib/jvm/java-17-openjdk-amd64/lib/libzip.so
7f842d1a0000-7f842d1a4000 r-xp 00002000 08:04 661320                     /usr/lib/jvm/java-17-openjdk-amd64/lib/libzip.so
7f842d1a4000-7f842d1a6000 r--p 00006000 08:04 661320                     /usr/lib/jvm/java-17-openjdk-amd64/lib/libzip.so
7f842d1a6000-7f842d1a7000 r--p 00007000 08:04 661320                     /usr/lib/jvm/java-17-openjdk-amd64/lib/libzip.so
7f842d1a7000-7f842d1a8000 rw-p 00008000 08:04 661320                     /usr/lib/jvm/java-17-openjdk-amd64/lib/libzip.so
7f842d1a8000-7f842d1ac000 r--p 00000000 08:04 661312                     /usr/lib/jvm/java-17-openjdk-amd64/lib/libnet.so
7f842d1ac000-7f842d1ba000 r-xp 00004000 08:04 661312                     /usr/lib/jvm/java-17-openjdk-amd64/lib/libnet.so
7f842d1ba000-7f842d1be000 r--p 00012000 08:04 661312                     /usr/lib/jvm/java-17-openjdk-amd64/lib/libnet.so
7f842d1be000-7f842d1bf000 r--p 00015000 08:04 661312                     /usr/lib/jvm/java-17-openjdk-amd64/lib/libnet.so
7f842d1bf000-7f842d1c0000 rw-p 00016000 08:04 661312                     /usr/lib/jvm/java-17-openjdk-amd64/lib/libnet.so
7f842d1c0000-7f842d1c6000 r--p 00000000 08:04 661313                     /usr/lib/jvm/java-17-openjdk-amd64/lib/libnio.so
7f842d1c6000-7f842d1ce000 r-xp 00006000 08:04 661313                     /usr/lib/jvm/java-17-openjdk-amd64/lib/libnio.so
7f842d1ce000-7f842d1d2000 r--p 0000e000 08:04 661313                     /usr/lib/jvm/java-17-openjdk-amd64/lib/libnio.so
7f842d1d2000-7f842d1d3000 r--p 00012000 08:04 661313                     /usr/lib/jvm/java-17-openjdk-amd64/lib/libnio.so
7f842d1d3000-7f842d1d4000 rw-p 00013000 08:04 661313                     /usr/lib/jvm/java-17-openjdk-amd64/lib/libnio.so
7f842d1d4000-7f842d1d9000 rw-p 00000000 00:00 0 
7f842d1d9000-7f842d1e0000 ---p 00000000 00:00 0 
7f842d1e0000-7f842d1ec000 r--p 00000000 08:04 661299                     /usr/lib/jvm/java-17-openjdk-amd64/lib/libjava.so
7f842d1ec000-7f842d1fe000 r-xp 0000c000 08:04 661299                     /usr/lib/jvm/java-17-openjdk-amd64/lib/libjava.so
7f842d1fe000-7f842d204000 r--p 0001e000 08:04 661299                     /usr/lib/jvm/java-17-openjdk-amd64/lib/libjava.so
7f842d204000-7f842d205000 r--p 00023000 08:04 661299                     /usr/lib/jvm/java-17-openjdk-amd64/lib/libjava.so
7f842d205000-7f842d206000 rw-p 00024000 08:04 661299                     /usr/lib/jvm/java-17-openjdk-amd64/lib/libjava.so
7f842d206000-7f842d207000 rw-p 00000000 00:00 0 
7f842d207000-7f842d20a000 r--p 00000000 08:04 532729                     /usr/lib/x86_64-linux-gnu/libgcc_s.so.1
7f842d20a000-7f842d225000 r-xp 00003000 08:04 532729                     /usr/lib/x86_64-linux-gnu/libgcc_s.so.1
7f842d225000-7f842d229000 r--p 0001e000 08:04 532729                     /usr/lib/x86_64-linux-gnu/libgcc_s.so.1
7f842d229000-7f842d22a000 r--p 00021000 08:04 532729                     /usr/lib/x86_64-linux-gnu/libgcc_s.so.1
7f842d22a000-7f842d22b000 rw-p 00022000 08:04 532729                     /usr/lib/x86_64-linux-gnu/libgcc_s.so.1
7f842d22b000-7f842d23b000 r--p 00000000 08:04 531118                     /usr/lib/x86_64-linux-gnu/libm.so.6
7f842d23b000-7f842d2ae000 r-xp 00010000 08:04 531118                     /usr/lib/x86_64-linux-gnu/libm.so.6
7f842d2ae000-7f842d308000 r--p 00083000 08:04 531118                     /usr/lib/x86_64-linux-gnu/libm.so.6
7f842d308000-7f842d309000 r--p 000dc000 08:04 531118                     /usr/lib/x86_64-linux-gnu/libm.so.6
7f842d309000-7f842d30a000 rw-p 000dd000 08:04 531118                     /usr/lib/x86_64-linux-gnu/libm.so.6
7f842d30a000-7f842d30d000 rw-p 00000000 00:00 0 
7f842d30d000-7f842d333000 r--p 00000000 08:04 531106                     /usr/lib/x86_64-linux-gnu/libc.so.6
7f842d333000-7f842d488000 r-xp 00026000 08:04 531106                     /usr/lib/x86_64-linux-gnu/libc.so.6
7f842d488000-7f842d4dc000 r--p 0017b000 08:04 531106                     /usr/lib/x86_64-linux-gnu/libc.so.6
7f842d4dc000-7f842d4e0000 r--p 001cf000 08:04 531106                     /usr/lib/x86_64-linux-gnu/libc.so.6
7f842d4e0000-7f842d4e2000 rw-p 001d3000 08:04 531106                     /usr/lib/x86_64-linux-gnu/libc.so.6
7f842d4e2000-7f842d4ef000 rw-p 00000000 00:00 0 
7f842d4ef000-7f842d4f1000 r--p 00000000 08:04 661303                     /usr/lib/jvm/java-17-openjdk-amd64/lib/libjli.so
7f842d4f1000-7f842d4fb000 r-xp 00002000 08:04 661303                     /usr/lib/jvm/java-17-openjdk-amd64/lib/libjli.so
7f842d4fb000-7f842d4fe000 r--p 0000c000 08:04 661303                     /usr/lib/jvm/java-17-openjdk-amd64/lib/libjli.so
7f842d4fe000-7f842d4ff000 r--p 0000e000 08:04 661303                     /usr/lib/jvm/java-17-openjdk-amd64/lib/libjli.so
7f842d4ff000-7f842d500000 rw-p 0000f000 08:04 661303                     /usr/lib/jvm/java-17-openjdk-amd64/lib/libjli.so
7f842d500000-7f842d503000 r--p 00000000 08:04 529246                     /usr/lib/x86_64-linux-gnu/libz.so.1.2.13
7f842d503000-7f842d516000 r-xp 00003000 08:04 529246                     /usr/lib/x86_64-linux-gnu/libz.so.1.2.13
7f842d516000-7f842d51d000 r--p 00016000 08:04 529246                     /usr/lib/x86_64-linux-gnu/libz.so.1.2.13
7f842d51d000-7f842d51e000 r--p 0001c000 08:04 529246                     /usr/lib/x86_64-linux-gnu/libz.so.1.2.13
7f842d51e000-7f842d51f000 rw-p 0001d000 08:04 529246                     /usr/lib/x86_64-linux-gnu/libz.so.1.2.13
7f842d522000-7f842d529000 r--s 00000000 08:04 544941                     /usr/lib/x86_64-linux-gnu/gconv/gconv-modules.cache
7f842d529000-7f842d531000 rw-s 00000000 08:04 6632091                    /tmp/hsperfdata_miaro/22820
7f842d531000-7f842d532000 ---p 00000000 00:00 0 
7f842d532000-7f842d533000 r--p 00000000 00:00 0 
7f842d533000-7f842d534000 rwxp 00000000 00:00 0 
7f842d534000-7f842d536000 r--p 00000000 08:04 661302                     /usr/lib/jvm/java-17-openjdk-amd64/lib/libjimage.so
7f842d536000-7f842d539000 r-xp 00002000 08:04 661302                     /usr/lib/jvm/java-17-openjdk-amd64/lib/libjimage.so
7f842d539000-7f842d53a000 r--p 00005000 08:04 661302                     /usr/lib/jvm/java-17-openjdk-amd64/lib/libjimage.so
7f842d53a000-7f842d53b000 r--p 00006000 08:04 661302                     /usr/lib/jvm/java-17-openjdk-amd64/lib/libjimage.so
7f842d53b000-7f842d53c000 rw-p 00007000 08:04 661302                     /usr/lib/jvm/java-17-openjdk-amd64/lib/libjimage.so
7f842d53c000-7f842d53e000 rw-p 00000000 00:00 0 
7f842d53e000-7f842d53f000 r--p 00000000 08:04 531094                     /usr/lib/x86_64-linux-gnu/ld-linux-x86-64.so.2
7f842d53f000-7f842d564000 r-xp 00001000 08:04 531094                     /usr/lib/x86_64-linux-gnu/ld-linux-x86-64.so.2
7f842d564000-7f842d56e000 r--p 00026000 08:04 531094                     /usr/lib/x86_64-linux-gnu/ld-linux-x86-64.so.2
7f842d56e000-7f842d570000 r--p 00030000 08:04 531094                     /usr/lib/x86_64-linux-gnu/ld-linux-x86-64.so.2
7f842d570000-7f842d572000 rw-p 00032000 08:04 531094                     /usr/lib/x86_64-linux-gnu/ld-linux-x86-64.so.2
7fffce4ac000-7fffce4ce000 rw-p 00000000 00:00 0                          [stack]
7fffce586000-7fffce58a000 r--p 00000000 00:00 0                          [vvar]
7fffce58a000-7fffce58c000 r-xp 00000000 00:00 0                          [vdso]


VM Arguments:
jvm_args: -Dnet.bytebuddy.agent.attacher.dump= -Dawt.useSystemAAFontSettings=on -Dswing.aatext=true 
java_command: net.bytebuddy.agent.Attacher com.sun.tools.attach.VirtualMachine 22720 /home/miaro/.m2/repository/net/bytebuddy/byte-buddy-agent/1.14.11/byte-buddy-agent-1.14.11.jar false 
java_class_path (initial): /home/miaro/.m2/repository/net/bytebuddy/byte-buddy-agent/1.14.11/byte-buddy-agent-1.14.11.jar
Launcher Type: SUN_STANDARD

[Global flags]
     intx CICompilerCount                          = 4                                         {product} {ergonomic}
     uint ConcGCThreads                            = 2                                         {product} {ergonomic}
     uint G1ConcRefinementThreads                  = 8                                         {product} {ergonomic}
   size_t G1HeapRegionSize                         = 2097152                                   {product} {ergonomic}
    uintx GCDrainStackTargetSize                   = 64                                        {product} {ergonomic}
   size_t InitialHeapSize                          = 262144000                                 {product} {ergonomic}
   size_t MarkStackSize                            = 4194304                                   {product} {ergonomic}
   size_t MaxHeapSize                              = 4162846720                                {product} {ergonomic}
   size_t MaxNewSize                               = 2497708032                                {product} {ergonomic}
   size_t MinHeapDeltaBytes                        = 2097152                                   {product} {ergonomic}
   size_t MinHeapSize                              = 8388608                                   {product} {ergonomic}
    uintx NonNMethodCodeHeapSize                   = 5839372                                {pd product} {ergonomic}
    uintx NonProfiledCodeHeapSize                  = 122909434                              {pd product} {ergonomic}
    uintx ProfiledCodeHeapSize                     = 122909434                              {pd product} {ergonomic}
    uintx ReservedCodeCacheSize                    = 251658240                              {pd product} {ergonomic}
     bool SegmentedCodeCache                       = true                                      {product} {ergonomic}
   size_t SoftMaxHeapSize                          = 4162846720                             {manageable} {ergonomic}
     bool UseCompressedClassPointers               = true                           {product lp64_product} {ergonomic}
     bool UseCompressedOops                        = true                           {product lp64_product} {ergonomic}
     bool UseG1GC                                  = true                                      {product} {ergonomic}

Logging:
Log output configuration:
 #0: stdout all=warning uptime,level,tags
 #1: stderr all=off uptime,level,tags

Environment Variables:
_JAVA_OPTIONS=-Dawt.useSystemAAFontSettings=on -Dswing.aatext=true
CLASSPATH=/home/miaro/Documents/lib_jar/postgresql-42.5.0.jar:/home/miaro/Programs(Installed)/Komodo-Edit-12/bin
PATH=/home/miaro/.cache/activestate/bin:/home/miaro/.komodoide/12.0/XRE/state/bin:/home/miaro/.cache/activestate/bin:/home/miaro/.komodoide/12.0/XRE/state/bin:/home/miaro/.sdkman/candidates/springboot/current/bin:/usr/local/sbin:/usr/sbin:/sbin:/usr/local/bin:/usr/bin:/bin:/usr/local/games:/usr/games:/snap/bin:/home/miaro/.dotnet/tools
SHELL=/usr/bin/zsh
DISPLAY=:1
LANG=en_US.UTF-8
TERM=xterm-256color

Active Locale:
LC_ALL=en_US.UTF-8
LC_COLLATE=en_US.UTF-8
LC_CTYPE=en_US.UTF-8
LC_MESSAGES=en_US.UTF-8
LC_MONETARY=en_US.UTF-8
LC_NUMERIC=en_US.UTF-8
LC_TIME=en_US.UTF-8

Signal Handlers:
   SIGSEGV: crash_handler in libjvm.so, mask=11100100010111111101111111111110, flags=SA_RESTART|SA_SIGINFO, unblocked
    SIGBUS: crash_handler in libjvm.so, mask=11100100010111111101111111111110, flags=SA_RESTART|SA_SIGINFO, unblocked
    SIGFPE: crash_handler in libjvm.so, mask=11100100010111111101111111111110, flags=SA_RESTART|SA_SIGINFO, unblocked
   SIGPIPE: javaSignalHandler in libjvm.so, mask=11100100010111111101111111111110, flags=SA_RESTART|SA_SIGINFO, unblocked
   SIGXFSZ: javaSignalHandler in libjvm.so, mask=11100100010111111101111111111110, flags=SA_RESTART|SA_SIGINFO, unblocked
    SIGILL: crash_handler in libjvm.so, mask=11100100010111111101111111111110, flags=SA_RESTART|SA_SIGINFO, unblocked
   SIGUSR2: SR_handler in libjvm.so, mask=00100000000000000000000000000000, flags=SA_RESTART|SA_SIGINFO, unblocked
    SIGHUP: UserHandler in libjvm.so, mask=11100100010111111101111111111110, flags=SA_RESTART|SA_SIGINFO, unblocked
    SIGINT: UserHandler in libjvm.so, mask=11100100010111111101111111111110, flags=SA_RESTART|SA_SIGINFO, unblocked
   SIGTERM: UserHandler in libjvm.so, mask=11100100010111111101111111111110, flags=SA_RESTART|SA_SIGINFO, unblocked
   SIGQUIT: UserHandler in libjvm.so, mask=11100100010111111101111111111110, flags=SA_RESTART|SA_SIGINFO, blocked
   SIGTRAP: crash_handler in libjvm.so, mask=11100100010111111101111111111110, flags=SA_RESTART|SA_SIGINFO, unblocked


Periodic native trim disabled


---------------  S Y S T E M  ---------------

OS:
PRETTY_NAME="Kali GNU/Linux Rolling"
NAME="Kali GNU/Linux"
VERSION_ID="2023.3"
VERSION="2023.3"
VERSION_CODENAME=kali-rolling
ID=kali
ID_LIKE=debian
HOME_URL="https://www.kali.org/"
SUPPORT_URL="https://forums.kali.org/"
BUG_REPORT_URL="https://bugs.kali.org/"
ANSI_COLOR="1;31"
uname: Linux 6.5.0-kali3-amd64 #1 SMP PREEMPT_DYNAMIC Debian 6.5.6-1kali1 (2023-10-09) x86_64
OS uptime: 0 days 3:56 hours
libc: glibc 2.37 NPTL 2.37 
rlimit (soft/hard): STACK 8192k/infinity , CORE 0k/infinity , NPROC 63171/63171 , NOFILE 1048576/1048576 , AS infinity/infinity , CPU infinity/infinity , DATA infinity/infinity , FSIZE infinity/infinity , MEMLOCK 2031888k/2031888k
load average: 2.20 1.41 1.18

/proc/meminfo:
MemTotal:       16255112 kB
MemFree:          231532 kB
MemAvailable:    4195040 kB
Buffers:          226384 kB
Cached:          6128208 kB
SwapCached:            0 kB
Active:         10786256 kB
Inactive:        3167792 kB
Active(anon):    8883764 kB
Inactive(anon):   971268 kB
Active(file):    1902492 kB
Inactive(file):  2196524 kB
Unevictable:     1366060 kB
Mlocked:              80 kB
SwapTotal:       6836220 kB
SwapFree:        6836220 kB
Zswap:                 0 kB
Zswapped:              0 kB
Dirty:              3320 kB
Writeback:            44 kB
AnonPages:       8780536 kB
Mapped:          1652588 kB
Shmem:           2255384 kB
KReclaimable:     205992 kB
Slab:             394364 kB
SReclaimable:     205992 kB
SUnreclaim:       188372 kB
KernelStack:       36404 kB
PageTables:        95608 kB
SecPageTables:         0 kB
NFS_Unstable:          0 kB
Bounce:                0 kB
WritebackTmp:          0 kB
CommitLimit:    14963776 kB
Committed_AS:   27279932 kB
VmallocTotal:   34359738367 kB
VmallocUsed:       96644 kB
VmallocChunk:          0 kB
Percpu:             7456 kB
HardwareCorrupted:     0 kB
AnonHugePages:   3584000 kB
ShmemHugePages:  1521664 kB
ShmemPmdMapped:        0 kB
FileHugePages:         0 kB
FilePmdMapped:         0 kB
Unaccepted:            0 kB
HugePages_Total:       0
HugePages_Free:        0
HugePages_Rsvd:        0
HugePages_Surp:        0
Hugepagesize:       2048 kB
Hugetlb:               0 kB
DirectMap4k:      203412 kB
DirectMap2M:     5969920 kB
DirectMap1G:    10485760 kB

/sys/kernel/mm/transparent_hugepage/enabled: [always] madvise never
/sys/kernel/mm/transparent_hugepage/defrag (defrag/compaction efforts parameter): always defer defer+madvise [madvise] never

Process Memory:
Virtual Size: 7003368K (peak: 7068400K)
Resident Set Size: 47584K (peak: 47584K) (anon: 25692K, file: 21892K, shmem: 0K)
Swapped out: 0K
C-Heap outstanding allocations: 24238K, retained: 2065K
glibc malloc tunables: (default)

/proc/sys/kernel/threads-max (system-wide limit on the number of threads): 126342
/proc/sys/vm/max_map_count (maximum number of memory map areas a process may have): 65530
/proc/sys/kernel/pid_max (system-wide limit on number of process identifiers): 4194304

container (cgroup) information:
container_type: cgroupv2
cpu_cpuset_cpus: not supported
cpu_memory_nodes: not supported
active_processor_count: 8
cpu_quota: not supported
cpu_period: not supported
cpu_shares: not supported
memory_limit_in_bytes: unlimited
memory_and_swap_limit_in_bytes: unlimited
memory_soft_limit_in_bytes: unlimited
memory_usage_in_bytes: 3698332 k
memory_max_usage_in_bytes: not supported
memory_swap_current_in_bytes: unlimited
memory_swap_max_limit_in_bytes: unlimited
maximum number of tasks: 18951
current number of tasks: 568

Steal ticks since vm start: 0
Steal ticks percentage since vm start:  0.000

CPU: total 8 (initial active 8) (4 cores per cpu, 2 threads per core) family 6 model 158 stepping 9 microcode 0xf4, cx8, cmov, fxsr, ht, mmx, 3dnowpref, sse, sse2, sse3, ssse3, sse4.1, sse4.2, popcnt, lzcnt, tsc, tscinvbit, avx, avx2, aes, erms, clmul, bmi1, bmi2, adx, fma, vzeroupper, clflush, clflushopt
CPU Model and flags from /proc/cpuinfo:
model name	: Intel(R) Core(TM) i7-7700HQ CPU @ 2.80GHz
flags		: fpu vme de pse tsc msr pae mce cx8 apic sep mtrr pge mca cmov pat pse36 clflush dts acpi mmx fxsr sse sse2 ss ht tm pbe syscall nx pdpe1gb rdtscp lm constant_tsc art arch_perfmon pebs bts rep_good nopl xtopology nonstop_tsc cpuid aperfmperf pni pclmulqdq dtes64 monitor ds_cpl vmx est tm2 ssse3 sdbg fma cx16 xtpr pdcm pcid sse4_1 sse4_2 x2apic movbe popcnt tsc_deadline_timer aes xsave avx f16c rdrand lahf_lm abm 3dnowprefetch cpuid_fault epb invpcid_single pti ssbd ibrs ibpb stibp tpr_shadow flexpriority ept vpid ept_ad fsgsbase tsc_adjust bmi1 avx2 smep bmi2 erms invpcid mpx rdseed adx smap clflushopt intel_pt xsaveopt xsavec xgetbv1 xsaves dtherm ida arat pln pts hwp hwp_notify hwp_act_window hwp_epp vnmi md_clear flush_l1d arch_capabilities

Online cpus: 0-7
Offline cpus: 
BIOS frequency limitation: <Not Available>
Frequency switch latency (ns): 0
Available cpu frequencies: <Not Available>
Current governor: powersave
Core performance/turbo boost: <Not Available>

Memory: 4k page, physical 16255112k(231532k free), swap 6836220k(6836220k free)
Page Sizes: 4k

vm_info: OpenJDK 64-Bit Server VM (17.0.9+9-Debian-2) for linux-amd64 JRE (17.0.9+9-Debian-2), built on Nov  2 2023 16:48:51 by "buildd" with gcc 13.2.0

END.
