#
# A fatal error has been detected by the Java Runtime Environment:
#
#  SIGSEGV (0xb) at pc=0x00007fb07ebed176, pid=12633, tid=12635
#
# JRE version: OpenJDK Runtime Environment (17.0.9+9) (build 17.0.9+9-Debian-2)
# Java VM: OpenJDK 64-Bit Server VM (17.0.9+9-Debian-2, mixed mode, emulated-client, sharing, tiered, compressed oops, compressed class ptrs, g1 gc, linux-amd64)
# Problematic frame:
# V  [libjvm.so+0x5ed176]  CompiledMethod::cleanup_inline_caches_impl(bool, bool)+0x3c6
#
# Core dump will be written. Default location: Core dumps may be processed with "/lib/systemd/systemd-coredump %P %u %g %s %t 9223372036854775808 %h" (or dumping to /home/miaro/Fianarana/ITU/S5/Mr_Rojo/autotrader/core.12633)
#
# If you would like to submit a bug report, please visit:
#   https://bugs.debian.org/openjdk-17
#

---------------  S U M M A R Y ------------

Command Line: -XX:TieredStopAtLevel=1 -Dawt.useSystemAAFontSettings=on -Dswing.aatext=true org.autotrader.AutotraderApplication

Host: Intel(R) Core(TM) i7-7700HQ CPU @ 2.80GHz, 8 cores, 15G, Kali GNU/Linux Rolling
Time: Wed Feb  7 03:34:26 2024 +0530 elapsed time: 715.941334 seconds (0d 0h 11m 55s)

---------------  T H R E A D  ---------------

Current thread (0x00007fb078081cf0):  GCTaskThread "GC Thread#0" [stack: 0x00007fb07c0b5000,0x00007fb07c1b5000] [id=12635]

Stack: [0x00007fb07c0b5000,0x00007fb07c1b5000],  sp=0x00007fb07c1b3ae0,  free space=1018k
Native frames: (J=compiled Java code, j=interpreted, Vv=VM code, C=native code)
V  [libjvm.so+0x5ed176]  CompiledMethod::cleanup_inline_caches_impl(bool, bool)+0x3c6
V  [libjvm.so+0x5ed67d]  CompiledMethod::unload_nmethod_caches(bool)+0x6d
V  [libjvm.so+0xbfee3e]  nmethod::do_unloading(bool)+0x8e
V  [libjvm.so+0xc594fe]  CodeCacheUnloadingTask::work(unsigned int)+0x8e
V  [libjvm.so+0x74e18b]  G1ParallelCleaningTask::work(unsigned int)+0x2b
V  [libjvm.so+0xf6bb51]  GangWorker::loop()+0x61
V  [libjvm.so+0xf6bbb2]
V  [libjvm.so+0xeb7dcf]  Thread::call_run()+0xbf
V  [libjvm.so+0xc3d269]  thread_native_entry(Thread*)+0xe9


siginfo: si_signo: 11 (SIGSEGV), si_code: 128 (SI_KERNEL), si_addr: 0x0000000000000000

Registers:
RAX=0x0200000000000000, RBX=0x00007fb06e774990, RCX=0x00ff000000000000, RDX=0x00007fb06e775555
RSP=0x00007fb07c1b3ae0, RBP=0x00007fb07c1b3c10, RSI=0x0000000000000001, RDI=0x00007fb06e775555
R8 =0x00007fb06d451010, R9 =0x00007fb06d451000, R10=0x00007fb07f985000, R11=0x0000000000000246
R12=0x00007fb07f65fd3c, R13=0x0000000000000001, R14=0x0200000000000000, R15=0x00007fb078081fb0
RIP=0x00007fb07ebed176, EFLAGS=0x0000000000010206, CSGSFS=0x002b000000000033, ERR=0x0000000000000000
  TRAPNO=0x000000000000000d


Register to memory mapping:

RAX=0x0200000000000000 is an unknown value
RBX=0x00007fb06e774990 is at entry_point+-720 in (nmethod*)0x00007fb06e774990
Compiled method (c1)  715943 11699       1       org.hibernate.boot.model.source.spi.AbstractAttributeKey::<init> (83 bytes)
 total in heap  [0x00007fb06e774990,0x00007fb06e775d28] = 5016
 relocation     [0x00007fb06e774af0,0x00007fb06e774c50] = 352
 main code      [0x00007fb06e774c60,0x00007fb06e7754a0] = 2112
 stub code      [0x00007fb06e7754a0,0x00007fb06e7755f0] = 336
 oops           [0x00007fb06e7755f0,0x00007fb06e775620] = 48
 metadata       [0x00007fb06e775620,0x00007fb06e7756f8] = 216
 scopes data    [0x00007fb06e7756f8,0x00007fb06e775aa8] = 944
 scopes pcs     [0x00007fb06e775aa8,0x00007fb06e775cc8] = 544
 dependencies   [0x00007fb06e775cc8,0x00007fb06e775cd8] = 16
 nul chk table  [0x00007fb06e775cd8,0x00007fb06e775d28] = 80
RCX=0x00ff000000000000 is an unknown value
RDX=0x00007fb06e775555 is at entry_point+2293 in (nmethod*)0x00007fb06e774990
Compiled method (c1)  715943 11699       1       org.hibernate.boot.model.source.spi.AbstractAttributeKey::<init> (83 bytes)
 total in heap  [0x00007fb06e774990,0x00007fb06e775d28] = 5016
 relocation     [0x00007fb06e774af0,0x00007fb06e774c50] = 352
 main code      [0x00007fb06e774c60,0x00007fb06e7754a0] = 2112
 stub code      [0x00007fb06e7754a0,0x00007fb06e7755f0] = 336
 oops           [0x00007fb06e7755f0,0x00007fb06e775620] = 48
 metadata       [0x00007fb06e775620,0x00007fb06e7756f8] = 216
 scopes data    [0x00007fb06e7756f8,0x00007fb06e775aa8] = 944
 scopes pcs     [0x00007fb06e775aa8,0x00007fb06e775cc8] = 544
 dependencies   [0x00007fb06e775cc8,0x00007fb06e775cd8] = 16
 nul chk table  [0x00007fb06e775cd8,0x00007fb06e775d28] = 80
RSP=0x00007fb07c1b3ae0 points into unknown readable memory: 0x00007fb07c1b3bb0 | b0 3b 1b 7c b0 7f 00 00
RBP=0x00007fb07c1b3c10 points into unknown readable memory: 0x00007fb07c1b3c90 | 90 3c 1b 7c b0 7f 00 00
RSI=0x0000000000000001 is an unknown value
RDI=0x00007fb06e775555 is at entry_point+2293 in (nmethod*)0x00007fb06e774990
Compiled method (c1)  715943 11699       1       org.hibernate.boot.model.source.spi.AbstractAttributeKey::<init> (83 bytes)
 total in heap  [0x00007fb06e774990,0x00007fb06e775d28] = 5016
 relocation     [0x00007fb06e774af0,0x00007fb06e774c50] = 352
 main code      [0x00007fb06e774c60,0x00007fb06e7754a0] = 2112
 stub code      [0x00007fb06e7754a0,0x00007fb06e7755f0] = 336
 oops           [0x00007fb06e7755f0,0x00007fb06e775620] = 48
 metadata       [0x00007fb06e775620,0x00007fb06e7756f8] = 216
 scopes data    [0x00007fb06e7756f8,0x00007fb06e775aa8] = 944
 scopes pcs     [0x00007fb06e775aa8,0x00007fb06e775cc8] = 544
 dependencies   [0x00007fb06e775cc8,0x00007fb06e775cd8] = 16
 nul chk table  [0x00007fb06e775cd8,0x00007fb06e775d28] = 80
R8 =0x00007fb06d451010 is at code_begin+-112 in 
[CodeBlob (0x00007fb06d451010)]
Framesize: 356
Runtime Stub (0x00007fb06d451010): resolve_opt_virtual_call
--------------------------------------------------------------------------------
Decoding CodeBlob, name: resolve_opt_virtual_call, at  [0x00007fb06d451080, 0x00007fb06d451228]  424 bytes
[MachCode]
  0x00007fb06d451080: 5548 8bec | 9c48 83ec | 0848 81ec | 8000 0000 | 4889 4424 | 7848 894c | 2470 4889 | 5424 6848 
  0x00007fb06d4510a0: 895c 2460 | 4889 6c24 | 5048 8974 | 2448 4889 | 7c24 404c | 8944 2438 | 4c89 4c24 | 304c 8954 
  0x00007fb06d4510c0: 2428 4c89 | 5c24 204c | 8964 2418 | 4c89 6c24 | 104c 8974 | 2408 4c89 | 3c24 4881 | ec80 0a00 
  0x00007fb06d4510e0: 0048 0fae | 0424 c5f8 | 77c5 f877 | 4989 a790 | 0200 0049 | 8bff e885 | 9eea 1149 | c787 9002 
  0x00007fb06d451100: 0000 0000 | 0000 49c7 | 8798 0200 | 0000 0000 | 00c5 f877 | 4981 7f08 | 0000 0000 | 0f85 8a00 
  0x00007fb06d451120: 0000 498b | 9ff0 0200 | 0049 c787 | f002 0000 | 0000 0000 | 4889 9c24 | e00a 0000 | 4889 8424 
  0x00007fb06d451140: f80a 0000 | c5f8 7748 | 0fae 0c24 | 4881 c480 | 0a00 004c | 8b3c 244c | 8b74 2408 | 4c8b 6c24 
  0x00007fb06d451160: 104c 8b64 | 2418 4c8b | 5c24 204c | 8b54 2428 | 4c8b 4c24 | 304c 8b44 | 2438 488b | 7c24 4048 
  0x00007fb06d451180: 8b74 2448 | 488b 6c24 | 5048 8b5c | 2460 488b | 5424 6848 | 8b4c 2470 | 488b 4424 | 7848 81c4 
  0x00007fb06d4511a0: 8000 0000 | 4883 c408 | 9d5d ffe0 | c5f8 7748 | 0fae 0c24 | 4881 c480 | 0a00 004c | 8b3c 244c 
  0x00007fb06d4511c0: 8b74 2408 | 4c8b 6c24 | 104c 8b64 | 2418 4c8b | 5c24 204c | 8b54 2428 | 4c8b 4c24 | 304c 8b44 
  0x00007fb06d4511e0: 2438 488b | 7c24 4048 | 8b74 2448 | 488b 6c24 | 5048 8b5c | 2460 488b | 5424 6848 | 8b4c 2470 
  0x00007fb06d451200: 488b 4424 | 7848 81c4 | 8000 0000 | 4883 c408 | 9d5d 49c7 | 87e8 0200 | 0000 0000 | 0049 8b47 
  0x00007fb06d451220: 08e9 daf9 | faff f4f4 
[/MachCode]
--------------------------------------------------------------------------------
R9 =0x00007fb06d451000 points into unknown readable memory: 0x0000000000000006 | 06 00 00 00 00 00 00 00
R10=0x00007fb07f985000 points into unknown readable memory: 0x0100050403020100 | 00 01 02 03 04 05 00 01
R11=0x0000000000000246 is an unknown value
R12=0x00007fb07f65fd3c: <offset 0x000000000105fd3c> in /usr/lib/jvm/java-17-openjdk-amd64/lib/server/libjvm.so at 0x00007fb07e600000
R13=0x0000000000000001 is an unknown value
R14=0x0200000000000000 is an unknown value
R15=0x00007fb078081fb0 points into unknown readable memory: 0x0000000000000002 | 02 00 00 00 00 00 00 00


Top of Stack: (sp=0x00007fb07c1b3ae0)
0x00007fb07c1b3ae0:   00007fb07c1b3bb0 00000000000003d8
0x00007fb07c1b3af0:   00007fb0780284a0 00007fb0780284b0
0x00007fb07c1b3b00:   00007fb078028888 00007fb0780284b0
0x00007fb07c1b3b10:   00007fb07f84f4b8 00007fb07c1b3b40
0x00007fb07c1b3b20:   00007fb0780284a0 00007fb06d700290
0x00007fb07c1b3b30:   00017fb06e774990 00007fb07c1b3b40
0x00007fb07c1b3b40:   0000000000000000 00007fb06e774bf6
0x00007fb07c1b3b50:   00007fb06e774c50 00007fb06e774990
0x00007fb07c1b3b60:   00007fb06e775555 00007fb07f1f020e
0x00007fb07c1b3b70:   00007fb06e774bf2 00007fb07c1b0000
0x00007fb07c1b3b80:   00007fb06e774c60 00007fb06e774c60
0x00007fb07c1b3b90:   00007fb06e7754a0 00007fb06e774c60
0x00007fb07c1b3ba0:   00007fb06e7754a0 00007fb06e7755f0
0x00007fb07c1b3bb0:   00007fb07f84f4b8 00007fb07c1b3b40
0x00007fb07c1b3bc0:   000000000000000c 00007fb000000000
0x00007fb07c1b3bd0:   00007fb000000000 00007fb06e774c60
0x00007fb07c1b3be0:   00007fb06e7754a0 00007fb06e774990
0x00007fb07c1b3bf0:   0000000000000001 00007fb078081fb0
0x00007fb07c1b3c00:   0000000000000000 00007fb04e3ce410
0x00007fb07c1b3c10:   00007fb07c1b3c90 00007fb07ebed67d
0x00007fb07c1b3c20:   00007fb06e598140 00000000000003d8
0x00007fb07c1b3c30:   00007fb0780284a0 00007fb0780284b0
0x00007fb07c1b3c40:   00007fb078028888 00007fb0780284b0
0x00007fb07c1b3c50:   00007fb0780284a0 00007fb06e774990
0x00007fb07c1b3c60:   00007fb07f847608 00007fb06e774990
0x00007fb07c1b3c70:   0000000000000001 0000000000000006
0x00007fb07c1b3c80:   0000000000000006 00007fb04e3ce410
0x00007fb07c1b3c90:   00007fb07c1b3cd0 00007fb07f1fee3e
0x00007fb07c1b3ca0:   00007fb07c1b3cc0 00007fb07c1b3d70
0x00007fb07c1b3cb0:   00007fb064c11f68 00007fb07c1b3d70
0x00007fb07c1b3cc0:   00007fb07c1b3cf0 00007fb07c1b3cec
0x00007fb07c1b3cd0:   00007fb07c1b3da0 00007fb07f2594fe 

Instructions: (pc=0x00007fb07ebed176)
0x00007fb07ebed076:   48 3b 85 40 ff ff ff 0f 85 75 ff ff ff e9 d3 fe
0x00007fb07ebed086:   ff ff 0f 1f 84 00 00 00 00 00 31 f6 bf 20 00 00
0x00007fb07ebed096:   00 e8 c4 19 6f 00 49 89 c6 48 85 c0 74 0f 48 8b
0x00007fb07ebed0a6:   b5 28 ff ff ff 48 89 c7 e8 1d c4 ff ff 4c 89 f7
0x00007fb07ebed0b6:   e8 d5 ee ff ff 84 c0 0f 84 ff 01 00 00 31 f6 bf
0x00007fb07ebed0c6:   20 00 00 00 e8 91 19 6f 00 49 89 c6 48 85 c0 74
0x00007fb07ebed0d6:   0f 48 8b b5 28 ff ff ff 48 89 c7 e8 ea c3 ff ff
0x00007fb07ebed0e6:   4c 89 f7 e8 22 c1 ff ff 0f b6 8d 27 ff ff ff 48
0x00007fb07ebed0f6:   89 da 4c 89 f7 48 89 c6 e8 cd d7 ff ff 84 c0 0f
0x00007fb07ebed106:   84 b7 01 00 00 48 8b 95 38 ff ff ff e9 54 ff ff
0x00007fb07ebed116:   ff 66 0f 1f 84 00 00 00 00 00 48 89 c2 45 84 ed
0x00007fb07ebed126:   0f 84 3f ff ff ff 48 8b 03 48 89 df ff 90 20 02
0x00007fb07ebed136:   00 00 84 c0 0f 85 10 04 00 00 4c 8b b5 d0 fe ff
0x00007fb07ebed146:   ff 66 0f 6f 9d 00 ff ff ff c7 45 b0 0c 00 00 00
0x00007fb07ebed156:   4c 89 f7 0f 29 5d a0 e8 9e 76 6e 00 4c 89 f7 e8
0x00007fb07ebed166:   86 9a 6e 00 49 89 c6 48 85 c0 0f 84 da 03 00 00
0x00007fb07ebed176:   48 8b 00 4c 89 f7 ff 50 10 41 89 c5 84 c0 74 85
0x00007fb07ebed186:   49 8b 46 08 48 8b 40 08 48 8b 40 18 48 8b b8 98
0x00007fb07ebed196:   00 00 00 e8 c2 52 fa ff 41 89 c5 84 c0 0f 85 a7
0x00007fb07ebed1a6:   03 00 00 48 8b bd d0 fe ff ff e8 eb 99 6e 00 48
0x00007fb07ebed1b6:   c7 00 00 00 00 00 44 8b 4d b4 45 85 c9 0f 84 42
0x00007fb07ebed1c6:   ff ff ff 48 8b bd d0 fe ff ff e8 9b 9a 6e 00 e9
0x00007fb07ebed1d6:   31 ff ff ff 66 0f 1f 44 00 00 48 8b 03 48 8b bd
0x00007fb07ebed1e6:   28 ff ff ff 4c 8b b0 00 02 00 00 e8 aa 89 6e 00
0x00007fb07ebed1f6:   48 89 df 48 89 c6 41 ff d6 48 8d 3d 6a d2 ff ff
0x00007fb07ebed206:   49 89 c6 48 8b 00 48 8b 00 48 39 f8 0f 85 68 03
0x00007fb07ebed216:   00 00 49 8b 7e 08 e8 2f b3 60 00 48 89 c7 e8 47
0x00007fb07ebed226:   09 fc ff 48 89 c2 48 85 c0 0f 84 d6 fe ff ff 48
0x00007fb07ebed236:   8b 00 48 89 95 18 ff ff ff 48 89 d7 ff 50 58 48
0x00007fb07ebed246:   8b 95 18 ff ff ff 84 c0 0f 84 b7 fe ff ff 80 bd
0x00007fb07ebed256:   27 ff ff ff 00 75 43 48 8b 02 48 8d 3d c9 25 fd
0x00007fb07ebed266:   ff 48 8b 88 c0 00 00 00 48 39 f9 0f 85 50 03 00 


Stack slot to memory mapping:
stack at sp + 0 slots: 0x00007fb07c1b3bb0 points into unknown readable memory: 0x00007fb07f84f4b8 | b8 f4 84 7f b0 7f 00 00
stack at sp + 1 slots: 0x00000000000003d8 is an unknown value
stack at sp + 2 slots: 0x00007fb0780284a0 points into unknown readable memory: 0x0000000000000000 | 00 00 00 00 00 00 00 00
stack at sp + 3 slots: 0x00007fb0780284b0 points into unknown readable memory: 0x00007fb07f8e3e50 | 50 3e 8e 7f b0 7f 00 00
stack at sp + 4 slots: 0x00007fb078028888 points into unknown readable memory: 0x0000000000000035 | 35 00 00 00 00 00 00 00
stack at sp + 5 slots: 0x00007fb0780284b0 points into unknown readable memory: 0x00007fb07f8e3e50 | 50 3e 8e 7f b0 7f 00 00
stack at sp + 6 slots: 0x00007fb07f84f4b8: <offset 0x000000000124f4b8> in /usr/lib/jvm/java-17-openjdk-amd64/lib/server/libjvm.so at 0x00007fb07e600000
stack at sp + 7 slots: 0x00007fb07c1b3b40 points into unknown readable memory: 0x0000000000000000 | 00 00 00 00 00 00 00 00


---------------  P R O C E S S  ---------------

Threads class SMR info:
_java_thread_list=0x00007faf68001aa0, length=13, elements={
0x00007fb07817b850, 0x00007fb07817cc40, 0x00007fb0781821a0, 0x00007fb078183560,
0x00007fb078184980, 0x00007fb078185f00, 0x00007fb078187370, 0x00007fb07818f510,
0x00007fb078193060, 0x00007fafb1a8f540, 0x00007fb078016ed0, 0x00007faf740012d0,
0x00007fafd40e4e40
}

Java Threads: ( => current thread )
  0x00007fb07817b850 JavaThread "Reference Handler" daemon [_thread_blocked, id=12642, stack(0x00007fb064a13000,0x00007fb064b13000)]
  0x00007fb07817cc40 JavaThread "Finalizer" daemon [_thread_blocked, id=12643, stack(0x00007fb064913000,0x00007fb064a13000)]
  0x00007fb0781821a0 JavaThread "Signal Dispatcher" daemon [_thread_blocked, id=12644, stack(0x00007fb064500000,0x00007fb064600000)]
  0x00007fb078183560 JavaThread "Service Thread" daemon [_thread_blocked, id=12645, stack(0x00007fb064400000,0x00007fb064500000)]
  0x00007fb078184980 JavaThread "Monitor Deflation Thread" daemon [_thread_blocked, id=12646, stack(0x00007fb064300000,0x00007fb064400000)]
  0x00007fb078185f00 JavaThread "C1 CompilerThread0" daemon [_thread_blocked, id=12647, stack(0x00007fb064200000,0x00007fb064300000)]
  0x00007fb078187370 JavaThread "Sweeper thread" daemon [_thread_blocked, id=12648, stack(0x00007fb064100000,0x00007fb064200000)]
  0x00007fb07818f510 JavaThread "Notification Thread" daemon [_thread_blocked, id=12649, stack(0x00007fb064000000,0x00007fb064100000)]
  0x00007fb078193060 JavaThread "Common-Cleaner" daemon [_thread_blocked, id=12651, stack(0x00007fb055dff000,0x00007fb055eff000)]
  0x00007fafb1a8f540 JavaThread "Live Reload Server" daemon [_thread_in_native, id=12690, stack(0x00007fb0545c3000,0x00007fb0546c3000)]
  0x00007fb078016ed0 JavaThread "DestroyJavaVM" [_thread_blocked, id=12634, stack(0x00007fb07e100000,0x00007fb07e200000)]
  0x00007faf740012d0 JavaThread "Thread-31" [_thread_blocked, id=13779, stack(0x00007fb0549c3000,0x00007fb054ac3000)]
  0x00007fafd40e4e40 JavaThread "PostgreSQL-JDBC-Cleaner" daemon [_thread_blocked, id=13836, stack(0x00007fb0541c3000,0x00007fb0542c3000)]

Other Threads:
  0x00007fb0781778b0 VMThread "VM Thread" [stack: 0x00007fb064b14000,0x00007fb064c14000] [id=12641]
  0x00007fb078191260 WatcherThread [stack: 0x00007fb055f00000,0x00007fb056000000] [id=12650]
=>0x00007fb078081cf0 GCTaskThread "GC Thread#0" [stack: 0x00007fb07c0b5000,0x00007fb07c1b5000] [id=12635]
  0x00007fb000005eb0 GCTaskThread "GC Thread#1" [stack: 0x00007fb055ace000,0x00007fb055bce000] [id=12654]
  0x00007fb0000068c0 GCTaskThread "GC Thread#2" [stack: 0x00007fb0559cd000,0x00007fb055acd000] [id=12655]
  0x00007fb0000072d0 GCTaskThread "GC Thread#3" [stack: 0x00007fb0558cc000,0x00007fb0559cc000] [id=12656]
  0x00007fb000007ce0 GCTaskThread "GC Thread#4" [stack: 0x00007fb0557cb000,0x00007fb0558cb000] [id=12657]
  0x00007fb0000086f0 GCTaskThread "GC Thread#5" [stack: 0x00007fb0556ca000,0x00007fb0557ca000] [id=12658]
  0x00007fb00000c440 GCTaskThread "GC Thread#6" [stack: 0x00007fb0551c9000,0x00007fb0552c9000] [id=12663]
  0x00007fb00000cb60 GCTaskThread "GC Thread#7" [stack: 0x00007fb0550c8000,0x00007fb0551c8000] [id=12664]
  0x00007fb078092b10 ConcurrentGCThread "G1 Main Marker" [stack: 0x00007fb077f00000,0x00007fb078000000] [id=12636]
  0x00007fb078093a80 ConcurrentGCThread "G1 Conc#0" [stack: 0x00007fb0656f0000,0x00007fb0657f0000] [id=12637]
  0x00007fb058000ea0 ConcurrentGCThread "G1 Conc#1" [stack: 0x00007fb054fc7000,0x00007fb0550c7000] [id=12667]
  0x00007fb0781486c0 ConcurrentGCThread "G1 Refine#0" [stack: 0x00007fb064de7000,0x00007fb064ee7000] [id=12639]
  0x00007fb050000ea0 ConcurrentGCThread "G1 Refine#1" [stack: 0x00007fb054ec6000,0x00007fb054fc6000] [id=12668]
  0x00007fafa4000d60 ConcurrentGCThread "G1 Refine#2" [stack: 0x00007fb054dc5000,0x00007fb054ec5000] [id=12669]
  0x00007faf98000d60 ConcurrentGCThread "G1 Refine#3" [stack: 0x00007fb054cc4000,0x00007fb054dc4000] [id=12670]
  0x00007fb0781495c0 ConcurrentGCThread "G1 Service" [stack: 0x00007fb064ce6000,0x00007fb064de6000] [id=12640]

Threads with active compile tasks:
C1 CompilerThread0   715952 11944       1       org.apache.catalina.core.ContainerBase::fireContainerEvent (70 bytes)

VM state: at safepoint (normal execution)

VM Mutex/Monitor currently owned by a thread:  ([mutex/lock_event])
[0x00007fb078014070] Threads_lock - owner thread: 0x00007fb0781778b0
[0x00007fb078014820] Heap_lock - owner thread: 0x00007faf740012d0

OutOfMemory and StackOverflow Exception counts:
StackOverflowErrors=8
LinkageErrors=179

Heap address: 0x0000000707e00000, size: 3970 MB, Compressed Oops mode: Zero based, Oop shift amount: 3

CDS archive(s) mapped at: [0x00007fb007000000-0x00007fb007bc6000-0x00007fb007bc6000), size 12345344, SharedBaseAddress: 0x00007fb007000000, ArchiveRelocationMode: 1.
Compressed class space mapped at: 0x00007fb008000000-0x00007fb048000000, reserved size: 1073741824
Narrow klass base: 0x00007fb007000000, Narrow klass shift: 0, Narrow klass range: 0x100000000

GC Precious Log:
 CPUs: 8 total, 8 available
 Memory: 15874M
 Large Page Support: Disabled
 NUMA Support: Disabled
 Compressed Oops: Enabled (Zero based)
 Heap Region Size: 2M
 Heap Min Capacity: 8M
 Heap Initial Capacity: 250M
 Heap Max Capacity: 3970M
 Pre-touch: Disabled
 Parallel Workers: 8
 Concurrent Workers: 2
 Concurrent Refinement Workers: 8
 Periodic GC: Disabled

Heap:
 garbage-first heap   total 116736K, used 91346K [0x0000000707e00000, 0x0000000800000000)
  region size 2048K, 29 young (59392K), 3 survivors (6144K)
 Metaspace       used 78071K, committed 78784K, reserved 1179648K
  class space    used 11232K, committed 11584K, reserved 1048576K

Heap Regions: E=young(eden), S=young(survivor), O=old, HS=humongous(starts), HC=humongous(continues), CS=collection set, F=free, OA=open archive, CA=closed archive, TAMS=top-at-mark-start (previous, next)
|   0|0x0000000707e00000, 0x0000000708000000, 0x0000000708000000|100%| O|  |TAMS 0x0000000708000000, 0x0000000707e00000| Untracked 
|   1|0x0000000708000000, 0x00000007081ffff0, 0x0000000708200000| 99%| O|  |TAMS 0x00000007081ffff0, 0x0000000708000000| Untracked 
|   2|0x0000000708200000, 0x00000007083fffd0, 0x0000000708400000| 99%| O|  |TAMS 0x00000007083fffd0, 0x0000000708200000| Untracked 
|   3|0x0000000708400000, 0x00000007085fff60, 0x0000000708600000| 99%| O|  |TAMS 0x00000007085fff60, 0x0000000708400000| Untracked 
|   4|0x0000000708600000, 0x00000007087fff90, 0x0000000708800000| 99%| O|  |TAMS 0x00000007087fff90, 0x0000000708600000| Untracked 
|   5|0x0000000708800000, 0x00000007089fffe8, 0x0000000708a00000| 99%| O|  |TAMS 0x00000007089fffe8, 0x0000000708800000| Untracked 
|   6|0x0000000708a00000, 0x0000000708bfffe8, 0x0000000708c00000| 99%| O|  |TAMS 0x0000000708bfffe8, 0x0000000708a00000| Untracked 
|   7|0x0000000708c00000, 0x0000000708dffff8, 0x0000000708e00000| 99%| O|  |TAMS 0x0000000708dffff8, 0x0000000708c00000| Untracked 
|   8|0x0000000708e00000, 0x0000000708ffec98, 0x0000000709000000| 99%| O|  |TAMS 0x0000000708ffec98, 0x0000000708e00000| Untracked 
|   9|0x0000000709000000, 0x00000007091ffff0, 0x0000000709200000| 99%| O|  |TAMS 0x00000007091ffff0, 0x0000000709000000| Untracked 
|  10|0x0000000709200000, 0x00000007093501a0, 0x0000000709400000| 65%| O|  |TAMS 0x0000000709200000, 0x0000000709200000| Untracked 
|  11|0x0000000709400000, 0x00000007095ffff8, 0x0000000709600000| 99%| O|  |TAMS 0x00000007095ffff8, 0x0000000709400000| Untracked 
|  12|0x0000000709600000, 0x0000000709800000, 0x0000000709800000|100%| O|  |TAMS 0x0000000709800000, 0x0000000709600000| Untracked 
|  13|0x0000000709800000, 0x00000007099bd250, 0x0000000709a00000| 86%| O|  |TAMS 0x0000000709800000, 0x0000000709800000| Untracked 
|  14|0x0000000709a00000, 0x0000000709affe38, 0x0000000709c00000| 49%| O|  |TAMS 0x0000000709a00000, 0x0000000709a00000| Untracked 
|  15|0x0000000709c00000, 0x0000000709c00000, 0x0000000709e00000|  0%| F|  |TAMS 0x0000000709c00000, 0x0000000709c00000| Untracked 
|  16|0x0000000709e00000, 0x0000000709e00000, 0x000000070a000000|  0%| F|  |TAMS 0x0000000709e00000, 0x0000000709e00000| Untracked 
|  17|0x000000070a000000, 0x000000070a000000, 0x000000070a200000|  0%| F|  |TAMS 0x000000070a000000, 0x000000070a000000| Untracked 
|  18|0x000000070a200000, 0x000000070a200000, 0x000000070a400000|  0%| F|  |TAMS 0x000000070a200000, 0x000000070a200000| Untracked 
|  19|0x000000070a400000, 0x000000070a400000, 0x000000070a600000|  0%| F|  |TAMS 0x000000070a400000, 0x000000070a400000| Untracked 
|  20|0x000000070a600000, 0x000000070a600000, 0x000000070a800000|  0%| F|  |TAMS 0x000000070a600000, 0x000000070a600000| Untracked 
|  21|0x000000070a800000, 0x000000070a800000, 0x000000070aa00000|  0%| F|  |TAMS 0x000000070a800000, 0x000000070a800000| Untracked 
|  22|0x000000070aa00000, 0x000000070abef4c8, 0x000000070ac00000| 96%| S|  |TAMS 0x000000070aa00000, 0x000000070aa00000| Complete 
|  23|0x000000070ac00000, 0x000000070ac00000, 0x000000070ae00000|  0%| F|  |TAMS 0x000000070ac00000, 0x000000070ac00000| Untracked 
|  24|0x000000070ae00000, 0x000000070ae00000, 0x000000070b000000|  0%| F|  |TAMS 0x000000070ae00000, 0x000000070ae00000| Untracked 
|  25|0x000000070b000000, 0x000000070b000000, 0x000000070b200000|  0%| F|  |TAMS 0x000000070b000000, 0x000000070b000000| Untracked 
|  26|0x000000070b200000, 0x000000070b350ab8, 0x000000070b400000| 65%| O|  |TAMS 0x000000070b200000, 0x000000070b200000| Untracked 
|  27|0x000000070b400000, 0x000000070b600000, 0x000000070b600000|100%| S|  |TAMS 0x000000070b400000, 0x000000070b400000| Complete 
|  28|0x000000070b600000, 0x000000070b800000, 0x000000070b800000|100%| S|  |TAMS 0x000000070b600000, 0x000000070b600000| Complete 
|  29|0x000000070b800000, 0x000000070b9fcc70, 0x000000070ba00000| 99%| E|  |TAMS 0x000000070b800000, 0x000000070b800000| Complete 
|  30|0x000000070ba00000, 0x000000070bc00000, 0x000000070bc00000|100%| E|  |TAMS 0x000000070ba00000, 0x000000070ba00000| Complete 
|  31|0x000000070bc00000, 0x000000070be00000, 0x000000070be00000|100%| E|  |TAMS 0x000000070bc00000, 0x000000070bc00000| Complete 
|  32|0x000000070be00000, 0x000000070c000000, 0x000000070c000000|100%| E|  |TAMS 0x000000070be00000, 0x000000070be00000| Complete 
|  33|0x000000070c000000, 0x000000070c200000, 0x000000070c200000|100%| E|  |TAMS 0x000000070c000000, 0x000000070c000000| Complete 
|  34|0x000000070c200000, 0x000000070c400000, 0x000000070c400000|100%| E|  |TAMS 0x000000070c200000, 0x000000070c200000| Complete 
|  35|0x000000070c400000, 0x000000070c600000, 0x000000070c600000|100%| E|  |TAMS 0x000000070c400000, 0x000000070c400000| Complete 
|  36|0x000000070c600000, 0x000000070c800000, 0x000000070c800000|100%| E|  |TAMS 0x000000070c600000, 0x000000070c600000| Complete 
|  37|0x000000070c800000, 0x000000070ca00000, 0x000000070ca00000|100%| E|  |TAMS 0x000000070c800000, 0x000000070c800000| Complete 
|  38|0x000000070ca00000, 0x000000070cc00000, 0x000000070cc00000|100%| E|  |TAMS 0x000000070ca00000, 0x000000070ca00000| Complete 
|  39|0x000000070cc00000, 0x000000070ce00000, 0x000000070ce00000|100%| E|  |TAMS 0x000000070cc00000, 0x000000070cc00000| Complete 
|  40|0x000000070ce00000, 0x000000070d000000, 0x000000070d000000|100%| E|  |TAMS 0x000000070ce00000, 0x000000070ce00000| Complete 
|  41|0x000000070d000000, 0x000000070d200000, 0x000000070d200000|100%| E|  |TAMS 0x000000070d000000, 0x000000070d000000| Complete 
|  42|0x000000070d200000, 0x000000070d400000, 0x000000070d400000|100%| E|  |TAMS 0x000000070d200000, 0x000000070d200000| Complete 
|  43|0x000000070d400000, 0x000000070d600000, 0x000000070d600000|100%| E|  |TAMS 0x000000070d400000, 0x000000070d400000| Complete 
|  44|0x000000070d600000, 0x000000070d800000, 0x000000070d800000|100%| E|  |TAMS 0x000000070d600000, 0x000000070d600000| Complete 
|  45|0x000000070d800000, 0x000000070da00000, 0x000000070da00000|100%| E|  |TAMS 0x000000070d800000, 0x000000070d800000| Complete 
|  46|0x000000070da00000, 0x000000070dc00000, 0x000000070dc00000|100%| E|  |TAMS 0x000000070da00000, 0x000000070da00000| Complete 
|  47|0x000000070dc00000, 0x000000070de00000, 0x000000070de00000|100%| E|  |TAMS 0x000000070dc00000, 0x000000070dc00000| Complete 
|  48|0x000000070de00000, 0x000000070e000000, 0x000000070e000000|100%| E|  |TAMS 0x000000070de00000, 0x000000070de00000| Complete 
|  49|0x000000070e000000, 0x000000070e200000, 0x000000070e200000|100%| E|  |TAMS 0x000000070e000000, 0x000000070e000000| Complete 
|  50|0x000000070e200000, 0x000000070e400000, 0x000000070e400000|100%| E|  |TAMS 0x000000070e200000, 0x000000070e200000| Complete 
|  51|0x000000070e400000, 0x000000070e600000, 0x000000070e600000|100%| E|  |TAMS 0x000000070e400000, 0x000000070e400000| Complete 
|  52|0x000000070e600000, 0x000000070e800000, 0x000000070e800000|100%| E|  |TAMS 0x000000070e600000, 0x000000070e600000| Complete 
|  53|0x000000070e800000, 0x000000070ea00000, 0x000000070ea00000|100%| E|  |TAMS 0x000000070e800000, 0x000000070e800000| Complete 
|  54|0x000000070ea00000, 0x000000070ec00000, 0x000000070ec00000|100%| E|  |TAMS 0x000000070ea00000, 0x000000070ea00000| Complete 
|1983|0x00000007ffc00000, 0x00000007ffd75000, 0x00000007ffe00000| 72%|OA|  |TAMS 0x00000007ffd75000, 0x00000007ffc00000| Untracked 
|1984|0x00000007ffe00000, 0x00000007ffe77000, 0x0000000800000000| 23%|CA|  |TAMS 0x00000007ffe77000, 0x00000007ffe00000| Untracked 

Card table byte_map: [0x00007fb07c976000,0x00007fb07d137000] _byte_map_base: 0x00007fb079137000

Marking Bits (Prev, Next): (CMBitMap*) 0x00007fb078082780, (CMBitMap*) 0x00007fb0780827c0
 Prev Bits: [0x00007fb0695f8000, 0x00007fb06d400000)
 Next Bits: [0x00007fb0657f0000, 0x00007fb0695f8000)

Polling page: 0x00007fb07fc57000

Metaspace:

Usage:
  Non-class:     65.27 MB used.
      Class:     10.97 MB used.
       Both:     76.24 MB used.

Virtual space:
  Non-class space:      128.00 MB reserved,      65.62 MB ( 51%) committed,  2 nodes.
      Class space:        1.00 GB reserved,      11.31 MB (  1%) committed,  1 nodes.
             Both:        1.12 GB reserved,      76.94 MB (  7%) committed. 

Chunk freelists:
   Non-Class:  13.85 MB
       Class:  4.67 MB
        Both:  18.52 MB

MaxMetaspaceSize: unlimited
CompressedClassSpaceSize: 1.00 GB
Initial GC threshold: 21.00 MB
Current GC threshold: 126.56 MB
CDS: on
MetaspaceReclaimPolicy: balanced
 - commit_granule_bytes: 65536.
 - commit_granule_words: 8192.
 - virtual_space_node_default_size: 8388608.
 - enlarge_chunks_in_place: 1.
 - new_chunks_are_fully_committed: 0.
 - uncommit_free_chunks: 1.
 - use_allocation_guard: 0.
 - handle_deallocations: 1.


Internal statistics:

num_allocs_failed_limit: 9.
num_arena_births: 1214.
num_arena_deaths: 394.
num_vsnodes_births: 3.
num_vsnodes_deaths: 0.
num_space_committed: 1232.
num_space_uncommitted: 1.
num_chunks_returned_to_freelist: 482.
num_chunks_taken_from_freelist: 4497.
num_chunk_merges: 167.
num_chunk_splits: 2948.
num_chunks_enlarged: 2097.
num_inconsistent_stats: 0.

CodeCache: size=49152Kb used=20052Kb max_used=21713Kb free=29099Kb
 bounds [0x00007fb06d400000, 0x00007fb06e940000, 0x00007fb070400000]
 total_blobs=12447 nmethods=11772 adapters=601
 compilation: enabled
              stopped_count=0, restarted_count=0
 full_count=0

Compilation events (20 events):
Event: 684.536 Thread 0x00007fb078185f00 11935       1       sun.nio.ch.SocketOptionRegistry::findOption (23 bytes)
Event: 684.536 Thread 0x00007fafec0a6f50 nmethod 11934 0x00007fb06e83b390 code [0x00007fb06e83b540, 0x00007fb06e83b620]
Event: 684.536 Thread 0x00007fafec0a6f50 11936       1       sun.nio.ch.SocketOptionRegistry$RegistryKey::equals (48 bytes)
Event: 684.537 Thread 0x00007fb078185f00 nmethod 11935 0x00007fb06e83ae90 code [0x00007fb06e83b040, 0x00007fb06e83b2a0]
Event: 684.537 Thread 0x00007fafec0a6f50 nmethod 11936 0x00007fb06e83aa10 code [0x00007fb06e83abc0, 0x00007fb06e83adf0]
Event: 689.765 Thread 0x00007fb078185f00 11937       1       java.nio.charset.Charset::name (5 bytes)
Event: 689.765 Thread 0x00007fb078185f00 nmethod 11937 0x00007fb06e83a710 code [0x00007fb06e83a8a0, 0x00007fb06e83a970]
Event: 694.550 Thread 0x00007fb078185f00 11938   !   1       org.apache.catalina.core.StandardContext::getLoader (38 bytes)
Event: 694.550 Thread 0x00007fb078185f00 nmethod 11938 0x00007fb06e839f90 code [0x00007fb06e83a180, 0x00007fb06e83a490]
Event: 696.618 Thread 0x00007fb078185f00 11939       1       org.postgresql.core.PGStream::setNetworkTimeout (25 bytes)
Event: 696.618 Thread 0x00007fb078185f00 nmethod 11939 0x00007fb06e839c10 code [0x00007fb06e839dc0, 0x00007fb06e839ee0]
Event: 715.696 Thread 0x00007fb078185f00 11940       1       java.util.Hashtable$Enumerator::hasMoreElements (53 bytes)
Event: 715.696 Thread 0x00007fb078185f00 nmethod 11940 0x00007fb06e839810 code [0x00007fb06e8399a0, 0x00007fb06e839b30]
Event: 715.707 Thread 0x00007fb078185f00 11941       1       java.util.concurrent.atomic.AtomicInteger::compareAndSet (13 bytes)
Event: 715.707 Thread 0x00007fb078185f00 nmethod 11941 0x00007fb06e839510 code [0x00007fb06e8396a0, 0x00007fb06e839770]
Event: 715.911 Thread 0x00007fb078185f00 11942       1       org.springframework.beans.CachedIntrospectionResults::isUnderneathClassLoader (33 bytes)
Event: 715.912 Thread 0x00007fb078185f00 nmethod 11942 0x00007fb06e838e10 code [0x00007fb06e838fe0, 0x00007fb06e8392f0]
Event: 715.912 Thread 0x00007fb078185f00 11943       1       org.apache.tomcat.util.collections.ManagedConcurrentWeakHashMap$Key::equals (61 bytes)
Event: 715.912 Thread 0x00007fb078185f00 nmethod 11943 0x00007fb06e838890 code [0x00007fb06e838a60, 0x00007fb06e838d30]
Event: 715.912 Thread 0x00007fb078185f00 11944       1       org.apache.catalina.core.ContainerBase::fireContainerEvent (70 bytes)

GC Heap History (20 events):
Event: 620.477 GC heap after
{Heap after GC invocations=27 (full 5):
 garbage-first heap   total 116736K, used 32722K [0x0000000707e00000, 0x0000000800000000)
  region size 2048K, 0 young (0K), 0 survivors (0K)
 Metaspace       used 75418K, committed 76032K, reserved 1114112K
  class space    used 10976K, committed 11264K, reserved 1048576K
}
Event: 631.790 GC heap before
{Heap before GC invocations=27 (full 5):
 garbage-first heap   total 116736K, used 88018K [0x0000000707e00000, 0x0000000800000000)
  region size 2048K, 27 young (55296K), 0 survivors (0K)
 Metaspace       used 75663K, committed 76352K, reserved 1179648K
  class space    used 11008K, committed 11328K, reserved 1048576K
}
Event: 631.793 GC heap after
{Heap after GC invocations=28 (full 5):
 garbage-first heap   total 116736K, used 36683K [0x0000000707e00000, 0x0000000800000000)
  region size 2048K, 2 young (4096K), 2 survivors (4096K)
 Metaspace       used 75663K, committed 76352K, reserved 1179648K
  class space    used 11008K, committed 11328K, reserved 1048576K
}
Event: 632.066 GC heap before
{Heap before GC invocations=28 (full 5):
 garbage-first heap   total 116736K, used 87883K [0x0000000707e00000, 0x0000000800000000)
  region size 2048K, 27 young (55296K), 2 survivors (4096K)
 Metaspace       used 76080K, committed 76736K, reserved 1179648K
  class space    used 11058K, committed 11392K, reserved 1048576K
}
Event: 632.070 GC heap after
{Heap after GC invocations=29 (full 5):
 garbage-first heap   total 116736K, used 38444K [0x0000000707e00000, 0x0000000800000000)
  region size 2048K, 3 young (6144K), 3 survivors (6144K)
 Metaspace       used 76080K, committed 76736K, reserved 1179648K
  class space    used 11058K, committed 11392K, reserved 1048576K
}
Event: 632.346 GC heap before
{Heap before GC invocations=29 (full 5):
 garbage-first heap   total 116736K, used 87596K [0x0000000707e00000, 0x0000000800000000)
  region size 2048K, 27 young (55296K), 3 survivors (6144K)
 Metaspace       used 76370K, committed 77056K, reserved 1179648K
  class space    used 11080K, committed 11392K, reserved 1048576K
}
Event: 632.350 GC heap after
{Heap after GC invocations=30 (full 5):
 garbage-first heap   total 116736K, used 40538K [0x0000000707e00000, 0x0000000800000000)
  region size 2048K, 3 young (6144K), 3 survivors (6144K)
 Metaspace       used 76370K, committed 77056K, reserved 1179648K
  class space    used 11080K, committed 11392K, reserved 1048576K
}
Event: 639.481 GC heap before
{Heap before GC invocations=30 (full 5):
 garbage-first heap   total 116736K, used 46682K [0x0000000707e00000, 0x0000000800000000)
  region size 2048K, 7 young (14336K), 3 survivors (6144K)
 Metaspace       used 76373K, committed 77056K, reserved 1179648K
  class space    used 11080K, committed 11392K, reserved 1048576K
}
Event: 639.546 GC heap after
{Heap after GC invocations=31 (full 6):
 garbage-first heap   total 116736K, used 31536K [0x0000000707e00000, 0x0000000800000000)
  region size 2048K, 0 young (0K), 0 survivors (0K)
 Metaspace       used 76228K, committed 76992K, reserved 1179648K
  class space    used 11044K, committed 11392K, reserved 1048576K
}
Event: 657.866 GC heap before
{Heap before GC invocations=31 (full 6):
 garbage-first heap   total 116736K, used 90928K [0x0000000707e00000, 0x0000000800000000)
  region size 2048K, 29 young (59392K), 0 survivors (0K)
 Metaspace       used 76444K, committed 77120K, reserved 1179648K
  class space    used 11072K, committed 11392K, reserved 1048576K
}
Event: 657.868 GC heap after
{Heap after GC invocations=32 (full 6):
 garbage-first heap   total 116736K, used 35770K [0x0000000707e00000, 0x0000000800000000)
  region size 2048K, 3 young (6144K), 3 survivors (6144K)
 Metaspace       used 76444K, committed 77120K, reserved 1179648K
  class space    used 11072K, committed 11392K, reserved 1048576K
}
Event: 658.080 GC heap before
{Heap before GC invocations=32 (full 6):
 garbage-first heap   total 116736K, used 89018K [0x0000000707e00000, 0x0000000800000000)
  region size 2048K, 29 young (59392K), 3 survivors (6144K)
 Metaspace       used 76871K, committed 77504K, reserved 1179648K
  class space    used 11117K, committed 11456K, reserved 1048576K
}
Event: 658.083 GC heap after
{Heap after GC invocations=33 (full 6):
 garbage-first heap   total 116736K, used 37680K [0x0000000707e00000, 0x0000000800000000)
  region size 2048K, 3 young (6144K), 3 survivors (6144K)
 Metaspace       used 76871K, committed 77504K, reserved 1179648K
  class space    used 11117K, committed 11456K, reserved 1048576K
}
Event: 665.474 GC heap before
{Heap before GC invocations=33 (full 6):
 garbage-first heap   total 116736K, used 88880K [0x0000000707e00000, 0x0000000800000000)
  region size 2048K, 29 young (59392K), 3 survivors (6144K)
 Metaspace       used 77128K, committed 77760K, reserved 1179648K
  class space    used 11135K, committed 11456K, reserved 1048576K
}
Event: 665.515 GC heap after
{Heap after GC invocations=34 (full 7):
 garbage-first heap   total 116736K, used 32033K [0x0000000707e00000, 0x0000000800000000)
  region size 2048K, 0 young (0K), 0 survivors (0K)
 Metaspace       used 77115K, committed 77760K, reserved 1179648K
  class space    used 11132K, committed 11456K, reserved 1048576K
}
Event: 674.345 GC heap before
{Heap before GC invocations=34 (full 7):
 garbage-first heap   total 116736K, used 89377K [0x0000000707e00000, 0x0000000800000000)
  region size 2048K, 28 young (57344K), 0 survivors (0K)
 Metaspace       used 77374K, committed 78080K, reserved 1179648K
  class space    used 11166K, committed 11520K, reserved 1048576K
}
Event: 674.347 GC heap after
{Heap after GC invocations=35 (full 7):
 garbage-first heap   total 116736K, used 36480K [0x0000000707e00000, 0x0000000800000000)
  region size 2048K, 3 young (6144K), 3 survivors (6144K)
 Metaspace       used 77374K, committed 78080K, reserved 1179648K
  class space    used 11166K, committed 11520K, reserved 1048576K
}
Event: 674.677 GC heap before
{Heap before GC invocations=35 (full 7):
 garbage-first heap   total 116736K, used 89728K [0x0000000707e00000, 0x0000000800000000)
  region size 2048K, 29 young (59392K), 3 survivors (6144K)
 Metaspace       used 77808K, committed 78464K, reserved 1179648K
  class space    used 11212K, committed 11520K, reserved 1048576K
}
Event: 674.680 GC heap after
{Heap after GC invocations=36 (full 7):
 garbage-first heap   total 116736K, used 38111K [0x0000000707e00000, 0x0000000800000000)
  region size 2048K, 3 young (6144K), 3 survivors (6144K)
 Metaspace       used 77808K, committed 78464K, reserved 1179648K
  class space    used 11212K, committed 11520K, reserved 1048576K
}
Event: 715.913 GC heap before
{Heap before GC invocations=36 (full 7):
 garbage-first heap   total 116736K, used 89311K [0x0000000707e00000, 0x0000000800000000)
  region size 2048K, 29 young (59392K), 3 survivors (6144K)
 Metaspace       used 78071K, committed 78784K, reserved 1179648K
  class space    used 11232K, committed 11584K, reserved 1048576K
}

Dll operation events (10 events):
Event: 0.002 Loaded shared library /usr/lib/jvm/java-17-openjdk-amd64/lib/libjava.so
Event: 0.021 Loaded shared library /usr/lib/jvm/java-17-openjdk-amd64/lib/libjsvml.so
Event: 0.041 Loaded shared library /usr/lib/jvm/java-17-openjdk-amd64/lib/libnio.so
Event: 0.044 Loaded shared library /usr/lib/jvm/java-17-openjdk-amd64/lib/libzip.so
Event: 0.138 Loaded shared library /usr/lib/jvm/java-17-openjdk-amd64/lib/libjimage.so
Event: 0.156 Loaded shared library /usr/lib/jvm/java-17-openjdk-amd64/lib/libnet.so
Event: 0.290 Loaded shared library /usr/lib/jvm/java-17-openjdk-amd64/lib/libmanagement.so
Event: 0.291 Loaded shared library /usr/lib/jvm/java-17-openjdk-amd64/lib/libmanagement_ext.so
Event: 1.875 Loaded shared library /usr/lib/jvm/java-17-openjdk-amd64/lib/libextnet.so
Event: 8.905 Loaded shared library /usr/lib/jvm/java-17-openjdk-amd64/lib/libverify.so

Deoptimization events (20 events):
Event: 1.432 Thread 0x00007fafbc0023d0 DEOPT PACKING pc=0x00007fb06db30c8c sp=0x00007fb0555c51b0
Event: 1.432 Thread 0x00007fafbc0023d0 DEOPT UNPACKING pc=0x00007fb06d456e2f sp=0x00007fb0555c4688 mode 0
Event: 8.704 Thread 0x00007fafbc0023d0 DEOPT PACKING pc=0x00007fb06d969981 sp=0x00007fb0555c19e0
Event: 8.704 Thread 0x00007fafbc0023d0 DEOPT UNPACKING pc=0x00007fb06d456e2f sp=0x00007fb0555c0e90 mode 3
Event: 8.705 Thread 0x00007fafb0c74cc0 DEOPT PACKING pc=0x00007fb06d95df96 sp=0x00007fb0554c7600
Event: 8.705 Thread 0x00007fafb0c74cc0 DEOPT UNPACKING pc=0x00007fb06d456e2f sp=0x00007fb0554c6a78 mode 3
Event: 12.016 Thread 0x00007fafbc0023d0 DEOPT PACKING pc=0x00007fb06d9a19e4 sp=0x00007fb0555c3420
Event: 12.016 Thread 0x00007fafbc0023d0 DEOPT UNPACKING pc=0x00007fb06d456e2f sp=0x00007fb0555c2998 mode 0
Event: 12.132 Thread 0x00007fafbc0023d0 DEOPT PACKING pc=0x00007fb06d9ccc60 sp=0x00007fb0555c4c30
Event: 12.132 Thread 0x00007fafbc0023d0 DEOPT UNPACKING pc=0x00007fb06d456e2f sp=0x00007fb0555c4168 mode 3
Event: 12.148 Thread 0x00007fafbc0023d0 DEOPT PACKING pc=0x00007fb06dc60abd sp=0x00007fb0555c4a30
Event: 12.148 Thread 0x00007fafbc0023d0 DEOPT UNPACKING pc=0x00007fb06d456e2f sp=0x00007fb0555c3fb8 mode 3
Event: 12.511 Thread 0x00007fafbc0023d0 DEOPT PACKING pc=0x00007fb06df21711 sp=0x00007fb0555c5080
Event: 12.511 Thread 0x00007fafbc0023d0 DEOPT UNPACKING pc=0x00007fb06d456e2f sp=0x00007fb0555c4580 mode 3
Event: 162.670 Thread 0x00007fafb1aa4ff0 DEOPT PACKING pc=0x00007fb06dcc3896 sp=0x00007fb006bfe8d0
Event: 162.670 Thread 0x00007fafb1aa4ff0 DEOPT UNPACKING pc=0x00007fb06d456e2f sp=0x00007fb006bfdd48 mode 3
Event: 250.569 Thread 0x00007faf700284c0 DEOPT PACKING pc=0x00007fb06dab3bd3 sp=0x00007fb006af3010
Event: 250.569 Thread 0x00007faf700284c0 DEOPT UNPACKING pc=0x00007fb06d456e2f sp=0x00007fb006af2558 mode 3
Event: 632.137 Thread 0x00007faf68002700 DEOPT PACKING pc=0x00007fb06e3dd0dc sp=0x00007fb0554c4c00
Event: 632.137 Thread 0x00007faf68002700 DEOPT UNPACKING pc=0x00007fb06d456e2f sp=0x00007fb0554c40b8 mode 3

Classes unloaded (20 events):
Event: 639.500 Thread 0x00007fb0781778b0 Unloading class 0x00007fb008a83400 'java/lang/invoke/LambdaForm$MH+0x00007fb008a83400'
Event: 639.500 Thread 0x00007fb0781778b0 Unloading class 0x00007fb008a82400 'java/lang/invoke/LambdaForm$MH+0x00007fb008a82400'
Event: 639.500 Thread 0x00007fb0781778b0 Unloading class 0x00007fb008a82000 'java/lang/invoke/LambdaForm$MH+0x00007fb008a82000'
Event: 639.500 Thread 0x00007fb0781778b0 Unloading class 0x00007fb008a81c00 'java/lang/invoke/LambdaForm$MH+0x00007fb008a81c00'
Event: 639.500 Thread 0x00007fb0781778b0 Unloading class 0x00007fb008a81800 'java/lang/invoke/LambdaForm$MH+0x00007fb008a81800'
Event: 639.500 Thread 0x00007fb0781778b0 Unloading class 0x00007fb008a81400 'java/lang/invoke/LambdaForm$MH+0x00007fb008a81400'
Event: 639.500 Thread 0x00007fb0781778b0 Unloading class 0x00007fb008a81000 'java/lang/invoke/LambdaForm$MH+0x00007fb008a81000'
Event: 639.500 Thread 0x00007fb0781778b0 Unloading class 0x00007fb008a80c00 'java/lang/invoke/LambdaForm$MH+0x00007fb008a80c00'
Event: 639.500 Thread 0x00007fb0781778b0 Unloading class 0x00007fb008a80800 'java/lang/invoke/LambdaForm$MH+0x00007fb008a80800'
Event: 639.500 Thread 0x00007fb0781778b0 Unloading class 0x00007fb008a80400 'java/lang/invoke/LambdaForm$MH+0x00007fb008a80400'
Event: 639.500 Thread 0x00007fb0781778b0 Unloading class 0x00007fb008a80000 'java/lang/invoke/LambdaForm$MH+0x00007fb008a80000'
Event: 639.500 Thread 0x00007fb0781778b0 Unloading class 0x00007fb008b0a800 'org/apache/catalina/loader/JdbcLeakPrevention'
Event: 665.491 Thread 0x00007fb0781778b0 Unloading class 0x00007fb008a8d000 'jdk/internal/reflect/GeneratedSerializationConstructorAccessor21'
Event: 665.491 Thread 0x00007fb0781778b0 Unloading class 0x00007fb008b0a000 'jdk/internal/reflect/GeneratedSerializationConstructorAccessor20'
Event: 665.491 Thread 0x00007fb0781778b0 Unloading class 0x00007fb008b29c00 'jdk/internal/reflect/GeneratedSerializationConstructorAccessor19'
Event: 665.491 Thread 0x00007fb0781778b0 Unloading class 0x00007fb008b2b000 'org/apache/catalina/loader/JdbcLeakPrevention'
Event: 715.932 Thread 0x00007fb0781778b0 Unloading class 0x00007fb008b54000 'jdk/internal/reflect/GeneratedSerializationConstructorAccessor24'
Event: 715.932 Thread 0x00007fb0781778b0 Unloading class 0x00007fb008b4d000 'jdk/internal/reflect/GeneratedSerializationConstructorAccessor23'
Event: 715.932 Thread 0x00007fb0781778b0 Unloading class 0x00007fb008b4c800 'jdk/internal/reflect/GeneratedSerializationConstructorAccessor22'
Event: 715.932 Thread 0x00007fb0781778b0 Unloading class 0x00007fb008a83400 'org/apache/catalina/loader/JdbcLeakPrevention'

Classes redefined (0 events):
No events

Internal exceptions (20 events):
Event: 678.714 Thread 0x00007faf7c003450 Exception <a 'java/io/FileNotFoundException'{0x000000070bac1730}> (0x000000070bac1730) 
thrown [./src/hotspot/share/prims/jni.cpp, line 516]
Event: 678.714 Thread 0x00007faf7c003450 Exception <a 'java/io/FileNotFoundException'{0x000000070bac2018}> (0x000000070bac2018) 
thrown [./src/hotspot/share/prims/jni.cpp, line 516]
Event: 678.714 Thread 0x00007faf7c003450 Exception <a 'java/io/FileNotFoundException'{0x000000070bac2900}> (0x000000070bac2900) 
thrown [./src/hotspot/share/prims/jni.cpp, line 516]
Event: 678.714 Thread 0x00007faf7c003450 Exception <a 'java/io/FileNotFoundException'{0x000000070bac31e8}> (0x000000070bac31e8) 
thrown [./src/hotspot/share/prims/jni.cpp, line 516]
Event: 678.714 Thread 0x00007faf7c003450 Exception <a 'java/io/FileNotFoundException'{0x000000070bac3ad0}> (0x000000070bac3ad0) 
thrown [./src/hotspot/share/prims/jni.cpp, line 516]
Event: 689.763 Thread 0x00007faf7c003450 Exception <a 'java/io/FileNotFoundException'{0x000000070bbfb7d8}> (0x000000070bbfb7d8) 
thrown [./src/hotspot/share/prims/jni.cpp, line 516]
Event: 689.763 Thread 0x00007faf7c003450 Exception <a 'java/io/FileNotFoundException'{0x000000070bbfc120}> (0x000000070bbfc120) 
thrown [./src/hotspot/share/prims/jni.cpp, line 516]
Event: 689.763 Thread 0x00007faf7c003450 Exception <a 'java/io/FileNotFoundException'{0x000000070bbfca68}> (0x000000070bbfca68) 
thrown [./src/hotspot/share/prims/jni.cpp, line 516]
Event: 689.763 Thread 0x00007faf7c003450 Exception <a 'java/io/FileNotFoundException'{0x000000070bbfd350}> (0x000000070bbfd350) 
thrown [./src/hotspot/share/prims/jni.cpp, line 516]
Event: 689.763 Thread 0x00007faf7c003450 Exception <a 'java/io/FileNotFoundException'{0x000000070bbfdc38}> (0x000000070bbfdc38) 
thrown [./src/hotspot/share/prims/jni.cpp, line 516]
Event: 689.763 Thread 0x00007faf7c003450 Exception <a 'java/io/FileNotFoundException'{0x000000070bbfe520}> (0x000000070bbfe520) 
thrown [./src/hotspot/share/prims/jni.cpp, line 516]
Event: 689.763 Thread 0x00007faf7c003450 Exception <a 'java/io/FileNotFoundException'{0x000000070bbfee08}> (0x000000070bbfee08) 
thrown [./src/hotspot/share/prims/jni.cpp, line 516]
Event: 689.763 Thread 0x00007faf7c003450 Exception <a 'java/io/FileNotFoundException'{0x000000070bbff6f0}> (0x000000070bbff6f0) 
thrown [./src/hotspot/share/prims/jni.cpp, line 516]
Event: 689.764 Thread 0x00007faf7c003450 Exception <a 'java/io/FileNotFoundException'{0x000000070b800000}> (0x000000070b800000) 
thrown [./src/hotspot/share/prims/jni.cpp, line 516]
Event: 689.764 Thread 0x00007faf7c003450 Exception <a 'java/io/FileNotFoundException'{0x000000070b800900}> (0x000000070b800900) 
thrown [./src/hotspot/share/prims/jni.cpp, line 516]
Event: 689.764 Thread 0x00007faf7c003450 Exception <a 'java/io/FileNotFoundException'{0x000000070b8011e8}> (0x000000070b8011e8) 
thrown [./src/hotspot/share/prims/jni.cpp, line 516]
Event: 689.764 Thread 0x00007faf7c003450 Exception <a 'java/io/FileNotFoundException'{0x000000070b801ad0}> (0x000000070b801ad0) 
thrown [./src/hotspot/share/prims/jni.cpp, line 516]
Event: 689.764 Thread 0x00007faf7c003450 Exception <a 'java/io/FileNotFoundException'{0x000000070b8023b8}> (0x000000070b8023b8) 
thrown [./src/hotspot/share/prims/jni.cpp, line 516]
Event: 689.764 Thread 0x00007faf7c003450 Exception <a 'java/io/FileNotFoundException'{0x000000070b802ca0}> (0x000000070b802ca0) 
thrown [./src/hotspot/share/prims/jni.cpp, line 516]
Event: 715.912 Thread 0x00007faf5406d450 Exception <a 'java/lang/InterruptedException'{0x000000070b9c78a8}: sleep interrupted> (0x000000070b9c78a8) 
thrown [./src/hotspot/share/prims/jvm.cpp, line 3064]

VM Operations (20 events):
Event: 661.550 Executing VM operation: Cleanup done
Event: 665.474 Executing VM operation: G1CollectFull
Event: 665.515 Executing VM operation: G1CollectFull done
Event: 666.515 Executing VM operation: Cleanup
Event: 666.515 Executing VM operation: Cleanup done
Event: 667.516 Executing VM operation: Cleanup
Event: 667.516 Executing VM operation: Cleanup done
Event: 669.516 Executing VM operation: Cleanup
Event: 669.516 Executing VM operation: Cleanup done
Event: 673.517 Executing VM operation: Cleanup
Event: 673.517 Executing VM operation: Cleanup done
Event: 674.345 Executing VM operation: G1CollectForAllocation
Event: 674.347 Executing VM operation: G1CollectForAllocation done
Event: 674.677 Executing VM operation: G1CollectForAllocation
Event: 674.680 Executing VM operation: G1CollectForAllocation done
Event: 675.681 Executing VM operation: Cleanup
Event: 675.681 Executing VM operation: Cleanup done
Event: 697.684 Executing VM operation: Cleanup
Event: 697.684 Executing VM operation: Cleanup done
Event: 715.913 Executing VM operation: G1CollectFull

Events (20 events):
Event: 696.359 Thread 0x00007faf5407af40 Thread exited: 0x00007faf5407af40
Event: 696.359 Thread 0x00007faf540790c0 Thread exited: 0x00007faf540790c0
Event: 696.359 Thread 0x00007faf5407ccb0 Thread exited: 0x00007faf5407ccb0
Event: 696.359 Thread 0x00007faf54078180 Thread exited: 0x00007faf54078180
Event: 696.359 Thread 0x00007faf5407a000 Thread exited: 0x00007faf5407a000
Event: 696.359 Thread 0x00007faf54076940 Thread exited: 0x00007faf54076940
Event: 696.362 Thread 0x00007faf640072a0 Thread added: 0x00007faf640072a0
Event: 696.362 Protecting memory [0x00007fb0541c3000,0x00007fb0541c7000] with protection modes 0
Event: 701.018 Thread 0x00007faf5401dbc0 Thread exited: 0x00007faf5401dbc0
Event: 702.111 Thread 0x00007faf640072a0 Thread exited: 0x00007faf640072a0
Event: 715.696 Thread 0x00007fafd40e4e40 Thread added: 0x00007fafd40e4e40
Event: 715.696 Protecting memory [0x00007fb0541c3000,0x00007fb0541c7000] with protection modes 0
Event: 715.706 Thread 0x00007faf7c003450 Thread exited: 0x00007faf7c003450
Event: 715.706 Thread 0x00007faf5401ea60 Thread exited: 0x00007faf5401ea60
Event: 715.707 Thread 0x00007faf640072a0 Thread added: 0x00007faf640072a0
Event: 715.707 Protecting memory [0x00007fb006d00000,0x00007fb006d04000] with protection modes 0
Event: 715.911 Thread 0x00007faf640072a0 Thread exited: 0x00007faf640072a0
Event: 715.913 Thread 0x00007faf5406c030 Thread exited: 0x00007faf5406c030
Event: 715.913 Thread 0x00007faf5406ca00 Thread exited: 0x00007faf5406ca00
Event: 715.913 Thread 0x00007faf5406d450 Thread exited: 0x00007faf5406d450


Dynamic libraries:
707e00000-70ec00000 rw-p 00000000 00:00 0 
70ec00000-7ffc00000 ---p 00000000 00:00 0 
7ffc00000-7ffd00000 rw-p 00000000 00:00 0 
7ffd00000-7ffd75000 rw-p 00c75000 08:14 661322                           /usr/lib/jvm/java-17-openjdk-amd64/lib/server/classes.jsa
7ffd75000-7ffe00000 rw-p 00000000 00:00 0 
7ffe00000-7ffe77000 rw-p 00bfe000 08:14 661322                           /usr/lib/jvm/java-17-openjdk-amd64/lib/server/classes.jsa
7ffe77000-800000000 rw-p 00000000 00:00 0 
564e5e21b000-564e5e21c000 r--p 00000000 08:14 661251                     /usr/lib/jvm/java-17-openjdk-amd64/bin/java
564e5e21c000-564e5e21d000 r-xp 00001000 08:14 661251                     /usr/lib/jvm/java-17-openjdk-amd64/bin/java
564e5e21d000-564e5e21e000 r--p 00002000 08:14 661251                     /usr/lib/jvm/java-17-openjdk-amd64/bin/java
564e5e21e000-564e5e21f000 r--p 00002000 08:14 661251                     /usr/lib/jvm/java-17-openjdk-amd64/bin/java
564e5e21f000-564e5e220000 rw-p 00003000 08:14 661251                     /usr/lib/jvm/java-17-openjdk-amd64/bin/java
564e5f290000-564e5f2da000 rw-p 00000000 00:00 0                          [heap]
7faf44000000-7faf44230000 rw-p 00000000 00:00 0 
7faf44230000-7faf48000000 ---p 00000000 00:00 0 
7faf48000000-7faf48021000 rw-p 00000000 00:00 0 
7faf48021000-7faf4c000000 ---p 00000000 00:00 0 
7faf4c000000-7faf4c021000 rw-p 00000000 00:00 0 
7faf4c021000-7faf50000000 ---p 00000000 00:00 0 
7faf50000000-7faf50048000 rw-p 00000000 00:00 0 
7faf50048000-7faf54000000 ---p 00000000 00:00 0 
7faf54000000-7faf5408c000 rw-p 00000000 00:00 0 
7faf5408c000-7faf58000000 ---p 00000000 00:00 0 
7faf58000000-7faf580fa000 rw-p 00000000 00:00 0 
7faf580fa000-7faf5c000000 ---p 00000000 00:00 0 
7faf5c000000-7faf5c061000 rw-p 00000000 00:00 0 
7faf5c061000-7faf60000000 ---p 00000000 00:00 0 
7faf60000000-7faf600be000 rw-p 00000000 00:00 0 
7faf600be000-7faf64000000 ---p 00000000 00:00 0 
7faf64000000-7faf64051000 rw-p 00000000 00:00 0 
7faf64051000-7faf68000000 ---p 00000000 00:00 0 
7faf68000000-7faf68021000 rw-p 00000000 00:00 0 
7faf68021000-7faf6c000000 ---p 00000000 00:00 0 
7faf6c000000-7faf6c174000 rw-p 00000000 00:00 0 
7faf6c174000-7faf70000000 ---p 00000000 00:00 0 
7faf70000000-7faf7003f000 rw-p 00000000 00:00 0 
7faf7003f000-7faf74000000 ---p 00000000 00:00 0 
7faf74000000-7faf74021000 rw-p 00000000 00:00 0 
7faf74021000-7faf78000000 ---p 00000000 00:00 0 
7faf78000000-7faf78021000 rw-p 00000000 00:00 0 
7faf78021000-7faf7c000000 ---p 00000000 00:00 0 
7faf7c000000-7faf7c053000 rw-p 00000000 00:00 0 
7faf7c053000-7faf80000000 ---p 00000000 00:00 0 
7faf80000000-7faf80030000 rw-p 00000000 00:00 0 
7faf80030000-7faf84000000 ---p 00000000 00:00 0 
7faf84000000-7faf84066000 rw-p 00000000 00:00 0 
7faf84066000-7faf88000000 ---p 00000000 00:00 0 
7faf88000000-7faf8804c000 rw-p 00000000 00:00 0 
7faf8804c000-7faf8c000000 ---p 00000000 00:00 0 
7faf8c000000-7faf8c0db000 rw-p 00000000 00:00 0 
7faf8c0db000-7faf90000000 ---p 00000000 00:00 0 
7faf90000000-7faf900aa000 rw-p 00000000 00:00 0 
7faf900aa000-7faf94000000 ---p 00000000 00:00 0 
7faf94000000-7faf946e4000 rw-p 00000000 00:00 0 
7faf946e4000-7faf98000000 ---p 00000000 00:00 0 
7faf98000000-7faf98021000 rw-p 00000000 00:00 0 
7faf98021000-7faf9c000000 ---p 00000000 00:00 0 
7faf9c000000-7faf9c021000 rw-p 00000000 00:00 0 
7faf9c021000-7fafa0000000 ---p 00000000 00:00 0 
7fafa0000000-7fafa0035000 rw-p 00000000 00:00 0 
7fafa0035000-7fafa4000000 ---p 00000000 00:00 0 
7fafa4000000-7fafa4021000 rw-p 00000000 00:00 0 
7fafa4021000-7fafa8000000 ---p 00000000 00:00 0 
7fafa8000000-7fafa821f000 rw-p 00000000 00:00 0 
7fafa821f000-7fafac000000 ---p 00000000 00:00 0 
7fafac000000-7fafac035000 rw-p 00000000 00:00 0 
7fafac035000-7fafb0000000 ---p 00000000 00:00 0 
7fafb0000000-7fafb1ab0000 rw-p 00000000 00:00 0 
7fafb1ab0000-7fafb4000000 ---p 00000000 00:00 0 
7fafb4000000-7fafb40ac000 rw-p 00000000 00:00 0 
7fafb40ac000-7fafb8000000 ---p 00000000 00:00 0 
7fafb8000000-7fafb803b000 rw-p 00000000 00:00 0 
7fafb803b000-7fafbc000000 ---p 00000000 00:00 0 
7fafbc000000-7fafbc11a000 rw-p 00000000 00:00 0 
7fafbc11a000-7fafc0000000 ---p 00000000 00:00 0 
7fafc0000000-7fafc0030000 rw-p 00000000 00:00 0 
7fafc0030000-7fafc4000000 ---p 00000000 00:00 0 
7fafc4000000-7fafc4021000 rw-p 00000000 00:00 0 
7fafc4021000-7fafc8000000 ---p 00000000 00:00 0 
7fafc8000000-7fafc8036000 rw-p 00000000 00:00 0 
7fafc8036000-7fafcc000000 ---p 00000000 00:00 0 
7fafcc000000-7fafcc021000 rw-p 00000000 00:00 0 
7fafcc021000-7fafd0000000 ---p 00000000 00:00 0 
7fafd0000000-7fafd0176000 rw-p 00000000 00:00 0 
7fafd0176000-7fafd4000000 ---p 00000000 00:00 0 
7fafd4000000-7fafd40ee000 rw-p 00000000 00:00 0 
7fafd40ee000-7fafd8000000 ---p 00000000 00:00 0 
7fafd8000000-7fafd8021000 rw-p 00000000 00:00 0 
7fafd8021000-7fafdc000000 ---p 00000000 00:00 0 
7fafdc000000-7fafdc021000 rw-p 00000000 00:00 0 
7fafdc021000-7fafe0000000 ---p 00000000 00:00 0 
7fafe0000000-7fafe0021000 rw-p 00000000 00:00 0 
7fafe0021000-7fafe4000000 ---p 00000000 00:00 0 
7fafe4000000-7fafe4021000 rw-p 00000000 00:00 0 
7fafe4021000-7fafe8000000 ---p 00000000 00:00 0 
7fafe8000000-7fafe8021000 rw-p 00000000 00:00 0 
7fafe8021000-7fafec000000 ---p 00000000 00:00 0 
7fafec000000-7fafec894000 rw-p 00000000 00:00 0 
7fafec894000-7faff0000000 ---p 00000000 00:00 0 
7faff0000000-7faff0021000 rw-p 00000000 00:00 0 
7faff0021000-7faff4000000 ---p 00000000 00:00 0 
7faff4000000-7faff4021000 rw-p 00000000 00:00 0 
7faff4021000-7faff8000000 ---p 00000000 00:00 0 
7faff8000000-7faff8021000 rw-p 00000000 00:00 0 
7faff8021000-7faffc000000 ---p 00000000 00:00 0 
7faffc000000-7faffc021000 rw-p 00000000 00:00 0 
7faffc021000-7fb000000000 ---p 00000000 00:00 0 
7fb000000000-7fb000f9c000 rw-p 00000000 00:00 0 
7fb000f9c000-7fb004000000 ---p 00000000 00:00 0 
7fb006674000-7fb006900000 rw-p 00000000 00:00 0 
7fb006900000-7fb006904000 ---p 00000000 00:00 0 
7fb006904000-7fb006a00000 rw-p 00000000 00:00 0 
7fb006a00000-7fb006a04000 ---p 00000000 00:00 0 
7fb006a04000-7fb006b00000 rw-p 00000000 00:00 0 
7fb006b00000-7fb006b04000 ---p 00000000 00:00 0 
7fb006b04000-7fb006c00000 rw-p 00000000 00:00 0 
7fb006c00000-7fb006c04000 ---p 00000000 00:00 0 
7fb006c04000-7fb006d00000 rw-p 00000000 00:00 0 
7fb006d00000-7fb006d04000 ---p 00000000 00:00 0 
7fb006d04000-7fb006e00000 rw-p 00000000 00:00 0 
7fb006e00000-7fb006e04000 ---p 00000000 00:00 0 
7fb006e04000-7fb006f00000 rw-p 00000000 00:00 0 
7fb006f00000-7fb006f04000 ---p 00000000 00:00 0 
7fb006f04000-7fb007000000 rw-p 00000000 00:00 0 
7fb007000000-7fb007bc6000 rw-p 00001000 08:14 661322                     /usr/lib/jvm/java-17-openjdk-amd64/lib/server/classes.jsa
7fb007bc6000-7fb008000000 ---p 00000000 00:00 0 
7fb008000000-7fb008030000 rw-p 00000000 00:00 0 
7fb008030000-7fb008070000 rw-p 00000000 00:00 0 
7fb008070000-7fb0080b0000 rw-p 00000000 00:00 0 
7fb0080b0000-7fb0080f0000 rw-p 00000000 00:00 0 
7fb0080f0000-7fb0083b0000 rw-p 00000000 00:00 0 
7fb0083b0000-7fb008430000 rw-p 00000000 00:00 0 
7fb008430000-7fb008a70000 rw-p 00000000 00:00 0 
7fb008a70000-7fb008a80000 ---p 00000000 00:00 0 
7fb008a80000-7fb008b60000 rw-p 00000000 00:00 0 
7fb008b60000-7fb048000000 ---p 00000000 00:00 0 
7fb048000000-7fb048021000 rw-p 00000000 00:00 0 
7fb048021000-7fb04c000000 ---p 00000000 00:00 0 
7fb04c000000-7fb04c3f0000 rw-p 00000000 00:00 0 
7fb04c3f0000-7fb04d4f0000 rw-p 00000000 00:00 0 
7fb04d4f0000-7fb04d5f0000 rw-p 00000000 00:00 0 
7fb04d5f0000-7fb04d6f0000 rw-p 00000000 00:00 0 
7fb04d6f0000-7fb04d7f0000 rw-p 00000000 00:00 0 
7fb04d7f0000-7fb04d8f0000 rw-p 00000000 00:00 0 
7fb04d8f0000-7fb04daf0000 rw-p 00000000 00:00 0 
7fb04daf0000-7fb04f6f0000 rw-p 00000000 00:00 0 
7fb04f6f0000-7fb04f770000 rw-p 00000000 00:00 0 
7fb04f770000-7fb04f800000 ---p 00000000 00:00 0 
7fb04f800000-7fb04fff0000 rw-p 00000000 00:00 0 
7fb04fff0000-7fb050021000 rw-p 00000000 00:00 0 
7fb050021000-7fb054000000 ---p 00000000 00:00 0 
7fb0540c3000-7fb0540c7000 ---p 00000000 00:00 0 
7fb0540c7000-7fb0541c3000 rw-p 00000000 00:00 0 
7fb0541c3000-7fb0541c7000 ---p 00000000 00:00 0 
7fb0541c7000-7fb0542c3000 rw-p 00000000 00:00 0 
7fb0542c3000-7fb0542c7000 ---p 00000000 00:00 0 
7fb0542c7000-7fb0543c3000 rw-p 00000000 00:00 0 
7fb0543c3000-7fb0543c7000 ---p 00000000 00:00 0 
7fb0543c7000-7fb0544c3000 rw-p 00000000 00:00 0 
7fb0544c3000-7fb0544c7000 ---p 00000000 00:00 0 
7fb0544c7000-7fb0545c3000 rw-p 00000000 00:00 0 
7fb0545c3000-7fb0545c7000 ---p 00000000 00:00 0 
7fb0545c7000-7fb0546c3000 rw-p 00000000 00:00 0 
7fb0546c3000-7fb0546c7000 ---p 00000000 00:00 0 
7fb0546c7000-7fb0547c3000 rw-p 00000000 00:00 0 
7fb0547c3000-7fb0547c7000 ---p 00000000 00:00 0 
7fb0547c7000-7fb0548c3000 rw-p 00000000 00:00 0 
7fb0548c3000-7fb0548c7000 ---p 00000000 00:00 0 
7fb0548c7000-7fb0549c3000 rw-p 00000000 00:00 0 
7fb0549c3000-7fb0549c7000 ---p 00000000 00:00 0 
7fb0549c7000-7fb054ac3000 rw-p 00000000 00:00 0 
7fb054ac3000-7fb054ac7000 ---p 00000000 00:00 0 
7fb054ac7000-7fb054bc3000 rw-p 00000000 00:00 0 
7fb054bc3000-7fb054bc7000 ---p 00000000 00:00 0 
7fb054bc7000-7fb054cc3000 rw-p 00000000 00:00 0 
7fb054cc3000-7fb054cc4000 ---p 00000000 00:00 0 
7fb054cc4000-7fb054dc4000 rw-p 00000000 00:00 0 
7fb054dc4000-7fb054dc5000 ---p 00000000 00:00 0 
7fb054dc5000-7fb054ec5000 rw-p 00000000 00:00 0 
7fb054ec5000-7fb054ec6000 ---p 00000000 00:00 0 
7fb054ec6000-7fb054fc6000 rw-p 00000000 00:00 0 
7fb054fc6000-7fb054fc7000 ---p 00000000 00:00 0 
7fb054fc7000-7fb0550c7000 rw-p 00000000 00:00 0 
7fb0550c7000-7fb0550c8000 ---p 00000000 00:00 0 
7fb0550c8000-7fb0551c8000 rw-p 00000000 00:00 0 
7fb0551c8000-7fb0551c9000 ---p 00000000 00:00 0 
7fb0551c9000-7fb0552c9000 rw-p 00000000 00:00 0 
7fb0552c9000-7fb0552cd000 ---p 00000000 00:00 0 
7fb0552cd000-7fb0553c9000 rw-p 00000000 00:00 0 
7fb0553c9000-7fb0553cd000 ---p 00000000 00:00 0 
7fb0553cd000-7fb0554c9000 rw-p 00000000 00:00 0 
7fb0554c9000-7fb0554cd000 ---p 00000000 00:00 0 
7fb0554cd000-7fb0555c9000 rw-p 00000000 00:00 0 
7fb0555c9000-7fb0555cd000 ---p 00000000 00:00 0 
7fb0555cd000-7fb0556c9000 rw-p 00000000 00:00 0 
7fb0556c9000-7fb0556ca000 ---p 00000000 00:00 0 
7fb0556ca000-7fb0557ca000 rw-p 00000000 00:00 0 
7fb0557ca000-7fb0557cb000 ---p 00000000 00:00 0 
7fb0557cb000-7fb0558cb000 rw-p 00000000 00:00 0 
7fb0558cb000-7fb0558cc000 ---p 00000000 00:00 0 
7fb0558cc000-7fb0559cc000 rw-p 00000000 00:00 0 
7fb0559cc000-7fb0559cd000 ---p 00000000 00:00 0 
7fb0559cd000-7fb055acd000 rw-p 00000000 00:00 0 
7fb055acd000-7fb055ace000 ---p 00000000 00:00 0 
7fb055ace000-7fb055bce000 rw-p 00000000 00:00 0 
7fb055bce000-7fb055bd2000 ---p 00000000 00:00 0 
7fb055bd2000-7fb055cce000 rw-p 00000000 00:00 0 
7fb055cce000-7fb055cd2000 ---p 00000000 00:00 0 
7fb055cd2000-7fb055dff000 rw-p 00000000 00:00 0 
7fb055dff000-7fb055e03000 ---p 00000000 00:00 0 
7fb055e03000-7fb055eff000 rw-p 00000000 00:00 0 
7fb055eff000-7fb055f00000 ---p 00000000 00:00 0 
7fb055f00000-7fb058021000 rw-p 00000000 00:00 0 
7fb058021000-7fb05c000000 ---p 00000000 00:00 0 
7fb05c000000-7fb05c021000 rw-p 00000000 00:00 0 
7fb05c021000-7fb060000000 ---p 00000000 00:00 0 
7fb060000000-7fb060167000 rw-p 00000000 00:00 0 
7fb060167000-7fb064000000 ---p 00000000 00:00 0 
7fb064000000-7fb064004000 ---p 00000000 00:00 0 
7fb064004000-7fb064100000 rw-p 00000000 00:00 0 
7fb064100000-7fb064104000 ---p 00000000 00:00 0 
7fb064104000-7fb064200000 rw-p 00000000 00:00 0 
7fb064200000-7fb064204000 ---p 00000000 00:00 0 
7fb064204000-7fb064300000 rw-p 00000000 00:00 0 
7fb064300000-7fb064304000 ---p 00000000 00:00 0 
7fb064304000-7fb064400000 rw-p 00000000 00:00 0 
7fb064400000-7fb064404000 ---p 00000000 00:00 0 
7fb064404000-7fb064500000 rw-p 00000000 00:00 0 
7fb064500000-7fb064504000 ---p 00000000 00:00 0 
7fb064504000-7fb064600000 rw-p 00000000 00:00 0 
7fb064600000-7fb0648ea000 r--p 00000000 08:14 594350                     /usr/lib/locale/locale-archive
7fb064913000-7fb064917000 ---p 00000000 00:00 0 
7fb064917000-7fb064a13000 rw-p 00000000 00:00 0 
7fb064a13000-7fb064a17000 ---p 00000000 00:00 0 
7fb064a17000-7fb064b13000 rw-p 00000000 00:00 0 
7fb064b13000-7fb064b14000 ---p 00000000 00:00 0 
7fb064b14000-7fb064c14000 rw-p 00000000 00:00 0 
7fb064c14000-7fb064c19000 r--p 00000000 08:14 661306                     /usr/lib/jvm/java-17-openjdk-amd64/lib/libjsvml.so
7fb064c19000-7fb064c5a000 r-xp 00005000 08:14 661306                     /usr/lib/jvm/java-17-openjdk-amd64/lib/libjsvml.so
7fb064c5a000-7fb064ce3000 r--p 00046000 08:14 661306                     /usr/lib/jvm/java-17-openjdk-amd64/lib/libjsvml.so
7fb064ce3000-7fb064ce4000 r--p 000ce000 08:14 661306                     /usr/lib/jvm/java-17-openjdk-amd64/lib/libjsvml.so
7fb064ce4000-7fb064ce5000 rw-p 000cf000 08:14 661306                     /usr/lib/jvm/java-17-openjdk-amd64/lib/libjsvml.so
7fb064ce5000-7fb064ce6000 ---p 00000000 00:00 0 
7fb064ce6000-7fb064de6000 rw-p 00000000 00:00 0 
7fb064de6000-7fb064de7000 ---p 00000000 00:00 0 
7fb064de7000-7fb0656ef000 rw-p 00000000 00:00 0 
7fb0656ef000-7fb0656f0000 ---p 00000000 00:00 0 
7fb0656f0000-7fb0659a8000 rw-p 00000000 00:00 0 
7fb0659a8000-7fb0695e8000 ---p 00000000 00:00 0 
7fb0695e8000-7fb0697b0000 rw-p 00000000 00:00 0 
7fb0697b0000-7fb06d3f0000 ---p 00000000 00:00 0 
7fb06d3f0000-7fb06d400000 rw-p 00000000 00:00 0 
7fb06d400000-7fb06e940000 rwxp 00000000 00:00 0 
7fb06e940000-7fb070400000 ---p 00000000 00:00 0 
7fb070400000-7fb077e66000 r--s 00000000 08:14 661321                     /usr/lib/jvm/java-17-openjdk-amd64/lib/modules
7fb077e7e000-7fb077eff000 rw-p 00000000 00:00 0 
7fb077eff000-7fb077f00000 ---p 00000000 00:00 0 
7fb077f00000-7fb0788df000 rw-p 00000000 00:00 0 
7fb0788df000-7fb07c000000 ---p 00000000 00:00 0 
7fb07c001000-7fb07c008000 r--s 00000000 08:14 544941                     /usr/lib/x86_64-linux-gnu/gconv/gconv-modules.cache
7fb07c008000-7fb07c00c000 r--p 00000000 08:14 661319                     /usr/lib/jvm/java-17-openjdk-amd64/lib/libverify.so
7fb07c00c000-7fb07c013000 r-xp 00004000 08:14 661319                     /usr/lib/jvm/java-17-openjdk-amd64/lib/libverify.so
7fb07c013000-7fb07c015000 r--p 0000b000 08:14 661319                     /usr/lib/jvm/java-17-openjdk-amd64/lib/libverify.so
7fb07c015000-7fb07c017000 r--p 0000c000 08:14 661319                     /usr/lib/jvm/java-17-openjdk-amd64/lib/libverify.so
7fb07c017000-7fb07c018000 rw-p 0000e000 08:14 661319                     /usr/lib/jvm/java-17-openjdk-amd64/lib/libverify.so
7fb07c018000-7fb07c0b4000 rw-p 00000000 00:00 0 
7fb07c0b4000-7fb07c0b5000 ---p 00000000 00:00 0 
7fb07c0b5000-7fb07c1ec000 rw-p 00000000 00:00 0 
7fb07c1ec000-7fb07c974000 ---p 00000000 00:00 0 
7fb07c974000-7fb07c9ad000 rw-p 00000000 00:00 0 
7fb07c9ad000-7fb07d135000 ---p 00000000 00:00 0 
7fb07d135000-7fb07d16e000 rw-p 00000000 00:00 0 
7fb07d16e000-7fb07d8f6000 ---p 00000000 00:00 0 
7fb07d8f6000-7fb07e100000 rw-p 00000000 00:00 0 
7fb07e100000-7fb07e104000 ---p 00000000 00:00 0 
7fb07e104000-7fb07e200000 rw-p 00000000 00:00 0 
7fb07e200000-7fb07e29c000 r--p 00000000 08:14 541066                     /usr/lib/x86_64-linux-gnu/libstdc++.so.6.0.32
7fb07e29c000-7fb07e3b7000 r-xp 0009c000 08:14 541066                     /usr/lib/x86_64-linux-gnu/libstdc++.so.6.0.32
7fb07e3b7000-7fb07e444000 r--p 001b7000 08:14 541066                     /usr/lib/x86_64-linux-gnu/libstdc++.so.6.0.32
7fb07e444000-7fb07e44f000 r--p 00244000 08:14 541066                     /usr/lib/x86_64-linux-gnu/libstdc++.so.6.0.32
7fb07e44f000-7fb07e452000 rw-p 0024f000 08:14 541066                     /usr/lib/x86_64-linux-gnu/libstdc++.so.6.0.32
7fb07e452000-7fb07e456000 rw-p 00000000 00:00 0 
7fb07e45c000-7fb07e45d000 r--p 00000000 08:14 661292                     /usr/lib/jvm/java-17-openjdk-amd64/lib/libextnet.so
7fb07e45d000-7fb07e45e000 r-xp 00001000 08:14 661292                     /usr/lib/jvm/java-17-openjdk-amd64/lib/libextnet.so
7fb07e45e000-7fb07e45f000 r--p 00002000 08:14 661292                     /usr/lib/jvm/java-17-openjdk-amd64/lib/libextnet.so
7fb07e45f000-7fb07e460000 r--p 00002000 08:14 661292                     /usr/lib/jvm/java-17-openjdk-amd64/lib/libextnet.so
7fb07e460000-7fb07e461000 rw-p 00003000 08:14 661292                     /usr/lib/jvm/java-17-openjdk-amd64/lib/libextnet.so
7fb07e461000-7fb07e462000 r--p 00000000 08:14 575892                     /usr/lib/x86_64-linux-gnu/libnss_mdns4_minimal.so.2
7fb07e462000-7fb07e464000 r-xp 00001000 08:14 575892                     /usr/lib/x86_64-linux-gnu/libnss_mdns4_minimal.so.2
7fb07e464000-7fb07e465000 r--p 00003000 08:14 575892                     /usr/lib/x86_64-linux-gnu/libnss_mdns4_minimal.so.2
7fb07e465000-7fb07e466000 r--p 00003000 08:14 575892                     /usr/lib/x86_64-linux-gnu/libnss_mdns4_minimal.so.2
7fb07e466000-7fb07e467000 rw-p 00004000 08:14 575892                     /usr/lib/x86_64-linux-gnu/libnss_mdns4_minimal.so.2
7fb07e467000-7fb07e469000 r--p 00000000 08:14 661310                     /usr/lib/jvm/java-17-openjdk-amd64/lib/libmanagement_ext.so
7fb07e469000-7fb07e46c000 r-xp 00002000 08:14 661310                     /usr/lib/jvm/java-17-openjdk-amd64/lib/libmanagement_ext.so
7fb07e46c000-7fb07e46d000 r--p 00005000 08:14 661310                     /usr/lib/jvm/java-17-openjdk-amd64/lib/libmanagement_ext.so
7fb07e46d000-7fb07e46e000 r--p 00006000 08:14 661310                     /usr/lib/jvm/java-17-openjdk-amd64/lib/libmanagement_ext.so
7fb07e46e000-7fb07e46f000 rw-p 00007000 08:14 661310                     /usr/lib/jvm/java-17-openjdk-amd64/lib/libmanagement_ext.so
7fb07e46f000-7fb07e471000 r--p 00000000 08:14 661308                     /usr/lib/jvm/java-17-openjdk-amd64/lib/libmanagement.so
7fb07e471000-7fb07e472000 r-xp 00002000 08:14 661308                     /usr/lib/jvm/java-17-openjdk-amd64/lib/libmanagement.so
7fb07e472000-7fb07e473000 r--p 00003000 08:14 661308                     /usr/lib/jvm/java-17-openjdk-amd64/lib/libmanagement.so
7fb07e473000-7fb07e474000 r--p 00003000 08:14 661308                     /usr/lib/jvm/java-17-openjdk-amd64/lib/libmanagement.so
7fb07e474000-7fb07e475000 rw-p 00004000 08:14 661308                     /usr/lib/jvm/java-17-openjdk-amd64/lib/libmanagement.so
7fb07e475000-7fb07e479000 r--p 00000000 08:14 661312                     /usr/lib/jvm/java-17-openjdk-amd64/lib/libnet.so
7fb07e479000-7fb07e487000 r-xp 00004000 08:14 661312                     /usr/lib/jvm/java-17-openjdk-amd64/lib/libnet.so
7fb07e487000-7fb07e48b000 r--p 00012000 08:14 661312                     /usr/lib/jvm/java-17-openjdk-amd64/lib/libnet.so
7fb07e48b000-7fb07e48c000 r--p 00015000 08:14 661312                     /usr/lib/jvm/java-17-openjdk-amd64/lib/libnet.so
7fb07e48c000-7fb07e48d000 rw-p 00016000 08:14 661312                     /usr/lib/jvm/java-17-openjdk-amd64/lib/libnet.so
7fb07e48d000-7fb07e493000 r--p 00000000 08:14 661313                     /usr/lib/jvm/java-17-openjdk-amd64/lib/libnio.so
7fb07e493000-7fb07e49b000 r-xp 00006000 08:14 661313                     /usr/lib/jvm/java-17-openjdk-amd64/lib/libnio.so
7fb07e49b000-7fb07e49f000 r--p 0000e000 08:14 661313                     /usr/lib/jvm/java-17-openjdk-amd64/lib/libnio.so
7fb07e49f000-7fb07e4a0000 r--p 00012000 08:14 661313                     /usr/lib/jvm/java-17-openjdk-amd64/lib/libnio.so
7fb07e4a0000-7fb07e4a1000 rw-p 00013000 08:14 661313                     /usr/lib/jvm/java-17-openjdk-amd64/lib/libnio.so
7fb07e4a1000-7fb07e521000 rw-p 00000000 00:00 0 
7fb07e521000-7fb07e531000 r--p 00000000 08:14 531118                     /usr/lib/x86_64-linux-gnu/libm.so.6
7fb07e531000-7fb07e5a4000 r-xp 00010000 08:14 531118                     /usr/lib/x86_64-linux-gnu/libm.so.6
7fb07e5a4000-7fb07e5fe000 r--p 00083000 08:14 531118                     /usr/lib/x86_64-linux-gnu/libm.so.6
7fb07e5fe000-7fb07e5ff000 r--p 000dc000 08:14 531118                     /usr/lib/x86_64-linux-gnu/libm.so.6
7fb07e5ff000-7fb07e600000 rw-p 000dd000 08:14 531118                     /usr/lib/x86_64-linux-gnu/libm.so.6
7fb07e600000-7fb07e851000 r--p 00000000 08:14 661325                     /usr/lib/jvm/java-17-openjdk-amd64/lib/server/libjvm.so
7fb07e851000-7fb07f5ba000 r-xp 00251000 08:14 661325                     /usr/lib/jvm/java-17-openjdk-amd64/lib/server/libjvm.so
7fb07f5ba000-7fb07f83a000 r--p 00fba000 08:14 661325                     /usr/lib/jvm/java-17-openjdk-amd64/lib/server/libjvm.so
7fb07f83a000-7fb07f8f2000 r--p 0123a000 08:14 661325                     /usr/lib/jvm/java-17-openjdk-amd64/lib/server/libjvm.so
7fb07f8f2000-7fb07f927000 rw-p 012f2000 08:14 661325                     /usr/lib/jvm/java-17-openjdk-amd64/lib/server/libjvm.so
7fb07f927000-7fb07f981000 rw-p 00000000 00:00 0 
7fb07f985000-7fb07f9b0000 rw-p 00000000 00:00 0 
7fb07f9b0000-7fb07f9e5000 ---p 00000000 00:00 0 
7fb07f9e5000-7fb07f9f1000 r--p 00000000 08:14 661299                     /usr/lib/jvm/java-17-openjdk-amd64/lib/libjava.so
7fb07f9f1000-7fb07fa03000 r-xp 0000c000 08:14 661299                     /usr/lib/jvm/java-17-openjdk-amd64/lib/libjava.so
7fb07fa03000-7fb07fa09000 r--p 0001e000 08:14 661299                     /usr/lib/jvm/java-17-openjdk-amd64/lib/libjava.so
7fb07fa09000-7fb07fa0a000 r--p 00023000 08:14 661299                     /usr/lib/jvm/java-17-openjdk-amd64/lib/libjava.so
7fb07fa0a000-7fb07fa0b000 rw-p 00024000 08:14 661299                     /usr/lib/jvm/java-17-openjdk-amd64/lib/libjava.so
7fb07fa0b000-7fb07fa0c000 rw-p 00000000 00:00 0 
7fb07fa0c000-7fb07fa0f000 r--p 00000000 08:14 532729                     /usr/lib/x86_64-linux-gnu/libgcc_s.so.1
7fb07fa0f000-7fb07fa2a000 r-xp 00003000 08:14 532729                     /usr/lib/x86_64-linux-gnu/libgcc_s.so.1
7fb07fa2a000-7fb07fa2e000 r--p 0001e000 08:14 532729                     /usr/lib/x86_64-linux-gnu/libgcc_s.so.1
7fb07fa2e000-7fb07fa2f000 r--p 00021000 08:14 532729                     /usr/lib/x86_64-linux-gnu/libgcc_s.so.1
7fb07fa2f000-7fb07fa30000 rw-p 00022000 08:14 532729                     /usr/lib/x86_64-linux-gnu/libgcc_s.so.1
7fb07fa30000-7fb07fa33000 rw-p 00000000 00:00 0 
7fb07fa33000-7fb07fa59000 r--p 00000000 08:14 531106                     /usr/lib/x86_64-linux-gnu/libc.so.6
7fb07fa59000-7fb07fbae000 r-xp 00026000 08:14 531106                     /usr/lib/x86_64-linux-gnu/libc.so.6
7fb07fbae000-7fb07fc02000 r--p 0017b000 08:14 531106                     /usr/lib/x86_64-linux-gnu/libc.so.6
7fb07fc02000-7fb07fc06000 r--p 001cf000 08:14 531106                     /usr/lib/x86_64-linux-gnu/libc.so.6
7fb07fc06000-7fb07fc08000 rw-p 001d3000 08:14 531106                     /usr/lib/x86_64-linux-gnu/libc.so.6
7fb07fc08000-7fb07fc15000 rw-p 00000000 00:00 0 
7fb07fc15000-7fb07fc17000 r--p 00000000 08:14 661303                     /usr/lib/jvm/java-17-openjdk-amd64/lib/libjli.so
7fb07fc17000-7fb07fc21000 r-xp 00002000 08:14 661303                     /usr/lib/jvm/java-17-openjdk-amd64/lib/libjli.so
7fb07fc21000-7fb07fc24000 r--p 0000c000 08:14 661303                     /usr/lib/jvm/java-17-openjdk-amd64/lib/libjli.so
7fb07fc24000-7fb07fc25000 r--p 0000e000 08:14 661303                     /usr/lib/jvm/java-17-openjdk-amd64/lib/libjli.so
7fb07fc25000-7fb07fc26000 rw-p 0000f000 08:14 661303                     /usr/lib/jvm/java-17-openjdk-amd64/lib/libjli.so
7fb07fc26000-7fb07fc29000 r--p 00000000 08:14 529246                     /usr/lib/x86_64-linux-gnu/libz.so.1.2.13
7fb07fc29000-7fb07fc3c000 r-xp 00003000 08:14 529246                     /usr/lib/x86_64-linux-gnu/libz.so.1.2.13
7fb07fc3c000-7fb07fc43000 r--p 00016000 08:14 529246                     /usr/lib/x86_64-linux-gnu/libz.so.1.2.13
7fb07fc43000-7fb07fc44000 r--p 0001c000 08:14 529246                     /usr/lib/x86_64-linux-gnu/libz.so.1.2.13
7fb07fc44000-7fb07fc45000 rw-p 0001d000 08:14 529246                     /usr/lib/x86_64-linux-gnu/libz.so.1.2.13
7fb07fc45000-7fb07fc47000 r--p 00000000 08:14 661320                     /usr/lib/jvm/java-17-openjdk-amd64/lib/libzip.so
7fb07fc47000-7fb07fc4b000 r-xp 00002000 08:14 661320                     /usr/lib/jvm/java-17-openjdk-amd64/lib/libzip.so
7fb07fc4b000-7fb07fc4d000 r--p 00006000 08:14 661320                     /usr/lib/jvm/java-17-openjdk-amd64/lib/libzip.so
7fb07fc4d000-7fb07fc4e000 r--p 00007000 08:14 661320                     /usr/lib/jvm/java-17-openjdk-amd64/lib/libzip.so
7fb07fc4e000-7fb07fc4f000 rw-p 00008000 08:14 661320                     /usr/lib/jvm/java-17-openjdk-amd64/lib/libzip.so
7fb07fc4f000-7fb07fc57000 rw-s 00000000 08:14 6630552                    /tmp/hsperfdata_miaro/12633
7fb07fc57000-7fb07fc58000 ---p 00000000 00:00 0 
7fb07fc58000-7fb07fc59000 r--p 00000000 00:00 0 
7fb07fc59000-7fb07fc5a000 ---p 00000000 00:00 0 
7fb07fc5a000-7fb07fc5c000 r--p 00000000 08:14 661302                     /usr/lib/jvm/java-17-openjdk-amd64/lib/libjimage.so
7fb07fc5c000-7fb07fc5f000 r-xp 00002000 08:14 661302                     /usr/lib/jvm/java-17-openjdk-amd64/lib/libjimage.so
7fb07fc5f000-7fb07fc60000 r--p 00005000 08:14 661302                     /usr/lib/jvm/java-17-openjdk-amd64/lib/libjimage.so
7fb07fc60000-7fb07fc61000 r--p 00006000 08:14 661302                     /usr/lib/jvm/java-17-openjdk-amd64/lib/libjimage.so
7fb07fc61000-7fb07fc62000 rw-p 00007000 08:14 661302                     /usr/lib/jvm/java-17-openjdk-amd64/lib/libjimage.so
7fb07fc62000-7fb07fc64000 rw-p 00000000 00:00 0 
7fb07fc64000-7fb07fc65000 r--p 00000000 08:14 531094                     /usr/lib/x86_64-linux-gnu/ld-linux-x86-64.so.2
7fb07fc65000-7fb07fc8a000 r-xp 00001000 08:14 531094                     /usr/lib/x86_64-linux-gnu/ld-linux-x86-64.so.2
7fb07fc8a000-7fb07fc94000 r--p 00026000 08:14 531094                     /usr/lib/x86_64-linux-gnu/ld-linux-x86-64.so.2
7fb07fc94000-7fb07fc96000 r--p 00030000 08:14 531094                     /usr/lib/x86_64-linux-gnu/ld-linux-x86-64.so.2
7fb07fc96000-7fb07fc98000 rw-p 00032000 08:14 531094                     /usr/lib/x86_64-linux-gnu/ld-linux-x86-64.so.2
7fff151fa000-7fff1521f000 rw-p 00000000 00:00 0                          [stack]
7fff152dd000-7fff152e1000 r--p 00000000 00:00 0                          [vvar]
7fff152e1000-7fff152e3000 r-xp 00000000 00:00 0                          [vdso]


VM Arguments:
jvm_args: -XX:TieredStopAtLevel=1 -Dawt.useSystemAAFontSettings=on -Dswing.aatext=true 
java_command: org.autotrader.AutotraderApplication
java_class_path (initial): /home/miaro/Fianarana/ITU/S5/Mr_Rojo/autotrader/target/classes:/home/miaro/.m2/repository/org/aspectj/aspectjweaver/1.9.21/aspectjweaver-1.9.21.jar:/home/miaro/.m2/repository/com/zaxxer/HikariCP/5.0.1/HikariCP-5.0.1.jar:/home/miaro/.m2/repository/org/springframework/spring-jdbc/6.1.3/spring-jdbc-6.1.3.jar:/home/miaro/.m2/repository/org/hibernate/orm/hibernate-core/6.4.1.Final/hibernate-core-6.4.1.Final.jar:/home/miaro/.m2/repository/jakarta/persistence/jakarta.persistence-api/3.1.0/jakarta.persistence-api-3.1.0.jar:/home/miaro/.m2/repository/jakarta/transaction/jakarta.transaction-api/2.0.1/jakarta.transaction-api-2.0.1.jar:/home/miaro/.m2/repository/org/jboss/logging/jboss-logging/3.5.3.Final/jboss-logging-3.5.3.Final.jar:/home/miaro/.m2/repository/org/hibernate/common/hibernate-commons-annotations/6.0.6.Final/hibernate-commons-annotations-6.0.6.Final.jar:/home/miaro/.m2/repository/io/smallrye/jandex/3.1.2/jandex-3.1.2.jar:/home/miaro/.m2/repository/com/fasterxml/classmate/1.6.0/classmate-1.6.0.jar:/home/miaro/.m2/repository/net/bytebuddy/byte-buddy/1.14.11/byte-buddy-1.14.11.jar:/home/miaro/.m2/repository/org/glassfish/jaxb/jaxb-runtime/4.0.4/jaxb-runtime-4.0.4.jar:/home/miaro/.m2/repository/org/glassfish/jaxb/jaxb-core/4.0.4/jaxb-core-4.0.4.jar:/home/miaro/.m2/repository/org/eclipse/angus/angus-activation/2.0.1/angus-activation-2.0.1.jar:/home/miaro/.m2/repository/org/glassfish/jaxb/txw2/4.0.4/txw2-4.0.4.jar:/home/miaro/.m2/repository/com/sun/istack/istack-commons-runtime/4.1.2/istack-commons-runtime-4.1.2.jar:/home/miaro/.m2/repository/jakarta/inject/jakarta.inject-api/2.0.1/jakarta.inject-api-2.0.1.jar:/home/miaro/.m2/repository/org/antlr/antlr4-runtime/4.13.0/antlr4-runtime-4.13.0.jar:/home/miaro/.m2/repository/org/springframework/data/spring-data-jpa/3.2.2/spring-data-jpa-3.2.2.jar:/home/miaro/.m2/repository/org/springframework/data/spring-data-commons/3.2.2/spring-data-commons-3.2.2.jar:/home/miaro/.m2/repository/org/springframew
Launcher Type: SUN_STANDARD

[Global flags]
     intx CICompilerCount                          = 4                                         {product} {ergonomic}
     uint ConcGCThreads                            = 2                                         {product} {ergonomic}
     uint G1ConcRefinementThreads                  = 8                                         {product} {ergonomic}
   size_t G1HeapRegionSize                         = 2097152                                   {product} {ergonomic}
    uintx GCDrainStackTargetSize                   = 64                                        {product} {ergonomic}
   size_t InitialHeapSize                          = 262144000                                 {product} {ergonomic}
   size_t MarkStackSize                            = 4194304                                   {product} {ergonomic}
   size_t MaxHeapSize                              = 4162846720                                {product} {ergonomic}
   size_t MaxNewSize                               = 2497708032                                {product} {ergonomic}
   size_t MinHeapDeltaBytes                        = 2097152                                   {product} {ergonomic}
   size_t MinHeapSize                              = 8388608                                   {product} {ergonomic}
    uintx NonProfiledCodeHeapSize                  = 0                                      {pd product} {ergonomic}
     bool ProfileInterpreter                       = false                                  {pd product} {command line}
    uintx ProfiledCodeHeapSize                     = 0                                      {pd product} {ergonomic}
   size_t SoftMaxHeapSize                          = 4162846720                             {manageable} {ergonomic}
     intx TieredStopAtLevel                        = 1                                         {product} {command line}
     bool UseCompressedClassPointers               = true                           {product lp64_product} {ergonomic}
     bool UseCompressedOops                        = true                           {product lp64_product} {ergonomic}
     bool UseG1GC                                  = true                                      {product} {ergonomic}

Logging:
Log output configuration:
 #0: stdout all=warning uptime,level,tags
 #1: stderr all=off uptime,level,tags

Environment Variables:
_JAVA_OPTIONS=-Dawt.useSystemAAFontSettings=on -Dswing.aatext=true
CLASSPATH=/home/miaro/Documents/lib_jar/postgresql-42.5.0.jar:/home/miaro/Programs(Installed)/Komodo-Edit-12/bin
PATH=/home/miaro/.cache/activestate/bin:/home/miaro/.komodoide/12.0/XRE/state/bin:/home/miaro/.sdkman/candidates/springboot/current/bin:/usr/local/sbin:/usr/sbin:/sbin:/usr/local/bin:/usr/bin:/bin:/usr/local/games:/usr/games:/snap/bin:/home/miaro/.dotnet/tools
SHELL=/usr/bin/zsh
DISPLAY=:1
LANG=en_US.UTF-8
TERM=xterm-256color

Active Locale:
LC_ALL=en_US.UTF-8
LC_COLLATE=en_US.UTF-8
LC_CTYPE=en_US.UTF-8
LC_MESSAGES=en_US.UTF-8
LC_MONETARY=en_US.UTF-8
LC_NUMERIC=en_US.UTF-8
LC_TIME=en_US.UTF-8

Signal Handlers:
   SIGSEGV: crash_handler in libjvm.so, mask=11100100010111111101111111111110, flags=SA_RESTART|SA_SIGINFO, unblocked
    SIGBUS: crash_handler in libjvm.so, mask=11100100010111111101111111111110, flags=SA_RESTART|SA_SIGINFO, unblocked
    SIGFPE: crash_handler in libjvm.so, mask=11100100010111111101111111111110, flags=SA_RESTART|SA_SIGINFO, unblocked
   SIGPIPE: javaSignalHandler in libjvm.so, mask=11100100010111111101111111111110, flags=SA_RESTART|SA_SIGINFO, blocked
   SIGXFSZ: javaSignalHandler in libjvm.so, mask=11100100010111111101111111111110, flags=SA_RESTART|SA_SIGINFO, blocked
    SIGILL: crash_handler in libjvm.so, mask=11100100010111111101111111111110, flags=SA_RESTART|SA_SIGINFO, unblocked
   SIGUSR2: SR_handler in libjvm.so, mask=00100000000000000000000000000000, flags=SA_RESTART|SA_SIGINFO, blocked
    SIGHUP: UserHandler in libjvm.so, mask=11100100010111111101111111111110, flags=SA_RESTART|SA_SIGINFO, blocked
    SIGINT: UserHandler in libjvm.so, mask=11100100010111111101111111111110, flags=SA_RESTART|SA_SIGINFO, blocked
   SIGTERM: UserHandler in libjvm.so, mask=11100100010111111101111111111110, flags=SA_RESTART|SA_SIGINFO, blocked
   SIGQUIT: UserHandler in libjvm.so, mask=11100100010111111101111111111110, flags=SA_RESTART|SA_SIGINFO, blocked
   SIGTRAP: crash_handler in libjvm.so, mask=11100100010111111101111111111110, flags=SA_RESTART|SA_SIGINFO, unblocked


Periodic native trim disabled


---------------  S Y S T E M  ---------------

OS:
PRETTY_NAME="Kali GNU/Linux Rolling"
NAME="Kali GNU/Linux"
VERSION_ID="2023.3"
VERSION="2023.3"
VERSION_CODENAME=kali-rolling
ID=kali
ID_LIKE=debian
HOME_URL="https://www.kali.org/"
SUPPORT_URL="https://forums.kali.org/"
BUG_REPORT_URL="https://bugs.kali.org/"
ANSI_COLOR="1;31"
uname: Linux 6.5.0-kali3-amd64 #1 SMP PREEMPT_DYNAMIC Debian 6.5.6-1kali1 (2023-10-09) x86_64
OS uptime: 0 days 1:11 hours
libc: glibc 2.37 NPTL 2.37 
rlimit (soft/hard): STACK 8192k/infinity , CORE 0k/infinity , NPROC 63171/63171 , NOFILE 1048576/1048576 , AS infinity/infinity , CPU infinity/infinity , DATA infinity/infinity , FSIZE infinity/infinity , MEMLOCK 2031888k/2031888k
load average: 1.18 1.02 1.12

/proc/meminfo:
MemTotal:       16255112 kB
MemFree:         1962828 kB
MemAvailable:    5172960 kB
Buffers:          210280 kB
Cached:          6275120 kB
SwapCached:            0 kB
Active:          8543728 kB
Inactive:        2661440 kB
Active(anon):    7085216 kB
Inactive(anon):   733452 kB
Active(file):    1458512 kB
Inactive(file):  1927988 kB
Unevictable:     2466696 kB
Mlocked:              96 kB
SwapTotal:       6836220 kB
SwapFree:        6836220 kB
Zswap:                 0 kB
Zswapped:              0 kB
Dirty:               456 kB
Writeback:             0 kB
AnonPages:       7089120 kB
Mapped:          1399292 kB
Shmem:           3098900 kB
KReclaimable:     161320 kB
Slab:             332252 kB
SReclaimable:     161320 kB
SUnreclaim:       170932 kB
KernelStack:       28544 kB
PageTables:        81424 kB
SecPageTables:         0 kB
NFS_Unstable:          0 kB
Bounce:                0 kB
WritebackTmp:          0 kB
CommitLimit:    14963776 kB
Committed_AS:   24634080 kB
VmallocTotal:   34359738367 kB
VmallocUsed:       88868 kB
VmallocChunk:          0 kB
Percpu:             7168 kB
HardwareCorrupted:     0 kB
AnonHugePages:   2803712 kB
ShmemHugePages:  2174976 kB
ShmemPmdMapped:        0 kB
FileHugePages:         0 kB
FilePmdMapped:         0 kB
Unaccepted:            0 kB
HugePages_Total:       0
HugePages_Free:        0
HugePages_Rsvd:        0
HugePages_Surp:        0
Hugepagesize:       2048 kB
Hugetlb:               0 kB
DirectMap4k:      180884 kB
DirectMap2M:     5992448 kB
DirectMap1G:    10485760 kB

/sys/kernel/mm/transparent_hugepage/enabled: [always] madvise never
/sys/kernel/mm/transparent_hugepage/defrag (defrag/compaction efforts parameter): always defer defer+madvise [madvise] never

Process Memory:
Virtual Size: 9199164K (peak: 9199280K)
Resident Set Size: 316188K (peak: 353932K) (anon: 293756K, file: 22432K, shmem: 0K)
Swapped out: 0K
C-Heap outstanding allocations: 76988K, retained: 25811K
glibc malloc tunables: (default)

/proc/sys/kernel/threads-max (system-wide limit on the number of threads): 126342
/proc/sys/vm/max_map_count (maximum number of memory map areas a process may have): 65530
/proc/sys/kernel/pid_max (system-wide limit on number of process identifiers): 4194304

container (cgroup) information:
container_type: cgroupv2
cpu_cpuset_cpus: not supported
cpu_memory_nodes: not supported
active_processor_count: 8
cpu_quota: not supported
cpu_period: not supported
cpu_shares: not supported
memory_limit_in_bytes: unlimited
memory_and_swap_limit_in_bytes: unlimited
memory_soft_limit_in_bytes: unlimited
memory_usage_in_bytes: 1057596 k
memory_max_usage_in_bytes: not supported
memory_swap_current_in_bytes: unlimited
memory_swap_max_limit_in_bytes: unlimited
maximum number of tasks: 18951
current number of tasks: 71

Steal ticks since vm start: 0
Steal ticks percentage since vm start:  0.000

CPU: total 8 (initial active 8) (4 cores per cpu, 2 threads per core) family 6 model 158 stepping 9 microcode 0xf4, cx8, cmov, fxsr, ht, mmx, 3dnowpref, sse, sse2, sse3, ssse3, sse4.1, sse4.2, popcnt, lzcnt, tsc, tscinvbit, avx, avx2, aes, erms, clmul, bmi1, bmi2, adx, fma, vzeroupper, clflush, clflushopt
CPU Model and flags from /proc/cpuinfo:
model name	: Intel(R) Core(TM) i7-7700HQ CPU @ 2.80GHz
flags		: fpu vme de pse tsc msr pae mce cx8 apic sep mtrr pge mca cmov pat pse36 clflush dts acpi mmx fxsr sse sse2 ss ht tm pbe syscall nx pdpe1gb rdtscp lm constant_tsc art arch_perfmon pebs bts rep_good nopl xtopology nonstop_tsc cpuid aperfmperf pni pclmulqdq dtes64 monitor ds_cpl vmx est tm2 ssse3 sdbg fma cx16 xtpr pdcm pcid sse4_1 sse4_2 x2apic movbe popcnt tsc_deadline_timer aes xsave avx f16c rdrand lahf_lm abm 3dnowprefetch cpuid_fault epb invpcid_single pti ssbd ibrs ibpb stibp tpr_shadow flexpriority ept vpid ept_ad fsgsbase tsc_adjust bmi1 avx2 smep bmi2 erms invpcid mpx rdseed adx smap clflushopt intel_pt xsaveopt xsavec xgetbv1 xsaves dtherm ida arat pln pts hwp hwp_notify hwp_act_window hwp_epp vnmi md_clear flush_l1d arch_capabilities

Online cpus: 0-7
Offline cpus: 
BIOS frequency limitation: <Not Available>
Frequency switch latency (ns): 0
Available cpu frequencies: <Not Available>
Current governor: powersave
Core performance/turbo boost: <Not Available>

Memory: 4k page, physical 16255112k(1962828k free), swap 6836220k(6836220k free)
Page Sizes: 4k

vm_info: OpenJDK 64-Bit Server VM (17.0.9+9-Debian-2) for linux-amd64 JRE (17.0.9+9-Debian-2), built on Nov  2 2023 16:48:51 by "buildd" with gcc 13.2.0

END.
